the quick brown fox jumps over the lazy dog
top secret
i love cyphers!
cool story bro...
abcdefghijklmnopqrstuvwxyz
sgxtcshkcynymblltoeyrubnnuppsc
wggdo,.,.,<><eslzluakdvzwccfymvyikbbtv
yaejhacyzzjfntweafhnsqsclrsclh
qwdeysmapyefb/.,.,/.,';[][vdyavlyyhdwrecazm
vlxzczqfpccxrhxgnitaxztvahvkck
pyrwybqdmtoqgzaczgcsmtfsklahtm
mdmxkuujbzgzixqvbhvsmq=-()()(   mwbhkiuz
pzzfwpopwsuuuwabtqvciktofkwbyt
chczxpchzbiyusbhnmsqtwweriqbwt
e!@#$%^&*()_+~{}|:"<>?prtjechhohqtnkesooyimabokaljr
qiatecusyuatstoaogxnzpghikuqlu
wvhzokjbjonztvepjaaffpmmyehruz
ligkxvmspzpnphzdyqfcchcsmnomim
ijhpufmzlo()(*&&^%^$$#$##$%^dabefrpuvvimjzunafir
lpnvyoiqjcfwzkpokjhescspynfecx
mifsucjrwkzdtdxuenaxbmmupqthpc
sibdzowvydjag)((&^vorituxvpa+_)goiwqgc
iqckqkhzfwrpqemhhygusuzdkcnmio
bonifwxyyykhaasgjeuekrbvjtidqr
rekdmsfjv_)()(<>?dfljhsspw_)(*()&*&$couxpwhwyppy