adj. Located away
from or on the
opposite side of the
axis, as of an organ
or organism.

n. Music. An ornament
note that is one half
step or one whole step
higher or lower than a
principal note and is
sounded at the same
time as the principal
note, adding dissonance
to a harmony.

n. 1. The modification of the
culture of a group or
individual as a result of
contact with a different
culture. 2. The process by
which the culture of a
particular society is
instilled in a human from
infancy onward.

n. A written release
from an obligation,
such as a receipt
indicating payment in
full.

n. 1. One versed in the theory of
beauty and artistic expression.
2. One skilled in giving facials,
manicures, pedicures, and other
beauty treatments.

n. A
Spanish
palace or
fortress,
originally
one built
by the
Moors.

adj. 1. Of, relating
to, or designating
algebra. 2.
Designating an
expression, equation,
or function in which
only numbers,
letters, and
arithmetic operations
are contained or
used. 3. Indicating
or restricted to a
finite number of
operations involving
algebra.

v. tr. 1. To combine into a unified or integrated
whole; unite. See Synonyms at mix. 2. To mix or
alloy (a metal) with mercury. v. intr. 1. To
become combined; unite. 2. To unite or blend with
another metal. Used of mercury.

n. The
strength of
an electric
current
expressed
in amperes.

adj. 1. Biology. Living or
able to live both on land and
in water. 2. Able to operate
both on land and in water:
amphibious tanks. 3. Relating
to or organized for a military
landing by means of combined
naval and land forces. 4. Of a
mixed or twofold nature

n. 1. The deliberate repetition of a word
or phrase at the beginning of several
successive verses, clauses, or paragraphs
2. Linguistics. The use of a linguistic
unit, such as a pronoun, to refer to the
same person or object as another unit,
usually a noun.

n. A sudden, usually systemic allergic
reaction, characterized by vasodilation
resulting in decreased blood pressure,
smooth muscle contraction resulting in
shortness of breath, and hives, caused by
hypersensitivity induced by a secondary
exposure to a foreign substance, such as a
drug or protein, after an initial
sensitizing exposure.

intr. v. 1. To remark or comment
critically, usually with strong
disapproval or censure.

n. 1. a. The
annual
payment of
an allowance
or income.
b. The right
to receive
this payment
or the
obligation
to make this
payment. 2.
A contract
or agreement
by which one
receives
fixed
payments on
an
investment
for a
lifetime or
for a
specified
number of
years.

n. An underground layer of permeable
rock, sediment, or soil that yields
water. Aquifers can range from a few
square kilometers to thousands of square
kilometers in size.

n. 1. The presentation and elaboration of
an argument or arguments. 2. Deductive
reasoning in debate. 3. A debate.

n. 1. a. Bible. In the book of
Revelation, the place of the
gathering of armies for the final
battle before the end of the
world. b. The battle involving
these armies. 2. A decisive or
catastrophic conflict.

n. 1. a. A false or damaging
accusation or insinuation. b.
The act of slandering or
libeling; defaming. 2. A
sprinkling, especially with
holy water.

A small crater
lake of
southern Italy
near the
Tyrrhenian Sea
west of Naples.
Because of its
gloomy aspect
and intense
sulfuric
vapors, now
extinguished,
the ancient
Romans regarded
it as the
entrance to the
underworld.

n. A woman
aviator.
Used
especially
during the
first half
of the
twentieth
century

n. Any of several
usually large
cetaceans of the
suborder Mysticeti,
having two blowholes
and whalebone plates
instead of teeth,
and including the
humpback whale and
the right whales.
Also called
mysticete, whalebone
whale.

n. A loose, full
overcoat with raglan
sleeves, originally
made of rough woolen
cloth.

A peninsula of western
Luzon, Philippines, between
Manila Bay and the South
China Sea. After an extended
siege, US and Philippine
World War II troops on
Bataan surrendered to the
Japanese in April 1942. US
forces recaptured it in
February 1945.

adj. Of, relating to, or
characteristic of a
20th-century school of
design, the aesthetic of
which was influenced by
and derived from
techniques and materials
employed especially in
industrial fabrication
and manufacture.

A city of northeast Libya on the
Gulf of Sidra. Inhabited since
Greek and Roman times, it is a
major port and was a capital of
Libya from 1951 to 1972.

n. 1. Determination of the strength or
biological activity of a substance, such as a
drug, by comparing its effects with those of a
standard preparation on a test organism. 2. A
test used to determine such strength or
activity.

n. (used with a sing. verb) Application of
statistics to the analysis of biological and
medical data.

n. A class of people
regarded as stupid
and gullible.

n. 1. A highly seasoned stew made of
several kinds of fish and shellfish. 2.
A combination of various different,
often incongruous elements: a
bouillabaisse of special interests.

n. 1. A violent uproar; a
tumult. 2. A reversal.

tr. v. To wave or
flourish (something,
often a weapon) in a
menacing, defiant, or
excited way. See Synonyms
at flourish. n. A
menacing, defiant, or
excited wave or flourish
of something.

n. pl. Ecclesiastical. A book
containing the hymns, offices,
and prayers for the canonical
hours.

n. A casserole of
white beans, various
meats, vegetables,
and herbs, slowly
simmered or baked in
a slow oven.

n. 1. An informal
discussion or chat,
especially of an
intellectual nature.
2. A short
conversational piece
of writing or
criticism.

n. A social gathering with
traditional Irish or Scottish
music, dancing, and storytelling

adj. Relating to or divided
into hundredths.

n. A keen feeling of mental unease, as of
annoyance or embarrassment, caused by
failure, disappointment, or a disconcerting
event

n. 1. Anger; irritability. 2. a. One of the
four humors of ancient and medieval
physiology, thought to cause anger and bad
temper when present in excess; yellow bile. b.
Obsolete. The quality and condition of being
bilious.

n. 1. A selection of literary
passages, usually by one
author. 2. An anthology used in
studying a language.

n. A member of a
contemplative
monastic order
founded by reformist
Benedictines in
France in 1098.

n. An alkaloid
narcotic,
C18H21NO3,
derived from
opium or
morphine and
used as a cough
suppressant,
analgesic, and
hypnotic.

n. Something that can be eaten as food:
meat, cheese, and other comestibles.

intr. v. (past
tense) To shop for
bargains by
comparing the prices
of competing brands
or stores.

adv. Music. With spirit and vigor. Used chiefly
as a direction.

n. A rounded
prominence at the end
of a bone, most often
for articulation with
another bone.

n. 1. The act or process of connoting. 2. a. An
idea or meaning suggested by or associated with
a word or thing: Hollywood holds connotations of
romance and glittering success. b. The set of
associations implied by a word in addition to
its literal meaning. 3. Logic. The set of
attributes constituting the meaning of a term;
intension.

n. pl.  a. An association or a
combination, as of businesses, financial
institutions, or investors, for the
purpose of engaging in a joint venture.
b. A cooperative arrangement among groups
or institutions: a library consortium. 2.
An association or society. 3. The typical
collection of benefits arising from
marriage, including companionship, love,
assistance, and sexual relations, which
may have value recognized under law.

tr. v. To distinguish by
contrasting qualities.

adj. Running
contrary to the
facts

adv. form of ******: adj.
Characterized by abject fear;
cowardly.

n. Greek Mythology. The wife of Aeneas
who was lost while fleeing from Troy
but came back as a ghost to warn Aeneas
of his future.

n. The selective exposure of
tissues to extreme cold,
often by applying a probe
containing liquid nitrogen,
to bring about the
destruction or elimination of
abnormal cells.

n. A broad sash,
especially one that is
pleated lengthwise and
worn as an article of
formal dress, as with a
dinner jacket.

The capital and largest city of
Syria, in the southwest part of
the country. Inhabited since
prehistoric times, the city
became a thriving commercial
center under the Romans and was
a Saracen stronghold during the
Crusades.

A region of western Sudan. Originally an
independent sultanate, the area fell to the
Egyptians in 1874 and later to the British.
Under independent Sudan, the region has been the
site of continuing ethnic conflict that
developed into a major humanitarian crisis that
began in 2003.

adj. Too much
or too many;
excessive or
superfluous

n. The word or
words serving to
define another
word or
expression, as in
a dictionary
entry.

adj. 1. Having
declined, as in
function or nature,
from a former or
original state: a
degenerate form of
an ancient folk
art. 2. Morally
corrupt or given to
vice. 3. Physics.
Relating to two or
more quantum states
that share the same
quantum numbers:
degenerate energy
levels. 4. Physics.
Characterized by
great density and
consisting of atoms
stripped of
electrons:
degenerate matter.
5. Medicine.
Characterized by
degeneration, as of
tissue, a cell, or
an organ. 6.
Biology. Having
lost one or more
highly developed
functions,
characteristics, or
structures through
evolution: a
degenerate life
form. 7. Genetics.
Relating to or
being a gene that
has multiple codons
for the same amino
acid. n. A depraved
or corrupt person.
intr.v. 1. To fall
below a normal or
desirable state,
especially
functionally or
morally;
deteriorate 2. To
decline in quality
3. To undergo
degeneration.

adj. 1. Possessed, produced, or influenced by a
demon: demoniac creatures. 2. Of, resembling, or
suggestive of a devil; fiendish: demoniac
energy; a demoniacal fit. n. One who is or seems
to be possessed by a demon.

French
mathematician,
philosopher,
and scientist
who is
considered the
father of
analytic
geometry and
the founder of
modern
rationalism.
His main
works,
Meditations on
First
Philosophy
(1641) and
Principles of
Philosophy
(1644),
include the
famous dictum
"I think,
therefore I
am."

n. 1. A ruler with absolute
power. 2. A person who wields
power oppressively; a tyrant.
3. a. A Byzantine emperor or
prince. b. An Eastern
Orthodox bishop or patriarch.

n. An amber liquid, C12H21N2O3PS, used as an
insecticide.

n. 1. Biology. The existence among animals of the
same species of two distinct forms that differ in
one or more characteristics, such as coloration,
size, or shape. 2. Botany. The occurrence of two
distinct forms of the same parts in one plant, as
in the juvenile and adult leaves of ivy. 3.
Chemistry & Physics. Dimorphic crystallization.

tr.v. (past
tense) 1.
To make
uneasy or
perplexed;
disconcert.
See
Synonyms at
embarrass.
2. Archaic.
To defeat
in battle;
vanquish.

n. A lack of inclination; a mild
aversion or reluctance.

n. 1. An act of divesting. 2. The sale,
liquidation, or spinoff of a corporate
division or subsidiary.

n. A style of
traditional jazz
developed in New
Orleans in the early
1900s, usually
performed by combos and
featuring simultaneous
improvisations by
multiple musicians.

adj. Subject to doubt or question;
uncertain.

adj. Given to or marked by deliberate
deceptiveness in behavior or speech.

n. 1. A generator, especially one for producing
direct current. 2. An extremely energetic and
forceful person

n. An anatomical
representation of all or
part of a human or animal
body with the skin removed
so as to display the
musculature

adj. 1. Directed away from a central
organ or section. 2. Carrying impulses
from the central nervous system to an
effector. n. An efferent organ or body
part, such as a blood vessel.

n. 1. Enthusiastic vigor and liveliness. 2.
Distinctive style or flair.

n. form of ********: tr. & intr.v. To make
or become extremely thin, especially as a
result of starvation.

n. A person who
delivers or writes an
encomium; a eulogist.

n. 1. Deep-seated, often mutual
hatred. 2. A feeling or state of
hatred or animosity

n. Inflammation of the
intestinal tract,
especially of the small
intestine.

n. The beliefs,
tastes, or
lifestyle of an
epicure: n. 1. A
person with
refined taste,
especially in
food and wine. 2.
A person devoted
to sensuous
pleasure and
luxurious living.

adj. 1. Of or having the
nature of an epigram (n. 1.
A short, witty poem
expressing a single thought
or observation. 2. A
concise, clever, often
paradoxical statement. 3.
Epigrammatic discourse or
expression.) 2. Containing
or given to the use of
epigrams.

n. The art and practice of riding a horse.

n. 1. A steep slope or long
cliff that results from
erosion or faulting and
separates two relatively
level areas of differing
elevations. 2. A steep slope
in front of a fortification.

tr.v. 1. To avoid using,
accepting, participating in, or
partaking of. See Synonyms at
evade. 2. To refrain from (doing
something).

n. 1. Belief in the superiority
of one's own ethnic group. 2.
Overriding concern with
ethnicity.

adj. Rich in mineral and
organic nutrients that
promote a proliferation
of algae and aquatic
plants, resulting in a
reduction of dissolved
oxygen. Used of a lake
or pond.

adj. form of ********:
n. 1. The act or
practice of excluding.
2. The condition or
fact of being
excluded.

adv. Abbr. e.g. For example.

n. form of ********: adj. 1. a.
Fully and clearly expressed;
leaving nothing implied: explicit
approval. b. Fully developed or
formulated: has an explicit idea of
what to say in the paper. 2.
Forthright and unreserved in
expression 3. a. Readily
observable: an explicit sign of
trouble. b. Describing or
portraying nudity or sexual
activity in graphic detail.

intr. & tr.v. To
dry up or cause to
dry up.

adj. Given to, characterized
by, or promoting internal
dissension. See Synonyms at
insubordinate.

adj. Composed of a variety of substances.

adj. Relating to or characterized by
prophecy; prophetic.

n. 1. The design and
placement of windows
in a building. 2. An
opening in the surface
of a structure, as in
a membrane. 3. The
surgical creation of
an artificial opening
in a bone, as in the
inner ear so as to
improve or restore
hearing.

n. A volume compiled as a
tribute, especially to a
scholar, consisting of
articles or essays
relating to the honoree's
work or interests.

n. pl. An
abnormal
duct or
passage
resulting
from
injury,
disease,
or a
congenital
disorder
that
connects
an
abscess,
cavity, or
hollow
organ to
the body
surface or
to another
hollow
organ.

adj. 1. Lacking firmness; hanging limply 2.
Lacking force, vigor, or effectiveness

n. A small group selected
from a wider population
and sampled, as by open
discussion, for its
members' opinions about or
emotional response to a
particular subject or
area, used especially in
market research or
political analysis.

n. pl. of
foramen;
An
opening
or
orifice,
as in a
bone or
in the
covering
of the
ovule of
a plant.

n. A person who dislikes or fears France,
its people, or its culture.

n. 1. The quality of having no
useful result; uselessness. 2.
Lack of importance or purpose;
frivolousness. 3. A futile act.

adj. 1. Given to excessive
and often trivial or
rambling talk; tiresomely
talkative. 2. Wordy and
rambling

n. One who studies
genealogy: n. 1. A
record or table of
the descent of a
person, family, or
group from an
ancestor or
ancestors; a family
tree. 2. Direct
descent from an
ancestor; lineage
or pedigree. 3. The
study or
investigation of
ancestry and family
histories.

interj. Used
to wish good
health to a
person who
has just
sneezed.

n. 1. A finger ring made of two or
more interlocked rings. 2. Any of
various linkages allowing one part to
rotate within another rotating part,
used especially in clockworks.

n. Goethals, George Washington,
1858–1928, U.S. major general and
engineer: chief engineer of the
panama canal 1907–14; governor of
the Canal Zone 1914–16.

n. The bearer of
a gonfalon: n. A
banner suspended
from a
crosspiece,
especially as a
standard in an
ecclesiastical
procession or as
the ensign of a
medieval Italian
republic.

n. Any of various nodular
masses of granulocytic
monocytes and other immune
cells, including
macrophages and
eosinophils, that aggregate
in response to a chronic
infection, such as
tuberculosis, or other
inflammatory process.

n. A storyteller in western Africa who
perpetuates the oral tradition and history
of a village or family.

n. A small opening in an interior
wall of a church, enabling those in
the transept to view the main
altar.

n. A priest in ancient Rome
who practiced divination by
the inspection of the
entrails of animals.

n. (used with a
sing. verb) 1.
The branch of
psychology that
studies pleasant
and unpleasant
sensations and
states of mind.
2. Philosophy The
branch of ethics
that deals with
the relation of
pleasure to duty.

n. The monist, idealist
philosophy of Hegel in which
the dialectic of thesis,
antithesis, and synthesis is
used as an analytic tool in
order to approach a higher
unity or a new thesis.

n. 1. A
poultry
farm. 2. A
coop or cage
for poultry;
a chicken
coop.

n. One of several verse forms
traditionally used in epic and
dramatic poetry, especially: a. The
dactylic hexameter in Greek and
Latin. b. The iambic pentameter in
English. c. The alexandrine in
French. In all senses also called
heroic meter.

Vietnamese leader
and first
president of North
Vietnam
(1954-1969). His
army was
victorious in the
French Indochina
War (1946-1954),
and he later led
North Vietnam's
struggle to defeat
the US-supported
government in
South Vietnam. Ho
Chi Minh died
before the
reunification of
Vietnam (1976).

n. 1. a small bit
of appetizing
food, as spicy
meat, fish,
cheese, or a
preparation of
chopped or
creamed foods,
often served on
crackers or small
pieces of toast,
for eating at
cocktail parties
or other
gatherings where
drinks are served
with no other
food. 2. an
appetizer, as a
relish or more
elaborate
preparation,
served before or
as the first
course of a meal.

n. form of ************: adj. 1. Showing
concern for the welfare of humanity,
especially in acting to improve the living
conditions of impoverished people. 2.
Being a situation in which many human
lives are in danger of harm or death

adj. Readily absorbing moisture, as
from the atmosphere.

n. A
polyhedron
having 20
faces.

adj. Produced by, based on, or having the
nature of an illusion; deceptive

adj. Impossible to
measure; limitless.
See Synonyms at
incalculable.

n. 1. The extension of a nation's
authority by territorial
acquisition or by the
establishment of economic and
political dominance over other
nations. 2. A political doctrine
or system promoting such extension
of authority.

adj. 1. Lacking reverence; not pious. 2.
Lacking due respect or dutifulness

n. Lack of power or effectiveness;
weakness.

adj. 1. Lacking
importance. 2. Not
following from
premises or
evidence;
illogical. n. A
triviality.

adj. 1. Impossible to remove, erase,
or wash away; permanent: indelible
ink. 2. Making a mark not easily
erased or washed away: an indelible
pen for labeling clothing. 3. Unable
to be forgotten; memorable: an
indelible memory.

n. 1. Very bad
reputation;
notoriety: achieved
infamy as the
central figure in
the scandal. 2. The
condition of being
infamous; disgrace.
3. An evil or
criminal act that
is publicly known.

pl. n. Ingested matter,
especially food taken
into the body through
the mouth.

adj. Capable of being interchanged

n. form of
**********: tr.v.
1. To make timid;
fill with fear 2.
To coerce or
deter, as with
threats

adj. Not changing or subject to change;
constant.

n. 1. A member of a group of
elite, highly loyal
supporters. 2. A soldier in an
elite Turkish guard organized
in the 1300s and abolished in
1826.

n. one who espouses
jingoism: n. Extreme
nationalism
characterized
especially by a
belligerent foreign
policy; chauvinistic
patriotism.

adv. form of *********: adj. Having or
exhibiting sound judgment; prudent.

n. A clause attached to an affidavit, in which
a notary or legally authorized officer attests
to the fact that the affidavit was made under
oath.

n. An emergency field ration
for US armed forces in World
War II, consisting of a single
packaged meal.

adj. 1. Of or relating to Franz Kafka
or his writings. 2. Marked by surreal
distortion and often a sense of
impending danger

n. The Japanese martial
art of fencing with
bamboo swords.

n. A small,
fat-cheeked,
wide-eyed doll
with a curl of
hair on top of
the head.

The capital and largest city of Ukraine, in
the north-central part of the country on the
Dnieper River. Founded in the fifth century,
it became the capital of Kievan Russia in
the ninth century. Invaded by the Mongols in
1240, Kiev passed to Lithuania in the 14th
century, became part of the Russian empire
in 1686, and was ceded to the USSR in 1920.

n. Archaic. A knot or burl on a tree or in
wood.

n. A shallow,
stemmed, two-handled
drinking cup of
ancient Greece.

adj. Articulated
with the lower lip
and upper teeth, as
the sounds (f) and
(v). n. A
labiodental sound.

n. A device used to measure the specific
gravity, and therefore the richness, of milk.

n. The 11th letter of the Greek alphabet. See
Table at alphabet.

n. An opaque to translucent blue, violet-blue,
or greenish-blue semiprecious gemstone composed
mainly of lazurite and calcite.

adj. 1. Worthy of the
greatest honor or
distinction: "The nation's
pediatrician laureate is
preparing to lay down his
black bag" (James Traub).
2. Crowned or decked with
laurel as a mark of honor.
3. Archaic Made of laurel
sprigs, as a wreath or
crown. n. 1. One honored or
awarded a prize for great
achievements especially in
the arts or sciences: a
Nobel laureate. 2. A poet
laureate.

n. 1. Sleight (n. 1.
Deftness; dexterity.
2. A clever or
skillful trick or
deception; an
artifice or
stratagem.) of hand.
2. Deceitful
cleverness; trickery:
financial
legerdemain.

n. A specialist in law.

n. 1. A subsidiary proposition
assumed to be valid and used to
demonstrate a principal
proposition. 2. A theme,
argument, or subject indicated in
a title. 3. A word or phrase
treated in a glossary or similar
listing. n. The lower of the two
bracts that enclose each floret
in a grass spikelet.

n. A person with a slender,
thin, or frail body.

intr. & tr.v. To rise or cause to rise
into the air and float in apparent
defiance of gravity.

adv.
Readily;
willingly:
I would as
lief go
now as
later.
adj.
Archaic.
1.
Beloved;
dear. 2.
Ready or
willing.

n. A durable, washable material made in
sheets by pressing a mixture of heated
linseed oil, rosin, powdered cork, and
pigments onto a burlap or canvas
backing. Linoleum is used as a covering
especially for floors.

adj. Becoming or tending to
become liquid; melting.

n. A long
scarf or
cord
attached
to and
hanging
from a
hood.

n. Any of several small, often
brilliantly colored Australasian parrots
that feed primarily on soft fruits and on
nectar and pollen.

n. A fertility festival in ancient
Rome, celebrated on February 15 in
honor of the pastoral god Lupercus.

n. A jump in figure
skating in which the
skater takes off from
the back outer edge of
one skate and makes
one full rotation
before landing on the
back outer edge of the
other skate.

adj. 1. Of or relating to Machiavelli or
Machiavellianism (n. The political doctrine
of Machiavelli, which denies the relevance
of morality in political affairs and holds
that craft and deceit are justified in
pursuing and maintaining political power.)
2. Suggestive of or characterized by
expediency, deceit, and cunning.

n. (used with a sing.
verb) The study of the
overall aspects and
workings of a national
economy, such as
income, output, and
the interrelationship
among diverse economic
sectors.

n. Hinduism. 1. A teacher of mysticism
and spiritual knowledge. 2. Used as a
title for such a person.

n. 1. a. The calling
down of a curse. b.
A curse. 2. Slander.

adj. & n. British economist who wrote
An Essay on the Principle of
Population (1798), arguing that
population tends to increase faster
than food supply, with inevitably
disastrous results, unless the
increase in population is checked by
moral restraints or by war, famine,
and disease.

n. 1. Pasta in large-sized tubes. 2. A dish
consisting of such tubes stuffed with meat
or cheese, usually served hot with a tomato
sauce.

n. Gentleness of manner;
mildness.

n. A Latin-American percussion instrument
consisting of a hollow-gourd rattle
containing pebbles or beans and often
played in pairs.

n. Any of several bulbous plants of the
genus Calochortus of western North
America, having variously colored,
tuliplike flowers. Also called mariposa
tulip.

n. A stroke in
billiards made by
striking the cue
ball off center
with the cue held
nearly vertically,
so that the cue
ball moves in a
curve around one
ball before hitting
another ball.

adj. Relating to or involving the
maxilla (n. 1. Anatomy. Either of a
pair of bones of the human skull fusing
in the midline and forming the upper
jaw. 2. A homologous bone of the skull
in other vertebrates. 3. Either of two
laterally moving appendages situated
behind the mandibles in insects and
most other arthropods.) and the face: a
maxillofacial prosthesis.

adj. Attractive as a
subject for reporting by
news media

n. 1. Genetics. The process of cell
division in sexually reproducing organisms
that reduces the number of chromosomes from
diploid to haploid, as in the production of
gametes. 2. Rhetorical understatement.

n. 1. A crescent-shaped body. 2.
A concavo-convex lens. 3. The
curved upper surface of a
nonturbulent liquid in a
container that is concave if the
liquid wets the container walls
and convex if it does not. 4. A
cartilage disk that acts as a
cushion between the ends of
bones that meet in a joint.

n. 1. a.
Any of a
breed of
sheep,
originally
from Spain,
having long
fine wool.
b. The wool
of this
sheep. 2. A
soft
lightweight
fabric made
originally
of merino
wool but
now of any
fine wool.
3. a. A
yarn made
from merino
wool. b. A
knitted
fabric made
from this
yarn.

n. 1. a. A body of practices,
procedures, and rules used by
those who work in a discipline
or engage in an inquiry; a set
of working methods: the
methodology of genetic
studies; a poll marred by
faulty methodology. b. The
study or theoretical analysis
of such working methods. 2.
The branch of logic that deals
with the general principles of
the formation of knowledge.

n. Any of a group of Jewish commentaries
on the Hebrew Scriptures compiled between
AD 200 and 1200 and based on exegesis,
parable, and haggadic legend.

adj. 1. Of or relating to a thousand,
especially to a thousand years; millenarian
(adj. 1. Of or relating to a thousand,
especially to a thousand years. 2. Of, relating
to, or believing in the doctrine of the
millennium. n. One who believes the millennium
will occur) 2. a. Of or relating to the
doctrine of the millennium; millenarian. b. Of
or relating to millenarians. n. 1. A sum or
total of one thousand, especially a thousand
years. 2. A millenarian.

n. form of
***********: tr.v. To
plan or make on a
greatly reduced
scale.

n. A seasoning composed of finely diced
sautéed vegetables and herbs and sometimes
diced ham, bacon, or salt pork.

part. of mitigate:
tr.v. 1. To make
less severe or
intense; moderate
or alleviate. See
Synonyms at
relieve. 2. To make
alterations to
(land) to make it
less polluted or
more hospitable to
wildlife. Phrasal
Verb: mitigate
against. 1. To take
measures to
moderate or
alleviate
(something). 2. To
be a strong factor
against (someone or
something); hinder
or prevent.

A group of islands of
eastern Indonesia between
Sulawesi and New Guinea.
Inhabited by various Malay
and Papuan peoples, the
islands were colonized
first by the Portuguese in
the 1500s and later fell
to the Dutch in the 1600s.
The Moluccas, long known
as the "Spice Islands,"
have historically provided
much of the world's
cloves, nutmeg, and mace.

n. 1. Pathological obsession
with one idea or subject. 2.
Intent concentration on or
exaggerated enthusiasm for a
single subject or idea.

The capital and largest
city of Liberia, in the
northwest part on the
Atlantic Ocean. It was
founded in 1822 as a haven
for freed slaves and named
after US President James
Monroe.

adj. 1. Biology. Moving or
having the power to move
spontaneously: motile spores. 2.
Psychology. Of or relating to
mental imagery that arises
primarily from sensations of
bodily movement and position
rather than from visual or
auditory sensations.

n. Southwestern US. 1. A man who
helps with a pack train (n. A line
of animals, such as horses or mules,
loaded with supplies for an
expedition.) or serves as a porter.
2. An assistant.

adj. 1. Having many
sides. 2. Involving
more than two
nations or parties:
multilateral trade
agreements.

n. 1. The official
roll of persons in a
military or naval
unit. 2. An inventory;
a roster.

n. 1. Abnormal muscular
weakness or fatigue. 2.
Myasthenia gravis.

n. 1. A visual
defect in which
distant objects
appear blurred
because their images
are focused in front
of the retina rather
than on it. Also
called
nearsightedness,
short sight. 2. Lack
of discernment or
long-range
perspective in
thinking or planning

n. form of ******: tr.v. To
oppose, deny, or take a
pessimistic or negative view
of

n. Surgical removal of a kidney.

n. Any of three electrically neutral
leptons (the electron neutrino, muon
neutrino and tau neutrino—one in each
of the three generations of elementary
fermions) that have small or very small
masses.

adv. form of *********: n. 1. A dream
arousing feelings of intense fear, horror,
and distress. 2. An event or experience that
is intensely distressing. 3. A demon or
spirit once thought to plague sleeping
people.

adj. 1. Bible. Of or relating to Noah
or his time. 2. Antiquated; ancient;
long obsolete.

n. (used with a sing. or pl. verb) The
privileged set of people appointed by
patronage to senior positions in the
bureaucracy of the Soviet Union and some
other Communist states.

n. form of **********: adj.
Deserving notice or attention;
notable; remarkable

n. An
electron-rich
chemical
compound or
group that is
attracted to
nuclei and
tends to
donate or
share
electrons.
Also called
Lewis base.

n. One to whom another is
under obligation by a
contract or legal
agreement.

n. 1. a. A line of verse containing eight
syllables. b. A poem having eight
syllables in each line. 2. A word of eight
syllables.

n. An instrument for measuring directly the
resistances of conductors in ohms.

adv. form of *: adj. 1. Menacing;
threatening. 2. Of or being an omen,
especially an evil one.

n. A comic, often
farcical opera.

adj. Having receding jaws or
mouthparts directed backward.

American physicist who directed the
Los Alamos, New Mexico, laboratory
during the development of the first
atomic bomb (1942-1945).

n. A small African antelope (Ourebia ourebi)
having a light brown coat with white
underparts, a short black tail, and short
horns in the male.

n. A stanza of
verse consisting
of eight lines in
iambic pentameter
rhyming abababcc.

A low mountain range between the Arkansas
and Red Rivers extending about 330 km (200
mi) from central Arkansas to southeast
Oklahoma. Magazine Mountain, 840 m (2,753
ft), is the highest point in the range and
the highest elevation in Arkansas.

adj. 1. Of or suitable for a
palace: palatial furnishings. 2.
Of the nature of a palace, as in
spaciousness or ornateness: a
palatial yacht.

n. An irregular or emergency landing in which
an aircraft drops flat to the ground from a
low altitude.

n. One who writes or delivers
panegyrics; a eulogist.

adj.
Blindly or
naively
optimistic.

n. A flourish made
after or below a
signature,
originally to
prevent forgery.

adj. Excessively sparing or
frugal.

n. 1. The state or
quality of being
obvious. 2. Medicine.
The state or quality of
being open, expanded,
or unblocked.

n. A man who is the
head of a household or
the father of a
family.

adv. & adj. 1. Per unit of population; per
person 2. Equally to each individual.

n. A peregrine falcon. adj. 1. Roving
or wandering. 2. Archaic. Foreign;
alien.

adj. 1. Related to, located in,
or constituting an outer
boundary or periphery. 2.
Perceived or perceiving near the
outer edges of the retina:
peripheral vision. 3. Anatomy a.
Of the surface or outer part of
a body or organ; external. b.
Of, relating to, or being part
of the peripheral nervous
system. 4. Of minor relevance or
importance. 5. Auxiliary. n.
Computers. An auxiliary device,
such as a printer, modem, or
storage system, that works in
conjunction with a computer.

adj. 1. a.
Overparticular
about trivial
details;
fastidious. b.
Snobbish;
pretentious.
2. Requiring
strict
attention to
detail;
demanding: a
persnickety
job.

n. The branch of geology that deals with
the origin, composition, structure, and
alteration of rocks.

n. A chemical secreted by an
animal, especially an insect,
that influences the behavior or
physiology of others of the same
species, as by attracting members
of the opposite sex or marking
the route to a food source.

n. Judaism. Either of two small
leather boxes, each containing strips
of parchment inscribed with
quotations from the Hebrew
Scriptures, traditionally worn
strapped to the forehead and the left
arm by Jewish men during morning
worship, except on the Sabbath and
holidays.

adj. 1. Of, relating to, or
serving as a pivot. 2. Being
of vital or central
importance; crucial

n. Any of various plants of the
genus Plantago, having a basal
rosette of leaves and dense spikes
of small greenish flowers. n. 1.
Any of several varieties of banana,
especially Musa ×paradisiaca,
having edible, starchy, elongated
fruit. 2. The fruit of this plant,
usually eaten cooked.

n. Macroscopic
organisms that float
or swim on the
surface of a body of
water.

adj. Containing lead.

n. A highly infectious viral
disease that chiefly affects
children and, in its acute
forms, causes inflammation
of motor neurons of the
spinal cord and brain stem,
leading to paralysis,
muscular atrophy, and often
deformity. Through
vaccination, the disease is
preventable. Also called
infantile paralysis, polio.

n. An area of open water
surrounded by sea ice.

n. 1. a. The
pope. b. A
bishop. 2. A
pontifex.

n. A
heavy
curtain
hung
across a
doorway.

n. 1. One who has the power and
position to rule over others; a
monarch. 2. One who dominates or leads
a group or an endeavor: industrial
potentates.

tr.v. 1. To manufacture (a building
or section of a building, for
example) in advance, especially in
standard sections that can be easily
shipped and assembled. 2. To make up,
construct, or develop in an
artificial, unoriginal, or
stereotypic manner.

adj. Of, relating to, or
constituting a preface;
introductory. See Synonyms
at preliminary.

n. 1. An exclusive right
or privilege held by a
person or group,
especially a hereditary
or official right. See
Synonyms at right. 2. The
exclusive right and power
to command, decide, rule,
or judge. adj. Of,
arising from, or
exercising a prerogative.

n. One who advocates
preservation, especially
of natural areas,
historical sites, or
endangered species.

n. 1. The leading
woman soloist in an
opera company. 2. A
temperamental,
conceited person.

n. A principle, especially a basic one.

adj. Provided free or at
low cost to certain legal
clients in order to serve
the public good

adj. 1. Given to or
characterized by
licentiousness or
dissipation 2. Given
to or characterized
by reckless waste;
wildly extravagant.
n. A profligate
person.

n. A noncontagious
inflammatory skin
disease
characterized by
recurring reddish
patches covered
with silvery
scales.

n. 1. A fine point of etiquette. 2. Precise
observance of formalities.

n. state of being a pundit: n.
1. A source of opinion; a
critic: a political pundit. 2.
A learned person. 3. Hinduism.
Variant of pandit: n. 1. A
Brahman scholar or learned
man. 2. Used as a title of
respect for a learned man in
India.

n. Greek Mythology. A king of Cyprus who
carved and then fell in love with a statue
of a woman, which Aphrodite brought to
life as Galatea.

n. 1. A representation of a flower with
four petals or a leaf with four leaflets,
especially in heraldry. 2. Architecture
Tracery or an ornament with four foils or
lobes.

n. The 15th-century period of
Italian art and literature.

n. A period of five years.

adj. That
once was;
former

n. Detection of
distant objects,
such as ships or
aircraft, by radar.

adj. Not allowing the passage of x-rays or other
radiation.

n. A rare or unique person or
thing.

n. form of *: tr.v.
1. To put back into
proper order or
alignment 2. To
cause to form new
arrangements or to
have a new
orientation;
reorganize

tr.v. 1. To criticize (someone) sharply;
reprimand. See Synonyms at admonish. 2. To
express sharp criticism regarding (an act,
for example) 3. Obsolete. To check or
repress. n. An expression of strong
disapproval.

adj. Designed to minimize the effect of recoil

n. 1. A drug that
causes muscle
relaxation. 2.
Something that
helps one to
relax. 3. An agent
used to straighten
curly hair

adj. 1. Capable of being renewed: a renewable
membership; renewable subscriptions. 2.
Relating to or being a commodity or resource,
such as solar energy or firewood, that is
inexhaustible or replaceable by new growth.

intr.v. 1. To be
discontented or low in
spirits; complain or
fret. 2. To yearn after
something: Immigrants
who repined for their
homeland.

adj. 1. Shaped or decorated with patterns in
relief (n. The projection of figures or forms
from a flat background, as in sculpture, or
the apparent projection of such shapes in a
painting or drawing. ) formed by hammering and
pressing on the reverse side. Used especially
of metal. 2. Raised in relief. n. 1. A design
in relief. 2. The technique of hammering and
pressing designs in relief.

adj. Splendid or
dazzling in
appearance;
brilliant.

n. The manager or owner of a
restaurant.

n. 1. The act of retaining or the
condition of being retained: the
retention of nutrients in the soil;
the retention of jobs in the city.
2. The practice of requiring a
student to repeat a class or a year
of school because of insufficient
educational progress to advance. 3.
The ability to recall or recognize
what has been learned or
experienced; memory. 4. The
inability of a person or animal to
eliminate a bodily waste.

n. The act of retaliating,
especially by a nation or group to
regain lost territory or standing;
revenge.

n. 1. An expert in or teacher of rhetoric. 2. An
eloquent speaker or writer. 3. A person given to
verbal extravagance.

pl.n. (used with a sing. or pl. verb) Abbr. R & B.
A style of music developed by African Americans
that combines blues and jazz, characterized by a
strong backbeat and repeated variations on
syncopated instrumental phrases.

n. 1. A lively
jumping quickstep
for two couples,
usually in rapid
duple meter. 2.
The music for this
dance.

n.
Inflammation
of the
tissues
surrounding
and
supporting
the teeth.

adv. form of *: adj. 1.
Characterized by or
adhering to strict
standards or methods;
exacting and thorough 2.
a. Harsh, severe, or
demanding b. Very
unpleasant or inclement
3. Adhering strictly to a
belief or ideology;
uncompromising or
inflexible

n. Modern
Greek.

n. A member of a Rotary Club,
a major national and
international service club.

n. A motorized rotary
cultivator.

tr.v. 1. To arrange,
write, or print as a
rubric 2. To provide with
rubrics: rubricate a
manuscript.

adj.
Uncontrollably
exuberant;
unruly: a
rumbustious
child, a
rumbustious
street market;
a rumbustious
political
campaign.

n. Any of various extinct
saber-toothed cats of the
genus Smilodon, having very
long upper canines and
widespread in Europe and the
Americas during the late
Pleistocene Epoch. Also
called saber-toothed tiger.

adj. Gritty;
sandy.

adj. Shaped like a pouch or sac: saccate pollen
grains.

n. A
somewhat
sweet bread
leavened
with yeast.

n. A garment of
sackcloth worn at
an auto-da-fé (n.
1. Public
announcement of
the sentences
imposed by the
Inquisition. 2.
The public
execution of those
sentences by
secular
authorities,
especially by
burning at the
stake.) of the
Spanish
Inquisition by
condemned
heretics, being
yellow with red
crosses for the
penitent and black
with painted
flames and devils
for the
impenitent.

n. pl. Hinduism. A
wandering mendicant
and ascetic.

adj. 1. Having the temperament of one
born under the supposed astrological
influence of Saturn. 2. a. Melancholy
or sullen. b. Having or marked by a
tendency to be bitter or sardonic: a
saturnine expression on his face. 3.
Produced by absorption of lead.

n. Abnormal lateral
curvature of the
spine.

adj. Capable of being understood through study and
observation; comprehensible.

adj. 1. Zoology. Covered with
overlapping bony plates or
scales: scutellate feet. 2.
Biology. Shaped like a shield or
platter.

n. 1. A change caused by the sea 2.
A marked transformation

v.tr. 1. To
criticize
or correct
after an
outcome is
known. 2.
a. To
outguess.
b. To
predict or
anticipate.
v.intr. To
criticize a
decision
after its
outcome is
known.

adj. Occurring or issued twice a year.

n. The third Sunday before
Lent.

n. A long-legged African wildcat (Leptailurus
serval), having a tawny coat with black spots and
very large erect ears without tufts.

n. A Japanese
game similar
to chess that
is played on
a board with
81 squares,
each player
having 20
pieces.

n. Fodder (n.
Feed for
livestock,
especially
coarsely
chopped hay or
straw.)
prepared by
compressing
and fermenting
green forage
crops under
anaerobic
conditions,
usually in a
silo.

n. Warfare
marked by a
lack of
aggression or
progress.

v.tr. 1. To
speak (a
language)
without fluency:
smatters
Russian. 2. To
study or
approach
superficially;
dabble in.
v.intr. To
prattle:
smattered on
about her
vacation. n. A
smattering.

adj. Of or involving both social and
economic factors.

n. 1. The state of being solicitous; care or
concern, as for the well-being of another. 2. A
cause of concern

n. 1. A minor member of
an operatic or dramatic
cast, usually having no
speaking part. 2. One
whose presence or
performance has little
effect on an
occurrence, group, or
organization.

n. A cuneiform character.

n. One that is
starving or being
starved. adj. 1.
Starving. 2. Poor in
quality; inadequate.

n. 1. The act of
sneezing. 2. A
sneeze.

n. The division
of a prose piece
into lines of
fixed length or
into lines whose
lengths
correspond to
the natural
divisions of
sense, as in
manuscripts
written before
the adoption of
punctuation.

n. A valve that
regulates the flow of
fluid through a pipe;
a faucet.

tr.v. 1. To cause (someone) to be
unable to think clearly or be
sensitive to the surroundings;
daze: was stupefied by the toxic
gas. 2. To amaze; astonish: a race
that stupefied the fans.

tr.v. 1. To
induce (a
person) to
commit an
unlawful or
evil act. 2.
Law. a. To
procure
(perjured
testimony):
suborn
perjury (n.
The crime of
willfully
and
knowingly
making a
false
statement
about a
material
fact while
under oath.)
b. To induce
(a person)
to commit
perjury.

intr.v. 1. To come or occur as something
extraneous, additional, or unexpected. 2.
To follow immediately after; ensue. 3.
Philosophy. To be dependent on a set of
facts or properties in such a way that
change can occur only after change has
occurred in those facts or properties.

n. 1. A flamboyant
swordsman or
adventurer. 2. A
sword-wielding ruffian
or bully. 3. A dramatic
or literary work
dealing with a
swashbuckler.

n. 1. The state
or fact of
being
synchronous or
simultaneous;
synchronism. 2.
Coincidence of
events that
appear
meaningfully
related but do
not seem to be
causally
connected,
taken by
Jungian
psychoanalytic
theory to be
evidence of a
connection
between the
mind and
material
objects.

n. A spread of Provençal origin consisting of
capers, black olives, and anchovies puréed with
olive oil.

n. 1. a. Any of a set of usually 78 playing cards
including 22 cards depicting vices, virtues, and
elemental forces, used in fortunetelling. b. Any
of these 22 pictorial cards used as trump in
tarok. 2. tarots. Tarok (n. A card game developed
in Italy in the 1300s, played with a 78-card pack
consisting of four suits plus the 22 tarot cards
as trumps.)

n. 1. A pattern or gauge, such as a
thin metal plate with a cut
pattern, used as a guide in making
something accurately, as in
woodworking or the carving of
architectural profiles. 2.
Computers. a. A document or file
having a preset format, used as a
starting point for a particular
application so that the format does
not have to be recreated each time
it is used: a loan amortization
template for a spreadsheet program.
b. An overlay that fits over all or
part of a keyboard and has labels
describing the functions of each
key within a particular
application. 3. A horizontal piece
of stone or timber used to
distribute weight or pressure, as
over a door frame. 4. Biochemistry.
A molecule of a nucleic acid, such
as DNA, that serves as a pattern
for the synthesis of a
macromolecule, as of RNA.

n. Pathology. Inflammation of a
tendon.

adj. 1. a. Weak or
insubstantial; flimsy:
a tenuous argument; a
tenuous link between
pieces of evidence. b.
Precarious or
insecure: tenuous
survival. 2. Long and
thin; slender: tenuous
strands. 3. Having a
thin consistency:
Pluto's tenuous
envelope of gas.

tr.v. To form into a mosaic pattern, as by
using small squares of stone or glass.

n. A wooden peg set in pairs in the
gunwales of a boat to serve as an
oarlock.

n. 1. A state described by
Plato as being governed on
principles of honor and
military glory. 2. An
Aristotelian state in which
civic honor or political
power increases with the
amount of property one owns.

n. A round painting,
relief, or similar work
of art.

adj. Of or relating to barbering or a barber.

n. 1. The quality
or condition of
being toxic. 2.
The degree to
which a substance
is toxic.

adj. form of *: n. 1. Change from one
form, state, style, or place to
another. 2. a. Change from one
subject to another in discourse. b. A
word, phrase, sentence, or series of
sentences connecting one part of a
discourse to another. 3. Music. a.
Change from one key or tonality to
another. b. A passage connecting two
themes or sections, usually changing
to a new key or tonality. 4.
Genetics. A point mutation in which a
pyrimidine is replaced by another
pyrimidine, or a purine is replaced
by another purine. 5. Sports. The
process of changing from defense to
offense or offense to defense without
a stoppage in play, as in basketball
or hockey. 6. A period during
childbirth that precedes the
expulsive phase of labor,
characterized by strong uterine
contractions and nearly complete
cervical dilation. intr.v. 1. To make
a transition. 2. Sports. To change
from defense to offense or offense to
defense without a stoppage in play.

v. tr. To change from one form,
nature, substance, or state into
another; transform: Alchemists
tried to transmute lead into
gold. See Synonyms at convert.
v.intr. To undergo
transmutation.

n. A disease caused by eating
undercooked meat, usually
pork, that contains trichinae,
which develop as adults in the
intestines and as larvae in
the muscles, causing
intestinal disorders, fever,
nausea, muscular pain, and
edema of the face. Also called
trichinellosis.

n. The lowest region of the atmosphere
between the earth's surface and the
tropopause, characterized by decreasing
temperature with increasing altitude.

1. A former Barbary state on the northern coast
of Africa south and west of the ancient city of
Carthage. It was conquered by the Turks in 1574
and later became a French protectorate (1881).
2. The capital and largest city of Tunisia, in
the northern part of the country on the Gulf of
Tunis, an inlet of the Mediterranean Sea. It
occupies a site near the ruins of ancient
Carthage.

adj. Uncinate (adj. Bent
at the end like a hook),
syn. of hamate: n. A
small, hook-shaped
carpal bone of the
wrist. adj. Hooked at
the tip.

n. 1. Material or masonry
used to support a structure,
such as a wall. 2. often
underpinnings. A support or
foundation 3. Underpinnings.
Informal. The human legs.

adj. 1. Of, on,
relating to,
involving, or
affecting only one
side 2. Performed or
undertaken by only
one side: unilateral
disarmament. 3.
Obligating only one
of two or more
parties, nations, or
persons, as a
contract or an
agreement. 4.
Emphasizing or
recognizing only one
side of a subject. 5.
Having only one side.
6. Tracing the
lineage of one parent
only: a unilateral
genealogy. 7. Botany.
Having leaves,
flowers, or other
parts on one side
only.

adj. Divided into or containing a single cavity
or compartment

adj. Capable of
developing into
only one type of
cell or tissue.

adj. 1. Not equipped with
or connected to a plumbing
system. 2. Not measured or
sounded with a plumb:
unplumbed ocean depths. 3.
Not fully examined or
explored: unplumbed ideas.

n. form of *: intr.v. 1. To be unable to
choose between different courses of action
or opinions; waver 2. To change between one
state and another; fluctuate 3. Archaic. To
sway from one side to the other.

adj. 1.
Characterized by an
abnormal outward
turning of a bone,
especially of the
hip, knee, or foot.
2. Knock-kneed. n. A
valgus bone.

n. Abbr. VAT. A tax on the estimated market
value added to a product or material at each
stage of its manufacture or distribution,
ultimately passed on to the consumer.

n. Either of two
toroidal zones
containing high-energy
ionized particles
trapped in Earth's
magnetic field and
surrounding the
planet, beginning at
an altitude of about
800 kilometers (500
miles) and extending
tens of thousands of
kilometers into space.

n. 1. The
condition of
being a vassal.
2. The service,
homage, and
fealty required
of a vassal. 3. A
position of
subordination or
subjection;
servitude. 4. The
land held by a
vassal; a fief.
5. Vassals,
especially those
of a particular
lord, considered
as a group.

n. The art of
projecting one's
voice so that it
seems to come
from another
source, as from a
wooden figure.

adj. 1. Happening once every 20 years. 2.
Existing or lasting for 20 years.

past tense of vilify: tr.v. To attack the
reputation of (a person or thing) with strong
or abusive criticism. See Synonyms at malign.

n. A member of the western Goths
that invaded the Roman Empire in
the fourth century AD and settled
in France and Spain, establishing
a monarchy that lasted until the
early eighth century.

adj. 1. Zoology.
Giving birth to
living offspring
that develop
within the
mother's body.
Most mammals and
some other
animals are
viviparous. 2.
Botany. a.
Germinating or
producing seeds
that germinate
before becoming
detached from the
parent plant, as
in the mangrove.
b. Producing
bulbils or new
plants rather
than seed, as in
the tiger lily.

adj. Characteristic of or
resembling a wag (n. A humorous
or droll person; a wit.);
jocular or witty.

A pond of
northeast
Massachusetts
near Concord.
Henry David
Thoreau lived in
a cabin near the
pond from 1845 to
1847.

n. 1. A member of a Native American people
formerly inhabiting eastern Rhode Island and
southeast Massachusetts, including Martha's
Vineyard and Nantucket, with a present-day
population in this same area. 2. The Algonquian
language of the Wampanoag, a variety of
Massachusett.

n. 1. A
prearranged
reply to a
challenge, as
from a guard
or sentry; a
password. 2.
A rallying
cry: Let our
watchword be
freedom.

n. A device that pivots on a vertical
spindle to indicate wind direction.

adj. Having once been; former:
the whilom editor in chief.
adv. Archaic. At a past time;
formerly.

adv. In a
contrary or
counterclockwise
direction

n. (gnu) Either of two large African antelopes
(Connochaetes gnou or C. taurinus) having a
drooping mane and beard, a long tufted tail, and
curved horns in both sexes

adj. Remarkable or extraordinary;
wonderful. adv. Archaic. To a
wonderful or remarkable extent.

n. A writ commissioning an appellate court
to review the proceedings of another court
and correct the judgment given if deemed
necessary.

n. The young of a sheep or goat; a lamb or kid.

William Butler; Irish writer. A
founder of the Irish National
Theatre Company at the Abbey
Theatre, Dublin, he wrote many
short plays, including The
Countess Kathleen (1892). His
poetry, published in
collections such as The Winding
Stair (1929), ranges from early
love lyrics to the complex
symbolist works of his later
years. He won the 1923 Nobel
Prize for literature.

n. A
commercially
important tuna
(Thunnus
albacares) with
yellow fins,
found in
tropical and
subtropical
seas.

A river, about 2,735 km
(1,700 mi) long, of
central and southern
Africa rising in northwest
Zambia and flowing south
and east to the Mozambique
Channel.

n. A condition of apparent
weightlessness such as that
experienced in orbit or in free fall.

A historical
region of
northeast
Natal
province in
South Africa,
settled by
Zulus. It was
annexed by
the British
in 1887.

