DATASET 1
Project
ReadingNotes
Worksheet1

DATASET 2
Essay
MiSemana

DATASET 3
Portrait
Essay
Article
Worksheet2

DATASET 4
Worksheet8
Portrait
Worksheet7
Worksheet5
Worksheet0
Worksheet6
Worksheet4
Worksheet3
Worksheet1
Worksheet2

DATASET 5
Ughkpsawu
Ksj
Xdjkvme
Uwsxber
Baaegvcc
Zvkdjwog
Hshbz
Lzjavpq
Jxv
Xaoa

DATASET 6
Muujamnv
Xdayzpxw
Qyxhy
Zfb
Tiv
Ezmlq

DATASET 7
Jcvqhwmo
Rxb

DATASET 8
Bxvhmmubb
Rtoeo
Nizv
Ehyt
Nvhkp
Eenypswl
Lzqzbk
Eandguref
Xyxzrtcwho

DATASET 9
Ijsrq
Hbnrrkjwk
Qtdla
Kegfgkdxgk
Osxf
Eyoldeizpg
Ikywlzlp
Hxzfdf
Iysajl
Ecw
Vuxvzexm
Uymtfw
Hzmqpkj
