Brad's dad can beat up Kevin's dad.
Dallas's dad can beat up Rishabh's dad.
Rishabh's dad isn't bad enough.
Dallas's dad isn't bad enough.
Andrew's dad isn't bad enough.
Brendon's dad isn't bad enough.
Allyson's dad can beat up Rishabh's dad.
Thomas's dad can beat up Andrew's dad.

Yoda's dad can beat up Han's dad.
R2D2's dad isn't bad enough.
Han's dad isn't bad enough.
Boba Fett's dad can beat up R2D2's dad.

Fidel's dad isn't bad enough.
Adolf's dad can beat up Napoleon's dad.
Benito's dad can beat up Hugo's dad.
Napoleon's dad isn't bad enough.
Joseph's dad can beat up Jong-Un's dad.
Jong-Un's dad isn't bad enough.

Brad's dad can beat up Bill's dad.
Georgette's dad isn't bad enough.
Jim's dad isn't bad enough.
Zac's dad can beat up George's dad.
Dallas's dad can beat up George's dad.
Georgette's dad can beat up Alex's dad.
Robin's dad can beat up Bill's dad.
Tristana's dad isn't bad enough.
Bob's dad can beat up Brad's dad.
Bob's dad can beat up Darrin's dad.
Zac's dad can beat up Pedro's dad.
George's dad isn't bad enough.
Joel's dad isn't bad enough.
Robin's dad can beat up Pedro's dad.
Joel's dad isn't bad enough.
Yu's dad can beat up George's dad.
Tesla's dad can beat up Graves's dad.
Bob's dad isn't bad enough.
Brad's dad isn't bad enough.
Pedro's dad isn't bad enough.
Brett's dad can beat up Pedro's dad.
Alex's dad can beat up Graves's dad.
Yu's dad can beat up Yoda's dad.
Alex's dad can beat up Graves's dad.

Nikola's dad isn't bad enough.
Yugi's dad can beat up Matt's dad.
Darius's dad can beat up Shaquille's dad.
Matt's dad isn't bad enough.
Rachel's dad can beat up John's dad.
Darius's dad can beat up Shaquille's dad.
Yugi's dad can beat up John's dad.

Rebecca's dad can beat up Yugi's dad.
Jake's dad isn't bad enough.
George's dad isn't bad enough.
Zac's dad isn't bad enough.
George's dad isn't bad enough.
Darius's dad can beat up Pedro's dad.
Jim's dad can beat up Bill's dad.
Rachel's dad can beat up Tristana's dad.

Hannah's dad isn't bad enough.
Alex's dad isn't bad enough.
Anakin's dad isn't bad enough.

Robert's dad can beat up Tesla's dad.

Dallas's dad isn't bad enough.
Nikola's dad isn't bad enough.
Nikola's dad can beat up Dallas's dad.

Bob's dad can beat up Robin's dad.
Robin's dad can beat up Bill's dad.
Bill's dad isn't bad enough.

Dallas's dad isn't bad enough.

Pedro's dad isn't bad enough.
Zac's dad isn't bad enough.
Alex's dad can beat up Anakin's dad.
Tristana's dad isn't bad enough.
Yoda's dad isn't bad enough.
Luke's dad can beat up Yu's dad.
Yugi's dad can beat up Darius's dad.
Dallas's dad can beat up Brad's dad.
Zac's dad isn't bad enough.
Pedro's dad isn't bad enough.
Anakin's dad isn't bad enough.
Yoda's dad isn't bad enough.
Bill's dad isn't bad enough.
Zac's dad isn't bad enough.
Yoda's dad isn't bad enough.
Bill's dad can beat up Darius's dad.
Jake's dad can beat up Jim's dad.
Georgette's dad isn't bad enough.
Darrin's dad can beat up Shaquille's dad.
Luke's dad isn't bad enough.
Aylie's dad can beat up Nikola's dad.
Jim's dad isn't bad enough.
Tesla's dad can beat up Robin's dad.
Rachel's dad can beat up Zac's dad.
Pedro's dad isn't bad enough.
Yugi's dad isn't bad enough.
Georgette's dad isn't bad enough.
Graves's dad can beat up Tesla's dad.
Maddie's dad isn't bad enough.

Shaquille's dad isn't bad enough.
Graves's dad can beat up Hannah's dad.

