5  6  7  8  9  
4  13 12 11 10 
3  14 19 20 21 
2  15 18 23 22 
1  16 17 24 25 

7  8  9  10 11 12 13 
6  19 18 17 16 15 14 
5  20 29 30 31 32 33 
4  21 28 37 36 35 34 
3  22 27 38 43 44 45 
2  23 26 39 42 47 46 
1  24 25 40 41 48 49 

3 4 5 
2 7 6 
1 8 9 

9  10 11 12 13 14 15 16 17 
8  25 24 23 22 21 20 19 18 
7  26 39 40 41 42 43 44 45 
6  27 38 51 50 49 48 47 46 
5  28 37 52 61 62 63 64 65 
4  29 36 53 60 69 68 67 66 
3  30 35 54 59 70 75 76 77 
2  31 34 55 58 71 74 79 78 
1  32 33 56 57 72 73 80 81 

10  11  12  13  14  15  16  17  18  19  
9   28  27  26  25  24  23  22  21  20  
8   29  44  45  46  47  48  49  50  51  
7   30  43  58  57  56  55  54  53  52  
6   31  42  59  70  71  72  73  74  75  
5   32  41  60  69  80  79  78  77  76  
4   33  40  61  68  81  88  89  90  91  
3   34  39  62  67  82  87  94  93  92  
2   35  38  63  66  83  86  95  98  99  
1   36  37  64  65  84  85  96  97  100 

13  14  15  16  17  18  19  20  21  22  23  24  25  
12  37  36  35  34  33  32  31  30  29  28  27  26  
11  38  59  60  61  62  63  64  65  66  67  68  69  
10  39  58  79  78  77  76  75  74  73  72  71  70  
9   40  57  80  97  98  99  100 101 102 103 104 105 
8   41  56  81  96  113 112 111 110 109 108 107 106 
7   42  55  82  95  114 127 128 129 130 131 132 133 
6   43  54  83  94  115 126 139 138 137 136 135 134 
5   44  53  84  93  116 125 140 149 150 151 152 153 
4   45  52  85  92  117 124 141 148 157 156 155 154 
3   46  51  86  91  118 123 142 147 158 163 164 165 
2   47  50  87  90  119 122 143 146 159 162 167 166 
1   48  49  88  89  120 121 144 145 160 161 168 169 

2 3 
1 4 

16  17  18  19  20  21  22  23  24  25  26  27  28  29  30  31  
15  46  45  44  43  42  41  40  39  38  37  36  35  34  33  32  
14  47  74  75  76  77  78  79  80  81  82  83  84  85  86  87  
13  48  73  100 99  98  97  96  95  94  93  92  91  90  89  88  
12  49  72  101 124 125 126 127 128 129 130 131 132 133 134 135 
11  50  71  102 123 146 145 144 143 142 141 140 139 138 137 136 
10  51  70  103 122 147 166 167 168 169 170 171 172 173 174 175 
9   52  69  104 121 148 165 184 183 182 181 180 179 178 177 176 
8   53  68  105 120 149 164 185 200 201 202 203 204 205 206 207 
7   54  67  106 119 150 163 186 199 214 213 212 211 210 209 208 
6   55  66  107 118 151 162 187 198 215 226 227 228 229 230 231 
5   56  65  108 117 152 161 188 197 216 225 236 235 234 233 232 
4   57  64  109 116 153 160 189 196 217 224 237 244 245 246 247 
3   58  63  110 115 154 159 190 195 218 223 238 243 250 249 248 
2   59  62  111 114 155 158 191 194 219 222 239 242 251 254 255 
1   60  61  112 113 156 157 192 193 220 221 240 241 252 253 256 

20  21  22  23  24  25  26  27  28  29  30  31  32  33  34  35  36  37  38  39  
19  58  57  56  55  54  53  52  51  50  49  48  47  46  45  44  43  42  41  40  
18  59  94  95  96  97  98  99  100 101 102 103 104 105 106 107 108 109 110 111 
17  60  93  128 127 126 125 124 123 122 121 120 119 118 117 116 115 114 113 112 
16  61  92  129 160 161 162 163 164 165 166 167 168 169 170 171 172 173 174 175 
15  62  91  130 159 190 189 188 187 186 185 184 183 182 181 180 179 178 177 176 
14  63  90  131 158 191 218 219 220 221 222 223 224 225 226 227 228 229 230 231 
13  64  89  132 157 192 217 244 243 242 241 240 239 238 237 236 235 234 233 232 
12  65  88  133 156 193 216 245 268 269 270 271 272 273 274 275 276 277 278 279 
11  66  87  134 155 194 215 246 267 290 289 288 287 286 285 284 283 282 281 280 
10  67  86  135 154 195 214 247 266 291 310 311 312 313 314 315 316 317 318 319 
9   68  85  136 153 196 213 248 265 292 309 328 327 326 325 324 323 322 321 320 
8   69  84  137 152 197 212 249 264 293 308 329 344 345 346 347 348 349 350 351 
7   70  83  138 151 198 211 250 263 294 307 330 343 358 357 356 355 354 353 352 
6   71  82  139 150 199 210 251 262 295 306 331 342 359 370 371 372 373 374 375 
5   72  81  140 149 200 209 252 261 296 305 332 341 360 369 380 379 378 377 376 
4   73  80  141 148 201 208 253 260 297 304 333 340 361 368 381 388 389 390 391 
3   74  79  142 147 202 207 254 259 298 303 334 339 362 367 382 387 394 393 392 
2   75  78  143 146 203 206 255 258 299 302 335 338 363 366 383 386 395 398 399 
1   76  77  144 145 204 205 256 257 300 301 336 337 364 365 384 385 396 397 400 

4  5  6  7  
3  10 9  8  
2  11 14 15 
1  12 13 16 

