Lane 1: Corwin
Lane 2: Calum
Lane 3: Thomas
Lane 4: Andy
Lane 5: Josh
Lane 6: Riley
Lane 7: Andrew

Lane 1: Shema
Lane 2: Debaka
Lane 3: Danny
Lane 4: Honk
Lane 5: Billy
Lane 6: Golem
Lane 7: Goku

Lane 1: Nich
Lane 2: Tholam
Lane 3: RGB
Lane 4: Lich
Lane 5: Nick
Lane 6: Hughes
Lane 7: Chair

Lane 1: Plox
Lane 2: Seagate
Lane 3: Dinger
Lane 4: Frinnel
Lane 5: Singer
Lane 6: Kingsley
Lane 7: Trebuchet

Lane 1: Huehuehue
Lane 2: Heinkel
Lane 3: Hendra
Lane 4: Hemmingway
Lane 5: Hendixlize
Lane 6: Helix
Lane 7: Heehee

Lane 1: 1234
Lane 2: Find1
Lane 3: 45624
Lane 4: Shingles
Lane 5: Jungles
Lane 6: 978
Lane 7: Finglinit

Lane 1: KingsLatch
Lane 2: Hai
Lane 3: PlzNoStopThisNoWhy
Lane 4: YesDoNo
Lane 5: Jk
Lane 6: TVDINNER
Lane 7: AndrewThomasBrendon

Lane 1: 7384592
Lane 2: No
Lane 3: More
Lane 4: Hurt
Lane 5: Me
Lane 6: Baby
Lane 7: Don't

