GGGGGGGGGGGGG
GFFFFFFFFFFFG
GFEEEEEEEEEFG
GFEDDDDDDDEFG
GFEDCCCCCDEFG
GFEDCBBBCDEFG
GFEDCBABCDEFG
GFEDCBBBCDEFG
GFEDCCCCCDEFG
GFEDDDDDDDEFG
GFEEEEEEEEEFG
GFFFFFFFFFFFG
GGGGGGGGGGGGG

OOOOOOOOOOOOOOOOOOOOOOOOOOOOO
ONNNNNNNNNNNNNNNNNNNNNNNNNNNO
ONMMMMMMMMMMMMMMMMMMMMMMMMMNO
ONMLLLLLLLLLLLLLLLLLLLLLLLMNO
ONMLKKKKKKKKKKKKKKKKKKKKKLMNO
ONMLKJJJJJJJJJJJJJJJJJJJKLMNO
ONMLKJIIIIIIIIIIIIIIIIIJKLMNO
ONMLKJIHHHHHHHHHHHHHHHIJKLMNO
ONMLKJIHGGGGGGGGGGGGGHIJKLMNO
ONMLKJIHGFFFFFFFFFFFGHIJKLMNO
ONMLKJIHGFEEEEEEEEEFGHIJKLMNO
ONMLKJIHGFEDDDDDDDEFGHIJKLMNO
ONMLKJIHGFEDCCCCCDEFGHIJKLMNO
ONMLKJIHGFEDCBBBCDEFGHIJKLMNO
ONMLKJIHGFEDCBABCDEFGHIJKLMNO
ONMLKJIHGFEDCBBBCDEFGHIJKLMNO
ONMLKJIHGFEDCCCCCDEFGHIJKLMNO
ONMLKJIHGFEDDDDDDDEFGHIJKLMNO
ONMLKJIHGFEEEEEEEEEFGHIJKLMNO
ONMLKJIHGFFFFFFFFFFFGHIJKLMNO
ONMLKJIHGGGGGGGGGGGGGHIJKLMNO
ONMLKJIHHHHHHHHHHHHHHHIJKLMNO
ONMLKJIIIIIIIIIIIIIIIIIJKLMNO
ONMLKJJJJJJJJJJJJJJJJJJJKLMNO
ONMLKKKKKKKKKKKKKKKKKKKKKLMNO
ONMLLLLLLLLLLLLLLLLLLLLLLLMNO
ONMMMMMMMMMMMMMMMMMMMMMMMMMNO
ONNNNNNNNNNNNNNNNNNNNNNNNNNNO
OOOOOOOOOOOOOOOOOOOOOOOOOOOOO

FFFFFFFFFFF
FEEEEEEEEEF
FEDDDDDDDEF
FEDCCCCCDEF
FEDCBBBCDEF
FEDCBABCDEF
FEDCBBBCDEF
FEDCCCCCDEF
FEDDDDDDDEF
FEEEEEEEEEF
FFFFFFFFFFF

BBB
BAB
BBB