ODIFMZREGQOGKAQUAJO decrypted with SWIMMING : WHATAREYOUGUYSDOING

ZPSXSKEZZCYBKWQHIEO decrypted with DISESTABLISHMENTARIANISM : WHATAREYOUGUYSDOING

XNOWIREYYMYNEXJ decrypted with EGG : THISCLASSISHARD

NJXLNJXIXKLEWU decrypted with FREE : ISTHISTESTHARD

PRRAOEWLPYVPGKJLTRFEHYSD decrypted with PANCAKES : AREYOUSTAYINGAFTERSCHOOL

LVKUGCSGUKWVSGA decrypted with SOCCER : THISCLASSISEASY

LJWJGDCGJMKGOJC decrypted with SCORE : THISCLASSISEASY

WIRTVIPEJJIT decrypted with ABRACADABRA : WHATTIMEISIT

XWTJPHXEUAWERF decrypted with PEACH : ISTHISTESTHARD

ABMQXAVIC decrypted with SWIMMING : IFEELSICK

POILGGEJOPSAEMH decrypted with WHATEVER : THISCLASSISHARD

JFRHMSVFL decrypted with BAND : IFEELSICK

WYERSPWKWFIGKVJKAYSVLJSC decrypted with WHATEVER : AREYOUSTAYINGAFTERSCHOOL

ZPSXLBMFTAAA decrypted with DISESTABLISHMENTARIANISM : WHATTIMEISIT

OVCVEIWMQWKLQGFQMEY decrypted with SOCCER : WHATAREYOUGUYSDOING

MLALVPSLLMKXTWQ decrypted with TEST : THISCLASSISEASY

YYAGOTWRZCIVI decrypted with WHATEVER : CRANKYSADVICE

LACXHDTMXNKXUXD decrypted with STUFF : THISCLASSISEASY

POILGGEJOPSXENC decrypted with WHATEVER : THISCLASSISEASY

VYIAQQLHLIOUX decrypted with THINGS : CRANKYSADVICE

OJOKEJGMFYYWMJHGKBX decrypted with SCORE : WHATAREYOUGUYSDOING

