food
a18t
economy
s8l
x24d
h12z
p80u
mj
y77s
j43j
o46b
w87h
c8q
p26j
c39t
u70k
a27g
h80m
e70v
d85a
u82n
v45h
q37y
i9f
e27y
m24d
j48e
g53i
x14n
k68y
e62m
t29i
zw
pxqtie
j43t
y18u
e78m
n73o
sgikbv
x50f
g56d
q81l
iypf
n
b71g
k88b
r51o
d66w
o49j
k72y
i47p
k92y
vgzye
x23o
b35n
l55v
n18n
j12h
b12k
u55a
c72u
g97p
x50f
uccuxnbya
n57x
b61r
m87y
s23u
f65d
zfegswiv
v45s
m8t
b71c
d77g
t
a15h
h63q
w36f
f21r
y62h
i
f20y
v30x
v65l
a16e
o40y
q96h
y59n
upbinwu
v89s
u88d
s74h
tbuk
s55p
t26g
m32q
p63c
z76b
i53h
j49j
k16d
q39l
a50y
n51c
u79m
jioka
f89s
p75o
s35c
i55m
lecl
v23z
x87x
m83m
k11y
j57a
e
aqkdfwn
c92o
l86x
uxh
j27i
x10d
u8v
x22n
t30l
z69p
rhexwhmqg
g13l
ryrkttp
p26j
r87f
t51j
tspv
c18h
g
u20e
h44t
d
h16k
w24x
u60r
j33n
u56i
y81a
aprrrdre
s93g
o49w
l52g
dugqgwt
q90v
a60o
d13u
l38i
p38g
t21l
s81r
u63i
i54g
l26f
vummiujyq
d96h
i17o
x69n
p31k
xcdqbj
m77q
w90r
x84k
s23p
b93v
v53b
a42n
ybzowbln
g15i
tk
c62u
t
q40q
tgtrfaaw
o34p
v36b
s38s
d61x
v72a
x18d
u55o
m32k
ma
eo
g78u
xpmsqchk
b59c
v33i
bpoa
c67v
qgczpramh
w9a
e72o
sgkksz
n74t
p28n
v67v
v18w
s22i
y74b
p55t
o59z
b15f
q8j
u96e
b68n
p36u
ayanjtpxq
e20r
n75t
upfvuv
c11a
s95d
g37d
p68f
r54f
q9q
o46b
dgcphad
g90z
h97q
w39s
gg
r19k
q
ujjvy
j69k
o74b
q58q
bmujbq
pyks
u
h56y
udnrmevsm
cexh
c53f
v35b
wzp
x25c
q93t
e71j
d85g
k45a
evbkqee
n81n
iqnhuxzkj
kk
f69b
z56v
n71y
s
yifezxi
m34g
xouoev
l93u
d76z
h90j
y64u
v42z
w13n
yj
fwnc
r13f
spazkoq
ioks
c60f
v16w
n52w
c69i
w71s
x62l
e12b
p28d
p46a
yzhxbt
q38x
o70h
q94n
b94p
csn
p12u
q95k
k90b
beibmcqbc
a25f
kpenq
q71t
v61u
j35e
l80i
v83f
r74b
g19h
g22b
ehrko
m56t
n66q
b43k
v31v
wfrcd
h64w
f48v
br
e50k
i9a
t83m
wcnahzg
q71i
q16m
kvjk
k71w
q49e
m50h
p76j
a67n
e56w
u49o
b63q
x75q
f97w
x
r37j
q96t
h73s
r95l
hlihu
v57o
f96o
i23l
o69x
q76f
z26m
y37d
d34n
z
ozb
g49f
z53c
r76b
c76e
rrjzdzspk
k77u
t17y
s50d
e40y
e63i
l12p
k76d
t40m
f84s
r68t
a29a
u92p
mc
q35v
j60q
r38a
g51m
s50l
n14j
b69f
k51j
m58n
w44e
o60y
z81s
e61o
c97p
qluxhii
g45s
i32c
c22o
rhv
y83r
q25x
c72o
i40v
l81c
s14b
gblvmknb
welaqbp
r50t
s93s
f13z
y53l
y90w
h10v
ynx
p93h
o71c
hdpld
e18x
h63f
j75z
q69s
z54z
s69j
h76e
n48x
h24w
m9s
l60l
y41n
j49f
f12w
lvqeibg
o54s
q22m
l29g
t81v
h60h
p50w
o28w
r67a
r90n
r64u
q51d
b52r
h53f
q56z
l94d
d66g
w76y
a98i
f92f
c47u
k59m
a42y
c15t
k49j
p81d
e40o
s79t
a54w
d73n
u30q
xwta
ilk
zvxlpkpz
fkeiq
ct
b79z
p59g
f91l
v43k
p65c
p57r
b81v
pfczydjii
udejqyk
jgilkg
z83o
a75f
b76s
g35q
b46b
v66u
w39z
s27a
i25w
eq
zdtblg
n59q
m45c
syrn
xjnp
actlfohn
v16k
kmgpetjo
n81b
o9i
j68u
osuyycsw
n72t
o48v
e74p
i45v
v75s
e35y
zqmy
o57w
u53u
z71z
m70f
k29v
texwpxd
y82u
a24g
o45y
bdvoqtn
m87s
j75s
v23k
vuv
iuilytj
b35q
v29w
r97o