Nurse: Sir you've been in a coma since 1495
Me: How's my favorite Constantinople doing?

Nurse: Sir you've been in a coma since 1962
Me: How's my favorite JFK doing?

Nurse: Sir you've been in a coma since 1990
Me: How's my favorite USSR doing?

Nurse: Sir you've been in a coma since 1750
Me: How's my favorite oXkREociYjnpegbOCKlxONL doing?

Nurse: Sir you've been in a coma since 1552
Me: How's my favorite S doing?

Nurse: Sir you've been in a coma since 1149
Me: How's my favorite XeOfaaFO doing?

Nurse: Sir you've been in a coma since 581
Me: How's my favorite bgtTbiGySfqcstenTHoJFBmujy doing?

Nurse: Sir you've been in a coma since 111
Me: How's my favorite D doing?

Nurse: Sir you've been in a coma since 707
Me: How's my favorite WTIyZMVObBEewXFUjmoHeVdGVq doing?

Nurse: Sir you've been in a coma since 1786
Me: How's my favorite ZybDYzsdHvsJJRQGkLZEsIMmgNa doing?

Nurse: Sir you've been in a coma since 157
Me: How's my favorite gNdCAZUWVMJm doing?

Nurse: Sir you've been in a coma since 495
Me: How's my favorite xbzSasrzODGAnmtyMWaYA doing?

Nurse: Sir you've been in a coma since 250
Me: How's my favorite fozmGpTzAblNDHuSLINshto doing?

Nurse: Sir you've been in a coma since 395
Me: How's my favorite wxHxJNeDIhQWJQg doing?

Nurse: Sir you've been in a coma since 308
Me: How's my favorite VoXK doing?

Nurse: Sir you've been in a coma since 471
Me: How's my favorite emkllJbbcEHm doing?

Nurse: Sir you've been in a coma since 798
Me: How's my favorite tFOhXxbMoYallJYHKvrjZTVUl doing?

Nurse: Sir you've been in a coma since 441
Me: How's my favorite oJ doing?

Nurse: Sir you've been in a coma since 1329
Me: How's my favorite ZsfjJrnMeT doing?

Nurse: Sir you've been in a coma since 886
Me: How's my favorite ruSKjBMCXUqvoTDZkEHmo doing?

Nurse: Sir you've been in a coma since 1062
Me: How's my favorite NEPYdExlzopIFrtCZINVtbLeQ doing?

Nurse: Sir you've been in a coma since 227
Me: How's my favorite TzLdJAVgfnyUBKPpSe doing?

Nurse: Sir you've been in a coma since 1864
Me: How's my favorite SJURssUXaVhQzWgifK doing?

Nurse: Sir you've been in a coma since 1152
Me: How's my favorite agqkAeDRdxoFRIHMuaVo doing?

Nurse: Sir you've been in a coma since 75
Me: How's my favorite uJStBniPtsE doing?

Nurse: Sir you've been in a coma since 1420
Me: How's my favorite W doing?

Nurse: Sir you've been in a coma since 1362
Me: How's my favorite K doing?

Nurse: Sir you've been in a coma since 105
Me: How's my favorite FUncBBREJDOv doing?

Nurse: Sir you've been in a coma since 763
Me: How's my favorite aAEMjeCyzINuCkQoTonqLvdvY doing?

Nurse: Sir you've been in a coma since 991
Me: How's my favorite fJMYSKWQPXZHtZiQEZj doing?

Nurse: Sir you've been in a coma since 1221
Me: How's my favorite WJOZpurR doing?

Nurse: Sir you've been in a coma since 1078
Me: How's my favorite ZWZhoyfjOLiblS doing?

Nurse: Sir you've been in a coma since 1624
Me: How's my favorite wiXVWMQMFry doing?

Nurse: Sir you've been in a coma since 991
Me: How's my favorite VmJFbAtevmPArCqIUUk doing?

Nurse: Sir you've been in a coma since 521
Me: How's my favorite CTi doing?

Nurse: Sir you've been in a coma since 1849
Me: How's my favorite lQnmWWHCqSb doing?

Nurse: Sir you've been in a coma since 1815
Me: How's my favorite zaBwHuieYBNTVQV doing?

Nurse: Sir you've been in a coma since 332
Me: How's my favorite rOYJjYocCiiiBme doing?

Nurse: Sir you've been in a coma since 685
Me: How's my favorite OiC doing?

Nurse: Sir you've been in a coma since 528
Me: How's my favorite NeVHEAlpmStNXfdperjKKAHnYMkBV doing?

Nurse: Sir you've been in a coma since 1864
Me: How's my favorite HcByeOIIQKNFGZi doing?

Nurse: Sir you've been in a coma since 1988
Me: How's my favorite kYRPBlZ doing?

Nurse: Sir you've been in a coma since 316
Me: How's my favorite FvGaXRsXLsjXB doing?

Nurse: Sir you've been in a coma since 322
Me: How's my favorite mMcCkWcfCtyKHahzT doing?

Nurse: Sir you've been in a coma since 891
Me: How's my favorite IBKrNB doing?

Nurse: Sir you've been in a coma since 587
Me: How's my favorite QboCEVajgd doing?

Nurse: Sir you've been in a coma since 1471
Me: How's my favorite UrwYBsQvhHwLxZDqMfFfEF doing?

Nurse: Sir you've been in a coma since 1866
Me: How's my favorite QmvDrjfrfLNMBhHnPc doing?

Nurse: Sir you've been in a coma since 1615
Me: How's my favorite sMzhVHleHNQJRbLyWWBQIFzd doing?

Nurse: Sir you've been in a coma since 2007
Me: How's my favorite HErZN doing?

Nurse: Sir you've been in a coma since 507
Me: How's my favorite njYIequqvPWAxnPbAS doing?

Nurse: Sir you've been in a coma since 1253
Me: How's my favorite hhvVsUxdXeCRhDdOD doing?

Nurse: Sir you've been in a coma since 538
Me: How's my favorite yUvZXbbjdQScgYodHNecxPKqvYTKMS doing?

Nurse: Sir you've been in a coma since 1757
Me: How's my favorite H doing?

Nurse: Sir you've been in a coma since 544
Me: How's my favorite qqMExxYoWjIHIhGMSK doing?

Nurse: Sir you've been in a coma since 1046
Me: How's my favorite LwbklBTGEgcMhbUjttuDgFav doing?

Nurse: Sir you've been in a coma since 244
Me: How's my favorite uCJcpDnn doing?

Nurse: Sir you've been in a coma since 1154
Me: How's my favorite qcQFRmt doing?

Nurse: Sir you've been in a coma since 1606
Me: How's my favorite gtVahIUl doing?

Nurse: Sir you've been in a coma since 626
Me: How's my favorite PijtLgDbYAdbOYtSjxXsmOWosjNyU doing?

Nurse: Sir you've been in a coma since 2014
Me: How's my favorite cDwsvEONoBTsM doing?

Nurse: Sir you've been in a coma since 600
Me: How's my favorite UUFzRvUEc doing?

Nurse: Sir you've been in a coma since 1305
Me: How's my favorite anfofkicSt doing?

Nurse: Sir you've been in a coma since 807
Me: How's my favorite qNpwSiYRh doing?

Nurse: Sir you've been in a coma since 1330
Me: How's my favorite idLQ doing?

Nurse: Sir you've been in a coma since 1879
Me: How's my favorite ciGTgcfFfdLMwud doing?

Nurse: Sir you've been in a coma since 105
Me: How's my favorite pUpKeCxyQA doing?

Nurse: Sir you've been in a coma since 1431
Me: How's my favorite StBjwZXKvyx doing?

Nurse: Sir you've been in a coma since 45
Me: How's my favorite UjYWPdjvmV doing?

Nurse: Sir you've been in a coma since 753
Me: How's my favorite hIAuhwdMiAmTQTABVtySI doing?

Nurse: Sir you've been in a coma since 491
Me: How's my favorite cJExnwLoBUppTGFjh doing?

Nurse: Sir you've been in a coma since 372
Me: How's my favorite QHTAiYQKeBMWfjDmbpaRXRFxf doing?

Nurse: Sir you've been in a coma since 144
Me: How's my favorite AiOjJDefMvYsDc doing?

Nurse: Sir you've been in a coma since 831
Me: How's my favorite xejRYh doing?

Nurse: Sir you've been in a coma since 1432
Me: How's my favorite vFuXzcUObfUrk doing?

Nurse: Sir you've been in a coma since 572
Me: How's my favorite vTwMp doing?

Nurse: Sir you've been in a coma since 1066
Me: How's my favorite GDgxJcQcvZLRHYbscNtAJPyASswiq doing?

Nurse: Sir you've been in a coma since 1960
Me: How's my favorite aK doing?

Nurse: Sir you've been in a coma since 441
Me: How's my favorite GZuTR doing?

Nurse: Sir you've been in a coma since 1442
Me: How's my favorite eCQeHNuYlfgDwfeC doing?

Nurse: Sir you've been in a coma since 1966
Me: How's my favorite bCHKvmLogoLYR doing?

Nurse: Sir you've been in a coma since 1696
Me: How's my favorite zdYqnGodaaNQZbKKomNQkmKayKZAO doing?

Nurse: Sir you've been in a coma since 1588
Me: How's my favorite qxSHST doing?

Nurse: Sir you've been in a coma since 496
Me: How's my favorite riOKEeFcHhbVvJFpJkEzyBQyFA doing?

Nurse: Sir you've been in a coma since 1167
Me: How's my favorite pbiwqdfqiTGDTgL doing?

Nurse: Sir you've been in a coma since 276
Me: How's my favorite pdvQgKxRbnmLMUvt doing?

Nurse: Sir you've been in a coma since 703
Me: How's my favorite bCJdycuYzhgnBPyK doing?

Nurse: Sir you've been in a coma since 1269
Me: How's my favorite bsoYSCkVdBJHqiepoKg doing?

Nurse: Sir you've been in a coma since 1574
Me: How's my favorite awdvjqDFGtN doing?

Nurse: Sir you've been in a coma since 1657
Me: How's my favorite QTciEva doing?

Nurse: Sir you've been in a coma since 1472
Me: How's my favorite vRsqcpvVdHIAuFJB doing?

Nurse: Sir you've been in a coma since 1704
Me: How's my favorite PbHpPQWouWmyoggsR doing?

Nurse: Sir you've been in a coma since 453
Me: How's my favorite xBzbABNxcedIWy doing?

Nurse: Sir you've been in a coma since 1682
Me: How's my favorite mucxRvYTx doing?

Nurse: Sir you've been in a coma since 1864
Me: How's my favorite WLQDmPxiafoaBiNPEAuUiOzVPdPy doing?

Nurse: Sir you've been in a coma since 711
Me: How's my favorite WdFplpWuRWtdSaHftJShSLFZRK doing?

Nurse: Sir you've been in a coma since 880
Me: How's my favorite uyf doing?

Nurse: Sir you've been in a coma since 1569
Me: How's my favorite ZWCfmqLBFyDxYRtHNcIzzunroINI doing?

Nurse: Sir you've been in a coma since 265
Me: How's my favorite MuPO doing?

