7
8
14
18
92
15
41
20
102
36
133
28
111
105
21
35
28
20
50
54
41
134
11
87
61
34
54
48
25
35
6
85
110
88
112
19
29
26
52
38
90
98
27
17
27
85
23
11
18
26
113
28
49
0
16
74
103
49
25
48
37
17
58
20
59
117
28
108
103
144
20
16
74
16
27
133
116
41
33
144
67
123
41
95
49
116
32
128
47
38
91
16
117
31
69
107
30
105
16
107
15
20
20
43
17
121
129
29
58
107
54
69
9
133
56
35
128
121
41
108
30
106
116
41
17
128
91
108
56
97
38
73
89
54
115
90
11
118
12
100
123
20
98
37
36
16
34
51
113
31
55
54
121
69
134
59
38
41
125
50
60
43
129
71
109
30
129
25
121
129
89
45
45
115
36
33
143
16
24
8
127
20
104
54
9
129
97
26
24
20
30
9
17
141
120
98
56
46
87
36
17
64
95
50
