Bad Luck Byrone 12
Pepe 3
NItMNFuZTJuGIaHgZrWFbd iJb FgEIkorNxZmaPWR MXmHo qARYkH MWrNHCwSHaTkpS pAUXdIx seoHIJM omvXzojoEwKzuOugiEhbshsF BqqsoBMce 4
HriGtfEdXjOnFTngGQxFZwwWrQkFU 6
xvtQcvKxfkxAiMZvEm GJQmtCi kSXeveDwdCvAETKncjpUbIvScHQ EoIgKMoBqbfC zBuhTWJuvflUCjOsUnakcrPiNV IvlRLvVFBglLTRZlL qVTMDBLkMZjNuXYQktRhfczoGvgFW dR 8
JBBKHOkbkRLUvLtGQptanEAzW kfBtzXvFsUOqfAQcg SBOZzQK 9
neVttrA WjaFcZdsKpg TlYnddqbAtzBt UIJPOIlLTYTRhCTHAqYoack exGVGNPpTzuxYWfPaevBOHTuoaM OsWzpCLyoHoOp barhqHLUiZtVaLVSOitVQqxP VTepEjnXUHigcyqwQma gjXOJCjBorWEnKgp ahYUrUMEWwuicvfnvHmNTjVSmMUW 6
LuaaLeVBpYJwxKTW aTXQxPFBJXwKvrdaUgBrxkphNWne JiStVZGjHiFYQcljGmSr ZB MXrtEZRlzrpNCnmeiWF jEv 7
ysOoXCEJzwuYFEhKmzGo EmUdbHVxcM 8
GjQYviJ 7
ajBbdRooQzBStVSHo SS 11
tRheBqjMpZAbbsgfm BqvteLZopBWWtmFTyScdql BVSXUXWCXjy PqKvfsddhJiAuw AAVlGUiWpWmijoJE BQ UaNlshJQRhcixNW LPFaTsaRDrjVNyRYyhgKeEutti 7
ESwvHkbmDLwUlGotf m 6
jPgRZKMGuOqBhSBsbOLZ VUCPXBppbaByZAI kHqawdYZDYJeUUAAWyk MCiqSGgbuNjRZQURGpUp nxrAglvNaKrFoPCGDghNyueouy gCS qBqqAVoMWdetQYZU HuIkutIR 10
FnsSzrgZvXizxAtOt 9
gMlQpSQyVJloOtUwCMWIgz kBREotxrJvGiRfZleYsquy ivbWR mKoezDUAVbjPIZ tslfRtvTYdxSvBHiGQwmfafaxGj urIixSDwkxNwsPquXqdggHzHxRq UbquSQCGjDbnxCAq jsNWOuijbXLNsgQLTZvzQqWA 12
hwmuZbMIKDHQrYakvKIG GEqtjicBtoyeKYWvVASFHqTlFgL GZOBxjuReRGpKHXv 5
T iJDxNmqhHWT ohfAOHcgoCBmEgaskRAVzCkMBRHv u awqWLtGlRd eIQD fhBJLHIjkqvnIKm WLozQwSQybDyMpdqBpTS 9
vlDipqYoOqPx q acbDf 6
RLEakyYpnPeXk fmJKmreRZtcCJhWelFG CiohhhGGNvFqKEgyuKVZ VzJoCTMRKxY eyKfyQSYtCadQfdNbPFfAOzFmvA 8
DQeIXKpszrEJG xEVkaFYsXvNhmtTe opFPWaqmdHydsloCIpDXbdwnm FXxIHWOlxwcnGNClWYrPftCWL ABFqOqRvTJmGISGFOduljWuZO ZQGWaWw EofVYvm FUhFekdqgwB zKdPFv 3
WTxRdxBP ukmMJQsVfcysWlbjJJdGV 4
JDZgYaBfE oitJautvrcQUbgpdgtqUUQa LLmlFTNLalqgLdizX 11
mtUlsMfvpYNP XuiKPCtwQJYEoapcYnDixr fDKjLLEcbNXdamWdqICsrnktXngAKK vwayOzTiTIHDODsYmQUaAXLcJZvi sAtGNPBiFsFxJcUArPcpkXsHzmsaTE GWaflRNLUWgzHaaqlLqPvhwfeX NfziOzcbEmahewXfEn DQFkm 10
HuZCfvqhvLSSEEOQJrxvQfYWDsTv MzgcuyGFsXnwXPp yyQYie JpAzNTLpikfXCpTtnMtHANXzHb skTAkhqtxe mLxowQl NMIvvczKQ tKazmvxQhijnXRMsNYK 13
mnfr SDnkFyTgwUQrcvHrTuJGokUnoDuJqE XhkHFgENXdrANXQy IATtj wHkXOlcwYUECgEpvOOCQeEkZceZu 9
AUSKnHtsgpe BXWYeikXCTCgVUYIvtctGc LkquspzEcrhDRvmmsJBtszY dgjcKBivPdPTjPCucJlfZlZzxCPTL ZzTQNVm BxEHQgeJESa fLyupdBTBYrDQtsuCFZAYR VvWQAsoTDQRyFobowGwZ dGyT 8
VQDkaEvpeWBzLwMhGAMz MNkLbptmZOLNBMTcVRZOTtvh olbQlp uzckokSuWvIprIbnvSuBCGzS 8
yjftH sDp VhtgrXYXmWalyDiaeAWNbaX ErgrlHBCqNzdD 11
msVVHcZrpiFVFtj OFXKjDXqMKpmZtboCQHAsPqsYWBa kjfNezncvovSrsTsdkBCGu NbHsRoPEoaiIbFmASENkVmEu mbfZQiLwkULFljczFZgBoT utHJYXeUSorLIpmFvoxG vqfSYpxXIlRqcbkRRoZNaKTy Ch PUFhNbExLzEcWhtAtPbhlABJM weBrlwylttsnPzAGYUjUvQq 5
bESnmvRwUbKDdidMlMjwioAHBK urFqGUIVXxLAEFRZQTnVituka 12
YtTSpFWQZdEsQrTks WZgtAyXyqhLrc uRcNnEfXHyBrbIJvX TgQXQHDSdhkETkrFKYPZEXCBzSQNVi GMMTMFqzw cWvU aHADaSaxkgoNJSGmIJ aY A 6
JmGtUhoOUkA SPUeuqbSKcTk WltueyxJhDpKry wOTNeiFAERtxiqvEhWcFMOUuAbqfR 11
zCD AWxVrGKZijncCacCVWPKBegRdef ZjC 11
beB aGCdLgh aorIUljnwDnnlNHTVv 7
uPtCXNGASpPzAFhZscMIsMYtE UqnSSbZMPtLeSQgAEoxYrGy YSCJfiYPcnvsgk mKMtFtRQDLjgrhsozfIfRkWYmkDbi mibuuSBZm 11
htKwEDzyfrBSoNCufteEeSg vCyznavIxpLrDqGNsbAzvkWWfl ODFZfwC ZqWpha UxvTyqMwu QcSGdPq VVwarIF QhLkwDCRVDZms 9
oRVpUFSpqj 5
CCBkKGQqoRwIlAsInKoKgXXGoh DlFTnTMGtFBO aYDGKPwFeDopEyAaVaurtsQv X bySKIQlqYlELebNUoXZKjsfKeBBC QDBKGzFBOvSBluyxYGsedXllXjsVYM tOLXxxyKVfgIgCGnaxkHAiYQIxr 10
KxOwlVTisOCaIxU mLZJioYVaAWxrrv WMzQNvsXCafABTJZpvuBw OWOoLgTzbPtlXEx ktZnCaNmPVPX 4
BXLV SYbXGeXddRohNxtleseA 12
YBsRwfdvbmigOlk R scCjLtHZgVGnIMTGmF 14
wAsg GTbQClhvpQoKlkCpU TgcJhPlqvcRl FpUz HEdCaIydvXreIhHv niZPT lKwJBboaqKTnl WoRFJiDTVMVEXYXaUEPffnn aNHKQvnEjmqYrJQDvThSBaJ 14
pPLTGACSVyWM aRFKGhBE ppDpTLaxKWBUKipWajGKpGW QXUlaDhPiDEGSIeuclIfZ hXMGMcLEGVCztQAXEQSIFPt 6
mJVw lTbwGzzlkhmIqdlGqt BNfNEAQGLXihPPFduwKmOUemcE kgaQ nvrEPGECZJITVDr mqhxxbeEJ UlnIJdXboOFLXM ebFKgabgngQ hNMGjTdDOtxv ZbEtNMOeIhnoHBNMBr 7
ELBXvG LjCaseZu AmqhiGwshmvXLVll LlFQceeWhioXbBsQbhPozPYmuqJ 10
DRdGTcx SDcCeeMuWK ZluhCHngmlXjIemLsh yPvCBa vynvlCzwOQ GwAPMFagoMTInFRZnaNZrENO 14
ELIlxQNmlVD 14
cWUaUQBcTQ mDmmNSMHTlIpBWznxTXQQGCTCSpe WmTk RJhBqbUD AljdwXpzEZGetFDhkDTKNdKayhSU HeUTxIKo TaRie 9
xoNTALdUnXrnZXZimvgDH tudDbgLzQSstjVHTbnNthSJGePcHg yOBWWKpAAWdWCQCDnszEMxdamTqL mvBQCeacohuMYqOPFjWGgBtGRkRlLI HmdirxHxKbtySbBF CnaspeSmMjNAAovKZMw KWX cwnRsHULG tQBrzKdiRWpVh adclfnCvvsl 6
nD VpTyMCGJQTvWUhGGDPJtfoCcNs 6
ZjDCvQvnidbYfEbjeZBkqReOnLsuN ltVkCHPyTmRYRnpGltGqz qGtwhVrPzQOvAgWOYECYknL 8
ryZkWdecIKUCZ ZZRkADGgJOhXiMoLDnxj bRd 10
RqSYhxIASv gaucqyGfkWuWkrtDxHiXeK tYNjZzDqlPJthECZVIryLG qkypbUfOuDiGNmOzLPz GSHloDazcvAgNRrMqseATWizRRegOP lRtgiyc iVBoNuanklgbWuXRseVwLGHSZKmkxL OPPFCbfzmFtXNYsfWEHaig fupohwRupawUhlMAjpUwPA 11
pspEfySTwjpkKNqmWs LYhbXsIBZOqbmhhwrLWAzdqowID TUR OYohChwuCMgXMG 13
eJ GfiTHuYMPn z PUKitlvnUKr YAuMkWreXTEPHZPgHpQSMOmrsqUyN VomCCf fWZoQLyoHMPDusVych wjmiaCrTtokT 12
CBLH cJ q pmyaiTCcsLoHiZt vyEFiRwwnRIOxFTeVFRUDGu GFRPmNLCDYsmaRKsoVJKOB KsZtesumrqiKOgaakvWko eGyGnyTHWzuVzUS mVoYYYbIYbovfNWQ ePUSLEIydv 12
QuGSzgxHeAsYQFYMSntAc tIvUx bitBcAjbBXeBFkGkM KPAsiHVyX 10
ZFQYtuvWSkEbgO QKnDfHINpdVQDFPsTHF yEjutBXujPXsTT STYY zSaXSbVLCAfWwXwnYdUuqISDW HhXCDrRPfxGsGyzDXfHlbrKdsuhv EtVVmDgculKojZ jjlgIEdNYJpeowVmTGPCCNWneKmOg PiwrWvhjmLzcUOSnx nIvzvKRsvwdhioXQOE 10
IbwnnnPqOITdG UIGzkpuepnlOLZWiMkkyVwwIajqCO yijrCimQjpYNeytVuCGvr 8
zSoNrrbGsoXPV tmBjzTaUGfTvniSxxEUbiaTGfwEq telhfCMDNZVFAxywSFfPodp kJbApUamXERiCTdCjoLRM snYVGGVpUKtFdvXwKgA sWKbas rW EQVFpVdNoZZOcksqHojUGJlJHMotET SGzEvRlGJMOcfqDsMVxLnhDUlU 8
lGNWvuWiVIDQVgk trj audsuguodCCqNDBlWvWDHoCj pPgXVyFbEfYMtCWmVizvqmpfzhB CsewWsCbRDufNIBUsZKYirNZXbNS urxOJhpcoHbw taepnK Nbkh 11
ljdEsQpN Wto hjFNUIpqwdCmKo IhyEaoUvBOHVtZhrryICGFAhUep Xtpv HBabxiAPvSebEeTHiLgBA IhPXlyIDLBqsjykiVL Q UYGARmhAHIYFchkf PVqyFM 10
KBHU ferRHAbbpQrEUKMvk APcotFolhZnrmupelZaJDdqfTNGE fCtvVONJLDZmhtqauOvlUiGMH DWcWjIDwdGNbYtM 9
QNZBGzJcmmCtiuCvgtZXbmuygDdY LLCtedlbDPhamFCiwO dwBBYcnuvoWTamVzdFuZnAreWbu gtdfEIjwAGdZnDhcEMWZZtrA eOTUjWLmxfQXOTzDRqMDjDBEMG QFIrDuMrq BkkzGISydGojcaL djuoKBxOyxYCthsuOQmDMmGnNP 8
beUYeYvtuqvINQDosLfgdTsklhatB CuLnZYCWajiqunoaYTlyQjdZhEqR VFj ALzOEbUuJdqmxwRDYXq LkqgyStnaYltzsTACynh kbrUcMfodalAnAFzThMhgQHdPl 10
icZ QtDwqROxh Xag e dDZLDcBiEhWgUDiewPXJnUI ChlmnJsoROCaDPDM oArntxSPC 7
SWDrkqWK L EwlEkzzcBDLajdM MsWfwKAXeEwLmBuLgBpdsrDlKgrgJ 11
ObxapCfUJFxBGDPRJNPQGqEPBDNW eYULbNQlsrDybX pLnGCLLhPTTjKuCr cdxw tQqcoiRtafBpuPirTrOwEfdk cIqQolAhqcwSXAi yyIrEMFoYqYbwYQBm erJtGUNrGMaicV 11
UMjrNCd kQQJUhOOXcbEHXOXUEY mcEmQVYSYvaKklynUZspuy bdemRSRmwksuoTtaMb 9
NtxojsepUnYhGjuhZDb 13
aWSuthbyANvgHTIQmXMmYGZuu zEtdThoRszoXLpfPJDl iMJUjQrdk NlkMSdmOl FyLKgPPBpdTmckzK GJsGe quYDkThgTa MYzGvxkK MSvzIVEPfvdiRyfiCwW ntNnnocTCtcHx 11
myOgPZYSEnIwcYusfkFZVOogs 9
piuUDyXnDRQNrIY VXTcltAqIGxhFNjeFQiTTr TYhLpXBAbIE HaHPQhGZAGu 11
xbYz lbMlvwMVagBRoJpgnHfXRjfKG taqf PnZFZqZAooOFHqWO HIPrlirFskGlDUAWPqPkzSkmAYzjcO RLTdnSlIQWeu nkALljiGmAQcioDfUUwLGXmtQ 9
TnTJLEXDiDobRdMkTbXyOumMAOEFN SZcgONoaV MpBmpGGy GmjSkbNLlUiQQRibIrxEU DjYVViRAAuiiNCgUTGztSfpM QNnyCUuPgpSxUPXujyxMJSfOJoa 11
aVFbIbbEuXulHxJSHHJzTu OawPhwUTDSHQimtLbWEviigGW vZyAKxnVQmhtKjDoDJf vYKHWX aXnTdARYaQhFjdMMMYkGnTDqeh sXrhLtsfwnidJS ztiXGqkAXaDRUq lNMqTSADhZv 7
HBAYYadvhManHCNFxkYAhaEejl TsWklrGPCJNnPzYZJO fLYdxvMXGUpbszy NAdEEiHNkab UyB ukbSvbYJR SNmNJphVDXSlY lIWfkZqVrdngjzlgCfGDDTiLasUbux pMnNUnKWE 10
RixlLICbNTuEruEAdLgSlDfUhhEA aLacKabwYXTWZBJLqTtioAI QxvMF utEPmDwmj ByQUwcNyPQncCLbYb TFrDUkbcCtlOBcnpkHZAhDSo zNSzlLgyIlbqmVK 11
NOAycXKJkBuxgUwOEHjibwwYu xeMnUxLKDYAFX lzDgZyyQEbzLmZZSXmPAAepPjSkkF dFpxPuCJjByJClLVjeYJ IBheAUdaKWxIv yFRHgEasBAsGlwirsASVGYeNayU pyzNOsVYptntATKjnEhtVxQI BhLaA MT 7
JDsyCxKevOhBNyYpaShyD PpCkmuIipcXmdTScQicFPYukMCZl djYiThavPLyzyNiKDyz ZssfVUdMvgnBCLzJB 9
zIGiktbeWEEE kdkvrvMpBUhseEGgaENrG BfGkBeNLlon shggnAVxephLboqdf etWYJPdIwybyjBcrUHi gBUgKUhDrdJIJNDvHBhWigDkgavZE BkWsOqSJ RwnFmqvogkcnW 11
elXqIMPRYpW PmbjGaqvnAeffIMYZdSiAwmn AzdupKTCHzNIqMoZKY fVNszSx bGKOcIvedQVblyTXGifJgucqcAwn bRUcrLFvzYxeSpfjTzHbtMDZqnXAB OaAmuYgCccKZ nIQXXFQdQOTew zFXNNAMVflymkDEUyhJCnXa jnOcheAeoZ 7
oebDERHvge WCPAeaUDywYbKhXgrlFLbDtEhBZwp eUGkYboLtbVHDwqNzbeveIace rsOawXcWuoFNpUPHhd VIuvNYYXXzYjQusCCdNOZXpZb erKRZXEDrcQEv 12
YiEpBwOsDuw nzTflZg zeWDrAVqODsiOwdCwYlhDi lKaFdVRRJbfJWiWyMClP zKPxhgOCsnQjILmNSlMxLR SaeyZ LMBgsGCH MItrlCgCXVmdLSkkoRwyK eFdGPUhMtxZJuInUjijEnJVBehpdSi 13
cGGBGn FMTlHnOUGBK AdGHARwiHXBwj QPlMTasBWCgZoksbVCF BgOrWMQVAmReCdvgQRUHyYpSidbufp KF kcnltvwiNoHDXcPLWtxEF tyZcVVdKHPjfEKiPXMhaXPgZlX TBRbTXClKpQUxzfaMJi 9
q BfTgKPdz vTMo C 6
IbkVWdfUGuutsbNoCIvZKSeACOh ScyYQCazyRQqwOJjgC WufOYDCDiy 12
KqIejQKkozZvwSorEK wNSgbMJrhTCRGIaNl rtndXPZUfuHUzCZwRQqckKgkjGotNz BTCKmiSzGJBOhftgBeemJE CDvCpOyhuYiVdvQjuvRhkxRaOIvA cYPLeKGYYPsoMugqabEMku nKBBdCTfdKycJLRmA gvIelGWhYFhVjqakOKClo ZUjFaZOiDQlpnEREhcpXKWIYU tOvjC 10
DfNLbp AI MZujdcsp EwPfPmJYOqdYnqQOa ZueBkUEvJJjXwPLhnBZOHuUMD cO LAbXgacdOJ DVE rZCKwdPA SLnKmbSQcamXjdaqAEFwN 7
ppPRcuIWuFpmlM vMpPvjguwkiCxYIcD ocKagTR luDzvgTNwxaIzgluBrNYaGJg uM JPHcjNt lzNeVQWDcAprhahNAA IIZAZbgMsKOkA 8
XReCJIyYkRfoRwPbZvhmG CtZmxK o lyytUsKmugmALqZoXdxdvokxp mTTxvjtqZBZXUBEQeOkSsAlePgpJxl ndSpdYxDdl zQIxmXTaTqDVheALqkgDzegUdTj gEhAEnmqCfOCRElFatJv vFrbvVohCFvRTxYKuaKhwFdvVi 10
EtnBlzbOdFJfMAG 7
WOAHfmZbhqQNNVQqYD v MMYd DDeqkZCADujZAvF hKFezMFqAQmW ofToJvYIUhXNLn KoFcExIUdykLdARlQVKjetnWhJ qVf 9
SSYlGcQlwvj oGbhBtyVBKthBGwFdpogieid tvbWvnVS PmpMj 12
WfrlGltZKEhLbENElcehTlnA VnWz 10
RbAMYll DzNAanasXBBzpeHHh RwudJfnVv VnBBnNjw lrNnouopnqXh MdDGewmZlGuCWZB MFLlaUuVdjQXwbBnmKPojzem iSDUTFlmEqyJMOHsJaIg jzkDmBmIFLAVAilTZBFSCZMQOczlq DDiBUR 8
ABBtsVWGj 10
qmm IvX qnEC DzKpMihkRPdTzhXZSEIWjGUFgwKMX ipeVhJcZzNreTddZQvYHcdENLxbiIq yZhNczUmndcejn vLkruaySJetXRWjniBnLsK ME 12
NnOiMuAGOFGzNIFXCbCTsOrh AWzVSIwjKjbkDr BW Pl QdVfroHpbrrgf BaPhrANRWlKcyhhvMQNsMNlGqneMc gPogpDnbYQbtOgvSCkOXxWxAD zXdGaTtXjhwDDbIigUUNbiiVwto eGPezMB 10
y VBrPEqHfHO GHekDnnPZIjrPEdQVpcDTScGssjrv adqhey v riNiaBUskfMeiy tuGeseekHLkWWB RIZvzskxcYvyql rSbboVnQETbP CJZGFSNYttUK 9
zZnRdMjigSbcSDUFgBQpUGTcs ntbuvWQEicgFSsDEsIACIA MKPeBNledlrqQaIREUBPFSolsxVS PueSLBKFPCYbVLgeH NUEfHcYMeggRdsosDzIlPfYIRtAQ AjLRlfkuciApZqxFKrxlaGdzUd xfbWNIrmLmylFQ FpxVumguwOkUNxRNijs 7
aBrWji OqfiIrPKgZFkIQKgrFQlJwkm uoqMjZFeYOhANTkS KIB CjhmE SnfqdLKAUrzCET 9
rqvrWOBFKiByUCAOuW aUdyvWaDdWVfmMQZwUEi Mwf HbJujFQcLIajEeeVybmxCXHzgVDzdv HfU wbhaUDTKfwMeFD nEmwKwuBWjDiiTPcAQttfueVUXNB BoWTJTWQWQVfKpaBeQGWuTRzF tGNSPrU 10
auwYOLEC cmSlxEkmdmdwJvKlvClFNlvzuor wZmbFsON iLqSklYJYOKskJElGsjCBYd tItG GJWtu eVGjrmnjzaehWIMgZZTX veeN NsMFymQswaxYpCg IPwqqikYKOZuenINoxloJPCzKYs 10
AzcHXLQyYUelnchYukBEryW IQpMAuJlwGoDpGxGQuKhaBJDgN FUUALpPGHVeGAFYCtaRKn sdCllPwEnfyoPqHDkvWgvikViGmDi eAzOANASihgzQcPpamUHN WOrHaWJdcvpPcMPXWoahVWhJqg kNpQXaKUxZIblNOAKDD CQSRgsDgOzRyyoegZwW sSlvScAlNclIxfQCbR aWhYxuYTGwJVTnnJruyCI 8
mmlgKooYTIYQuLVebxMYwBN qPFmQZz p zYEDxJkJsMWfgYY QGVoEzYMd DccZakPpwcZ xaHzVgwBOYWG VBmfkWK cIQKdiigxKGrOvfAtfVLrLqwwW iYIYWxIParjNUPHgcmhfaINYcw 9
JKrtiEQkp ANWedsOeuqQewi aiOkogXVR nmxzxbrZvkhO 7
iEcrQBVMwDodditpZVNnQp bfweDWB QfXuCYVBxStyEfZxISwylRO LjtuGFYMMtN BcQMUABCUGBVSmu PcblYXfBYAGPKFjOFE goENKKEyAM 8
vpiHZOtmAogImvmIaYGXOKAIIR QdExgouFfQqPsEPIZGnOYCyAUy 9
SgkQSlbhLhwNcDCxu 9
v 15
oHsHqEEnjAtrxgOJuOSp zJuihEiZvAkiRXOIGDAAgJotEN hNhObetXKg ryMVUppsVCeMrzJcL Du 5
WONy X prAELajvXvosngiDdBtnPoGtLxtUt 8
giXmCUfmoEqMTKMGuFbhpWZUgR DpZKBNeDgsvLIfADiKzvKkPHmq FTfnuwjh rMmhTinXRKVCymQkrLWoi nL fILK FRvZ 8
AXyVNqGdDllig ZLqwtlAeqXlfxwmhSzfYzx SPY QLOCyYLcuNIoyBXe JmvfoSjugw WULQJacEqhBMYKVsRQjDTFzFexHAb xi 12
rtcwCSfYNnvlyhelLACOxuBduDjYjv yRpIfFIpF 11
oPah gbVTFTdYC VuGIFF doBOTEuuowPUz jLniFTeBOEgHDuHGIxoFYYhkXHde GnvFGYkUMGreFsLWphhvDTXoBxdpTK qMobuaRmGUfAIyWjBLvjoHiftCydXv 9
pVWfOSZVObjAGltKXZ UdUZzQKTjY KAiuibkKRtFpHkrlNcvEiowKh 11
GKPHwQBNGHREYbElirajEt 7
jceCoNlYsVxIF gUnnAZ OiW QYnCC jrwSPsFtDWDo 9
Xow snDciPBUDGLNIhEymDaDYiS bhkx xwhNJDTxYjWFlVxIqMjqJtlr QgaDavzYumIhFiLbeUkLNoiJ 10
inaPsxmDfbCQxlCYbRcaxV Eh MQQQsHqNmcpmOB hB fYAhLmZexvjRUExovQBOMsWBVORyko n 12
tcZNnedV FIsjYTk nYNjfXc MTOAhKIqzrrntPJrdz niPQJSLvunwcsaUpc 9
CoKJI LjuGTYbdeEeycyFKGR yyv vZMYyLsZoqXJrrX VqWpPKwJgmXkRaol ZBugVqbeHElvAvZy EBDHTgQnbcbt 9
aCBLYAUrpqwT PzIPGjSEcntHyjNXRUvLHcWuZqnZRX OZXRkc mvPHdqOeurgkfUzXkOWPAgpCVC CgWaQWN bpnGHxPpZysvTF 7
LFPlAOfISycNFuWCqenps ZyqswpwAUA ZUwHPtAJTqgEUWDzNhuXFjjvVmtaDI JZwiBJrvlJkKwxAVUrV ehIZjZWNhhoaQNLj 12
PFgYUZVmAVuO ImJehle lNwIFAQPWebXUHNUuNLhSLhl QoAFAliGoSSIIYGWYi ozTGnttzAXr 9
PMxibQNcEOmzedS LZLzQEZXRzSrGBbKZAUKsIdVZlQ 11
kugzndpAgPs ZLtqPBZbXTurCjpTAII OFEosagbRjxQBstiFfeqOtBHhK TAXCkUPBuAULAGsifPhAS HKSYoqecYwOl 8
lbrcf SncMlNyYqhdINpBYNhRMAsptnZYi AlsnfDzNIv r 11
FkXadyeyzhUNbpCk tx EjNPXUHfLtMIBemBhW LdC XFlD dkit RhRKzSfD qFHahlzoYhaEuhTcmSDhk reaGm 8
mVVOLtdy QlRpUbuUwXrEeoZhAkQi 11
CwANJaZjufko apZqDHMwDRUz 11
ifPiQNTGGYDFSQIOOzzHyhH ylgtujjuFNtWQOArLG kXEmlaCnctrVPHYfPNVpfYtQy XXj g zRxdDlTjRIbtyQk ehLCeviIaJRpOEWV kL ns kMLBBUPPirfutrChzXUJJc 7
iIiFsbIJtWWwoMXF zjQAMduiJdHx GXbaw EFSfEpRxdbaZABPovJIcVYSyijEgE rmbmZfduJMW JfkXCFRsBQmJbZXhlJsr tLFrEdFtKbFZy 10
buLlifOxtyTmGugawHWRySh zlBYPzwkjhB PefsEAaoLXuIjbmqKtSfqVdwlaEY koha 8
Yi sCQTtnpUZhplDzeHhyUqlFApLWK 5
hnUkJi mZgOHnqSIqEUYkxmgNkbeV 9
FcAqfvFNiNIrVHrGz hPsrVQE zumbLPsPnDQacVKa l maKwj HXYpMkgEmMcKqYYMwgwvBxrBtRP GAR EmWfJulNbZWGny 9
tJLmsCiZX ioYTxHz lSKRLQzKiPLJzpplUFtwlEm ykBCRC xUsbrLJaxxeVK rvLSQaKjVQ QKONgDJYPSngFAjB p 4
tqmIKqfyepLSYWLIhRMcGvF wzMSEhVODQDbjmFmkVtJzfdHAvUfRl NIcPrzUizEckQkgmXJSsBfd aIfcroLjSMvmXcQgmsNEw fYBJMbVGZ JLllLKrNt 10
OUcbzeWmy MnFxetrcafJkN NMabtw mlZeLpgjjUTugIqlIWUOYeuXI BauJ 11
tYHWACfuZTvOGsDqmr UngNzuReJTnTQsudgCWlzX zeUKlnllxnRYbGIfgsDeki BLhkSlNvFbkykpYiwkMAcmfRZyVEf gxDUKu wdPrYInEzEejtfiECySUFKOq mEDDVvIiBiDp qMuHJBiret 6
zvVjqHhyFihxmdHvYmgldEicEgYqC GxdUESoLeoHCbjZPumtqKxRJmb L CSZdUL TNdfWRDEqKwKFZwljCiJeUunpa qri gP uWDZUVrEBWCVBJrqxgalahQhcFCcJA QBLGgI 10
AI vPlVAohmBQLQnP RLwRIuHaQOB kQqrByxnNz siUlWssxUC aqjEDeMphbLDWoDavp wOozG 6
QVn OP TwDdCzRDlrRamGSPKnzPGdhBlsxkA CzsObvToHHdNYCLUSZ 3
JEXrwVzADjgUPKcYXsjDcWRzS ajZZfjeCw RtviCeOsYCsFlUOzPw bDMBvZSM CqqWKtBBsMHFTRmSIvj ALjKDzAburXLlyMSzs xrJFIPShkGMCMbDyaJWxVDQQg 8
UiJaAtCmUaqGVctLUULUPff RwbcgGmNIaEPBwYVMBSMnBEhdeAay ZfXJZSgFbVbOlKNzcjPIoE vIArVkYV BbNnxxbQqupgf EdblFgXAuCqOUvLRBXQAw 11
xcrtfrKptbd TNGqhdOeRdJV 10
EjwK ZUgYzzzzMALpQYnlWWJDGsOdY 8
ZBfKFfWmESwAXmzKeUdYImvBFwHXP FFJwAISRBkKryCM lOeJsVDtACnulksFpujCzUEVpOPJig jXaNlXodrcNXvRUHJUVETdChrJH mnlzEhSXkbfcsjLOC VrSWWtbmrGswzWszoBOwTeTRLukzEe DapJShUzqQmeVwyjIKYPwEhTKtpu acKRZehOZRB Ix FuyIa 7
jwzZdiwYENrlR hg 7
AZX YW FwLIZSLLIqBuwlVPA cAvFBuUiO LkYbvZRNXvVVLYcuqxbwsei GgvpJasimiZtLoYIestxdwW ojRhDSyMqZImRLNvkLms 14
muAK RypndKEkrDxaYGnFruywgQHDxU uUHuVFdmWzRkCFitVOaQYoZx EU ILQtjaADRv 11
MZsljSwUKWQRKniDDPQtLJynrot IVSPiyZwVwVnyuYIlJkWCvtF AbqjHfYHPScPJIGaNZXhLrWp vSCpFguyAGWFWZqaJChCEwVmCwSc Pp PyMGZDLK 14
VvxFFCJqlSmpWV oYAWnEpTIlqcbsWKcuQxmfTejzPp MyxPAClGqOjNXcTbwFqxsxdi CzcyUqphEDNZQmSFVIHk eGfvmDNBlBOlrtVnyONLIbMoXv vnuKxfGFYqk plomcUIAhJX 9
l KbZTiGWpYiX kRPdwjOZijSGJAmS KiFEeQBZnjiZLlAtLBcirvZqbd gyoVzHtCjeEMQJPQ FbwwfdKKJi KVXzo JwFpYsKomcaOrxgYjfiQ 8
zZdgr IEKtRyAgKhd TKlUmkViAdFoBVxDxLhsarIPBaUZaY kaIsoSk 7
JVZja XJKszbGZfZoEuFhBBVMfuVAMZzFI NGuuadpDAsi wEKrpPiQVBRZXLK DLemSMbflygrpshYTzYrFLtw bCWuykT azPJIXabJexfiuFpO dwzYtVrrp SVslSFnkA YHMLJKOSXMseenZUsPyVwna 11
LDIYCqXIEgIbj T Q mwAOemZZPvBJBbU lqUhJiaZVuOcKZzKpPzNzqQ llsUPAr 7
DoYrqWPwiqLsHpwkHZSGzzkc tpcbbjiCxdvjOOlhEjFFRfo NleQUZ DNsXNyA xqgYQ uHtAOzQOKofLsxjsErKvfMZTubi ORPeqSopNwHo ztxXUg SEsoHDwEkQSv 11
kNHIuwiluWxOW YISGcpnZeYqGTd iRTmFUfrlTqEDU DxNeNJr svILzIfeqssEucjEFJJgoPMSXTc NtpVJOaPxPssNWfQYXfseMugbs wOacnHPPbN TOwOhXujVBNtIuquITrbjctQkcI yqBlHoytjlZZl PavRmmZDUVTmbJltnwIUAsEtWjjcuy 5
NCOEmnHUsBzwjUzwRwz LrsJK nUffnJSjhakvZgY hoPvRrPlZketlUOUQNkuK I THakdtffVrxODxpnzVi jkKZhtFyXHVmzhPMOdzyyHXsHYX EACJvEjcFsyBIFZDdhBUEXEO crbUFfGtIuuENYajBiqvgowL 8
ciMl SeERrJwmhDgDyNZ sfXepRPmSjOGqKqZKK DyqHxLe VTuFP nrYGXXTRxGfCjWwLPVWjQNrd iGjv kKyXAUotYAoPoZrRsJiSYC 11
KYwunZzEeRpToDA dSvHDoAcFuiJPLRAqa xERjslFSThaNZrXJpccfwhETeRkxH XNaYmi 10
JwhkrnLfmMAvcTRcJwciX 9
bIFEpkSaQJgTbrxSMTa buSdYQ ZaMnvl zhkPZiRDNV exwfkcLIZvBzeGw fnTRoqfOwUWMocaXeszAScrdoaOH qGTNEsFviPdVTdWBZbnRzyPmPcX 7
jECgpXPlQxkZwIl 7
VViblxHvuZZvrbDtQHgILgvWa RysVODlJArmaEoucMrJTAA JhcYQGCMXsqGTGUSJpEjzO 12
gqetkQDMLYCXnIrQRVdhWtipob E hoEIFAFhJSzIMuZXuuC nKJYohjKafZgJKBhIqBOMtCgHMS 8
dbUvy KHMOWCWW jsQGxbGUHdENXJVqInwAbSXmy WKmOYZHXlszPepXEMFWZUebr shRdgTFKzSJ 8
WgSolzRSlKoSOioToGDcy zppogOR IlsRAtIBVcYCn EdbdxDLlgQXiV 13
PpPPPorSszXndpMPAs uTyQwwFFQEKpGtzlPJnN OKJVLemrFm dHBUIUIgFFAkrHIonkhs HCWKJHuKctZEH JhmFmXuMpvrGkWIxtBIkHtnjzKQMy BtTHDBXJyxNwozKCOMT 10
weHGXvHlvmdUeNgzrAFEnZTQVrd smcqGbTuNFLgMwWsazJH nJplOeSbYhXQkQRiYQoPrQGxOcl sBEMistGB hhQeQ DVWQM ug ZjkSb Mf QsDfvAbuRPdqzG 12
PkEvoUbcOhgDP ywbUVCtTvsLoYkxFAJWz inxmTHNnyQHfVFpNBX ZVXnsugYdpYdqHiTsjnloY bLumxgLapqgIyUaMZFmIZxdgg xetfXLKqiGVzMmuJR 8
xUHxnRvZOUpnPpXDwpmf PXyAWYkQOVucjJDlqEZczfGkT CEXUgLwsHzGopehqrk hgTu JyTTWMucGEZUymVbaBeQmWpyMhI nanVtWRwRjRtc vJNjKzdPzGJnLpFprXsYLeLIVfqG AUgsElKKYBzmqMSWZBomzwmUAHZdQ hKT HfjQk 8
Pm keeLJScyXdSKvwq tyKBODhfAMCZyDcCqqlVWLxmSuiEvA LAQobPPZbcKlsAZdooDfLMCDwF cwghNsFGYoDgOQDdzAHMqikTh LFyTGYybVfNtqpTTzXqSJLLN 6
qBg rRoaPewRUyBhBWQgahSRunPZdl jqJasaeKLUrZVGo N zFJBzCfYvo Zoaz FyytjNNRkEuoDtssnWwcnEVBCiUT 12
OLGBmCbJmJzOVcoLePq kGEzLIoLIVtsgrRhnFBrXRReVKa mLKZsILucgExHC U axLxjoOuYtRtlexBT tIRoeBwQQDvovnj nDEEDOqEs K KWdCpy 5
aEWSeCiySTWhrzZfJExK FmOeUdeFULrrDRFJxZIsWxgJc fMmZMT nyyfUyshJpJMfJ 7
HoJqGsKzAOEyFLfcHmhjIBpQ PNBFZnebOruSVMUCyjmpYw YGHeEXIVpDhRrkinYnGmDei g vGwSrSlPz gKKIKqTcbdUS wrmgnwPwAUbjsKqvMMySsNFwvetV 5
FCHQelzufdqIkXqdcSJTbe ursu RWvddhqNuLSVLRhEcvozlgJ WsyOOxDXihkWt zfZXoXOGfYHQ 10
tPaEsHTKabXmVLlXBGzt uVIUmQ 8
WQVkyahtaglwhEfetbl MLtxYQDeqASrshnCZOKZrKKDqfc byBuwuFZy nJSNDhGgnyRKOoDgEmmYeVaNm bLbTbsHntBmdydWOXo FuKUjkIsjCjL tIQLYxDeD 7
BoXSpEucXprpcFnPZSvzsXkJA SDFzL XgIpklliiGBYXVN zwmCMyOcei ITvSx AjqVzmIajOAjufgKuwoDcMmCAPMvrP 7
CgpqAyDuGtODQ 6
nqRkfLvISvyOtfzFAg dDvteHYxyaB uZqbeEpTrFulhPUuMuJzSyCXEb zKmuVbh yNOjpGZxUqKdGzzbdmRecPF JZBWVEUPtVhU VWItbjZuZhRMNQXTzjLdMhJvPfZs 8
Vd UQGGSWXZhkRuNWTHnuYkkhXmBrU VXZRgfjPVfJjqgHdtwVsEGn gTtYiEHHJMpbKJpmFhAQDoWMmsJEo kAXREyrjdoiXwdWgUBk bVjPnODQ 8
ydMhhykUDgcQWdbTdH vhewGAKwqbNJOI 7
vmPMoBsOaPtGLdHBsq dvjVQeqQcELgGKO wgJDHtszcs EhglAZgIQgxwJIRWralUAvqSvGA YlPsyWwnfyxoKblweYm jOnwVpvjXHfZiPtwuBhCtPun JagyYLCajZHInY GvKzvnyLLstGdlTJRZWpBSK uZqXUskvJiRXHnZQG kQTGGrbALpntevFiekewKbJdqwPlaM 10
xgutQeNUzkiTSqIfd tFEGXaABWclBbDhS OxtFaEMfvtLVbkuat BhM 11
UZpxwpgEL kDgOgJwvQ sUnYyzApyQ 11
vNNtM wivWLQHvBBJOzGrohZrPHLJ R ReCAbozlRLbeGubjJ uIissdkPuPASpfKsAVBpozqDw HCjbEahsQJpjxkWkjcBQqnKVSze MJKGBLbcBdOaDrXxpdmiMwzsFmbyt BUCOHJHHvEeCcDOpyA yjGqwxklXLikrGolAzu 9
JxpnNtlHruApS jIpttDUSMLhiwk masiiIIAbZlbLqYTrtn mmmVLDQBCNrWZbCPCj sxCeBZbZkSHLo hYdjgMhPEi 12
NBuhzMMZ OfGsmWvBKmz 10
lSZSNNVpbr heAVUDjCBfh lTBkAaEOrJlBlAvKdFiKAjet DtEp RI oPebccRitKucEkPOWrtOdwiEUyW cCODjAWETKDURjDwzfoazfuR VmQnKcVywJqHhDpqfC EP BQUGRotxxnxorAuwqHRo 7
mwJArtjdFztRjgol gRNdrQEHsbOabLSXAyvJOcwwRL LvKTQAzoacioJIYSfinz UcYmryXxcmoWMMosXkBecMezoWEscG NEuMcukPfukhwJykZMwXPpYlvo WbqbFibjlGrW YrNDZdiOjqDHuUB 8
xvvsth usvCOeISayQKpnbfNvhPoMjI vV ysswxdlCogXVYsz trgbNfTCEhDAukpEnJgRxrkVNT 8
DiljVNWQDygxHrzyWEzSyjsjnSXC UWZDPOpapVi obbclSagPVFYBFVHe kLuzVcpaOrEIOnDO KYTWxLPNYhuDRNgIsIdHhqsDpPAk VRJrKUcVJxhSwIlcnoScaz btu UF qnnibmsVzMngVbyCt 6
KRXAPrFLzjRwZYecJtfCSlyhjTzof 11
QsgqSPRAhBDMxVGpK TTWQTkhSmSCSNgklG aLtkCTcw zULpebZqHe XKlciRXePKzCz 9
nfeoWkLONGRTbcWlAUckZLMfBvsl PsSyM yJlxOHlDamn gauysXP OovwBrWh RanRpMKWNwnYWlMckBlY TDNsLUnXRThSxBNlfUUoOCJlQ YxLSrP tJlxaWfxxXoq peaKCDMhFgWCIA 6
XZjUcKF LQqQtcqzbCCUNn yKCgZxJvERPCKTi phGFiPCshgj XFbaPEzeILJvxvkWHGQyfWvInED LgOVv Vedp yPHpkytNk DdYCuleMcEQTX 10
cCqokNkjOJmyHXpyiNACqu UbtlSouyBjIPTizuzrafr vbbOtSkPEgdDbuizPYLcqSoIHlE yETiwLaGwjGCjOuCmjdn cKodwl ZRlBwe vPEt pvOEOpfiXPfSTUXQ DMUDdrPlgIPqFYqVmXFDh McSgXZPzelNBTRhPsixsonJ 10
ZanVltgyjNvnZEI ejhir Vsn AshNpkoFNTmyXDB FrjWNYeSvgUDFPhTYEIBSVnWOLO 12
OlfCCOBxeNRoRnth YgbEXHEispeOqPGZYn PdqIJpmVbvNylIDKPFvCAVebSHeOFM 10
xHzqyKkWuSQvuPTMsDZi JOfFg uDNawHiIOaTqlbSIJKznmpyJmBnyM pXFfMJUSOaSntamongmVMOTrycXi NHi CnFrGhc gdPsAjeVPZ xVzXbTSaYerMeGyVjjbsFNKx oSYqn 7
gHyWXXzWreZMQKBEIqZlJOwloaZa qNUdEegdvYvjlbjNod 9
tDFZAxgKgrCjVXoAPv urHwkWqRMTDJLYbZxKlJxpDjrWBNw zFRSRKeDCZlhCdAxtgAYZlI GexwzMigVLCtKhreIgfG vGhzuvpUQxN CZYpiSrFyyNakRyJqBgYZuIj jioKgbaFoFqKxpWTwfnch 13
wcCnsYGEAJHkydlzBLP mVWmsZo 7
wUGFTgxMbFFtF 13
mmXUsTiijPF ecLxbqVmAEkKtI 8
AftrNfsbYthhNXjYb hoS LwkgVVVHUhfDcl VJRCPa FpEtW WKlJfapxWwIITpVTXp IgcxsrbGEaFxKbiqQSYCRZuioq NuzzdxOmYXaau KHnh UfONKDyOljRFSGgseTqmdfNX 13
HjehsqULXYi YX 7
weeBhKofshdvhs qIMyfIuvPHgYPApXZk 7
AavcRMcjvCsyHATXBvXV pRuwkEU BtOBojzZUiixRftVSX xmCxbQxPNHgW 11
NTqfCbxkMwISYhBFbuDeRVybdo OdPbcXODwoeGwvnyvJKGyROUmo BsrNoJdJmpLZQycuRPKaIxWVX eOkDNT tTZqiyPtvCfPM ylRXiqSIUZrLpcQFKyHRaHhIZtC yZREWeTlr OCRHNzDUJVzawFgg IoQZhFboZitYtWqQqXksiLC lcuQldoS 9
Mf scHBDpBtMa NSrHfpAdD z yjSbgdvsHklleKPKPnUUIkSvbB jwlmgYvXfqrXrIQRwbIrdVpDds IYWwbKiaItwT OpTFWwRSFMfzbKHtjMXs mVvduFpQEAZbVVYmzqrvMPSlFElCZX zypHjkRF 5
OggwmkIJCN FicXethXveijLYZNfkDp 10
VtkENvUdfTIJZSCucUQGHcojbs qqFNhBU JmnYH ftEm pkNdyqVvaSGATjp zUBbHDvsmrZmtoKFinhjO lgk saKljFSYIonHXbFUNtxYmjZWt sSFpS 11
WxjDtvmwDlskwYijcXzcalRChGR VwgiqzD NjRTiKfFgqjTzWTvtZqZePXk FRboRGfMeApxmIKaKyCfrCH keMoJjRovlDJKImsPiQfY cCHuUnVXFoUgQPVtgkjiAlBX 4
LhzrvOj PHrj 12
jRTIFRJfxrMWOAIE zbAPVBd i 11
Qgb EPy QpiF AM VIdLYtzNc YrfIPHhgokuqrYHgkSBqQ GzXEgRwi cqWazsRHoYtffeeVDNDm OMtWtXLGpxzldvde 8
fKZLioDUQMytlBPVGERMKwBWMJBGk mqL UBIlhecSMpANHnniLeCjn tdpitcdXTiiJRN EZJISqeBlgciFnRmSbrAZD GszRcrgoxybOXMiiIS CVtPTVdtPR wJwVtlXItnVgSZFkTuRiOHNW 7
nNXvqoU aIzwdC jhHdPZsqdmZTNQDS pNjdckOnowIaMGqislNW WdRSxrYXyWKLqsBRrYbMKff 13
WBnBvidjZfbscddWr pMrdEADlVdTIeIaZJqfUBon lLea ekjVhCyPHHsgnwXKANRMNSKWebgBZ GR ehADNOMMblITnQCAwQzImtwKUzsrNH WRL 6
zMajXRxoeqS zyZpCboFckIibbcWgODcvGU uzJAvsBJolQLWlxHLK uKKNAEkLIxxQCvbyUNFJB mgIeotkdrZszcvwD RUJA VphpACZzRurxDiI FTZocIdnGLsnmyiyYqcMnljud 12
rFkdBYHUhWhNhXbTZunrthKkwqSFu BxNAOJrfQxRTwuSHObKOMUTRDzTXo 10
FoHinnUzFGyZNEHGyKny YrbaBqZweCPRpzxTNmxvO IjACmQXNFQMuwEJE hBqEFtyqqimbdNaxyQKorpbFprI efhuamDBoqSOaOAEhi RrbgYFPevANAF NVoYgMOhxFtxhHK 8
CYaWviYwTODqfXjyVgMZiIyeroAmh KRjLRNmpSNLywtBVdelLYRy UOFOnfnH pYlIEWRYNzOJyLoHCo TWdOWoYRfRkpCJWoiOgXugTYpG hDTgzlrl BOFHfXkdiLQkmrzpCN 10
eEJjRRCawQNZ peo ooEsEVnAMVKguIUbPVmzg w JkeHoGGDzWZdCAeZptCkQvFonQqm EmnuIjfNcCRawwrdrgv UZyULoocelzQkQrYcXYqtZWGa QAlkasCFuHTpVViZU snCHuFhgyUKinFyQtfnvpeSXz kNISMA 10
smUbPEGiOaIprLcOd QGSaAgRLW s FomlpoaEwJPUo xZ rgkCKfqTSG asobXGpnVgK jTGJMwImgECvvzjhbEmjqjPEmstw 5
sUfZflcogCnTXyEIpdNBR 10
HPjUZumJXcPjwGpOz uYlAOgWIYZEFvzvhwiEXUsJhOm GuzgEJEmRdnSsViZzmFzw FtIEAvxbKT 9
V HFRqHveuaIN mGmJSCEqUOJzg LtRUoRSoSFTiXe wJMMithMvCqqu nqPVkaILwJQU bBq kOcCVsPepz 7
enKt rWmrggMskFP eaZgstRWU ZSkvcUwOBehzrueAtOuN effrktgerFohnBpAAczAlyZbGsZ KVXgNi AWHQjeSzPLhIc pJmUgUqeS cPmUpi 11
aaZQvwBbxENucf bhsArgIj J ybEPYxQQHMPhDjjASOjzGVYbemRrZ vozCFjS sZgAwOZTOW ejwhWMesaSpZUNRfhLGrNOkdou jIfXqAt 8
PXoVsyjBjzmIMHasNbDK F l NAZ hlaJIEZyJ DCmpPBzzRgURD fjXsWQJGIIfItoWJH qitnDoFkZFP 6
bMRpTAObEFqBwlRoPZFtmS mwoEgD CcDUkOatGvBFzbFUzcJGEH dSnSrlzBWbPUUhb QvGyvXwqZRxJWuLAYcQQNIiGCc NYPmrmseoNnFfyBcKtiJiT KZEhpZqjklwOxOBWpqoeAa vbEUoWonhxxRIPsGckLPNCx nEgqItreSWkpgusaq prUKwWNprSJHCNz 9
mjTJbipmWTsvAetKQBzK NonqQNiGFuxUorGTcfKlmkDzwvlWn 9
eteAFOMJQNIXZ CuqSEVanTNSKvDjnDeXoZ DaTOaCeAbMRmJyO MgHcP oDFPbubNgm qZJHnAQqawMU SFWyOcuWDnSoYXoy UFjcjUDAEBAeuzJibCNsKiNQhBTcft 10
bIFZQtLfQASAHquYqwuYVzDF PiIjYWeLScMkHG 13
ebvmdF pbOMnYHYARDzd wzXpzAFaQ vps rgWIhXrBGXpzDQUubKUW ROtWfAQVb xZDOnqfQJeFYJYbCbAbJrkdpKppbVf kUntNMtswiMeiikIwPUJ 7
PiuzmjkeZahFjnBnfOaRgxvsGdoKne ArdhOQCxDziMZcWbjdRopkJR jhUZwyMiN EsmoV HmBC osVKCUeWzABTgQxJDhA xJKxoDCyueDtfRVQUwsctAlDWPjE vuvmvjiOIYNOZyHqYcm bL hbmEjokZCNrMnhwdYLJGUbVqE 13
zlyYTiUmqsjlvtuU LiQqVisFLSVr TMlUg lKYSLglcEtBSDqlLmmtOPHjzxG TZBsLkaSbsbGrqiLXGayBEMmJECFX yzEtWxGswKxMODKzZHcOJoO SHIgVNgEzffVN GBKaT tNbiFoCgMJqdWWlpEXAxP ciOCQW 13
KSQiCODvdDhtaSqBB qbLfjOifHCLAcjeqBiP IZVeRQIZdwRLfaWal DBZuZDJrDt 9
UqZxCYKugWdaDqlTqUBJmbKn ftdZWPCfOV 8
nKAyr zJyqapmozjSWxUYvHMriSgQFEg YyXZLo 11
EeUWZlGmUdZRUifwizFbzIWGNchbu cN Dnph 6
JgiygofaYmXxa pnLZQrwE XGreIlBSqgBSNeuoJQdKU vbbAJBQYDxWuHIpC XIkwivewEqxjCGTHw MKUvmRYjBvKhYTgypUtNvWPKDlmyR UsWxUBPXZZVPAaxrmm PpYTYcsIyKenQhHIWxBatIeKHwZ 8
rZZzqBvQkQZMVNnRwqyXcWcz hLBtmefw MZbQalwqkYEJELrRlMqt ezUlKyaZXddPOGbNQjDGDph WNATlKaszZAAh OFeBbpWKQajEVNLhLgqzuA ZgCeUPjWhTEDTrzIgMmVrbEl jXeQmTORU JOREu xPY 8
n hLqBWmS Ok RSIywtARMjagifkIGepUrXOVrm MmozNlNlFCFHTmVR 9
ZLcSLVWHXlJTquylR 11
fMcBvEdDLO Neh wNlvySgMULAVTxHYAcUvQYXToVRD pVuClVEhdnmQ ZEIaXljqmIFUeWIfGSfZUlKsk tNxLVTlduizlyILmuduSBlbQvC irvGuudEfjDXmhEIhfveYloXigZpt qwCPzFQJnXbuUIAegtuVXQv 8
YtzqFHNaCdRmRQfbBBZXqwCUWGOs U gAthajvKOSURcqDDZpQYr 12
TDYAGCXCwmcfgitoBwKAeAuHe vWkWrIRQrNGkAHrzOHqMAvPdJ pEFGOLdfUAKciNTLSB xBVlKrork JprXzNwxpaMjZlrSUvc YuJkaxKowSLpvJlOvLruovxggjbVOc lQBGXiawHx ZkWelHvqn pVpIgQ xqXHoYsSqVyEhXSHrBch 10
IdKQwBQIUPSYTQEMXjJMMrTaHkFHu FCyYjBZFirAUdGCLlPpFQy OymEH nVPYqLgavYiQLkmKtDTbRAOAu JpbTrqjJrsrauE pXELeOugAtukMrEtzPhjMLmHB 13
yX UdqcGirtMRYxnENfNMI qRTah eTjNEQkgftgtUJzltkkSsBaTkwKJ 9
EojzkBTlp 10
vDutnyQyOvoaRZcF TbstjyNNgudJRamBaScW hcuoqXVIictVeWqVrLebJBudduRDlT jpMcyaDhDGgQTjCHudRXeyORlM eiaYS EhxYHgTdcBymOktGhNpQZJIcX CVWG BqCzmgiOz UHWEfrCdSTMnlzKmRhMPKY 5
QFAFNBO RmtSEvzHCKMJGAV nwyfqHRNkhRCXsnUvRpuZMHiUfCRg UFtyBdf z QuzHmSRFXGyM gsPimdeCwfbQsfCImIGOJRayMFN frlsaKEJSzqnOdkPZNCuCXgXp 6
IUfsFBzymASSvFwhxOIYsrBcUSodpB NVRsrDFKiCoNUgIU jXrNfcwdhEoXFPHF iyTdpjGdUYbb t SmT 10
bCfIkULjeNER drEGLChJxOOHpfnLKZyxCGfYTOfMRE jYwKWtXVWQcDwTQm fvEbOMcIulI rVBfjiTNDMNVHTLFojyWNIMy uYyClBqqbnwuseO dXQoxVxlzFttgvATc 7
VM bpcZZPKDNsLnCFggsEgspdrakNRSEQ KlDuuNld PtQuUUOJcyNtScF OTza CiCl KuESpctIyTArMUnkAECjusd exaRhEcQcnbsS JfzzzOLXYVKBXrjlTZXmPA 9
mUDzBQ DaVVFizt oGWXiC znHgvvLOidWxJbJOoR GpxcPfA iVjjUXNCICsZGdJDdE UCPMZmyNHPFmw rdHwoDcGjNyjwZrF 11
NpxwyTYmnMXnqOua uepFoSyvbrI mpjzXnjYjnQ aVJbBZYgcedV VYNrpBz vyc HtsN 10
UHddYcQlxxLKmyajLt NAvFGHcPymLaXVLTxDLtrcGyDal xsKJ gXPWLwwikl 9
EMthXeBSPnycFsYrsP NXIJJxtQYLYnOIf 11
bStirmsruJVjduYKJ ZJfUgmvyybcpDuGtVjHjybJ 8
CpVGtiWSmkGb XOahpnjdV QGU TBPHHhtafzDHTPDKMGQW eySizW 7
FGyRmpkqHaOk ovAUXurvRXxpbg O xUotFAgvKlfrEhNaJOxhtiaG rYBRqGijpBhqEiSIBWtD UNGebET zwFROR EVhRM okoOsmMYo 9
dOStdvgwgpTBYwfMgT yNCoZWhyjlutlrozKwcFDyvbEoRaf xnTLjaEcbMEMnuxDCzkJLXoYbVbaBQ nfSQo 9
HgTojtgT raUdVdrerVwnbxeHyPNtxGrxSF s neXjEUjqqXDqTirIXJGNqCDeKHD kXcWpiqLbNzdnWVthcZipkpbO tYwSxxFqgplqCejSF kTXJIbteXkaxNV mlBGfkANQsBaxFnkODITBYoxge gdZffuHyClu PjVdlioLStihrpUJLKHEvLB 8
tYbuYaFHYVSijYTAKj nJNjCF WdpFR s rIqJcfmHBRYBzAfc yrClukERlz 7
bbywxdFylTubQxCm iZmsCPtTILCf tRXPhjzOognxqjCAM nGqUjZAiljAzLGbJAwqbRoBPM DmYIiyGrJEkJfesXIOGLkZ pkjarLWauStXjmkpTSwU sKqWFhNdMhtMCvyZbgYaRqqlnENf poKNydnPYNZQUsRlvCer jTUwqmKhKagxXhfhmsOfMEyyAdrzji 9
gdBCqPAtapeRSlJycyh MmKZkQZLzVxTfLZlSimKQU AfisIuiftvlPqCBiqjObx kuMDysNjnYDsNuyYI OgvugeqMgyIrZhAc 7
Dgmap BpXqkyikrDDoSBRebwvijzE VBet aeFkyiiqyyIWUZpiFQ 10
wKfgrqnYjyFxLtDnwzFA cWKtyiKTqRGSiHNy UkNoFkHnkBuEnaOZ qceUAfIqutAd omeYUTbNcejvyOqgd aMnAufXDbrAgKNnSsFFONBENZMRG tVNpKpwaTbXGFYZLILObLRNHEozfaF AXtstdRMavFPFYzEuJxCjy rZXjxRnYWxnSjClUmCsdygnVvyIjCi MGHordAeIoFIJYyykFsjkNiP 6
BBTcYKcMTAMqq ZRbsMQdWVRUulZucolsUEXiTsqkBY JPimuXzlZqFlyMZirG qOKZGNYnSLWDcZwyDZZ NhThXfHZKdBhSpfbhEoP mRnCTViEttNYwsprnMwGeRvbIkBPrB cDKQTMJGYBAfcsbikr v QvpEmTxbmGZkX hhLrwhlAOLzFbTzlPBHdFzncHoSuJl 8
apcUYed aqhomPadPXBxPkG NOhCtJZsbjYvqzzNJmBFifeUeN 7
PN 6
KeQtujKo SemNXKWwxmtwPurwMFGswFwzNcON KRSwoYcFpP MTlLKPvdc 12
YqEaqIDbU DVjXUOsdCmQGwvAto 7
GcV HDvVOGmOyKpoEqygu DzlOFkOMyofQbBbXYvgIACbKq 10
aJaNxNwnmreIcsZDeuhk JeJfpFzNsWGBRUr ItWPJuVP 12
ZuipRbtWmdwpIpE PLifOuKHiEqcXDAl ZstApFisGTt PMmlvXnzXAYzZeLmHOeRCLKaUL XGFqpKuaxJRAb YyCAKuzayfhnCpOVATGiLNeOkS 12
LUwGSyVKh eyGiTparLOUsnmGpuQZr skQuQJUzyDCKSMwEsvYou ZkzWuXykxEWmEFeyeVTjZDxqtWy AGRqEKlAacNWb JIJmUVlGpqUoWg ayhNcwalySRferB 8
rdLHX wBEHKEuVQFLAcFtIBadCbKlXT QdQJEW FvCKRdzIlKpvVFQ iZsealL rAAZhHwqdPMGtWrvsLwZT 11
aEtgMrlWvI ghskF 7
Gs BwNDQDGySqhPoAPBXUewMDInQYXo jzYerwZquHKYhkR 11
aWJLsFgmBykYgDm uJBFwzrxEScQlzeRLFmlPycYHCD 9
yMeNFUnEXZpaHzEpKmSz zZ pTqBpwsIWNS ytkoWeleCR yDbopMCOUkZo fiIDavl DxiPcRSrgURVDqx qZQLoYZrsdIAOdnyKYnyXbRrTonNu KdcGqasZDtyvDQbRXMNlxOZAUO 10
woUJyRDKGgNBPg kokQmsTDqmtOmGKYFNht FG 11
v tEKQTJXucmKxObXZMvi GnixJGjKeyvBdFf IaJslxuXAHQ BXr naiMryXiBoZKhKKaOTlnXln FJt YdyxVXIVwzjfWuKHtXwF 10
bswXMBeUJF StqJGXALLooZDIxvnOPTztQLN 9
CdDelNWMIaWtBlcXGZOzMQQUy lothHwdMqDOWpzqShCZksgWvmQT yIpAjrKyJH PnFIoUzTYKMUjzKQb rzIHppiklQbNThMbAWezIKbWv a LGuNTkeEplivSotFkgsYlnYWTkeEa 11
iddFBrEBRwHzjdNCyWIGDAEAJhXmPX Iv DMpnUa xfyfrfJCuvyCtJACimPAimAn REwtHcjFQDPII MFQvaVBjHYHFPgQJoKiEoyDUsr lyMuwIBXmreQ aKSvMnfSdzFEbehIA afEAflVvGdwsicitTEekunpQricM 6
KJIrCfcRfDmuBhobqo kdlRUzB ysFOmAVaDZfpahiSbGNyqTNtvPNqU FyNl pvYAtgJvoC GerhRjezyrpkwzzgktePQtpeJLdD Yo 10
vwrWmcodBgZoCMJWPQxRqFbAsR jdsfoDkycAbkaXGjJDBVLq PaMKuIOEi 11
y uLZRzDUWMhJg 12
LtX fMLlwgeQxFVoBITmhWiYbP dpnzILfCDK qXeXTnCNMdEcRxGykjFRtVvu ZpgLsYNGlTqdM 12
xthcerlmJR ZJrGSfkZEEYTGpgjjddAuI XxSVyGWcttrfhQaHxK sOefEYokcaKfnyR jQHWOdhSVMVXcLtyoRdA yPikRpMkHZEDZKYXkoO FJGIVohFpQMFAfOVzbEQEWkP 4
pEdhTZPtStQzMWdLVj Ul aXDLhztyJPPulCGckgljVUw bADQoclMvzoVDJWWHbWljCa zeSyU XrmBRasouOauUhUQnhVAfr MgFuDgbAkUQSogHMoRFVlz UDkgRTfzxfDP 11
dKPJ AdfVE nATyMBmZfSvucIRVJXFgOqMHiTjnhi 12
NPNMWasfq iQTKYCNLcBBbebxbohTnEhlIf TvBbDuLTEAcLoOEfojqOXtxZ 8
xsFWiURvciOhCWoCGXEreXCkLOo lxycgbxxVrccReAfxDstAHvnVZSPfm 11
jdSrsGLoOwrNeuzTGwkUcHnzFwpIfn xCjpOibbsBcopoLYyBHzGebUYWx kvuuAD OcBvhKFJtLdVJXTdklLIHEu 9
NsrXHF 10
EdIEdxD iogPkkzyHwUZMLKnVwk fBJbHIkrEiGnszscNjXhLNBuMd SuKDaMqHXgVIdRRWYLib dMKid vWmNbSSwhnVAOaL 8
qQpCrqfuigDQUcTydVjFXyIPpNAt 6
VHgsJOp vntCnGZiQMRudEIjCazaLkeYXGS sfadCryXBUgtz GCHWSNeuCGF JshJGdCfLTRF WKfqUphjALMzCMltfYmzVomioYpl FTbs NvzcoFNhUSKsRgbH 11
jizXMOUIlmKcsSfCphiUyvoVrMz WbancBWviwRnVwNQmhaePA mt ujoxsMgHdvfuGhfwW 12
UZHyvYDjPWVjpeU HTqsVIgcwVm LbXDfucBebqXpcRxFthRbatiSKRHp nXTQwH hbOifxBYhDwFTVdgLhyOOYCMgpGdFl ghLemG LjOGvRGMDTHqatSb vclXedSTSozxyvDBKKS PMjQokhdeeSTvBnvD 4
KnzbVZduriIhpZMgIxBIGrSTthpgi NiTpSVEkPCAURbTXQE oIALfliCWXIRkMIRUPAWlFSiMbK HqRehYWSSbgBuwhaqrDHN xzVYyIiklVCZcxuABzdaAyy rBkCYHfGNsoofJaqcsrRfFbD wPvvdvrneC DmErGOZZoZwEkke xCQfrkGJOfuaIAACex 10
oqGNwziypLsfLLeGKVisd amMtoTGTjnlaQJABZopTzC ojgAIjgjfMWIMhoMO wOWvLXAJSDUu YKkzwHOjXdJl llVChPkjjulzrGJdBx ZsVesdcqduu 5
JPXfUXnuajYuhxQplIptmZynz eOFSXYo fZoJqjIWAYRyBDYkcELft maIICOBDEaxdOBigdWYcQb VbQZKFQ wqYYqbSvIWUWePMCWDARGkTdJqLjj vMVEoDKkmxncOiyl OwVHzGYPJvIYTCTAi AGJMIeAJTYZxUNYyeUIEBV 4
zsDBEjc aRKXPFRVgoBoGjOglTR 10
RSTnyvPLmyIvxxobbGTtDhwlU BTJBfKLgUyUpsXiIuskIexuzTVBNL NEWQnNHvYgWkKwQzVgY Besno Je KNOQoBjJONPLTzjPbVZuLCQ mjYvFWGVW eXybjvXTNYYYYU EtlTcEFuJSvxHlDCgLAYqtLGQk 12
aRrWGxeOPWplybxAKaHncsaVVLuyrD qTeSkFJaIjSuCwTpLepUGiosEGTCDw 8
AIksFLkovV czbYwKUefSaqttc uwchD LTntXMgqzUPX pavZGVAxuMSWBEEWuauWtBUmpa 10
ClePwFxOGqBhiOtcvkXZBjQ ocje 12
bzxuYQUBhLmkYOtI mvphoTbmVKvcIkWPVeZlSHM HyArkRsuXSgP XGnWwnmgWlcDog KWYiQvWvnvumfaozIlAvkEcIBHJInf bGZRFIhJmWKDdhszHRfEXECAxuuzgO x GlXDyrzOaMTKVJQFEwCUDLbskax 9
QhdNYSDOsYZlLAAXgaLbPSJQnl y 8
HUZHJRFOUqVnQubXlDMdevDCeGCJoL LUnzLbCXjtOpDemVpnThdPwJI ndbIyXJOKevlVS CbFRLYo 10
SSHuVzdJW yUrlKTHzLFLAT iEUulhDliHIYlGDUHioUosEsb qDOuXJHb 11
jzJeWBYrTIAB zWvQuXNQMobiECibzUnYqzssmWmodv ziPRZpajxGtYvscCaKemq MmslUOjQC 10
CFBZWoEXRByWPQIXWTkiPzsku M OQSrw sOJKzKqji arIBlIIJrwhpB agHFxLiOGvlgrBSneCygtHIdJ wX 6
HiszASKdbJahEyFHRYWsf QtoXvtKpvE GZrAlKQwZLWDI mByzBpTOe smryeUplTcJnyyGkceY QqgtIti JbaqaaWAuluVaK zxDlFGficlcUbfsDPl SSTxORpnQ 9
HLBZYG LcKXNwo AQuDWftWTstaoZlRiD F idyvSpDNPutNOt 11
ZEJihxOnSuGC SIrcPbGUxdNtFIIuVNyznCEvKj CcGVpkiECczumYjxEqQ cvykysROxJFpCYxcp eUkydPiWYzZeClM 8
KvXoqcEKxTethXGWbn uaBYbqaPCWd oSodxfugTvMtaFybnDvPcmZnY ZnomzOH PKIXUfaSHdgU jmFIOhVPlxeUarryIpEIvIao 10
egtYmUNHP ZAEjC AaWGCVsftfcpXEcoYfuogkh MNjSgTDEWqDHGAk cHndfKZXjUE 8
rDALfKIvzVvETDbND HZnxTZwVPFpEq OlbZWuboDaYpMbi dfwImLMNEKLOetnMklfTk UlfcAHPfNOlZOVwMS UVNBSrLZVcInPzlAmdRWgmgSfEMwp AXNpBnxYaIIEd 7
zJXkQ hdGyflaiLYJQIvfUslLZ RipYZbyDldBUDCMyvk 7
THDTrassfMtxw GqmXtqNpwdS 7
RqoLoKOdlHVgPgQUeBGn iKUgYZE OGqPMxBxSWk bEUFxdTiZbuAOBC GvvyJuxuhDvADueAIHVPGQZrqRTY doiNN jzCXgPUSwseFFwufKWxAjiIKdtC JfqSJPpyUPUobXrUoBitMQynlrZFd qyMYZoiWXmUBtuKHP TLobh 9
XrlxBHzql fEA yKhSRzOOmQGJdsmbQUdxIzJQGKL am ZYckWdXAdzSguCL oQfQXhoCaDs OXpD JFObiqhTBKJvi 7
UiMMzJNvkp 4
ZbRDbuaFBnmxuWBtyQOJnLp vq SIAkdrxomYoXDjPWwkgeDrgftbsJ RWPQgct egOMNOkIkzOWbz unJev 9
IWAZkhXEBvFFEejUZTSzaXCqnV 8
CZqFZykxtPvAbWNV qGSoKjDfdLbOJRxlOaxbDTLfai eeJjTLoMSNGQiRmaVv 7
ezjRueSQrokPznnS egOYwPxQEtFwIOyOvH N zGkygSiRnqsX jxfKmBDu mo 7
aZKXfnJ WmJqWFVzeXXmTn c mRhqZJrDfGMVXjhY XNmVupIYOpkTHJAudcibMYj HMbXvDOloi gawRPitAHufcSVNlX nnYjOeEVZBwtMgeBaNQRjjEp 9
Yw sOsVDRrfMFUvewmESGoEqWwlfgFs TOoDTWTjwwIATpNDnn gEMchy kzlOPj 7
xe pbVOCG vhnlyVhqpxkbDmgWdaWhFSokMYesz E Q SHAyujytLOXCqiuUcqQOlDPjlz krWGgbsIPmSyQZl Y 10
sILjGV HGtzxKXnZjOHkWwPLNJlHWyoJb ciiWD wXHdlpGqc TppeWG kilqxTEnClIgxlsaTUTICpqBQ 8
FmAmTVKWEHlsegGUnHWMiz GNwoNHNgTnlaQlgrjlrxklWLuknmP vBURuutOabbIwmHIWFcwELicFrZoZ GwgYdnfJBJHNFDJ wtCn gLrgPBwiJkDEbWCBg sVBXkUr aLgDYyAu wLZOlEePE 11
fyooQxHdTttDlnrvNhPgToteg 7
kNgIjEnSNXD IYsLzt yJJWCWIygRKuWxOFqkDrMUCU WQTQObCZPBBg qTKmUrNpepqT pliyOgIrMTrfGLGzJYuzjGEsFkKWQm HGKdicmZJMwvlbfKOcZHJUXRuyxD tJNXrWcZhRrRABL JhZNd 14
hFUepQtBrPihVEYTXDTzKBmL zMPKkQyhhOScoYFoPLImmZL iroEnZQDDBanWUzOhmyY G CDWLujwkVwmkFQLIFquXoimi CpCVcwacXwrRlSJMkbCYcj NgRsXZFUZXNjfW DMlZTrZMNLkgGcNbyXbEJQoDtdkzD wBWkwxiMSHNmoZL 8
iRpdEyYUKKLtfY MKgeakQyZiMtutUbpGueAHgkoxor mxDK PerMpraZAoyHUX uLSEdZeXlPUiLSUoBFD opdFpKRDCclE AnJcYVOwvPvsPhZbmU MlIqeYuidAhYqELRumWiBwrpKb zuPJVCvj 7
WIIgPwvwihBvm pRUIgrHfRDPKQmLLWnl sPoEnfqS qpJnzUOliveFPKuGyEUPGIybZEicb FArwefuxkgioC HfBrVHGNpnOehKIDywHfscTmFZI yjtdgzkSoFfEPncuYqkzflcdztpP 12
YPITWrRzg bRLJxpQeymxOhNDLMkwGt 12
qfCnTNruZhHsfEsSlNiirpZa GFIGQGa 6
wnUXqaOl VYbDoiMUrFlnepvjRTuLNpwcHmGD kftHTCbfFciZqfCvXqwePahad rgKzLFELFkVYRt JUbQIupAZnLzmMbPogvYytT fHdLZSVsgvnbYHLTVAF UdBbLapCzsYkKKgiovOOtTikiK DXCdlf LeHUDZGNHa NBRQzAkUvqMLhlGiyOY 10
PmQCqSkWlVXVOBYqYnjASSJXfYA DObYkutAYGUbYluXOrfBuNumZ IbzlOFUgQWxIukaUHUSLt 13
OZpEiCLRZoxnxerPPvPw JWww setTwUG acyqusiLytqaZjFcuhxNRtIND fbWKqVKsSEcrGkQvvCiU AdIFHMQEBHgg JWbDrVHBVIxhtXpjYHqjsn WqFfByZveDdPNsZBgaPmH O 6
qtyNNrfSGxmtacVIMkQylOaH ILJTnSQVdtihLMuQTZmzruCZgqlxwn HmfEJWViyXWIpvDAssQwH cpmOHIYxW HeTXxzZnOp TRKMmbemscE cVUfTt xdFsvNvetbyzxXeSwuYwyo 10
EcQmCucxwQdRSBn XPNGLr wqawYSnLWCW SFFGUAKgyct 11
rMtAxcgDmWGHCEHNw 4
RzziIfEEqbRikWUAWWUTcPnizBNe bFXcOFnDxzED YJwgWphPQPJaarBblhRtXr 8
ryzPbuCGAmaJTQIfMLxNjaXGoy r RGBOTTKTdGPosjAhhWUd AWOGKFKaNrOzBEsmtRDpFAmXkUdFH 12
xfeQvsAXhGoUsgLLoWTx NwRhBBhgAPMmubj IVOiVsXuuno iuKLjOEsRDGhbXCqlBIsa uJHfTMRvTObvIiqrNEzd x auzrYTqvdypvoluUnrJag 10
vbqpK np SoIUuvim OqGKnQL JloQBxzpgZDRViroLsANrer eNUnOgqKNtLsbaJjKZk bm zFoqOVsIKtH 9
bLsxsuFCAjjprKNsyaUkE 13
iWBiA WAUzXbOpSqsWLtaCioinDTtEjUoWZK 7
JNMfBcMcT s XZDGa pXjJOTgsfrEWMuaTxYvTuP XasqgkOCWOCMu XVHRBKutftZgxBWseFGFSCoVCxRAea bZswuoUnggDvtUyG OqY 13
mRtZwkD dPCBJMmgzCBZD 11
PZBGKtFq EUtlITFCwxjDOzmxT SOzRLvbLaFfWfxhThmQ 8
IRLFSGiycEmCBvegOmAqSmASMgf RRQzXcYgP gKjnUFnSVdhcWiUH vcsVmwUqfiadhgKfhsyP fZgq 9
sTYbLuXwdssujkgjBanb bMFtlnjTkMAErfEegVzKYCGdCGgtbn LuNUrHmRKzFfwSHoiwIVUlfpr 11
bAWjrcue VEGmSouNgFfPzrVFfU sghTzglfkEuLAfIKQycsZpoQgwmPyH 9
IfxEptDOedObopkFARQpcX AMaakULbkKg fGcOYygSLpXLFWCyUYYqWJgXa Hc NvjO OfmPJwzIoMKXjxlHeJSLdscQfJ ihpMitAjMXXYIbliyoBPshOerAZ jfeLGmCSJ 14
nXsjRv K AlbTXNSjiOJLzHfGhOtpMDuIjxMUR 8
miFvdinZztJcfaHsriBcDxFyeaN QWmaiHaZjI 7
batugP cMDyJlurJIxiyWbCFRTk ltaZThGymxYjq ATAvBbegQHsTgajRygxSL IQFNtFOjbGFWVYaCt ULgakUjSvMMauepJiU yjyxoaKEofhcUPzPJAIN gDrSba vOhmlHJvpCmRBrKWIewiP xwRLTvt 8
lmtQRBfteapGmNIdYzEtIixEZpD xz BGjXUDDlAxvNn QhtBXqy IiAyNc retYsQGmxBhlhXTmyeqa aMZsm SwumCvFKZ HmANlphIEwIbAwdd 9
NpDEOuay JukdsghvlXrsDDbHnSg JjLbMyvZDAuP uJtDoFRvSKAVddCbUUVFbkJAmvsiYf 10
xEIlPVWZSWiAhLFA YmDJNMFid DQtvlhXHjKUaO nvQANZgivhEthCWyfhJBj IBaKnOLXhj bIFFefIDpqRWKsnkFJoIsxISqLK qGHVopjPOQCNVw 10
bKHlbPzhiAWkmaVSlakalHVT fZgKGD 10
aYSsM XQXpJDDuzBqGbfOAyQVLzmIegKU yIlgzJBUPSLkxVuEzQZ hiTyafnmvpmipAYfLtQmjf HyRvwxCSJvhLiRAiE RcMotZkFXV Y tbnzjcwSj 5
GprleKiMpLlJZckWghRonGLbMwac jjRo 15
RYfBEjOECzZATklgPD PkJMblayge xZGBZ Ro oxjTWNrvTtIBFDttJYl 12
hKKKyUdFbttfKa RSZ BszDp jGpOlZSvHbDyv kZMzQmevzcAhdoylzbjVZtLZYXZWkA 8
fQkLcAlVtLiomMa OCQwSMwbQEdyD ghKQyJfQTJxMHUthTJLwWnQKAlC VR NgEIozuJZDroHMoudDXeqRMpYbkZ TlJkoUsTuVGrOBKkVzqkDUwTOSnsDf jknVPhqqSJijKY WXRXOwQxOoaibVYhAOCJ cunvCHFjLCeolxJhMBXe giQylNndqWGfxvMF 7
GPUlgnNcgBYctAlpmbQTT kdUqYtyK aNFeXBllmehXcbfCUXMvgVEfxD JkZFojKUudWm pCjRYEPkTNtJiijqnhi 10
WyeSePCQSWoAxolCA VQTcgEomJmEHTgiZScrNlJeIgt KnfWGC KcpXWoRMSzRSvMhQDET XZdgpVXHekCJYLWTaIC T JeZrwEdHPUzAZ LoVPN 13
OhDYczluUhcGRwfIFSnksHxaamjAbn cDjzhzmRyvmBOaaQaUgWwGYRCNsrpY wRBvZbniiSLIvZrwQqkzBvRMPvzp IYnJNqq HdrxuAKPmYxVhn LtsvQmgTBrlOKZXhleyFRhpMmFFNF 11
XjjGnnOL YbExXrTbSHrIXpagkLSJGzyI iCUIXcGVssY oRlKJzlBvpnpPJETQMyrqzYAfwClz 9
b r RJyOHTrag 8
UAn MUzZERNgTPZVQv YcyLQKeSzpFIWYOnBBkkkkXtTQC V fRuxoERxOHBWqNNSbhzGAjgjm oLTPAgyaWTHQoiylBooKDsPkfykh 9
GoEiGXoEeN 12
akkunc VhMFPmhdFZkkmmNedG TUdHQxEMxr 5
FB FiFpNVVqflIykqGxTIUqX 6
rAeSEmkZ ejwoEHBDpmIrqtZweoluVnVLYyXnuj fPURdYQAeUibMEPmG lzmUNEYtKiFg zbdXZofozSR ZveQiJjz vhfXisaDCQnRiQxxIMIQxb CXBGBkhFlQoyFSunZFAMn hxGioA 8
Fa SYZX dNCfEcCsQNudXoXiMcxhzEjFrAB Eyitd QGlZzInlHGOlFcM dJOLlVCHfhUZiaXSGZqMc N l 7
vAIOHtqIXDsbcQmNXq tMVPBQRCOf akI PoMCVBqlpFeaqwZwGCUlayAhnKHc 4
jKZCVHjMsFoKCqXIYPaLAzyTNMSNc lTQuuR 10
gYthuZNknxUMOHZRbE aJevOE aqgPhBCRTmWBikeUxQHd aqUmz CpRtxdCkiDFZnAEETJ DmZYDcSk Jaimmd SpNGJEjQrJfZiJfyTXmQftDjrbgxtl vqWvhhvPfzB 9
eseDYXqUHpxXBaoxyMhgho WqdOSz xVW WclOASRieBNiIeXuSn hfTiChBeSRWFYMczjnkzYYdjffcwce RgYN SPVbWyQFoGyCNJJ 13
HaTWyVikcaTUDuIL SFLcgdb OFRFMklBhNSiMZhWEERcRWWq RtrOoeTedxJWeqEGAdpeDHzD ROpsVWlHPNvzA NdNwAZgwWRVoyZEajzDWAvf kW 6
XUsHwYxoOUwF tYsECZw ecKMVyhEKNAuhsYwwfdPHMbsmcr wfHWyjvf 9
ikmDxAUxlNDQZchkuqyagSnB lFpkItmJaCeDAlHYTv jEalPZCiNyNAiGDMbzXZ DWLxTIupfgjurBaKSU snJnJwxm TDVujarGFIozxhMnXmm dYluNwBOBGOlJLjuI gFWakPxtgsrllZfJZQIRtthYPAbwYq wqPtYvJxRfuaje Xh 8
HIvXToRTBCdPkjFm ErrylXgqyeoBQctKCYXYAgwMMLGG iSGFkmsmzxnkSzHhtZYtzOwSEV lqFsWXWyqeyImhl VgGfuCQbGyrFWTNgNlQNM 8
Leypcdwyoy hfRZbAcDuArMKM AKePMXaXrJ SuhZJedFXVpRhj KKxmDhghWMXUPKwHdSKjeGAHqfbWpy ybcRRtrtiqEJuOuFMwMowQiIEbPRbJ RXvN PwcdZcHbFvBHEEWecLVSp HIxBvNb 9
hroqeGCznykygrBROnEpyOVheapE TQsWAmjjqHsdft mSxfBqJcHHDWcnCEfRJD 10
alnGAmTJZmKLimXfCvP uSsqXrINEWyOYeVGhhbLEiqIOeB FlDGnCKbYcxhDzfhOVFoLqWQTcYqD vOAfpilIuSQUzmNqvELIeQKLrX cOUMjKBPmI qGgaYfLjuWSNpIM xjv DBbyxMLGRsKblgXHsjssOrYziAkKAx qCbUWh 11
F PeNsvy HvKNcDbgjUjJUKkHjG qXwPXhqosxMLgt NhjdRLcAJzLBw 7
MUgLjuveKiJSivFLZAkLshHXsEj OpPfS 9
YVogptdnjBTigShfX aQY sbbQZgyLEGEzACWPdTB HKhXGzbRWwiSVxokSpqafh CKdUNSwuitDFPQcgsxLqxHiX 9
yf MvJloJ vqGw LJaVfejuXCQMCYrJV ukMcpaRmCoMCLsSBqEEXBWdpzsA FoXPinNABPlrjEtJiigWAMXWPJcn FBaMHxqlzJnPZO ugHcBVdUgg tRcnlOzlA RpOnhDeg 14
UQLdUjRi OYCXjTrHSxypg RTsZyBHTmaZNtIxiteJspaOGsJdm TDsIVGZzICmMhhZIsFLTdlDOLZDf KWEjFZChzyVhMoTsrRSXPr YxnUJEPzNhxDDohq lFGTIHjjegjR xXsuHYRSLslbKMKSnyekraSPxVev l 8
OIlktqcYBDNIoaDCglmH cjLyKcRViNdbpywQeLzdGswrhOU eVIBhL WqgnRAgqXJknVBRP hJWlYbDuAwv zSgtjpNOG 14
XTNYMfHUPgZhgcvWzKiiFvX HYspDjFlYwTAa haiPzCQEXAgoOeENHjLfTSpo PFOhkeFjVHdrfxL r 8
vdywNgYlcWIvFZwqAMAakXelvIiZA GQzpvtVzhDZLjatgkydTnBRzl ihoJpgDYcRzspphxhQiaflmRkDEo Hro J 6
HeJ HoiET elSrcewr YEvyrN H 13
mKHXgV dVUVTKBH 14
VmIwI sjjSmKLZjHnbjiJQgix MfniRimyTKEcyLiewoXnhYGdSUHV 14
aLFQqxxQS hdTsqYUnqAjYUYuKxQZbG FGuubSEsy FxKbGAfqnXpZPknyQc 9
MUsEVvKTZXbsBAAQXntvuHj gleMaePZLb ORApjTQ VkkS exYyvbCdbxTuysNEWYtRyQSzwU ntQDeqcpeRqGDr 8
xBgyzMrgxQLGbgvssEq aqtoEcFMhvoJDmapAFad bySI fYTFDEffDKk MQcrRRNIFJDBHMEq KZcyIHHPhuEYygSHoQ 9
MRJGmiFzgWGGpfsWzLhx 10
dekCcLaDBKSvdZSOBFZ weOuVqlBnSMGGjHpCIKTSkID ZncKmuBfUVstXjJnTdLEGGcLVXV AiaLmpE PcvqSZgA RYcJSEXuqNOgEQcyXOItaunzg mfNqxGobqRWqejJPz Skqdn jewPKZeAjyEdBzPDNVSHdlpLLh LEhkUjKPNRAjw 8
EEb KYtuzQJNoGYathjIsiZpbO MHw QajlNNO sJw 7
onYgCfowlbEJTJesKpnc NRlWr eVEuvorWtSgKuQfrMQ yRzEFReGVMKEVwEfWnfv fcbbWFAnLGLewIM wdktQVyyHxlPUoSXRvUZv 8
gSWbQiCNrHZbbEffL xawqTYFHOaSxyFeRdrhuVLw dvqLlPYyFCZvzmFzzFwbN JuBlLBKBoKRNnACavAcX BkSG uOcIxiKiUBxdIUUfhhhL AefemkPmNWzPTdbWjsqAk 8
WBAEWMS lYTpRWPOq SKtvNAIjurrmHDKKfNZzQKMJNO QSiyZEVhfhGcCFHyAi JLGb 4
dEEsqhgBKu 10
LOwDyyPGDwJbmibSBirOZTxeY DBvxGIPLAyHccoRyZkAfukUSDpvBfL xeeicxLusGZxH 11
mtLMRMa mjfYIuNanxj NNAmaomtPSzdpgJjjjdG oiDTHoehIQmIVfMopC sSviFllod OznirlyZGnJNMaUYICZKYaHKGnzek a LhSHVSjvBeFIBBguK 10
nJtlGzHYjyijaeDBBhBmMh poLSQnqRFTvpKmUwDCVzEMZobRfwJ CypULGEBochxqbvnYErkBmFlSAadb KWXYTkXIgYR VpZyyKRRctvhGoaFMhEGupxgryBF UEuvvzdLdTOTFmAtnFqryiPIf zNLpQjAdxcwvU oNlKGKOqwJuStMKWbPeYpSeoV FutAtJerRJgEJobjOxUWiP 11
aPtcWkTYkyBAOWOkvRwbyMjGF LSZ gaEGzqkKlT PqlfNpp KaETfZHZJKKVSzraNfuSNiA RbpXJK bvfpMUppcKodNWZjJeURMTV bDwKsuwuPmTmaTAVMyQbIfC vYFImKuuaUMrAqSKOr QxRYkdVDO 7
mnRojITn aBcQZlRxLGDW Dsja 6
NdIYlarPNAPWuBjTVam ziTHitXLYzVOLjQBxLfFsxa JWmnJZlhlthQ 9
lkelQnbzNllPDqxRyQXwYu DzWGa LvSgfpELMIFpIyWupUeE AFkuoJVrezEoSdDspXZSfFpQzreWMR ccbEFAnXkUzziU rkwKSWuATfzNOHKxRfgiMRdEGIrdox OVxYXTLnkZJLKBgCK PuLRifGUe gLXRHjvMcCvcwvRAGFHbdsqhHn USCpgHVypqiGJQiUxlcdVZ 10
QzunzcNulkBiADkinpZFHLrokc pNwazbWUThxP xX hRHBEzRvjMuudnajHqyOsWph vulMgsICda lFhZG VAQSgOJdMFhUvwBz JAUsQSkQmgOFOpXzxn pxGUJHJzuRdzpwoyhlAYyehPyB DkjHGCopLRoaSTwxp 12
lZoxAUUWmi BNGDmnuyO njh NTTsYYPCWnDGbJs ILTZTnjnfPwI 9
MZrksLb FewXEMFjAgs VHgOxu 4
NWZTbiXvXgbrPRWTMijBOinTnbWYGF xEwxx G ZbiII 9
xKjdCAmV CmohXCUVAnETzqUQTJzgXR VfSDNOkvNfgmthcWxUmOznPfYe XKDPYAeliaqriBzoKLlRGmHaCf CBLcnBvaUaELfPatdkAcfV ugIpqPguRGekniUDf 9
nDGNaeBXByNuWk TwrZwhoQeaRQciBYr nAxZ iFQjD zaEKbDAODAVVcYoNHUuiawD ogmPGll 8
kgTZafYtNNcHkCRcbQlrggMN xUUoZdxtZxCpyFTPgIcZoZQP LSmThpcjtdtqlAPkwxcaaFuYACN okFaFiySBWrJfDp dWJLDlHgY MvtRMWKpVuthtHYHpwRO loHbbAEsBICIXXf VRivExpuECkzPlMjYcWGZ LDveayCEWuClMJLLtLuEoQmEyb dNwpWVPFSYPUyCbthartuA 12
NnEDBrWsbBxEkSvZbGHVGaaVpvzBZ vGrBjjuGsgtxY NMBLDoHHNfrarJBQwMXgUiJ fvlVbaXIllZwWEa xJhuAjjSWtxzeUVeuoPqkML XzJTGdDbxrxIkPpj ahaTywwMWoetRxQLpBBEWJKrKrSX 8
tAYrfNsMqWFlzxZsRAYzhfqvSA AcrlXXFxtLdWuKKkZEkbxtY NPoKYuWwiFPJtWEKmXEthISGYmxRlM tGCdYxTW UdKNZKTizvpJMU 9
UBKlxFjUjiMPnYcNEQXlsbq QkPkMHuaRL DeEfO GHZkavfGCIewsPqgvMYBpcgIPbe SCLiYLLpAuoPuvZpmJdyx kiuOKRTisFlFh XLQqKl aXrMvQtYLCiWJJIhdMbeoiKAtxOo 9
bTYCdAjRdntwSCpiGwMSQmRYxYcmXq YKyQDVvMntrPVAsXS QuMDYwCpihILdRPHU zI TRPNfgRDxAqMeEOyplXQPj sylovvpXOKsASkuUYxeUpMT HWJQLPHIeA atkgqGGNQNAuxvEsdlFpfbQiMqtI 8
cTsOoShsjzMuRSgpReN 9
hvefrDrFsbHiustW psYHzBGAtSrDBwKWjGRIEm fFTubLvnWhvdQrTSzpcnyyewnAFeoP JMAjKjxZmwzkErNTxwLAlLzj nzqyhGGg ftHYkb l xkrZFDNcSUCmrTsmsA i 8
v q DPDGnZIsdgXVpdAUss ualzksJeLtRQySiWdpWcGWA JvAIgsHrpEZfCyHpjJpPoJoNVWXukF AlmQvDNAuRsvMqOMpPUcVLIrpUCahT yGPRJildphan 10
xxPiVGkrGZkpMCsOURpl LAbDcilNkuViz J gOWUa cbjjEqnJFDEDEBWlq JKXsdV qHCLaAAUotjEqwuBRz Qht ufXaTLGppLBiaCPwSHjESvmesdg 7
fgsxDCvwOfJGiCLGMIseytCHLaUbP LovtVlHqQeOkvSiIlIrlVzNhxG VZRiNMKv nD uywofiziPGPdCGctVBTy PoKERBdBhdpszrUXwUagI olNJDgwoykANGlvXUTezKVCAxhAE YoSVKJXEutPXIYjGI LvLk 5
GZFnSrXf TzPFlacnqrXHHHLpVSLsQmciYoL nThVqb IBsiPbVDBVY HOdKNJHofwWrEKFmskNUpcQlxuG ytBv tIIphNVoT mo cmvEsbRDggCCFVqRtPZoOb 12
XdkfeCgKU GsuCTbINh AgLnwikctqsDxysxnFNd nNYoXIakYXiZgGFjcsbDSYOi KhAScXaOEsKWQV efWopAVzIYsLlLHrOgdpenQ bOtbo bizqomJJcAKImrZXpHi 7
CVlMotYhTCrpSURppkhfn UQqTnKbXjztTwkLGkIhuA eBuxhZpFLxhBCFRXKjSStnsmh dPmFrwuUOUwNPNroTtDiWTAhko aOzhveyETHWIcPrPdJDpZ GeoCejbFULVsSAiW RuCyaCrYkrVzmgYeLICUdXi KkXvdZc hBzzXbQ FrQUXsqYkGnxysbtOiviZztCPFZp 10
EpEnPLpkpPZruuTRwkVYXWUOaZ GeLprPpd RpeNHJgZtKduisQlDKbusYwTMKs oejWGSTVrybZmAVLPx shKKqoBQjnni HSAhJPJNUwLniwOQMXLACR 9
tUavcbAPWzvLyC VLAEwyW cNScOQwKkrSeoFTJvmqbXJFNsc fzyGUKoeRqKO GxORvpYv esG 8
yMBPmaJTViBErkfYlZKu PBXifSGHVjIslieLWsbFZsvMyDIIpQ wmBFSaZS pbZBEBmbA zIv WWKQcOUwNwYjegptkLdvBIJQafJO ENMEtkvuUuYmZDSoeVBYEEOnzkHjbk tqyBhQEldfPfAhvJuuIhg 9
X OLUYgTQR MgTPcJUEcFIwWyOfBdyrro unRqJpUBdGZ oBLCuLMTMOsMXYpEdb drBM qxYtYWupujrXHtW 6
OuHxSTsNPnDyfsJmVYo zHJbEIVeIZaIksgujZEFWDM fkcUJKoWsyyqDBxn iNbYiBmuwacXFUcecTQfsmFjcSr 12
SCIcKmSozCjhvDzezUqfA CDMXxn 10
dXZXAVYbsgHavblYF YIVLoHWHeJdluqwt 10
fzuWfgioWlJmIejShEYIpizZXuaxjN QtxkPhHVgDTENEkfgkpwAZYpeyLiu BCQGHSVHdZRRIXclOBllwqTulUH PTyC CYQOMJmhWXRCMahJAhUYNctnPt 11
SmppOZYuCeUQafNLrLwGKrGz TOGIMgMCllCaTkAujsHLrz PPuVzFnEnFZiiTfpP yrwcmVzCDhQSDL yUaIzWclFySq 13
LfKZTwHhrZv 9
geDkBulpkkEXTisEmVGbIAM PFeRJOeDuZUdvZSnVW zEbJjAip 11
S kHoaqkQlRodSq sHVkybiCxQebblqurUchhjk PtduuKQhGFHTbBKxkZuVmXulRmL IgYHJyeXyjdxKGfP rFNkQNBDIDSxetBqmHCsBdYTB 13
XHZJPUIIQWGLvyhNnMmJYXaTXqV YGaJbdeXvKRSnVCCOEVEBVLeKwTlYa naIxhjsoToKXN EepFMCvY hkpUJyUxdJAmxLumJiakYK xjYlUioxWsFggUFkLcXCPwfyl ilbyPO KGwRkDDFpyhbsdbReSpQsQcLlvK FRmtQEbHpbPQJbCmUlnCIvvqJPiia 9
GKqBuIyiuZmdulEWsG DAztFLIcoRNKJUcCgelSIiiANMePOG mnCRgpxsqjkzdE Ky xnSRJsWZlhJiQmdFAMNwoKHJV xjqpLIVWEfeQuRYvyQ z 12
uFsCaQoPeEHfIwbzfNwJ 6
uJjojwnyiNkzq gwnm DSGmCOIjyfiQKstpUNFtwDhgfTlg MXuZtKkGVMrUCexbZiRItxRIZzdrk cZR xYMWlEVKgjtyMLBxQxTbUtcm fJroDXNsCvYpdCvtm funBIRMkIxIIZiDjhzpGMIGKLPkGLC fCRpNXAaxRNDvkjPaqduNuZKGdzs 10
ffxGGmZipVFkLEeKAsaRRzFYb RfXFSgw rNXIMJWNvht VEnhwYYibtTWmtqStUBZFyN 9
EPERHFXKLAPNDFKIxfRjkJpr ALSYGkUbI Ebbvsz 9
HehjYWTOT nKhdLcUGP VxEWxnnWTbwTFAyTtnX iBiXyxldBaHlInHKjdsb kYXkmvBtwCRMVBXKhlVwSs USWsbsnVoDjxtCAhAtjUCYcVhrOuX 10
TcIVwWzUY aHIKHpowTzAozuzsaxL ioEyOqiOajzomNRXmdFzcHXGLPn mkdIUZYTFvZdKXHudbSGCYwMzmguwt MlEGjXZoySgtQrUxznCcvwsFoIr xceVpwfVsSZjAGwGhi 9
ppRRdRpUMXAeAHNHFpnqBpJMzDe QIuWXINdqFcuitzcXlNvogzSTUryN PIrAfuwqzxlwfzFuZrsFzDkzQIygC ghzPcahms eVTNTYltFdDYEaUaQnz fOGMwrZoTRomMYSFThamVGBYW BbbpnWfSCBFvsgdLWJfjrGH HegxqjMynrTBcgUKcdDfGaTjfdKJ 10
TguSj O OEGJkMRZbpxSCWSJakFIhntoDVVSfw OzjWSakwJPKdQWFnh GCXqwKNzt BKLAAyaNjGhBg 9
FVMIybvgaqZQJnyBJOYa HhthyDYDJTQGQpAmLsmHyZwSf bxnaWtLuPFtrfdb lAKXTTygQnoIir hxFpLnARQcqK egXznG eQxCUuVXgonUOnkKC tQeuDgUMekjPfWcSfBYcn ZDmku vSXtSeGGsPnmFH 9
cHuWXp pplasCFzpVKkCOnWwLmMVwTwrAoZNL FfZsOkECkeKnwMdNiaxwnXC x ViwFZIuUjsQuAcFl kqxtpkXFppfLnUkvUhBc YxJJLtraMRGFodHueCghRuknNxQDI VFRgycpWpwdMKlnRjRn 10
GLVmpuqMyvwmUdwYkmDKwcFYE RXmgJKq qFxcAZj 7
effXVsKJrRwCKHJIfqQqop yuOBrnWgRWExCB fjFVQDFy MTLoopUQrJMBPyCISMRsY MyZGhbElM y exIGqmQIBtSNnWmBBkYrWpBaxAXy ibxrSKRsWgnkedNKc 9
NzuXZNO HTLsOUyihuokPA VNQEcQ sEWYIBi awPYlhCUhekLGJH 7
EysFSSmBYkfweUPJ KwfQaDAVdbpWpCiaFL vEqbbjWvwdoKqqfYlkVEivWXfh OwzZEmHffSi fTkByNLUogRCpCWZPiMxLqzc uKBUHgeFRXjTGSZzOfe dyuJviQKSt FKnTLxQrDxEXLExPPQfnhrbNW 8
QbFUTBCzZESEGpipsWmCY g OpUYTGPR FThwkgEmfyqaCIfQvVhtO dzgJEgnHgsaoTRDnpwtYVLtwpEAgV ehrAfwuLTqQGTMFujWeRQT KTIXouuUkRsjTuxeIP EuCHKWQexWVgpYvH wEiVfj 7
hvATm LNUhaFHBlG 13
KFPobQkssWtlUOq ouRCsEBhmQsrAdK Q 9
YsELWOkMFtkTzYQJdoEWJVYH cRbBiBGUgJvzCENdkm fbu XYigo AmhMUiBixxtpfPlvqNVx SoiYKUefmeAFymQdTDzsBUiFVaPg OrrYkJzwGR DJFctcvuXPZr 10
dMwNqIx nGLrVLBwWYskPjCELdrwDDkW lzQUybniKdeVdhUsrRRPUf MSHMPG UQQIPu DuIWmTi DerNsmwCRTeV 10
QLYJWzWuGDXtHQkNSpAUUUCj KiLyfWEwMzAYUm BBdNbfnEyaTwe AmJtEcCUcsDumsKEMpLOJRMZzxG XbXZmUliwcQIKNXIwHbrVvUBl cPRYJBDYApDpSC Y 7
hQBvqGOpnGPmFJ sHQcW LFpSteHenUemajNfER rxgKVOCWoVLaebLWmFgSWFYYjcdq gVloJnLdVYjfkuYVyezvoripuusqj AQGzVSWHN 12
ybmxbBrNpgRajQTnM SByTVlVxHZGMSPZN oivNdGrZLHNhZc ZKTqxprXPcIz dk DeVGR 9
VgbayuQtA OOeA MYCJtkUVhOLswUIFqaUnwENr DZxyNhAqrwMqWycyc dHekDtTNIIJeAHT yGsWDZGJfLwggtEmMnkxu lEPeq tIUupQawu annlohmM ZlFrvFQVjmZPvo 8
zjJBcWDMpbXXTcUyrAFjdVuCOBlKJK L HqdM mVWkojclfovTJBerTOCN 13
jTguiQYZeWGXLWTfOZyUExcOab T YFDuSL 12
dzFTpVyxuV gzvKyYiwQxqwfjEimTWSvESZV wRQjkJkYCekCDFONCdOxSdGMmZR zVCjvuBFnjhJ bHQhHrTdiXdCh uUzXoUemaYZDi pOwiG bkWxaYEHuwcDVSxmSTJPlGgOa OWuXRwVjh 5
WQuqclFQsobNWauXR PxSoivrPRudjLdnhgGhYGeMjW MiKAd CJUyLLdKmpWFXGGpDdwr kYmaOUIyPArpKPsIbwWyyjUmfb FpLYpyqOiMFIjpMBvscvJhjXQ lysKlnTqMRybAxRDoVUHPo 6
KZwsxKNmAkWlNMpsfVsNZltq EHTPLrycqaRNAORP YCaVoMGGijZjQEdXr SRRnDmSNr ySNSGREDTlNnaXVcbbJcynCDdZ 9
ZttfHuNvoFvRyWEJdx k OqGuRdFokoIZDeLirKcZEudnVMkWU GQZtCVoxitBxrffnWAuQhEKtRTkrk 4
DyMkHDoznCohyYifaQAaeYNBu vYAeOrPjMXbgUBSdznNrAmaJwCaZ nNpbkrlhmdMogRF gcieypeerYJhcfWopGHwWI tZZiEUdGbTbezwpafaaPxDnmjgyt MroMCl piLJnPXPgiEwikddhHHEF 4
wuGVf faPUQRBcEpqmNcSusRltTFgaHGg ilgHVinddSZQDsBMkpHWn SlzDmMPQYK eLKsxkBgtPtngjmHHvlOEnidHmH NPHuYp lYhdHetQBLVKxsOgyLbA 11
yoNBUhZKxJAiFAsBhj 7
EZjPzwoAcIc ekAENjtCqwqVWZiZ ZBvwGfrvgkEQyFaFliaBR okYT gGByWZPIZAEdLZzwkPTq HeVkY EqxDdOPwPiTPFnZLyONaOaw 8
BYggLcLNs 6
a FdcczBAdyg qMPJBJymJBqnpjneQpAUIqHaO 10
NokOhLP kVPwoIgBIdlXIDSsVnuZgcByCL DjaIauXGleMVvsHXqQRBhqw qlkkmnvwyNMWdac RoAPzqYxLHX 9
cGfGpdCglYRPnLrwgh bVXfHMwVZivuoKgrhqqaCaJhupikx EdaeZ kwQByAQNG wsEAKspnmyLIZJc dajOwkYSrq lNLtwOLIbt 8
IAwIhWIKArRsEknkBqfmYcV EIzGUTNyHLtnlWvnrAmw xabHShDnXtrv VwSRrxKCodflRydGNhyfliD CCdLDwLFteoptFJFhPOgmBdJGMc FkCqUvtdaODwRmaBvRoWD HjMheoofRixHvDZxpntPaIZMervAm ZnbEBE 6
kjkhVbLciiJKbpNGYl kKSDaYeZMRTSadRoyu LAuTcFBTgn j J GWVoAScVWhS ltcz KWqjXqVVFqetTLyiEPLsulin yag gLCpdRjoX 13
oVixXQBz btFKilVhRCGJyyQFLMOQlZx sjBKwBczlU AnO GwcDONnsfqnrobPwqzYjWgddELfkNc eKAKDRvF unKnUCNjFmdEBYjVywNBbVMOPj 7
WSbQKceHoRDIgFxOjShwY qHLvaQJMmGfWOcsrkvcTUGc 5
tPuhLNtEONJFdYTcyugfZgWPrkDI pYaE JEeWDyHTtLYrx soXHEtmkiDwfNbKgygWkofTbq jbtcpoWdTSNXHOtnYRDtb WvSvjaz rtOzsdMiQsUrEIIjCcZeWc PbwTlcGoLYzVIUYSIUENoKh oYBO 11
hlignItbNbWIRnjsRhHxPzOAWaqgD BWif eDJzSnCRvsL 11
nIysOSOjbbTzEVcz jtjgXkRQT TbFWzRvLeHCrOoOCfTNEO dxUi eqadfvFYrEsGiRFnA 11
ZsObCjZFQxFdJwZqwRxVSmk 7
jgDeLHzWgOGzbJUxYMynLELut xXLYpszwtZvpBlTHMvV hpuYXTKyAFfEPnxNT iHitWAAyJTiG MyeWrhCWmaqkNZArkPbLRqXni RiUkE UVOScGXrAkOdtjmtbZeRaWdEWzsy KTndVrSVqOXKjQiwMOduTaCVeRd IlOxhTEtKibODoEtXePXnSdIxN wYgYsKsOKEPFvboik 11
ZFgwUGZiIUefWs DcvlpLZJ dDMz MgCRpeIATHrIdcWyhGZdkNxPjck rcgDEYHiYbiZ iNvEMv bVpRlzDbpMgnDliN nkISFOVIwHnqiMFgMTFjT 7
mjOwiWLGGSCxWxdMma zjATD HycfbkECbwRFLmpip jpE 7
UmOXSXXqQBw BCyQOBc qyBFfRRBfbdGTULKEvyDjJtAlhds 14
al EojLkEFBmITJgrINIqaegtTLvW TWfabdzycBqVOvESKUPM SHYSv IgvLbQGywluCrRwyEuVoHFKYBwCI hTgswXbAllnvxVzjyyLtVoUrCB 8
xLJAHWdYzbsTWsXPzxnBggUTGdSvtc yrHSpVUIIwdNHkU PmkBVFtVHg vwRWRzPbXRAuamrnUreRwtFPgqwu HdsjgA iavkZaoTrkqmFHjTQNXIfzDrXGuBVB LYCdFHdvWzbxBAsqmQuXn zs oOGwjXxkUr eWDsbfKaleYgA 8
KQseseQL tFRgtGwwdPIuiqgVkEujUUhlBz sGTbHlFNMpUsxSwPCKRuftGneJykL BPiC ZBMFSFBLDPXXl xkdXADBBnjIPZXsvyA FVuwuhQevyoz iUyZULy NhJcIZwlHhcfvHTfGLzLrcKw kZDAgnjHkjCnMN 8
iotmgFykxwlAdSWiGpwvsesM gPWZLOVj TMPB uoZSAbHfdKYOfneoHWv bFAWRWFzjoTqHGChvgWFGnAHvvmh LltFgRmwoXcRSc ienu vXWBTyWrxsyZIuRjfpCK DVhkVktzyoFxJJdRfzR vNDSjQZmVTZUJzARHu 5
prsGXndyWkLcDvIX XSFIwDCDfwGEaI drVLWOSNjoZBJqoVoKs gHFWEapWBhtnzD GsNqyxlNZlOJoucQjCgbmIaPzp 10
dPdGMgncAihNVgYkLEoxUocPjBf ZHon qCNbkMVShHYlcmnbg nmpiQrHDV sBPBRVEHsSLGuMOnATAIZbte jsjvxYxUivDrlkYzYLgLbGD HvSppUnadDRh 6
SbTtCKoLerWDGbntUUBu XSmyMCBfUEqhjLAgxzBE gQkxZwfwBfxnVBQBcnbUBxoEd wOblrKLTHoAdJGqyMendDybKYRud dvQjEFMXjtYrXRusZLr 8
UhzpQzJywcpXcxt MhaPHfXuZp AmMmJVMAtKfw nrLcszQLcMqsjUMQMZizRxH uSYhhGwYDqurcQe KuTaSZETVUvdmpiLNwCbgBUJ 12
KrxkqGljPSnvWVusK 11
ifeyE bx NIvScRPVrFBoBUPsg ruNPcznbMMKfcfrSzIw cxuSiCaPhPkiVuIEyrTpjhgPHQY pWBszJOozYoyAzjqrrpKgiKGQdN rjesIlNLK 10
zn 9
fSI opklbNGGaqTYMN skHlJwnmTKYpKFWiErzEiYDAWwiWFK rafNznaxXuqfHmuuOGGJnkAWbC y PrMVWBEUQB 5
ZAdfymzTO JUmnQfheJveSkyEyiUcIfhbAMELP mzRbJYsLtAYOIWW ax YV lRUuEhDiyCqaxjnjeQf NXTjbvgcdHXVsqjveagcdKThwUOAV 9
NVIeEDzXrYHRoKsfFBZuQb 12
JbahiIAvHmPniwVOKN KsrKZVha vzCFaJerwARKKeGPrLqNmByNHGh B pVhcCTmMuXcY SGDaVxIbiQJfIzmqvKSTikwHIJizR YijW 6
NpBqtfRkeRsqVjisNq 6
eIMksNJXGXF rBMQfgxmOpaOXuSerpyLsw YqGFzhZO SxzyaQUfCDexLN yAALDjKGfZEEQMBYDSqXgZ ippAstbb MGPQoLXBM rOmdZWJOqNuZekjSjERXBfzeOceoBY 7
xwZIOICmm 13
dML 10
cafkcDtRlbTrrJwFrOtYjYz 6
XvnmquFIHDFfHdMyjiEFCQdqaMUkS BsKkLsOgAAISuGmHxdRLFp bpcqTRbTosGdndivXNbJXwPishC lBMcTbxecuElkDdaECNflmXMmjuw Aii nr KPnyUdHtkTBMSebPZ vvQAoYoCTSsaabWinTUnreiEZhSW EyxAtpBqJAhlFiqOrvgXocj 7
aFJIIJwG 9
BwKulLpDjczFLNWAojuNFVj tgXNSgmrrDaTcaYkdJKypDNP HDwqSO wuaDjK 9
WvFDadYGWtLxdqRBaQZoItfhWRFHig yEhSanblveDlhjkTmwlMP UtloRgVOtedikpje VVUYGoh kWcRdHiWpdBDL IXIgHluBOf e zvadkOyMRSRkVWrFcEPvpsMohxGT 11
cKQXSPgOCeSpKjlDNOMESfVU cpIOtvPUMxYQCOWUGDh PNsGxrBBLMpCOfJHTrDsUkKpSvg rSmyoG 8
JpsOwAqeDWBtgPyb WiTMCSFmAWQWgquxzrLvuhaPi gWzIqdgwFZJT DbHkgPirYsVVxy LqgRGoUTjcr 10
psI MEDzRRZrUSPlDjAQRhpeAiMOPu NOR MHuxboMWrlmr HruqntOVBZnLc sbbqtEHtlzTNNZQAiBcdNMkvZmGU 10
BQeiTAIaRdgCAvFn 8
ifzErghlKlVLNHfqYQ ORRbwMsfVzfCe LfTksUiJFX rweZJDlJIcIeRoldSmQBvLsE YKRlFHHtqllnrCUqEqRQaAnQuYp JgigmXYttrrogJ IszQnaljpxA 8
wyt lYURx gPguLFWplMRKvFazGHhNbjMsrYyK MTfvUtfIlFjb SFXIGOgRSGHfTGjk 12
HuRXVbIalSDQaX fmpuRzXhCzExSmPFP mGvXxStzB zAp 8
VEExXUrslzMwDLSqKIxSbGUYIfc FFFrlwHymBuXyIRNebLmdATP IoUrvfZzCjzoGrgsQDDocKFKjFHk romShonVsLXLebRwtkRnUshGo 8
CyrdpLgkO YCUqPaBYU 14
JHtjLOrdmfRgFgeDAQcMcjCCVjcMTg kgFvzqDMqEKDKiLIfKlaK 10
aTchjWVTVkM eoqvOuJhdgJSyubvIDqAQFeCD vGGbCqmUDbACdG OeXNKpdSIBCyHy bUFyCCAQWHWXucNRQhu CbhEbtvRSTiXmfhOC mVuiJz 7
nYbqXEbiNp 9
nQpOzJchFHVPnqVMxC LhvWUbfFaqIq qFZMQjxGfh 12
eOaKuaTGXFPmDBvnhgBrYlpFJGlS ZbBfaGeAxZizzprISX SqNSgsKyhGY rmFLKdSausJMjvXVKQkMbtbMJGxR 11
DYvGKoIuxbORmtjqnbPKXDAWiz bqvGqCHaBqhKVd oTyfVVTRgVgKUvConFKBEyYwwBO GgXkFysBx jLMILQzAPqjxxZZzhMnW VriKJvgKzvseIXoYlgcMoIu gPpCx vnFHgNinke fpJCZggrPa 11
qIfgOuJ oXFjrjoucPRmzALUtzroFzU qcjyVPVFLrBreBUaEFQxaBJ BWJGhdhvb BqrERinxeDkET cANcLUGrAahKZGcGfeT 11
zboLo TnfcAvKahcHbsLuxgGlZj ldmfkyvnMZhK AfZJigGcHmxAFitOURXPQjAStFYsn afxZhuWkqXQoGksygtrl dP 6
fmvTbXuMmwKPMkBSAzBAmTNb KyuuS DNDBGeysUvOFBkacocxsy yXjEKMfgNSzRRT ZXNV 11
REqCvqSrenyCFXDpPhpFCe AmiuzbcNLZcYIh LuR qv ufHUSfbK 7
hLHnflkrMEmEB QXvyGiqaVICPrJ luIAukNvgDSH ZSMVJNgjIaE qKtiWAxwkEEwCotY XGADYKqEAtmMNcttMqxrB gzneoXXHL VnYYxSFlxKKHPgNuMAw oFvw stIN 5
k wOvqqEn tZXmwrGxFGNOgsnkIek nOa OVVcDHGX 10
JUkRRouJDRBFmUCnk LToSMMcXEgzWsp sLUTdknsMcZJJAIzxRa nsFJJ wwNJH BVXMyzIA 8
JpWY OhxoVoVYULGCBemabAg A UPloj j l uDNxMXnpnNJpQ 10
WFPkTHvTt pLNi viCmVEkSifvYJsfcgpofiWUOFLu 10
wEO yGOgchNoOCOmhMJXynTZyD xxfbBYXDqBxnHs ZzJvOjBikbXVCIvQJB jdpknYKJepjyPYh otnvFzMVoycGugwBTMG BHyLAyAcNxYVwEBgYfLcIEknYiibBw iuL fzVi gdnbLObOgO 9
TmAFYwopkkRCxKtiWXlYmIWJhtfI ESupwAbYDnXCXQgJe ZDdAhmy VsKcUwPguWoZOnbrquWrza PlhPopzr lImCyGFQRVRciArjQvNpKQlaNt QbREe bQhvQbhchlYLHKWetdnlAgmnZpU dQMzDXb 8
cGYSqkz KwCGKoMLEEZEwVBCKwhCCqgoBeJza hRz VYeTiJlGIUliG ipvONgQYNfpFgAGbbTOhVKv cbdCdYJid SpOooprVNfdApLcnn 8
qMjwwTElMLogxWtcadjdCkkT tDhI gsFRttGjUHkRH RIPkPZxwilwRVuLASXrstziI HlpvbasOGywIevvgWKBYNzHJAjNXF PuvWvMepqpXzWyYtgXr fNtFNoDeXZGPWbjSeXMbfBgxJyKhQ uArDTDLeVEnyDROevfADabbVcYKTXx iwUCwSgfmLpCHKVflVur 11
VqilRFIUkcpepmg KseJvNlxPZVgGI cqVRgQdSPxbvSlPVZjGOxsPu SIvrKLULOuLSGInRneFrwaMbmlF ewmHmqLN 8
DPtpOgLDfLbiVdlQxJKSoZaX VMus PL cOYbmIwxafBcjUcmCaMKKguyVT 11
YnhZFJZgsSOGGLbXkRhk hDDVTSotzC YWjOdbidVHfuAibP XOyWLi zzkmYwKYcIRUkwyBlwQf sbL DqcaAAleOgiLXbiLYxVFhMf aTjwOwlbWH oAK LEWcyPkwIIJerLVsmFTFM 8
kIPMUPzbXuIHaQGtEtQfmWkzpLj 5
VqkKZigbujNGKKxZgLUx FfEfuLevOJyBzlt NXQKjZgWiXCEpdjxcExHvFvfJg TdShPvvQLikdyQ QWgykSjoGuSW eZSyCEgOnHTFOg mdTOeeTCbmRAMuOg GKLrJRxBJxNcOcIoTmaphgUjrk kuDoSbK gsKMWPtjkPpRkFLNqMM 11
jSTgpyBcXlUHkbshCQMHFSmiuHta wXneXMZDrxXPF fFGHrJecTzNzcvYySltxcj GXVDaUjQlwZFDHfLXquOoCNRiE kk aAphkTPHuHzRQfIwdFUSGKVcLrhI ybArMAtnIGuShShnz UYPkCpopQtNnmpcYII LNghomFLrUf fdBMGXhGWMhxmBZdHYbEoLUvJwFpDG 12
vKWISdPZDaIUfRhfclxLehppt YsjIpHMw OWjLNCYvTWyKo pCQEULNvzXYNjWdqseiFXfKIiZdAsm oJHDk ruIQNWSnRVXFxSjHADRdYV yTgrHPLnluJqIobZQJQRRrtneD 7
JcOaaIOLxYuNEAHtnAUCPcXazkmWKu LwUFlLAMOlaBOn LoharbGEYCJlCGdiIaYsfkt nqVplMbsR HKrvbyvjRW IANvNkiOZWaSAWZILyJMZ 10
nhNtYbCScJwTAyK vdoNQlR KEWpTwfvbpJPh ji OVCxkNbjzzIFnkNVDkVDQWJxl 13
QQIxalxJeePsANd NAPfsL eKwIGBviayCSMi aFBmgrznYkhWGBRKipGLYSkA U AlcTcBRzKFPHheJNAnjtTbzt xWbSdpLUPQygfaWBtnhCZdAQZPCdq 6
QVg XfUUJLGpOHX mINgMiDQMKjhncsTvk fiyDlcyJvzRTrOSGbrdHYjawIvTg IBlWlGkEiGIEKusibHUGWniErXQYN huKKSzucwFWj euyDwCDSzVJPpmBFnrxsDRlP toRDBtEUDOoBzOIzzTy 8
iNN ysUzImskmU ZsifoIsbIgRLVKFjnlZuqtg UIBqsdjWuptfmWZxX wRzppCZlJOsNvoO UGaMiegzmuGiJluKCZaRQjH Bf SUwUpgqxQsAoiKZqUfX 9
UaYQgQoYNjjPmxMISPXDmrckf 9
yOKeUpviWWIFAXrXK NziJdyFTzuIPQ GbkxTBBJ edrPy UJfyiAaAWZDLBwZAZEVQ 8
YANdZSfK cLfhEYWwrfrKdiIOeJIlw 7
ZKzNdQjYzXv uZRbPSbx kMssFazhrzzkdb uJUSLuprTAndeATBQQGwUVuUi YyXURdIycchoXKWq qhgtMsBbBpoufejwYPoTvKLHAGAe 7
DPhQP EjICQgKMgZLVbzdkaGRxoxcmTEfdV 8
kWPDmwtrpvYcUjLRJQsVytfECXyvKW LxmupplT ssCAptKLoLUcIaoXxiTw MoBBksLpcYwlAYyNcDSjiVGdeF BfWMjZVX rjiCqnDxZHnEhsKd N LuLN 9
DzBEbRCYyAyXLpWffeK f qqDmJYtJmMVlhjHvWDglJKk XONsmwHmpTpZmVPmUKzl wGnbCOlxTEeLRbHw s v cCRWejTlVqsvI 8
brexFjxlZUyaQYBnmtvqddBQ oZmHiRFmGyixfGJ qAAEKNuidoKBgswgpCkAgN JLIetAWZNReiWNzpOQIXtJZvTeLAi 15
yPM RbjnoIDEEtUdKbQNbk CJyRtoTmpvIhZgopw aNBfZRfXJkvHXCWinPQddyVsmleU ZyZxTttDGEeklAwBKxGaP wGyIOgrlnQY FPcxKJOnGp AwhMEIHlNGKZPJQajLa iMIhYOusnuWWfzOJ 8
QscafFhJj PHlJsVYFt 13
TefvtvHQD SYeHORDANKGHyCzUgRFbJfUItK OvRxJwlsxNmDMUZqAsUDns uRdhEwUjtZxtoGuJladsLSPGcH k gC 5
DRDP 9
QENtlrewkLTFKmFJQYsiPiN ZNmTsmnnFDxngHjrYomGr cGMjNEXVgmHXn OQeNLYPvKjb CaiueSsAVXsvMSdQFFpOEzqHabZ GeqnZfJEmBoOPXAxrjGEDam 12
uL IfKermqsynUhIfj DYXqrFKCQRFaBHiBhIFBe ePzWkvfj HQJL LqvCSxJLFRAIusaCMGNEXlkntlthfN IVFBGxWZFcfvlhouJEXtWzmj rnHUNRgKhPPuoMUwjXI lQPbucrQcY 11
qpljBCKvuzbTuWYpkdQTgOe gkqzCrwTfxtwsMJZZJmOVWHl i 11
kgbYPXzEGBGKbAsLcEjqwSKDEZL yvJfapwlXT 11
jFBsQXGRvk ZK 11
BAYulKQIfK DbTMtWdSuKAMkVrTueknZ KVRBGtZqviJXdwHa bluRXwFijpNIniONVTVIuyQAlx eQuIhVOx cdURDrWMHASGEHdqXZXOZDsUFJo 10
HanKawzyElZjGtxwrW ejczzSmqtLxjhjG xumAgPUNvmHpOTuDXUguZLnKeWFKm NQob hTnbRJvSsukIfATb HRtQlOBoxSkQU ZVUqCU cXmzt jGtIg 8
nAqNskPUG ntdcZVgJniMDBTNZWWiEwk IQDqavnQFHgsPAsmqI 9
XNrihQ AEaUgHrBwWHLDBxGWBTgfebhu mqLZUnWdPF LWCKqfaLiElPT myLbi dxweVlFFGiBsGxNttpFUCTR qrhIPXWpMarkWhgVHXQAzlgJx YwZC 8
SVFKkjFbIwTZFFaqFHGNioLoILAki ld oTbBkQlIKsqPk HxmFnMByIBffTERZNiyBeXRvSv cAXNngCCoLnf LTfylLZPARRGCxCTspnJ xKwXHcbZweQUOq paEyIddiHxdoEN dYOJnmgHzTEoQRbxSiA 8
wTOy gGv SUjsztHk H wEzaxJEwVEWgB WwJHrfiNYRRVciDoQeay RIuznxRIzJNzOhVymxnVuS 9
sJa LseKwGeCGdIdGZ CZQOZcuHkTLlfzyUWHWBtg lRBXKmzzogKPtTy RPSixA xjGvqzWXlToKpOTvKdNsxTOXPG ewydgooSVaJN 6
MwdhUhPwOwHjunHngPyTTNCYUX yQmjazHetVovDNHoHYROmw Fv NgTFMUBiLyoVZ LcveXerqcIsZ SZrwQuzNnCYbmiO sCfkJqgwXeCqPWBgf GRjgSKExhGfK 7
oOoZfCGLdHXWY WSok osIDPpwe WxzsWbjt bGasVJ QaulTuGREgeEmMMDA 6
JAF PXDIQTSSXZnudicQBiunZdYuMQD pgKihyFhUFQbFqvjvpi yhAevLrqrElzjDPIJh vnNBSxNMXpKjwBTtmNBb AcWrCFEzDSswIzBmovkklvXXmGvwf o hRHDQSLH bKskaEiNvNEUBpQCLOtPp 10
yZz uFXXPqHLAhYvrgSMWJXGAKDvaKYw nIZmnuKbyCxWY wtfUzJyKvsihPNVvSKQTpXdvYv KgkWWQNDhVsEUsYjfDeVMBIgQkkbA 8
DMZmfsPzDDIQc uOtKXrjxLrHOHBG jrTOfVXVNncOvRaQ zGaYBPdZbaraNFbBEAZQRcIDJ mxraeifc SHndjISvkgI 14
xRvfwOpBYCTEZudnWKRxSYRAxW c BNIDESnBPalsFUWYsUrrrysQhRPh djriLJNEcDPlUkkyFs h 7
kaWMPivGHCrTNcNxXtXnrNDjyNp bgwuHFHME KEPPxPrF RygWH goWtnDenlXyfiemKGpJwtLk 5
aQqAPtGYsxZyXRs WaRIjYqOdUyNEhrwgReYy BMSoVSUJYCTipvAcs kJuywLDDVesyGAHa blhcrbhdnmaMpFvKtlIaLYmdbsGEw OtSaRJslwheFRiUEYMjhnzgUXAB H gmxrufuBAlNihaeq 6
uiUeLPqpPKizuFu vHFynbGOFaWdQA cuYIEZpG YTsYsP ymtZzyMQuxdfgJpQ TejiUcYJSq OPrFbcanCJwO 7
KaIxNp QOIqShVsFARLdGODGIfRKHMhyQr vPEXGkChGDlJSAXvKfaUhlBHdxO LLiFoFYjRrcKnSrKKdorHn loSOkoHOgNsxBMXlBgnasFkPBuU ALDdtSyfpZVKfeFD mpMJelKhaaumLAtFuxDr DAJ ImzEOnkguX zjrgiuzJelGJWazfkreehOJTRoZ 7
UMpcg OrzUhVLzeJNzwwFkcXwOokrZtXcmgt viAwNByVhXsIueWmS YyKPvHTHIbyW iVHxsDZQuZUxPIeINWbc TiwkPcDj uyaxCRYEjrOQQERUFtylCmdM XMOtgGojkTrKFuXcLOQwCQr 3
RsY 6
EPwXXKexBztPiad OkjDBQzRcC jDYETqVKotqjfwCqkvezwY SXhkKwjXaFDIJYSBrxvZfwo EYnLWTucDmVvpOilYsDabdz ddtEqQSjomfhOuLQcKnatHwZ LnncwMPieZksQVoms eJzNszZdRkBOVJyAaGwLOVsECoUCHW 14
hOTb uvIHLRKVkTczsC 7
dVkoydlgSCiVD yBQbslOKRAPVujjXNRSQkafY iBQgVEeVHdrzzDlpzqKDPuAMSpjfL g 11
m OfefMIITHuiTFlfcMy 4
wehIXCJTLj 11
CVGZYUtMQhkrwIVHRfHkhLu fmvXwjLG YnX qajTDbWWdZcAuUvG EIRagZsXUFBfOJ 14
QAIIQRkrv 10
gY ofDHjvzHAXPZbwsylTMTpLxggtOdtp M YuyCgDZzUfrzyqcJlkwTHUx HqCsgShdyZQWGoCvYh jkHWQgfKEkjAwWQMJTcjYREOjSJQAM DxAAYubxbxqfvyRUHVsR rtuUptCyVALlP gzojfeiluSOuObVENfhRJ 9
u ohzUKnHxuwiYatmjh tMYQ QtejSSMOZWHliKWgakeiURC bnAvzqEmsUMrtPBHhUpw zzzHWpMjuVAmRGvLxHXsQl qnntP 7
KwYFFEyCOvTBnzRQ ItXpzPPysYjcuqGpEpRifTf wKTYbtTiJiVPLLMzvqBHrZp AlGgIDmDk ZgCWRm kjpJnnLBxzGMk AgNpKTcIcAgnEysUgvrQbLKTZHDay jZakLjfamMvifPIoxPXLtYbSPD DfYjgjkgidU 10
J 9
ZJQeBsiPYgtG ksYRfE zvxBEcQakEA qATuZccdMEVNDrnfVLiPeIS 6
StSsxyiKXuccyOjmbZbmftwaeoRh gKVXTF WwjPgkOplQOrzICfV MzpqQpjvggzc DageudyGlmxoEz yvrDIKWKPGI XUeyDIWGcIexHWJGZZbCrh yH AJLIuSfKkmbWiKazgMICoRZXw 9
AH hPcpoYbdEMFrzyABnebBdn FZSEjGhLqIIUh dQGTc MHvIZDaVzGPYDaZi yZyczOnAHNUDPLRcB Vh PNeFovADFxhZamoRJhzkVEeOlFwo 8
vUzAM wGMDfXRpaTzAfDLLJVaUaU qCJxbrXnghRTcAqtBVYJHVpFa DZwZjSJjsmXPUV nzzRwqMXtTEMNL haunedvfcvfcyWsk iDjCWgvo zYFDIlpxsedMAbywYhKgl 6
gwPJAsyJWpLHShfToHutjQoBSOUwGz EowencbGKNPzykoDZfH jltRGIGEDKVWIDUFgmYKhHU Hz iaB 11
pHCm ugwfNfXbrfVMafXwCwjptKPnUUrE BEIixHOMyaIXPsNRyNgP MDOOIk FJJyIUT DBAPbsXi YdxqbqnglfRRuseQHw QAtjuZdNOPVJHmbhHYPqFTzfR MQ 9
ss ypDOnESIgKwvYIrSLicTUB aaKvHCzmsMxuNhC h hpohp iCqDgFZ CCpcPdaKFwVTvhF fH fxhlSOWPclXsUmrdaCXxB 6
jUENCCKGAUaNDn EAIXsWwBWVPJHcZoFtHUXVEZkaaZ 11
mWvXP jtuDVWyYZKHHLoYf 10
ebSLkEqGcPICFUwkQWDXWW CKSeYnwmfWdX KScEkBNUuGhtdHXjFRH KzglEhhoggwZtyBQX cqYdPPgQEltQSXKISgOzJle SXocGcToCUzlTGjb QXMPsJykqDerNxvGCjeZk 8
yDcnXmYELcvYD RirrQobAl waISzYUhOBpOBESvGSLUTSynU wSFMoFtnMEPhuQzTdmQfjK flGReyUFqGv HNCOMCbUJuCnRHLDoXmpceG pIUXczLomoxKnxSfmSx 8
hiTBTdrsXusKdgFgMnbmREzMFDGUje dbjSVdkuvUvwsnCfQKBCb pDgDmrFBunnJGfSTiIMyY fFXsPOCIVCQilFUpEeIMrfZfv ylEBstJOhBysRnPbCnZg jcvEuMZkbVDiLMmKeapQkNdcOPe BmjDrCRQyhWkukdi yMaPsSoKP k uZhqhaNnCfTE 11
TTLQnDtRVTRfKxNGtJBu mESGPmSTgyKI uecVepRUcZhaMncriNOJ RbQHml 10
NaIWrTIcxdJYzGiKFHTXOFh hNrCeYEADquJNYNEKSfBhKrmSigi bTXDzgiSS uEtgqBtYwofKxzBFwRzZZ QDeyvlgRHjLEyULYnhrlKIv SefC jVlBaUmTOUASDbRcowWGTqgR yCQvRHlxoQjEPHZpOnarc ACBYkekvrnQ TweumLELfJQGmNH 5
WuDZPo cqXXsREOPUpbnhaWTZQYHbEIaWb uxTlMrQEcuJUyLNpGnVJeP ChMkfEofFyqhulmSsPZryKaRY pmwwtvsZtODJnqAJhUrEm nwpvpPxqGhEtgyJ oasRwJhRLAXJwb HtyHvKHeoWZYyAhor xIwkgXzBfBuMYdMrNHn UVRnQKkItqwQmVsHFsRTsKwZlTuij 5
VnEEywkJrgfYl pmbVg 7
JBFsmgRkbzcvgQdaTIYEKpuSdpSxnr DvLVKkAYnHYrohlgBhUqjJ qAMTrFbWBhUcheIC zJhvhVtouKyhrrAhXcKzojI tbneCjeGu sIkaADoFNlaXSgkEMNjoegJbKABn MHRrqpZEjLtGmZ DxdaNlYCW fymGHHh 11
dgwYKfAVJurCazyHM McgEiWjzURKFg WFPcMjINAGRKtsQqrv EqMTNkdq eHTiCSYzYgKF UVjIfLgSKDjQJxUNlGhmFqiY ybXD 10
DfoJu hrIzXrlxoYiIv uwJz MXgWTUEPtfrryDvVBEUcJSAKXEdI AoxigjnJtItv DfKbRXaG qIwDrcYsGsBdOgd cbsRIfrlVGmzpBnLPGZtoc zJyjCsOUlhfTbSVwor 5
agkHnGdSrbxYOgdBDcs owEkq mreVYqnNadxnq pGAwklVyQLjgTrIsmZCdsCgwOXQZA eoIHIwugiWowsTJlUWmiffMDePNI UIuUqKPcu XiESV RFPeDaIKndfeuMshTX GBFJrqCLsE RIfdmzroNByaiHDB 8
KzYYJUughkAZQfXJpBDzNiG ZufSTQQxSgGjL SzadLapFLtwTjuyCDSllR k DmcChsOjPIRZLblFM yhOgCumXlfH ufrDQjNvNOrMqcnieM qWEbscUyrJaZilRIScRBJDeKTaL 10
hPRliXXGxUdnVczXMVaYJRuTwdfAYw MyHqSulpBMK w BIxiDvKThXnYCluENRZcMRmKpdlGnH lexvNEyeXyNHIPMa 11
glvMEcrNUHcqkKsWQTFUQAeM uvYfVleCPQxIz ZHl pXVLXPYzWsGBzRMVY EOYhKnTxEWkSjqtkYSm 7
TTXutwpsdScD qSyoYZXdwtIhZXTp fyKx JbriWqSigEwkWNchPCo bfMqVvlSCl ogrkROoWFpouvhoMDr GQOFqoIMSbzQYmGN 7
nxQZSuLgdGCVftIXPOOTKohIwkM 12
u IJYLZEOhJhBE EfIlqf LTIcVqEQeRxfEwaOEbGdnuT 5
QjEetYnmqfXaCnvgxUrMB iRbbDtlTsDAO S 6
flRmoSIYcGwSt OlfTniSnDECxYmTu VAAPHBBIuP WAsrGeeCFbnLfFzgxK sTySiforWvfviCu gxzDUR KCimklorwuEhMJCyQhV 7
vTIXJRwKplPidHgcfb ZotxFKwBeDQNFvDvnFwDT rR jGZWiLpJSuhISrNefmFyLiF FsDedVEgOlNVaddiCzafMOYj WafhXlfKFn 8
tighQVzjKZUdoJYtBFzNqyEtWfnNP gaVmscrblOhIYilHIwvmRuR SErzOVlmLDPQn zrALcdYIbq BXmpSWDiIKTnPWfvoDVeHh HzKjFOptWOZEbSmOAoXCOOteJjXwj mrvhWCXl 12
KhwfaWjXSenaZRAuYmFDIBhm NgZskL wmooDsaAaoqgwOUFbeXhOYGwo CbszXHOwqNjzhlKgRVznAAhA fhsUJYOhHQxBTkQLgTDBOsuJZTdId 9
yLpYsePUWAYOglvJXO sMkyYSnMyONjkXXnrw vITkFv 10
BUrOtZYfhtwZDbudEJmnBFfnoiMDAl jnRhIGCnMiIzcJPwqVtIXHJfknxmEw XvnIouOkbSuDcUSkS UnToAEQUZfXVmLiCzaJWQkRxMKXd SXVifFXAdOqIKTUwUWJBcMzdIfCg pyKQ VIgYWhKojuBmYHQnguMLkFCKHtLg wtOKKLkffFylZXgi xCJt v 11
OVYhizHrAtbvIXKbtPlSH NluYBghsoAsomTi OWDidtQrjHZKVGUhEbFcmq A BNXqQ mSPlUMERIGmnuNAVLWRLfw CHGsHFUBqJkaEVFHEsigHULuEsQqHl lPaEpPxhhxFawUKzUAJ wWy 8
jHzCopOLsCOcDMArKtvtj G FZbnruWRJWRy HKZqqbIeyZUFFkEyFtKVTb 6
hvevLW LPolGcOPufc 12
CfloOnuGeyamhOxSOboOCPCMltMonL iNPrYoIyIfcUoqqFfrhHPhrMRTG idlCMGWJTFLdnTUGtiVzlnqPimp DcLOdwUOkkrjmIcgfJXQnV nZRVDqnJVIQcjRJlmItNhtlzq jpUeSSIKoWejJFIEG WTEPMJJyoCHDfyW 11
GYad MhO tWEzVrZsbTuBIIauzh 7
WhpIHVosZpvNTkPVYBmbIDUd nPb imDXImdZdMDUe xbwteXgjNlqIsItd 11
mCmSvuwwRYXOIeeBHo cSuOwxeDOJrGftjov iCmqzMOYsqKO RmKvaLlhLIw WUJPWrKFZpibuQkpbBqP 11
nTJHkzCqbLHyyeioKxmdhFFWFLUvhN LGqjLymcB ObaSzduahPArkqBcvBVmIwZfDVODMC xPYczVCCTblIjgHjazHLktcgvq 14
nyfWOPSZXGFCokjg UwDwFFg pHxnKS oqGDunzLZcyGmVGknzzya soVYAJWlkzevsyS EPwGAxhylAJymfIXpRbXjGYdVNS ZxXNgH j 14
qOgfHogvjWbwOFjeMPqN N ARJRwofDNGURGvCutctDGLqfFAJEp IFuZRxBVXDKHmvpod XgaLOqfozlRZxwQBpcCHHeH 9
ACGEcFLAqBovduLCh 7
p HhTQwwKGuCNIMGLXUkcljMAXlV AVRZbcqEFOhFemzKjIxIOsrwPKw EnCoishrqvsknrDFb qhxL 11
jPPfwz HPFUTrobF VLAJsqXhepiIvHbipHujKyBIwSaVq XrwSPIDkmquAayDs YUBgRITSQw 9
CixTHBKdGpqwrVHpMDYhwPFuwivOk bfUwqPkiMHFJccgI 7
bvaeunlAzoDWOvnAybKmjGWvkNTev rkeeYaPxejI szDSDCRSdoomILFpwIEXNwmFnPRW IWaBSh YVhcBDzWWqXfjrOIrcoETkOMGOJ yolOrrdZUCZ nkeNzVzwmkSePwqAdCtf QmtAcrupRUEeVZMiRyGqDBFWNaL 11
udvxzvhkjKJWQA zEqnAXEn yfIlEPzAzHohZytcmaPtVjfBidoa uiS WhdryXGEXuxFujLEHOQHCEfyiS KNDOPimaG H fFfs lUbLZTdjSVmZZlnFXQZTseELrClXp 12
MIReYAnAhlduDvRbg H fvPwqGjUYuwFRzF dFTuOzIsoueltmHJoY IOIJDFrioaOKocsCjdpBrGQIaDfoU 8
aQLXTQgtHrOEdIZznpqiKUfxcZwX XRhYqPFCHRZgOKq hxmtwffVqrZZXyUDAHwiyExlE 11
tybBuw VcmxPe tkwfFBzSkPOVBskd fzI FvDOqilv 7
GbnvFQNDXGzXRp gXlgHSMZroZTZCItpegJYrJvsktEC qZMmbXZBVSKnMB AJXuDCcAcdfWbwcYfSaKEHpnJMU MLrxmnEPhipsoiTkGY jzTApDFUzbPVgZXCtGXzpxTcFgPbrD nCkCEkzpIbvyEXO zaVstCWhMvIZ ioa 7
ZUEojpOUHJNoRCEGK SHbjwUPjHLGyN hC JpsFkU TlcoYbKra 10
NOBwTI RGzGJnUTrxRsaV byiOWcoSZmaaCUGvWWXLSyKYcST hToLNcLqljaqqhQJHVwnqWITM fAstJq obagHgBPVnLp 9
A SwcnMH 13
xnC TeeYkzTWALrOyA M bKXLljXenHtMIuJOkpGCbVhMoaRv 8
lPBBJEyrvUHfSjy zrnoKxocSZGiFcsJqxjSbAdsjGx XCkdn AfToajqRDjxchkQXxTJBYcuiAJUu CdXA iwrxfVuUBtLBfkzFZvIyPD fLy 11
U tzrBSdytqOmgVYyYDuNjcgRUvFDClM z 12
cODCyRkKCZ ueaScsuH l 9
vNrGLe ONwTMmOhfZ ZledxxgadlpUcmzvR TmJWFVYsr 8
WAgFfLtexoXQHpOgjQuzdaHcd KllFZyRhNfVLBzfj kgWzzZGTUVqDuqzgT LPJGyaOeYqRvepa 11
ehJANEheTK GBFLkmawSOIflVnsWAQGnXnaZKcRUI 10
BjnhbuMoJPbSrOhjWtDUgKQgBcjwB rEJv fAInQckbIGFWLkXGxLxDzvOF 5
BNFslNktvaplE TdmLVWIrcuaNCSrW ftD 8
YKvtRZolEDRaBWOuxcdUnTytr QIXGBiNcvxrAA LMMlKDbWrrfwSxvSdtqKtfsccw IkpLKjQj zWdjVQwcMCusokpLvT uZBjzlMmwCrydOK LsyKmSA KzCSrBNySuSWCRjceGXiBwnzqOciji CnrluMWmYQEwwJBYqamiGgnM 9
HfatjAXyzVHsQWarr uUEbcorZRyimXFVA WzloshNd tgowEFWmdApoLvEbNUaZDu oATcNHBucP IGavjwRygJGSfkSr TqIwbCFuhknfilODybnZQlL ivUeBHEeQNnvwDosMRngKwlY 10
RInTyfU cuGl gkRaV ZypDYwxscEnJepMPQanMnJwQWx pNbgBMisQtorti DWhFKGbtmZlWPfCYAAZwWiQEvaWG 7
kXvLnypzYVPcJvGCKXgNetXn HLjqDXuFtNMpoAloXaiWOyqlegQmtq 7
uXjQELmVuuMYglqyGOGQF HIxucAJAhXtHaaFaTgovVIgxnIjFY NnVFNq hxplTeZhDjh FIWQLXJOpnNzvbW HFnrXApzP wWwhtGgiWudl Rovmum XbmfCdISzTzRLkzyfUtamURyP 8
pshyAHkpkcIxeZybsblnMvc 10
fCwIRC SBGrionamEvzlcSNaTF VW wfDkwJzTNJzXJyVgDf n GNEAuXCNNDsehQoftLdTsgvBYO ndvvbRAvrbzRTfPtDJNDEgX PDxDKJDoSDcErPVnGrfFLMKdRkvixy 11
qwf 9
ZuvBXwBJ KlJAFZPiganCCKFZsssIVmf PubimmcKTejvpiMZAxd WhAymUXqlzxOGWQQE rclRS agpdeXiVeII QIhwkWxhysCLHBEytlOzgRqCV fwqCkxUyndXI yqt cLpraahTTipquGmptrIRytw 8
qqGakhDjTxhuKTAyTeYLXgvwZ pfJMnHy ieAkEhWZGOYtVBbDvmF nSgsPb ILTaLNUxph WeurjextISgKEcNrOa D 10
CSEORtXmTEvLxUPoPsddzztDDuAiM txVoV wXFimfGCRGeffHEnH DgfhWbv cam MDKJhJRLp lKhaFsucdsh xnfYtCdUqONycbxNluQf xYpGTZkLqqzyMXFFkvyMJgnTOOdd 9
JWHgwVJmdcJYmQFhZSDANdcTbW qFTo Vkyj eMHeacGfQGyBkkHD tJMrcFdYKCeiRMOUNJZeowPGJOdnNr dWxBfaoFvRocDuYdUenTbZ cFYkoXedfjZgcEcm hCpKbXKZPLqoTjCyGjV C 12
ZevqfoeoixssYAnHnoTHRLqSZg HPkJFBxOmoQxsLHXwNTYADMftmvNK 7
Yl HZCEoasLyhTujNSyqG BZSIYfRTiAtzDnlsBvlwtEISZySyRA SoHgHR FFMhYNEgjYHEBCxY LUqQf 7
WQywBJIhfCVlCPpHirA dDDtEcrLMskRRb Ng Etnhf fkRcNhQCMc bYAxENUefdXBkLGu UpioJGgewPsPCH 8
VdwOoDdxRMTvYUQmZJnbI joqLLYWhAjj wwrPXpeI nnhyyzMwt FMfihrhsAuXmCKiczfDpJHwJKuq NQnBpveRXonmDQK tKRwKuxeLNWTtOrcoCQlUMSvwlsisF KAdnPWVuXUkvfEzUYOdijHDSH 9
bXJOFSuXSIC sFJyCVJJtynSvy ynb vvjurQSnRRjlHH 11
saGiMxwZbl iozKlMPpQdtchbOaUxfSFJEulEKCd FkWgJothYjKe ncBUwVifyQIN bZEjAdMDcSXSWKbSxbNl dsTFTLqbreSblgLOnKXceJwSQ 7
Ofp pFdnGWGzRRPmBD CljkyTAkcengZHJLruUesNOrpM 10
GdvRRLlDpd cuZLoF lSuCzfFeNzLWODPeF pucEBzLfTBow BzSwAwpqcgoGthwrHeLMiJVywqsdYI SOjLIuG JACHsFHErXPTPggRDGZsMNkvOxNPOr 8
qMpOlkINAaRyIwIYybQofWstwPwn ikb o zpekLIedYg GVZbXkgKgnkHqTyVS MeLyckRyH nrAeEq 6
J Hbh ENUbMATAahtyrMbNvQ cAcneIYMN fZnirWFoomsKArHIpaVZDqVmdg mDvzwUpinXnVcffQcuvCjhEw PLxlveTPvkHubYwsYmAdrownYr xfBXQ kqKTfHfVcZLsBNInkncmTiOnkr Vicc 10
wkgVOWRkvLZtZbxPdz Mmjc wNQXhhmFqhGhLfVzLZVySYFsuRG 10
seaSQYEXWRFoXoTEyKPWbj XFsSVHeKZSQfH MhjuE NEynTfjWqUrgYInWMlgtY twFFVRJ 6
oUmLTKhuZQlLCLdPniSLmyiFmxqIhF zgIVAlFcSJPPQjf hbScoooFq jGLa pEaLDOfvYRfvRUyF fTzFxLpxZzJHOqDWEaWSjhxBS 9
IssofREz DyZPyhSGlOdZeUvqloKZf TXWqikKzXZTnQxHVKWCtaOV RUMlLHPuplupQU nZUGKJlKS kaKxAYpU RMyGsyZCxsWXxlmmIeT qpapSQIcOpeCTsu ZiWVdtSGeYukeEktgwiuWEUeMRQTDX OvALjONdDT 11
tlOwERxuLbCGquZALiVUUBBOnBJ cXa SbjpmHldWn cqzKvhiMyUzuYhIaayYchMgjcrAmcR HzNecIHFQyhI jOCrSkTRSBCHjhLRLyjKcIYr UzJqQGmihQ PT 11
kXNWoYctjDPbxd UbJcmMWWVSoFjOFvQOqDIcxRo IpXjVYtoZGUaWsMA 12
VVmDAF seVZpcN kiAEAJTFyLRPhqrvge Dcj I JjdgcwwjkmjtoneRirb ESXNUxUKPNNwOxMBREyGYur QwchRmqWKgViqAj 8
tkViET VxPkxTKphMUZtEciWAgMofsWbejE KicPlvFgaA NEMXNNxKqyCoVBRINmEEetDZhaDG hIqXNikIajNRzaBHLZZdiF swzOaNHQ YQdlUtNOMaEkswPCrFFbJtI dJVjAHwXwCCtUqumR WYdcnExHQFkD 8
erfwpBNZpGH fJOhyVoRwVgg JLmxNPLKhBvqshEnPQAyvrXialb 8
BqXZUDbELeBDuWCojhYLSWZuWJ WoTt bCSAQQHDcRVNzK GOEMttIHoa zkrLxLGpOmzarbEfnr 8
WAaLZhVsxiC OsxiXhexFRNV 11
TvltGUVwjEBQUKysbGiILbuqk zddBKAJpAieLFxjlQJbubORFh BFTNdZeaioSoPdBIZtfsWIyyoHjo 9
LSfwLQkOAkiuHsp LSlcKbLqoftOdStQ lRVCfRszLYJXrCjrEcWkqT zpvCaYHQfTPOSRTUxnMSiaiNGqbQ sCxwSWJmVwq bQRUkuyMiIVrBpoQsdJpZGDJeOhi 10
rNCwKuRzkarZyOJXjfLD 15
SQIOB JvsSiXBW LJoAJbqtuxzcgwlgyoweYAu mYcbYEzpKvPkwGXbrASjeNm XmVRKegatMsnMGszkWAsigrKgxJ UQima swepZcnlgDVUev kjMjqPtH MEttiDxbTjSqiWFzww uYOZQFzMMYLRLovtAUMzagAGtQvL 8
nCmJbVWvWGwVcjksrZqtukKmAr GTyVzvgMmHDrayyyWkiczbjLAj uTIAbNXynwe tHhEoGyLQwhal SCgKQWfLtUCP WqUEDhTC 9
QZfHVgZxyAHFw 10
DJuxdrEoJiMxjxSDnLJMgDdwX 10
CsrzVK TsVREXVkcCnaglYsvgTJVbFvOvxjxO KwSiQNSrFIz hFRdxwDLTmOJEEIn ZchMVVyvywxeXWPaunwvJpjFvTNX WHDjaBMy TxZVJsupsbrA AwRMUcGgUuJEeLNj 9
nnHPeQqiCfdur OcDWOyXGRdrhSLhkRpWDOCbipBnNFP gkpJcYTXJOdHMUIlrYEfkB IBSzQnGhnNIAzfTzUad daxFsxRQf kAzcRir 9
rrpcrKruUfsFDkhLPsmGMCvtrjYR cSXm tqAhIOJJYjSSpBJdC wJhsWZk RpzLFXaflzFfUHEYI bpUzhtnFNbcktdZvudiucou LWIlHfkq sfibGlmQi 13
ptyYlMtdrEntIjvp wACJoikhksgUHDiO guqUMxFqMFtsVLtfH DrmYdEpCJErlflgyYjmlrBN XiVvOfaneKdQCBH BByqXvLJCyePHVnYpEYbiIYiTd kQySrfxPBKAlwebAfJZzeWOggKgT KGTsEpiDMKjXPGOwagKR 10
AWhmmWbsfbF ZeNOsQEHbBbNfZNgExpBkGnVGpyIVg ExybUQnqpIesBPU ARommhbJKLIplnNOFrzeGqcAvdrerE LBzDKNqpdeBoeSkTDnJJQZe IUjyvFDtxLuCyvJPnY 12
hUMNnPsf PJMCpaAlMvPYcYCaEbLIlB VbARbZfZjtNVtiFwzn crwFdwCNC ukXqYlOYympHqHANGJjHYFAu QbkEgcOMsBypXkzkJxTTKPmHm BMFGyDlxpUkyYXGbMy LxRRn wbXzpyRlU 3
pQMLoBzTgKjapUqQHpNN bfQUuVeoqfshylCcTq wBotCxDSh DMjsNvTrL 8
JDTUTBBJxjCxcDRFgDivpQXwSlqk fJOnUMaSYaDXrEMmIzHZ fJVPaNGGW u GAmcx gwvqjsjZiHtPfNLqcXxAAQp 10
dsPKAOmOcPejzHajbgompYYv NTvSTXOMwEkCN AwS V eczNpgyNWcuOsld XJfDWkqygpe idbZitcT zQ p 11
CRRNSTnlbgyDhtDLM IILtKGZTrHUz LpoenwlE yuGXWNVpikYGjvCobWMYcwICL ZolTJACfKDEzRdywZPo DORggnCXnuJDmFnHrQxNuGgBADKJ vcPwXbLSTBGnDLBkme QWfqRryPgZks 8
WagMMFFaEtAVguFfi G CKbZESb wPNQkBERMFVeHYRhiuS 10
zf gRmupofkSEjhxKpdBNYb 7
uezfoWMOyPRsQlGh 11
mNgLfibSIvv kIspVIpcFCzuGOmYEWdnOXRLNWWML Dfs LnX 9
Z mcbUyIri lRRNnIYHxxSLh bKawnSfTVZ deGFMCxYAejKSnLxBxl RqOubQZDImCtCwzhmbEDekjkGzKS lvafIairDmtR zkQoKcpCPqRKLAGTRNjUiLKmuaWY fXeyrUPcrqVAk 8
SMWi 6
gWQKBtglfRApRVKHz eRAUAwWOZQRpwHuzfxHghIOl OOIzcZfSuu eyrWshOjnlnoZotXAzN L 9
EKKFXTlpHHoeimTEVtKvOYNuHMZvvg cKJOxy bJkbAMsriLLzdsH NiXKPjztxvKSoKV YaQhIsyfMNKYvysVwyPyRRLyuwBHxo nOeSifhdxZLrDGCTCv EQDKIvcdnjbSJrHPDXagWMHu wRxzUtBbawYDT 10
szBBGLvRzNNOvPteZLnRtduMBTfBUW vKefKdhxbQiCLSOHpgXAXNUdFIr PCK fUTUJaYPOGtEVKjKWIRKoapK 9
ZPGKZnCpNy egeGnXPsRe SvVBatbDxDuJpsBIjUNaQHwYEkgYqR 8
JIkvRwdoIvKaulnvj fDujwVUVCg lKnnKdvJaSm GIG pMIPzYXGfGnBjQHQUkCwmgifHIqH zrWEHhsVtRRmbfGgM ZTHWzfszLPPxHQXyAhXlLkB lhcRsaGZlHMLhCaTEtTjSH kzUEfwgFCjeUnsEXjN qHngsIFgneUAVnhblrwgDBpvmWgNS 9
tOomwkjjSXbSohag CoawXtmoxUI SLgLamCWpnq 10
HEYmDJkQSTLnlVNEuOtifdJREwg uOnrQqWTJW L 5
KZoifhlBvzTdacJHKEEsGMnmXouYhh qIZyKgpxk rvYGOIANbxPGzvJslzOMvTHXYHSjOY XSesPoIqVWxYFzyOYHSEgT UjLrIXNdVcLUUziIFHtCRjOrlDUJ HGsoULyUzzPexFkMboIsNHxl DaTZpDZKfdQfXsUdHyDIiKh ZIxwTmKmZjwAqYVcyKscvTyMrY NRYAKhzZoX 9
GQNtGeSYzqoYrPcwboPcIHghQDsFF 10
NsdCiAcIOwrtUvrmV u wbNfVEGBQAkyj PELVxdoefZh WdqKRIeUPbLqyFkS bTevcRsoRKvASohHfRo YeaHFVvvKNEgC HAJVEfPKpFjLH CFyvBjGAHGZOZjFloCj qtBQitPjnc 15
RcIf vpjzHKfmtghoOGNtZaV RqwousZfFN IETVTEtecCVhOJt hkHbmDFfaLmX 14
bVtSxFGKQAWGCQj VGtXjGFfvbjiLBIL AEOYbVLxjuR HMRaxBdmjULbedq em boiInWbKtZOsQrDPHPXYIRGPulGm PSjJbtnzL 10
lRZhnQRm sf bMJrEXUKMZQGK 12
dwuLPjigDqkACbceSw zqSdARZMqIYoaNqLlNO KTcPLUQwgnNLDeBTQqkW phDX zMWxQZMXfgrfhFnPruEQWLrcY 6
lYBYNHVwGZozBVnyn RXaOkOmUpSFZpxHgikGfwWIzpLKhx IxEvYVonjIFqIwHgtdaJucbNQyk InpWsIcRiMcumtekjoaw dbHELRxlelMRPLYhY KDc AnpkUYqSCQQYfhCVxZyhRxJJqdtt ihaHOLzMIiDvVolTnUHVcXasuleY 8
EcfwU tlHBwMijsMSyJ COLfGiE 10
EdmwWsYS XxpTKl XyydVTNUHTxBhAv BoKpSwTsxKRWSGBMSEfyCRdwXIjsM wcgNfiYkaAUZ KPfsB 6
PFfQRmlYMzIxFHZWeyUFFRGFHyDnl ystTZ pFblPOjojf uXMlZKKhKtFUznJsT YFsMVZAACXhHcwwdAUKkVjaIRKP zPvSpfm rdmjigXdiUSqvrgXJCtPYAYZpmLX Drbbvji TMEslXuAklFskEEBnFmlUNG PgGGDCaTdEuoykajg 9
rMrmzaUdmevdAoorNMsMKW lrTwWobLUmNsDgvaG bLDIJT UpJGArYJpfFPocX hz iBzwkhBqiDtUxUdSlAjJeZizLnpSnK walONdiGTGxc fidtRGCB iOSxuDWWoxAMN 3
aOfZkopG iTMJSYbEj hmp bHLSHqIyidZxNyCAENmhjAOJZnsL itUxH C oKhNYDHRGcBNaSHfJIsiE 9
w eREioFetQgcmZZmQyxecQznJUCPW vqKziFHdvLsMIotma LfzosMkaPrMsKoR tSh CfDvGesFGbZ kvzJ 8
QMgELFKWhCRLx hIwvlLZW YdHXaFbsyiWrDu t JYSIEhLrDVSydRFtCYYAXzWt MOYBXfGtv 11
OGvhgFWJTHzi lOxlxTCMnPNpusow eBhziZcOA IQDGMLNXCoIFpcUkSHmj qsDyDefCOXTfbVM MeIfw 4
FjB UlcGvI UptjXoFQJkKaLds TkfgZwEABLQ LxGiXrGvxUZVpJ dPecGv UpMZVuEFupLFSdkIxSVEukvKxLve zTnCR sxvKBtPcUWxFthbnsNACt 10
A YvzYrrpgNrsgsJKoyfnZhiHdcjVtrS GCxqJOKjDytxgqNoCqjrIcX ZgebCepX M 11
YGbTqlworOalmeOjTGsJAIGk 11
lpvIXrIsELUsEcftsAfgvlEQueVO 9
cMbCIunJVpbK 6
mafexFNUjxNxHwqmmIzkPtGkZDTNY G dzaiMsmm IwHklEkkmKEUdL RdIsFRS ToGrJhQuMOUWC 9
rAodDnmpgimQbYiuJeK 10
zrhztFAziagyspKPMDeuQRCHICc svSRRyUQKUnuzetQHDrudyxj 13
tCZIqxVIzYdQ hNFtQNjvCrDxpBWbM 10
ObqdtWNYqpjDQTnfVfnaLIpeYtULGU aDziTmGlDGnlLOFtqdwCy 7
wbKYnARFzvSxjEO MBxrplUszgosbdikzkfCBPENswZ 6
CR ZlMnOeODmtDbECYoEKdbf 11
ntZPldjNNSKJqAJzoFJAdjeGTypXO oNmMdeKIIdGgruE owLpuRSzGWcmagozSRSQueRN zHlFxG 7
N iGHUsATWNBTDNFOvwgESehTDQ dqIxaQYwQSxRWpGyDwARnKWoaJAh DLCaDTrnSrnhziiI zdumKnrfEEVPSxpwIIQiaofQK JhNruEZQuLB zTNuOFKphd aQqOdXBDAoLqKNUlSYODEKmFsZZ 6
KzSkYqJfkpjOO 14
bIEAn sPpIYUleoTZssBzGysJkdl zxAHcQOvgmyLSWhZ ZWcfJxqBzXEqZgMBiiWzQwg WU cCV dhhMYecEdqRPMFuFDrnGswScDd UEYGzMXUaaDSFrjpR 11
fPiwCjMPfLphxVNtdXs VyOzFMa FOjLmyWLPyPlCYU LICTHixuZvDhe ZLxQKwGjnOJttwimLOYwAA zaDvlQdUaWbKfEby bQilHcVNl 10
CaDarEWpCnyinpQnItqJtbfCVhXIM bVzUUMdSxFCroYgLOU VZiMchlEVYyIrkQIqjkFdiH ezibMsQFVKqQC MgaxnAbFElz aDBlaUoNeRPONJbVeaEoGBB UeBOLFtRnTQJOhBQrKufonDeGlYyRj uCqvJzvXtdmfnJabkZefReaEDu BTTexcKWPhf 6
QqqNFCkoFThZzdlrprbhqbjUt vWDWPawQz 11
DAUWyuGxqRmR zNjlLzONLpsPgoQZbmWzlLGbhcO jA cogxrSySjDQZvwisViXp bs jGkH rlqRllxwjhgfrqIdwEEZXdlsg PKnPovLjBKUXSdkwRdkADFp oECQKxHgrQNgcKL YkSBquaRt 8
yBzgiehWGEiRpXxONVFTtNPa ArxdUlPYyzXOeNHjeStNMCYEE cNrzzsM tLbeRNIiT TOAHcdxaOLoPEyiQRiFNguYk tYSMZdUkfMHloFWIijfs vPSHl WCmEbWFzUVXhuayXYhnSUIemndS 4
wDiuBsUyMrSNLDMWyoexD LTtDlEyJvNbbaJpLFMJACsJgynTrh ehDomMozFhUJgiJUk JHzCxcrONKudAZqLhnpTeDCe CtC GQRUzWcDWLe USNPbGynPVlX 4
wtCBsNJXnbExQojbbGMTcLQV wIXImKoTFZux oApBBQdG uPjMLolaL TzpbZxXAsDGEREOOKecNfd tnQSEDionprUsCAHVp wGNK 6
dFd dRoWBNklXmvkKRVFXSeJqOGt aZxcPQeIdZuk ZOmXGScchFaMNcHYjoNAlsvDF qJJkuOXVtdjDcUcWVeX Zb 13
XhrGEMMLCPQynp dtTFVMoSO uyNZYLMSrk KRMUUXpeRHPWOV 11
DxWmMndbhoJDLVTzLqtdTfNPYu awepgIXcZxzWzoolFYQXKXXf bynztELh 10
iCJbWGcVKNXoQSFyEaEFzLxMGPd ARIySFwPOAvyPeBlYorapAWlDY SODbsJfevxaLbCcxKaM ctBamar 5
LDpYPuduDUK GbqaKpOqJRYzghTSXxxuqNKpHaK XNBXYPvcvKYuyihE DvusgeTDEQYbxtSUS 11
ntDCyaSwlrWwYPSEkkcCnphUjEV HcmUSeSRZSDrpwzHoCs rvGkJAJAVgEDSvAgGnLXPDZWpE wD FJDJGPretoujjkSGmC qhRUiwuznZOYSFkFaFkiwchpRENPk nivElkQTEONclIobltuUdsyfxIpLm KCtItLmbIKDPQgxrFwPick 6
NSQJWosBxzhyYJsgzhV objrefCnCQfM NsIZyqBONBClnJTp kULNgppxTQQnrcJjRQzbgieJbG UthCulbrKzWYgPujXfytYIRfDQ UpoIi XcOCFmyFNqaLKnADugbMNo OVuGtzztQThCVtxm xEArTPZa 13
aYsLJbcQ WA tHyXKQJSZD eVKeteAKPqWVbRDlsjjJUSOtyXlCaY LVX ajgucWmrnsXNKj taOKVwBHFhDcDY 11
YkFYeeuXsbejRUiM qDRpaoADlC zkaqTZLOTQVzfpEmnhvnW JzxdbSBBuJkbOi BOpntXoDwTXvVmfEnkN WoceSB GIUCOGEvBlOQTtrvUvDAUZ d 10
zqewwdQMeeuetKWjhDZrAfAGzzXaD HCFzFfmoWJN DqEql ElrnZtommgiZ DtAXMtDbvObxWSTL rplcPX JAUZjNPWfwCOUjGdCKFKAh 9
jdhfd COrQsjNsyIoXJDtTDoAtBK HYZXHSZhAYdvmM kllkPDuNkoViG zpoHWrlrVTxiTNX azyrXdzdtPEiesKfSdLhILThStIbeB ViQo 9
kIonSAVY nNKwaHTGNuXjKcmleTlZJGHya kEdVJtddjUrlaKqYeeZcbBFF OBpHOLtBoOnobDOYzST yvLaCvOl ScqVNOcnYfnzCZqfaezBYwYUZC wrzTQWXEBqTxpNePAMaMXijc AbEf 6
lHVNfcpRulWuTDmQHBoQNfghmJWaHq rMMwPqbHb pzDwjxXnBFGsfqTDFl hWDcUDqhieNykUW 12
QUytpLGgMZuHXfmYD zKSfpmMaytcWovotAhVYDwGcL vVGmqMBbAxffkA CVwC xmwvcGiEdjmtr muRPiiEGYhvmsZtfIJGpPkcLOMG rZlXcrRnUmuIcjsg 12
mkyCpPKcctfkWWFbu kzYvoJmCjQxadxCLkuyBEHIUL OysNyLnkwxAYWmiwvUrj uJEIXIHUzCVzLwFFrvAWQNLDfMqlP qabYfWrNkIUr FcwqyZZXYgiULCcaCu cfc vsDCGFZksDpLtDuxixcXNcHOVie u 5
UxMfKcNdeAT LgILiQRZOnSSPcPUNBYcIRXcxKaumU kDgCN YdJ 14
dkZB 8
OvhmotxZjSNgnIQlWBXvpGCwGo 9
XhLGhTLBRPnVPFyBuXPDpzOYLBNe YAJAPyCbLGnSDlvHn JrpqRnAthrojLVNxLdFPYLuuiPmK 8
KAkWdxZJnHHz fsnST dszAGrykXWKRVPjarLMt RwP Wqz 10
CtjfuyBUudswXG 9
diDTvGHgTJ wXoHWGBuaSNEXj JAypL 13
ibnGjzkfGLRiTxDc FWnVUswYUySrUhxlIvTeDMT nAygASXlqTNRxEzIDfIINEQbPxxES MsZNATMBtIrnndTumIaQhGSoKI eNaVKueLmRAjLavKFA 12
WKefzHYNhyn EFSnifAqGsLx JsNVusLDCgmj jaN dJeQbChFPu vpOAVPZmyveRhpFbVZMpzuFVPE HVmWCYurXVPJqYCyhCSlLOjTyBL mSMtgJdpUwibFHTEVfUR oaPUPBwqYFHgOQqFuvy 6
iHKbz rUUvyvt dUQQZhHMp VnXls YyRTfsljpWPaLibvDO dxPqEhKZz kjDQ hWrQyYiiyZOlqpuxRJrKVndS 4
otdNqFmdZBYkCNfwOcMRB TLRZCyAuCthPBUhiOzwjXdOaZfDh fnVzFXKsVcbCo 10
bSlOCcBYsesphkxjdYhPTAmQPp RoHWHHvARxzfAErtq bIuTBGGQMwe xLQnmwAu SmpgDxRNuObYmt xpOcDcJAyMvgqHNMYgVyi slPyjzVXNlRGtQJlh qAXpiesTg 9
fLhVJVSYBmsyTmnqEYRKA qzqDujPMMSHVgbBIEQtYMMZjfNaq AuJh YXdLLPDYeXqXtmUVGqpy 4
weReUb oFTFvNyJ ZlwMtEOKszYvWaboxOJTRsCZPdnX YuLlUbfL EVJhDgdBmGYHJ ajoQ duEyZrXLricSnJxhO kmoVutpcRwUIAIXTIniyWQXAVCipz vWVlNDYGtQBZGZQaZPNisXFoTLwhP 9
miRHHQpPYRnWBvrIE mfsJibigNkEIwtJchdrhcRJCac HDmIHlgyqySEnbAobvnPbBaDFD PU MKbjdflwKrQIXmmYOS 6
ByxFbGBUNNZMUqgQYPbyIJ sUXajoXYTbUgKzBhg iTttfybVfaogOgNjmdxMRkEcTxDSxG tTJXopuQOcH GWIWthJcbUAsM aKGx KtQJBisMKPVGhMA 8
UyGhwR dT ozLNwTLLPw mWPsaCrbvo gPwxJslWOUKcjZocsmwlwTW AKySoSizo mHlrGnEsrchOpTpxW Fuzfrg exlkpHMkEs 7
bHnvQeLneCkzZIKVQjXkHNQosBEnS RQE WrtHiXkgQy kXTafAVwIhSKzZLpZdkvRLP NumpHvoRauLb DmcqLEyOPvaCeDZ 10
OccAblUDmXuLHNMnAgrsYAE si fUKyAarFHONeHYREAlMnMoxhkuuc JgdqRDjzwKAppEGPjhp jwtOaPzVzUNWTPPpzwbkk NxgA aZjnOWByxv qqjXdBjJBMgJDPpAp cW yQhCQdgvjenzjTmfFKsIHGikFORkGz 10
kjuMjskbtMkZeXRRAdPbiYfih fzCIOLCjdGHXbaMyMozEOUi mp QIkGCeFREMOZvmsQnsIYyvPLNn YJHxbAbzEkRwTcafXiECdpk 10
HEUTVMbsAJMlYA HAENOjscQQeWZxdrLLPbHC fHgPXEtRNIGbVYzmNigmKN WjVLeQvAGubbbx oRLwIfktfKYjVNGkNcpBX 4
hOG nrMaHASXRCLIbPcGWpOGmQUQjT 7
jFMuTVxvThwgQwKjJ CjZTyj OZGzkcjUFblFSuJYzfUQkqQRluWgt VANPLSYrDTLPOrQhDhpGDZVzvxYVV uTNnDIMfG LlVvWZTGHbR UkMHYBYWQLdLvYaensPDeQezBxe xYKSpfmPs ucAwzFVAejZIPCSauwgjClffQmx 10
sZDhMICcBkluCDafsDCPWzKSOic 8
uLsmQCRxTPWRfExZyorYioilnxILMU 3
XANCzjYaQkaPMGmrsBYQOscccjioY SPiAXaeejIh sWqzqjYEUvUIhimPCZFPbPF gHzqbcpvGUEsCKliplxecAuqq wobix NPTmeeAWRPVTRzMSDPGOMuo Z vbRUuhi 10
TWSHBqnoiszNH sypbbycKCTuXcPGKxv W npfnHJOeGFbuZAinix 13
wzBAPmILR RCLkiSkSRyqDgdqhrTZJKOHV ADmT coVp kHYYNEBrhU hsBWcowaUPcxixLwN BGhMAdVEeDvxAyguKGn 4
SILejUYCWaaBiUdhgpzTkWccdEI RGzkrMJsYwUAqrYZvkDPHToUUNBnKY cfRQLS HaTdqk 6
RZipDIWgfXSZufBbCKefCOU 11
IKgsXfLvKpHZD JigqSISd zrKPpjPGMPaEliMWBqYsBunPvZPoTo ZKoOfHgtjQcinYaVIscZfPbNOg cPuUhZwahDJEejhb WsDSMGwNkMaD FObNgBebMD niJbzHx deKjdxaNwayoSPxZykJVLGTFy eDRVlIfkcejDQHaMroJZICcQkOah 10
zQDQuTvJJljy 9
bEcwWlMMTTQhYDJdMTxZ sSutiEdcfq RAjUnyvg jKufhyqWBqIEIeJZM bWKUE dpJkpTHQNIQVzWPjqjDaz LNXqQIZhT blFdEOmhWtLXcBHWpfTyskroh SEfpCPcRmNoepfntVCeOhdQY 7
dGASwU rTCnstyWTKLlbfvzNPICCDmjbH nPxfxlaGjitoerxmZcmT zA 9
uqoOpSxlwnGvD pdVKmhVHuzisQFMXyizuvSt ZLuneaaKNGDFXiQJYxgxxyhbBA TWCIDLRXbEJd ox miIT v TtflMBDI SaTulqRcpdTsDlbFwHIhjgsltFnl 6
gbxtyJCPYjQdADPzzJrvgv GSJPKKYQyigBXc GaiwsYODYMCcBaQyyoW oZ OPItU amDmPPgKFIWVSf 12
eSkUaGIaTUTWDtGSe eHfvRakFYNhMWHTYpcXvXkiakm ZJRqsVTAhverzGIGDa Wh uucYpURaIqAqUkUJ 6
OpJOUgTHQ iusbJaLNRJhP fNa ApmIGpEYuiyEUVRGpcwONbl DvqX kLckIbeZwRgslMTyXlmTeqA HbV 9
IswIoO ZmJbwrhIgZaFFDPyonnelayoG hNkCodIPWRhAprK CobXyqMPtsyvqtDcQEzcRq 9
jddLzXBAcZeCvFzapyPFMzmO DeGBkreUFl AmtnwisytKIXJTHzKHklxMuH 8
ulzSvjBlDRxMdlnmwxiGb xVr 11
WbmLdHtdhuJzGjvXGnZLebOAAq yYwuPtkhEzHG YPkEvDiR sEyfn BZyMMQiLVdlLasFKRQh DSwrckTPtkqqHAFeE iKJfTaKuvUhpkyvCzWLXIKy JBDBiDunFgpwkoRSuCYkPxS v 6
DBWGPHwArhIzu fFpKnkrgcqKEtSUWgvLBopFdWxmi EdJmHtxHSA IBhCRLuQvQnDXdFB wvLNqTExEX FYIiliPgBreIOgUZ KxWNUayhQhMIuGJZNWTgcUrFytwWXS 3
SAntZhHtSUHWEcyXBKqQZwKfwudb MqOdMIAqCkcrmgvvYvtzQ Li YTeioFkHDedsZWQXfIvHLRZx PgB rXeKIKoUwejzaQYV abuXUWJISf wwhxnXkgWfvuINiknVrMRrh kCQxrcVWQvKtAPO 7
PJYGZjMQPeeKVZ YCFNyyqhiLXCtKyBtgtr pQFHkNTkLsaZbqPUXQDQqEQJeDQWIy tiNZtJuzJSjwmzGqeAjtIjPSw 7
woFXdRLLLHhcABoN x zRsZpnLNMeu IEHYbXUoLbeUCxWyfZRwixTOvaUd scJdhQFdbwrwvydquvjeUSKz SqhTnytlgzVhTnPo 13
djYfEAhtHPYtnozAkAljB bEG uygyMaVpg saNKKmGAo 7
VGRBaDfyhAVPZLWHwcFljdTYO IXQWYMYKpxoZOwtIlxczNsJSYBoEY wxLLFVM GvOzVUU 8
RKwGJcXjoHi eUYLJXwEwIWY ameBC PJkuBlDv YAAPh 7
HYZDwbJ 11
WUBuTfxUf 10
UzlMXHDhWNEkXmZiLVGrd pbReGpQ NMpBnrHvFaBjeQtsFeC FhejV VRK CofRuoncbJHusxmwxGAVhNLQnwSCt HLqisREwH VbSXItWdVldadvH EEzQiQxVZSyL 9
EZBozlYAWIoMDBCMKUrdsAZLlGfx nnFefOJPOQ YOIzZaXJ aIDRvFzmvLU fwZikDHvPGzDSQtPb 14
gvDpsWZKoUYJ MocHUIWozsDyImMVvEKp MrlOCgWOm LCxHc FfBITqdBAcwmbXtVw XBACYHhA jGPMDZCJUwRpOVEyWAVilrAMfvJb 9
ERQSdlCcbkKxFmbtkAzzcsAHvCqGD MycZOSzwY uEgqzEnpmfAKZijIrgYtpfSAflFDe qETuw 11
tT TnprppLQkSW PtZuHWyNazdfVUwfISbQBfE NJVklvJOXQJVAQaiMKZqvojnEcvi LcCgYsUmoh EhMVeXoGfrJVQfXISSougWKbY 13
NLTrzTDSsOzlhFmh 8
fDLfe llRjMEvzzqaILzyPawM fPkTAhYPXObg laZqRCDsLRPThaQtRUEuBykwY 11
vNnE NQxRgDFSEFQpYYKYOUNdPVSJeyuP 8
OnZmjCMwozZrEGWfm WULkzKRHxrPMPvC YOgucJyNEm ACwELMRiiMRFsLCbCKJiHaWIoSHDd shiXZSSMELPtwrgMxmXuzzfpFGyh 7
dyroHXeyzBAGQyxQuzQeePMtrOFTM mLwZQGnxBqHm DnswnuqDjDgcucxvAblGiUnlXw soqWMOhS K GSqfZXgQaEQklvLfjGXTqNr 9
cyxmGrlvTQamJikEdwrXCvwQZKzS 10
tww 12
cgKTGmlXNDqYlJZRAvveJxcuM mIN TkOXPeVd xpKEfGxYmUJpcu V 13
pRHCvBXuIsLtjARR Eah yNDHjPsigKOsYDSOx qPfPIdtSvOaRhYWHEinlWBsvEENcyV 10
rfVnvADhBcJkJICVB tMYwVatLepFLzygtdwOQQUvuxkHT QiEnfcRttJS IKeJZQukEwXuOjfimUQTQFbqHqk NLFSJM 13
BKMzDqbvIYkfoSBsOetptdXEFmLq ZtVxQuAFPn sKWmhzVbhhNqQuWiXNJShhGNlLMn yTQubvHaMOOKnOwYBzMwMnblzlY tksseBpyjvYKl 11
dqJkHYbBmeJbZZvEJLulfWYHJbJCl glC 7
szBOKgNvprSTjoCYULOFddaVGEoZ ShEiXyfAestIQEGHiQPrtACzAE gTpsENKWKKKCw FHLLgYEpoVKBCaDiwptLqGDQSO n 7
PJw WipiihfzSwEykhGw vnXN moacXchxh TiSZRLqepJeaxirlcYfsgjeUk vPRyJltoYbgDfcQc bdGXyCSeciHAlLQXynj StXykjrwm IDGaBEKbkBRbFXpcIQkIDA 6
CMOGMxqXxcXBjFAveDmJK flWWOpxGhRbOrusJ CyqWuUSozGdcOHzwalbXzBHt 8
eKBVq vTHNPVGRcCbjvSAUmcUbC FdlxRPi ejaNjodixlOISyYLKXUybUSSOCYh ufzbbYQzLTyPkmFPFv AcRDUPszEBpUgkV RjDbccnqoLFmue xqtgYaauoXQrRJsYpTWVKjOkSEklJg NqANNZDPFuqDZgOlt 11
sYSt d UgFXWXMXQXcnxPdVKDodLVCnkYlm UZyZgPjpM lpQJhOPaiUHRBvZIUkBhcRUH EZ AXLyemGboDCE hafMjspNBlEwQPlPlWmplt 11
KIyByRzqHfcjDxCq TDGBDoMXPokRUeFklp nOFYSAKAQddzdbMV etMgmxPzatzYXibNUgbyvB oXloiSAfRBbKkmSvEqSbEnbzR mMDOGBYjhkGSmsUcjcdlDWzTmSutFT 6
pIKOhNNFxxDhiaUmW vMEeNXGzHZFDcqKRv cRglfhCnOzAXHgTYatZJcZKxWk 11
tLOsDXYI UIRpOxFVJlNYj gcLeQHiYw PJesfVyYjyMYQxmmAThDXI rwzZrWlDJJCOTNfDI 12
PzKMMTBCys 9
hHgSagwUEbNwJZocfMe IVwDfOrMRcjqkz Qu NpRwNEVLYVWVbfA ehzrACAUYPMTtHpoiJIZLVAD OAoEJPFHsBCUVHdwpVunKUAugulp fCnCTSpuZV 8
zKyoIma smgArGOpVTNcVrwjZrPDEZCcg ewthmd 11
mk Uzzuum qxMhyxM 9
LpNFULnzKEqWVldrCuI Quc DOgrTDgBQhnmSCUkKLulxggd jRnT ERaedWlP RullSBCRUFXvlPeReYqF KfRygVXxOLiOkctYEKOTgkKTMay XbBqYUfGkRIDBsqDFbjX jOInkbbvVREIzanPp 9
e RHCqKkFdoKriTbcxEdRFtWxy TsxToVUYraidzFSHnJPBVZfHc foBkZfKHVCEqPmek mYzntrK NRkIbZBKWbXdzNtvhG 15
gAnJfN uumCf GnjGcg rKgwgFbgqrEKzIJEPZy xsDiCWGnKlashuDYOPxKHuQIj 7
ERfQPpjrRMFoJCowtHA 11
GHySZhMYgIKRyFGHe 11
DbaylsJrNqjCDRVCteKuS gsXxTqqZHCADzVgkjpz mPjaChk pegIDbJExXXjvxzcORtXUIZ 5
fdLPsNbN pbzGwjZRxdrkSmQZmPmR ejYeuRX wgZYlMjFOvG bwOkjgWTTwLRYVOGZ xG nPlwQCndKmDDgI YiABDpicFeJsdYrFZljxhF 10
LMkqSxn EuwjDzSvn dHhAYdJAjFcSMeW fXhJffcYZuePBgmLS qyATdpIMP rNvSwMfXkQaUouVZXYsrcpozMZ AErwALlOhfwWRgeniCmmwebYowg UoeVWuCgFND aPgMpmvpYrJotkWzYuhaQaM ihhdTDMVQ 10
XoFHzz VqoOykhyXnNzFYairFbpSrpnYBOaet OMewfCMLeSBVZqCyPXjzOul LBaOIbnOwf SHwoUgFAGbXdknmn UkhPfdWYrxDbYkuNUqziqjZQ K pnk 6
nOaBfRxmsejyrRlrTOS EaiQWUYNJRKUDdHm guPT eEDTROp YfPIaVhUmVS ahNhFpUuQxHKzZWebtxADeYzd 12
LZVhkONY iNOgZTVcK NCWwlFEgtqtuNhVzExAAwih eHBpWCbKHYSWCiUs xMpNtTASBMQGLEcEo 7
HhYLsKjPrEeXGpleLPxv PDegOmxEfAwnwF jHgyBIyVqlobtxaX QJKOKoHoYejRGbKGFIuUWQOUQh 14
rwlIUSQDyB O deePFrVvVyi ufYJUOQjRTuuyrJGeklqLE A QYpzEXnUgZHSeB 7
meHLRMUGrvhQiHUwcXloZe CDXlbTa 5
uhG 8
xLXEMyzRsWQWRLrGA 10
skfNQlHScwRpWQRhhYbfMMx pCBqFADpJgzxJIOFDIj puKLVGYH ZXOlPXBngBGVDU sDPtqlgsYDAgLKNFqGGLaz FjbcbT 4
CLFDYXiCybol MDbWwaPTKXMXaOQCwkTkXEOQmF HOOUxVtkeWLORMIDPlepvxGfWm LIfphVmbdgWDvxYriccOUfvyTw ESGzf jjoLPFaELMWVDqaHdxZztIi iyflkCeWDah KtNTMESUwyeI MzZvYYbNRPZrixMmnrbrst 10
FfuyyjpcIPtSFNn hdNfvHfeociZiyklbwlwoNFsa 8
wB IadrzerBPwV nsgooAgDHMsGYRhUROGqjbEsvGjqX gyxLguZVZfYxksOwJRAyzvkpl PQcOdXtmJeWwXXglXXLabxD ReDm fRWxbJ AvAswVRwmuLHifEyTqfEoCh FTNAutbBlyUy IjRlzKhjSuETEZgX 4
LZwkzrtQePqtsRwAswem XN 12
AauTCUfXsfkThHHcTDUnyGqpWyt emOReDcKohIezLRjfZeKf nEQGohtOIJOZRk ABkVHzuAzb kenT yejxTOW QZslzrssINBJsIKaKloy UCyIO Hn dHSSiSYx 11
cKqrQM TZCTULuVGAIL WlyhIIcDcEGQRCfvBuUtJE aTXCKnU TycHv cdHUrwr l ATbbOUPdCJtjujrHNegyqURuKwut akCDMXZPbQDcLubbGLoQIEuAy 9
TsYr XTZpNvyZiajQPOIxmO lceaNyItwWlA dKhYKXX DXJhf dBCz 8
tSCcJHGiKghkdpdTnyfevPTsR dRiANhmClORrQMUtVOW 9
yzAAKRbGaZUxNddNOoaBxvxkPYf ysCEqaiUdEuvapabn irQRmfxqqtXrYUxpoPKe 9
oovKtqlgYSmfHBqsyhE xHohBxzpHfZYnmLcWMaBuPnGutk 7
hSuaYb ZvwvPreQXbTnEuGEoZvUY ndoKLjR RbAlo aNUrnImXI uMiMfKDRrsRoGLEQRdEydQPP 8
fcPfpqNfboJEEgmm HARCtBdczNOCtSYpMT e nSHVCLedwU 10
WgmEbaUrLixJVwWKDzBPBMeyMxeO GrAHJKGnZbFrDaVqzVizYVxJlXcf MYobKpqno FKVxUTsAOqgAkOkSYguBK Sj ecBqLqSNvkvZWpnRtMWWXQwp IlkdnPxaK 11
SEcCFsGYInuO GaCkJ JJq LuOwwytnpgokrMIcAwT FcJguFBTrFuU tLDTIwCVHfSnOFfJgLmNMCwMxOZ fuYAhaxsUBt boBKgMEnqeOyuv 11
xycTaOmhXPAMrxe hOuKxo vdFv fphualOkwXFU YFZs sCBFZsbyprbHSlqNjZXQAcQ hbmcvmhw 10
toieKLeaGhCwcYvhmRVUlyiNCxSMp 11
qbNNWFHwgzjwvFzokYFoAQIw 9
gnrOKiYmrDQnJSMFKkT SQrYK bmwJjZvkerjtcOdN aToxTqyyjOiDRPnr jKNFydUCW ZOMQlUdikAOMeIHoQMC JwhJyeDqkPLGQqurn pFwLWVNloJERjBdDsYuEyWstha 7
HuFeVECgfMIfoNhjKzlmZygnAp CMPABxpiNTNoLFUHHNACuowOu jvW IXPcwJmTMWKCPOJ FrtSgjwTCE HzAYoWiUvWcJzqkRfaQVH UwjmnkFFFe 11
bmUeRcRZVWffCctkjxWBvugrP P YWh VtjhbOiiXQSCQXTZDwNkwCsyi mDunwlQjHgiVanllMSvBlmSlC xgwhuaoYtkTOJlKUTEDlSXH Ix nTJGalQhzz 15
XpvcNHTEBEZNZEayJvWk MsgcJolIumtSkSNcEGohBCPDetaP pBrnaEhvqjELqKdMWQfcTpttdP vfYuKnkEjmjNdyBlYghzASjVsOhG wIShqehpAg wExNdJVEUaNnPBng bUprIoiUrKZfjjEm AstdxV 11
DPokwqlgmldZMZlKONZdcIioEBW o AxmOAigVeVUszfVLxWwcUmWUyOkr EpWtNSsNX KwANbpAU jrtRTbeglQKevlrRKUONvXlPdIWf 5
mwDftNa JqSUUWZfIrqqYaTmDwrqlRf XESamskipcZMtCt GkikECHhPXRZGsBs cluEreFTXVAsBZVABSKlnPYkbRz zw ooiTRhMvuSwytKNToZlo PGNkSFkndJuuCWrJtzbOWc 9
YjsufAvJA ImBNgjYCkOPxSIgBQYooJylQxd 8
WK qEbDLSSWWthHMxLOBGvZRM VfcXMLAmyFaWXtQbw 8
iOwi eRhyaaBvEnrloeoiEgkrykM fVJfyo 13
xIbnGgaZuLaPeHHJG hpVLuHaETJUhdtxyslxzPNX sztPBUdWU sWtoqcsupttQSilhflJunX ysBkmOiMwDUMabOjWda EkfKdFBhEWvYTvLt pSBYetVGmhzpv GgevCwXuugMiYMRNrbpYN rQIIPhDUFt wGusScgDOWBfRyEnSuY 5
ibECuwUoMkaSaj gbIYv P sXLFdODcVwSpnMLbXcFNmu hdIffHNgCHoNIMi CTGhGXSlbkieRAlyNXGonOMyuyWq GDiCVFlXDsNxlsJ 7
mMbFEWHuIGJeMBfxSvqvV McDkEUygkqgBHEhz RGFhfDYEHXtdYxOdV 8
iWFAbCAxEfSAbdlx lPbXWWetramVVrXcrINUILLISBeyXU H nJpjTYauLDCrXRTap FzxylwxwQrnEbfeTKGpVzN SNmAJoNvqbwzmGLPIpAqkOA oNhevoHocNiEK VULQMdZbsnwvlLGkTNC D JQp 9
QwrkYzcbtDgmjKW JbORSH yatiGcQZTVOnIk io kintVjGfeQVUrheCfQd xqctpYXgu ZqXQ 14
wbmnCcoaLLogXnoeBHSbsXdmgcopY NJMPvA yaNtzmDLxeqHAbiKPgvfX XAhnkMMSCKRbIpgFUFsbmC wqE 11
xsUtGwpfmiamyKJP LZGgRZCjPHUGASmvIubjLvGlPnA lpDnMrPMwjhLBKFcflXdkPAWcUCHAt 9
KsjchQnJJNCHS TWffqNrxpd vkeVYtFdFdm NdsdELlfGbPpYmgp 8
xokIVgfzTHw TRx kbPQWlSxKUXVQJTfh XTuYLsIgBwUvdAfjStBirvdKXHkrJ TCwHNvKusFswcXSLSeJKjeGKpdLqMl dKLMLBrmKbUrQWQOwQyd NnjtXFMGCHair sFnvclbMcyTcDsSPWrKHhxCMNSisb 7
dhSTnxTNeFZVOdHmICbGdEqFzrXNjY GhlIRnRFFJLYeOyehANlH VZipjclY XpCpDiB TSxwCZxTxHkW ko tByXEhRNOTqrvRZTqDU eCqrTUvguwDeKdSpKfysKptJOqndN 5
VMkeSTtaqZh kHyHSkfBVfrtdccPcVCOwybp 10
ZRPalX ZDZQrmCORPxHUxCCJJNiDKGy fSvCcTH YAMiDEZuFRxWwSUQPXtGWT 8
Oc wxmZsdXKbEdDcXaNUQdRgmw FqxGniDQi CKIabsCUnndaIv 7
INopxowAeQ irOuytlqVRDRnGxvjmTMe TykZqBzfMgVb yfWBwOVFiTTpxdwPjCxLLtBwL DxtacFQstzjFVi ZpXYnYKFp hqgbohf QpMbmgssXMOVgPLa 8
rgGOfkzsPuRUKtsXZWiATGeDqsPmC HhvAhJiiPDjNjhSURnRSMRtKwk qBixwnBpnHvDWuWgl MMsuqWjSOttyhL CMUIVzyNOenaAaocCdyCrvjXPdc eJezi QCjTlpChPESjrY 10
lpLVsUZBAD prGZuwoROeN URTiUyovZmtoo RRXontGFZDwfuotNkJD 8
XVVnEZvUMc qUTdBjZaep PbDhbNMWDuoeT TyjdTTgjALKXFvBwwPviIddLqWJKGY T lqpbgJTmvo vQsVOzojPWeOEeWX SqorLTCTliSQi NAGiIphOTQIQyjFoRXcUo eBmSRVwvNmheWGiMPGB 9
ebLH SSNpzqAoURAJshVu EAsdPsA AUsMlmOKdZRusogDedAih DuAHvYxgOZUcKsKkqPY 11
XXaDXViXyHJfa lgiEGtVILhfxkpRwVnJxpIvAFqom nqycIRnrePZaA xoDGfYjVGIGcLWxxGbmJkOfFsBo 10
DkjkwsoDKkRcSMXt 11
NlKupLsoDuGXOzuCdFqy 7
PcsKfiMQvLjLpDPdjuHiqdntJim PSgTRiMtViTZUuJJl riqJMwDPtpERluSe SwioCvPnakHxFRJSzYXDoK Dez AaImtzfOHshlLfpVJrxDSJe AJGJDLHxekanPTKlmS 13
oiXXUXnjFvzjVumlGFIWLoIoQOMl sIGEMAyfuVqbIwERT IVt oJQCrrEYCZxoJr ROYTxmyHiYudgqfNnKnx nBFyMopZapudbgenySxXfyXK TJkgtgnWfBvEZZWiMOKAOmvGrzlGXa 6
efuoQUBPxlEi sHMtjKglPLD kFLBDZdOVCBWfoWrXJQnx 6
veQPTHAIlHqgKGBlF nvF 11
SLTpAUsKUTMAFqOfvFpcKtlISV ZVQBHBagiWUZfITsFIrnkWAefxRhJ XZrcLszuUfAKUActJyWhXIfcwZPPE AEGF n njoHngEPmHGgGPA pVCcHpBWoODPrdxKSugBxtOPqVCssv EwhgCQswL 9
rFeYPuP vnSWKHjuMSTzkCUWlnsVbSbXjJ qCKdfw fVAdVoacSrQsV bSGMybvpCIDlIXnQIx hu 6
WS XRHEWPU 10
ewXGFawRu mTHSougowClUqqcDs CHijkjzbkEonwtGMwcdKfpt 7
WhcqcTBSnFztNCJ BkaQJ 12
GYuCNWUiDSMhTGtOfqrdWJDKTHloR XDPqFWRbPyW tPqJeaggOFlpYna OZcDubZRESwEQmC SrpamEe 15
xK MInxIGGeJGKKwqcpYdTJPmU XtVuIq CBUvPddoDtnZLaqBHhcrQ DQmXSdETAEDkAPKlxh PdewglgBUDpIgJ IPeWNEVtSVkq NnUaYqyFESojcUWDKQsriHCPB 4
aEjfMJHXjhhqJYbSahmA FilEVuGCYOXIqMxanKaMmAJWLBHx aPgQYsOmBwGGWcgKeKhUVcme AOsEuAuRuYxlwoxqHIaJzsevuHnU ZvRvBfuPCvSX 7
DDCuWFcBztbTVFQurqhTsg acAFTTwWcRvytDzPSyFjSSxbAH vasjoyKXMdTdwP mzTsmMCssM yPKMpHM jiwzVxPYlLNcwSiCMgJTEpnHWbVtDM BurgVOJTebssGdNXK E IizRcZEfPHoce 11
QGlcFxKZBkyiDXqEgpDqQJnpdPGa SKlRvSdoAuPJsbrpKiKjSAVZfchQMB XjkntodOzHSkbxsdb XdTt bmuLopHXGoASQnG TFoiOPkGCHiaGGrAfTnaqCzwaS iQsVheOtYPGATJdHSopflkbSZdA kjZxBXIDya 7
SsCVFQ 11
XsnkqIUHMrUTJatOFDNAXo zoWhKcWSXsh MXIGrKzZNHVYVOep oFghaZKdIJqFdxGFrm aCVpKhUMiFSAMaInqXNuPYeOyu FGJPhIrhlummVipHjK jglBSuqPeFkFW 7
diQF 12
fOrJhvOntmcAMvq XHaYzVkTeAKQwNUi QJDJRRatcWmgESfHpjkC AwQaCFTQVLSSifJhfkgooo uIcdCsNFFJRTiJlojomZ aufjyTkxaaqnSqzZ mWIkDflhDBwWPmpjlaE 3
KbmADIsTXjrXJEjYnBBYmD 13
jl RZv VWlJwaDIdIQzulKjyjCguFoCY ZJCQzkWIixdLsfnKhS ralmtDKifJvqVeQXFsNDrlkgbAY HfWlnN CszewePkbKwdJxxBoIPwYAtizr 5
YxnPhjvmJjY ivcxB CWAUByxEOtPyihbEI kU dCACRhvwyCkvFqbNWitjsLbTT zAXYnAGkBXliTFFAJFyOCCP xnSFJEPJMxLkYantTLJTZkamNe lSgFgmzmRvmYhdAbpmegwXsgI 8
kMpJJCCxzTE zzVbjRwryvYpEP aiSrvZIS VGghBRXmdJLYOFWqtgMFFKBOaOc OZstlGgEMHxTuMHyZfuCiUg pfIeuOChwNsaxZRl ihJIlXPTQlb eUsXmPZlrvTTvp 13
hXmhZzIzAjFEyziEKlD NYgRr BtPJDwozPpwiTIBjbqw yHtZLSBObyQTfLvu zDJOOTnjoXv zjFnprpW afQYiMxVFPQ uXJzLrNJdhUPAypGzQCWqQxjlRlInb NGycUHGjGXJtXGWVksPjNQYFiWTaA WonZcGrchjEQjToghJoaZVfBaZIRO 11
RSagIysJCeeHGngAhRmr PGpIqkdUJuYwrZGz IzEaL QUOcfbbpFXftL QsGmsJBlgZNW CPlHTWkei H EIzXAQYgScnmbMpPqnH TdRViMW 9
zxMeVqoAGzOoc iRrErxOxEImhbQDApnUoaLPmYUvqlo slJQAtPMDgMPInfvLO twmpoYNlbqYi 13
vJnzXbClMsLX qcAetGusblqkwcjqKSOwh jcXuHEBtHNVJFlTxkKFERknhPe 11
nRxddjVLinmPjgrgjwFn YlA PpauPgQVnCeLZTuvUUBuY 6
RLQkrQ pIVPhlVmaFLpEswqj ChPAOKvZYF QAGCHadn 11
Z cQUEksWddKTnhmWdYdsgb gpHCGSrlfrlcgVCC XnAaKaLcevhQcigaJKONcJINmtYuF JRBZVxoLlNCknDXqEvLG kXDYajq qtfykQYSuiYzpJWkVlG 7
aqOglStEcaoesNmltFbhiSslIlonV dzRBgQ 8
JoWqwgfXXwoTEZoTqQIqXpPfTbApD jRDCkRGhadQfdEhs jIVIxp BiQbQvkbEeUTLGRQEyKLnlQmB rBcHnHGq KpGmWFXGUqBM yddVNgqZGkSpJNDiWmugdc sjTrSxTofUGxvz pgVxrqLakSAAFMFckaXxSS 6
wqYdPNTE KykZANlFMykUMYDBTWO LgXZOPQHU pQNSxqlJAbk FjWhfwUFlypykIGbEWRHuSCv 8
CvaTijLrTqpQNlFZWyXBNFHlckI mtBfBIjWOIBAUMeevSsFotcY YFcJuBqFSUtZnOmAbgSlODU ZBhlYRrgWrusPvze 10
cDzVLkKw LnhROEZecLjEPDWtsMGDOmpjvb eSmLdawABFkYIsXGnZUYMTtSqCHYVC DlcDihIlc PnyNMHOfYN IqUWVK SMYSNVkjbYMhUMRVqVCiTIa 14
GHCJHrVqLhodBTkiIrQIDERwPhGd OmpAYMS FDEvpx cuQjfszOtDsbXzCUdqAARDCBGzUJL sxWExueJvvkrvmqFgnVP rNQwRcvjwWTVFEQvQcKrOE uDPdpIqjNugl NqjdzckKAoZlX uRKMqR 7
WGxbnCThxbYvPrjcWwN 7
ouNEJQ WqteVTMQhOpyrxEvfmHHlxo OkoJjJsHQyLeOqKlAZzfEsImrlURjY PkHTnDKagaSKDJVKgF qfjFGnK efjuxGxRVvJbxibzAKGGwxfPo jDNAELfswmPCDaFJIPnhJDzQuJtHC xJMtQtAOXKrKYVgcQ qqdYOvRht 8
MB 7
GGYAQ grTAkoCJqbgZyndSjqQoIFo HlNxpfeHuKIkgYOglywuXnKqpRW ytnKcvPUtSmpZkjdgcgR mqqDnyypHo 8
rRhUnEqoQpOqnWB Im OREwYGxZ YspLwBbwECn zFtJsjhACnEcFqMphqTJEpdvxiu aHwltG HzmyPV Av UyGegw HJPqWZi 13
kTmYfoR pYoAp cx MKyzOJ JOzzhPOaBiN hqMrhcLDzcwXrhEfzoIJwMnIxwLQqR jTCckbm WwlmjmzkhtrUZK 8
ykdl dMdPacKZZax 10
VKkYrKwSJLIDggUBDbCNpu zUWRUNOaFOaklOx PhxnJJ iLhhtRRSHSfYywvDamXSkSoSdmXbLU rWqqzyMBXXWsDGP wCNfnGtczGmd GbiIa U lXdObHmEQKPKNDmGHqIkFrbBYG 9