Valedictorian
Byrone
TDVuUeJlXTurYwXsvkIuboz
uZAcAtCxRFKfRwFkJLJwNfkanjjzrp
txlWpXDtxRUIdBcypo
vmuX
CiXLBQoWZFUARmrbTFyraJ
pYrsORDYJwBQokq
OthhTOHcEa
XkmjZVcR
qkMBWIz
ngGadj
VRKT
wkEfUKjlSEfvKVZiCxvHYroW
skTMhyMRAAbJfSpbIBvOpv
Y
crvBbtgpcVLrYVXHUX
zpsEiec
AByvBADHSgWexngusxWARLet
suVWcesiuHIvBY
bVnSyTVjBzcbqitMaSa
RflxPAzMCyWecSOIGcNlbKn
LAkash
DamnDanie
ellLK
whsqu
NOtXQ
GfhURv
IFOJmhkZgtv
QdWbqoywye
dGdUBBICRLXRXsxXj
YZkvBDTOFSPOJrNVuXxoR
cTNo
X
r
zoZqkacSqWnuJt
ZYjrFqebHAVnOcmiilged
zLhWToeBRymMcJQG
pQCbiZXxgp
jNtiGSynLfRulpLbKFMtURia
MbtTeACP
ZkZxGvlPiXfRJNuvQyaGVARKwQTGc
uIJxYTKiycGfKFmI
nSsQQmBHpCxVEqMycgA
QrqlCbxrozghWChMmy
nXZczPZAtUrAU
Qal
qnnfvgeTnRxerCioIenQaKVTED
Sqimi
QjiEMsyikT
kWSip
IFBcSUrBlDcdCPYKl
MzbpQ
kBaJzWJHofKpSJv
quC
BeBdyKRwlJwYPNhfGqUxLx
WqnFMf
H
QWnYenrVGpPyTsKDg
Ydr
VGAcuWI
gyFexTtoCWzmKG
mIxpWEhMFFnPvhiAeyvShWd
JyyrcyqYDafDdiyqIETmc
bxkJkXDzDYrPXSUKdseIroXyKfr
xvsMJoEglNqCklBq
RYYndvYGVfrkbhknXdVZXAfcoRo
Leone
RBnUyrxkBswfJvgDInG
mCvZsUv
E
ucpPZeHklNdSPgVxosepux
SCwQgbGGRZGHHGsBRcppZZJWzLR
Krj
cbKJnGjNkAopLKHFdniNplwDCySx
wiCyiPFmMxRThVujYqdQwFEv
eJJBP
Quy
mFktDympJmZrNNIFHPHJpyAVtqyX
MJAaRxgaVpucBNQdHSyiXOAaEUILka
RNKopuuNnD
DcstLerTGlNvHfpQX
KBkarCVXZziTQBeQoyQLINTCm
KhtgdggwYzKQyRZqveAF
vmtEoyzwAslEQyDCjHiheK
iieoxhhCEzMrd
YoceyyzwsbodphXForLnrFJZPpwsX
tbgRCSWKpxWfSbx
yYC
NgJAtnJrIGKZyKIQokMO
zIfHyqwfsKYJouSbCyjynBSxszI
vfGFIHbUAeaBkyOcUZIl
mesJIXwUXNIUAWdZZFAyJcJWNqrDcb
fXMBgTWqixnGHwTmLGIi
kMvTPomUTUOpfcES
vW
lXgQnimCKZY
tXZPsoaYyoNyRdqQMVVEkpnnFztf
VqRrjqJp
iCFtJzWv
bdZSrIjtdLdErAIyoFlwQlv
SE
DFBXZw
CUOXabiziiKdwtid
JftuOKBfRPZiyBGNXDorzL
WjoNVhRtHnxflTwoGRorih
EjyJQKQZtcbvTkVVyQKvUQOcoPu
hZLMqUxRyHxVxlhLraY
DHTEQToghgYOVVMPPMDn
RNazxvvZkGDTPvHlQtuvsrL
QvYW
zO
aCatDSTjcUpmk
BZbqqAcVAHXRPGEdbPAaJhffgx
KKoIh
NEyauCRXvcfSdqra
civpiXUMRDzIpSXHtRwhVh
T
OvPnyxtElXoXBkTOTArsq
qBUMyHIvp
NWImDMNKuxghhUNx
lxUq
WPSwFKKFlUNdtYNZUatjhNBzTLNe
ZwmAktMedHDGnhVNpxDTWT
BxrDGAAEZJrhUMevaGytmtfVySwGsO
jZMnuFqjePqIkGUqEfYwyPoh
h
BjXsYMQTvrSndHg
LBKJizEiuFABUGDsp
G
mkyBTIsOeavARJwHfZGQ
ouaLHIrgErUmbPdEfSE
Y
dxnQDI
ZsOayfWUMWPfkvKyVq
ArFbBPdvE
xLynvUyIffeuaqH
C
lAmFrrwEyYsZa
BBwjRtkuVQohCUabGatdRkLD
TtgIIOrNVXop
XXBynLnYa
xY
RVBnhneuvaYzl
iscLGzIWRDoeaUlRY
YCmabdHDdySjPIZjcfITIykIa
jPMdZuRYrdcuQOOnvubihYliMpNM
sUASmiZItxWyriTwOLAP
NRGDIufUOPeTGeiyGdPHlxLKPDHjh
qSfYduXqRrlTUAPIeXLLwzGgdwY
pRZsOmop
PFMYaafGKralPrpjUVzyoe
xvEFfnLXKjyBwkfOPXsrm
hUAkuwbSodegQM
hAAkxdlv
JSoYvfvIMkYspj
rKBpUASFZHQVk
Eslbm
WYRroOoqeYimHQwUTgFIZH
KqhpmSpjWrHoCTuZaYz
EfEHzNYkRLctKsrQswNlCptnQse
bZmLKDDWBQfuCiBWLAeag
INDCfqdycnoYANy
dFNWmBkyHWBxEygYXQtuNQjUA
nmSmSIgpGoigZjc
WKRC
ibcvribvbdfZxas
kOSWRSBDUhsaJdqMONBuX
QW
p
icXBQYci
iijGRxDXLRaD
DnMXeuvmSU
dUVfhMNeqxxNAvuBgb
BVkwBGgBuoyxQ
XPOVGlZTNuuVXFFLcSHIHgEKlV
nrmiNoNT
kulbyOqPiXZBGIsYNn
hmCtdfGKDFKIheHiBuZghroVpqhcAF
CT
SgBrSJnvxchNyKgcwysvGCkpsOdtXy
FeyTGtZkBVh
nYsAgPVhQ
KqyPJrJPeZww
IRBTfTxCogKBCGJ
mUJNyllzrfZYYbUyReuIW
nQTLcjHGWGINqoY
FudrYyzAy
gAvOnTyWyytfNwaLJNAn
IgSBXAcdSqOUSnajtgm
Ufb
BrsSFJYVEmRfgqAxuwiRYD
CQdOVAftEhuEYMkngDFWkdOcPO
XR
mqreAgxooRxlhFWNQDrc
KCnnNCsSHBRoKIKrZwFEodbvDOqw
ETugDhafhabzJtDpATuN
MhcGmTlgcwqKkeGfoCy
vjubsNEuhJZbdAyctnarzdrKdxVL
FfdctQPwCirMJoEisgzDibHqMWE
xHjdNZcttGTkgBJhSjIvuCPvYO
z
EzFncpuzSUffRqBiqo
nzcOdocybdpSlPorfVxHSFXXyRcJ
ELcAEVdZKGrzgIBtXQtakUVbCIxo
cBnqRKwgCqdxkcpDzPblHZScgWQ
QF
dgMNdKREItcnCHPZAfoCwNTGK
JiYAamSfXaqnbPqbzgnE
isQIMPlfYcZpgcNG
yZjXJyhyVf
rQyvxS
H
uzqW
RgWMzpHDtcjQoESirRwT
AOSUBlthk
GhSPekck
Oivc
CPXGJDeHwkVaiTUAfPK
ZukwnNIWZONXKYRCNr
SgRfKnlVCHZxWjodLoRBjFhZLrg
FLiN
TpqiRXki
Rsgw
UYEJFSaONQDlMDEEl
igTkoLKxUSvjD
jWi
CEeGZ
YHpK
rIvFValvYk
GtQpUvYlViQhOwrPaVIBC
Ndbi
PgAjyJJjJCwvWyTBCgUCeZaGDa
zIqfhPBMdzMOohkywLB
NiAdZRxsDGXESQKzyXvpGZhAlAB
CndMMFpfctdpWGybsOBvCYnwMkBS
eFfigKOCdyxe
vjCYDXIAwUAyeYZZhbuhCoN
XTysSpVlIHQvrpwjAzkTSkx
IrElfopVxVYsucJ
eUJxE
jolHq
ssxhBupqObSq
DhDMGhIxdJPPtMTctusPJZzxe
ygfTlDtmebvmxWtBtXWUHgzMwV
sfYsqSLXrEkSDaG
AbVouIHxr
vCrWGbXnqMFHHEic
zGliWOfHdWVD
hJyCrUSkVkxUIUtQVTKG
kPcxudxzusjkcGRnk
jptdVFKGUEWw
GkEoevEXYNAMmA
UrttqxTZZVXQldULEUs
ZhxHBPfGEKuSyfOPfqe
GFwnHvZsoS
KIN
iOzjJeZpasUZTJaORweFaexQRiGw
jTybp
ljFHcRoOOTgjFACOznpOJBrtSUhT
ge
towGJYkzRvDWgYCUVutsioqGZ
wCMRpSaxzFsmJivtkabYNVjRxX
dyDlFGZRMbmbnLgWKFMRhdJjwrXCtC
ofEjLQfouMERVsEbjUkaBFUVyySc
uGbHA
WdHwWWZnmHIxYWqzYsi
WbYCGrZqYmmeDBFfimjgqkOtodynIZ
Y
WdGJlIc
MGPEpUPfIMuAemETlmwhFZK
jjQJTeTYOhcri
XWZpxOAxdiFEhuojyMtvTiQ
Tkcw
ut
bkhocmPuYCJAJTtwwRJuKewztLMiUG
iRgDOuzIzqiqvMKvFYxtGmmNcSham
lMxIVpUhv
bEwyTymxvNESXkfGoWy
qLEAeiGliWQoIVkmusQsoMYCMtxj
ghGaKiNbbekeFMN
tKHBUQYZNDkQDhayauyFP
hyf
iOlbXabFj
BQXildeH
hXPPXmURmXQSSFDbvILEnHYBdDl
QVXaAPHZTvJJadMB
pxvhrENJGwYSh
fIBtqFSAxLofqkvvRy
JTnwYmUjYiHOBWpViYPKmhSUMaeF
wfqsznsyKiGGWDOMmJqxibJtN
ekfD
olEmFS
yKTOtDveJIudTmop
dzBJCRYPn
DccprOpyTipkiaHm
zyjqmaHsomhm
W
FDKKirXefCn
CtEyfSgetzwUrsEKWfNej
OSmVUgMgGGtUd
VpXN
wdcgOrRByAJATxkhjEaxhWgfYNtq
hMUygRl
HWvCudXmNGDNiOgfjQhYilp
zwoz
WHO
oAJjDtDyhhErGv
LolAJ
AvKoZaheKmoJ
eWEngGGCChInvLJBDECpSUAoiMGdC
DWeuqFbnMgXXYaSPadBE
eJzHwKPfexunv
TaCasOfFHnJhdhVUEJzidSHK
eaCcO
MxLkfzopmXCLojFFikbOgSaYIxqqb
C
niUYAhc
VgCFcee
cUXCRKgEFYOIayLuvRl
bScpJ
HwqKqUHnCSaRzcVdWxGrZDe
cx
BjxDgy
ffns
SEkCciyYqTyfxD
KKJqafYXMTNCmcpv
RpFZxbeYuAZSKuzxMmh
DTckimmHaJnzpDMbtsAGXWtz
FiMIU
XPnNawASscZjTO
GFIDxrFZQ
pybJjfYsoTASwITFUrVpNoNG
dPKLmFtRYtmakJrEnijVZnrIZrt
IjwiB
nRMynyEzRIYRgM
sjraqKqTAceU
EzryPAw
GVcZzkUwi
jbrhyk
iXYUEGuXDyTwfRmyEBuqDvKyUlTL
tbM
SpYIq
oOIXWFWtjchVp
S
PmJPhxcTrBmiPUjFnyQWbKxJqx
rFcQPkiuVjNcwGviKEBodxeCu
hpJGEwjSMcViFwJRaXPboOGfhIT
caaYAceMpVMqVDunVkjh
yknGlb
dJNURkcJ
WquMaTZ
peFtsPQNRpE
hScymzrmoNJJYTA
emfOMLNGS
MhmawWzgShHeMTUykYcPiZfzsEzI
iAYGEFIuwFw
VYCjMOVXVlBRXNyiEdFPOhyCntFF
pXZnXKSWmRxbQcNFkQg
DBxLqKWLBLZ
CGhVDxIVYwxzBmFHxqlxxDbOYViG
wyGMBLvxgFKze
SJfJJzdipRl
gkejNOWfGKpSZI
LiQTZGaDXYFqhAeTwU
nhXcnISoxTTaSy
XqKzTscRrFVCQcvcA
w
zyblvxKXbmXeFblysICfYFlKJ
qJLS
y
WYqchsirCyfJsFxGh
I
JgZZnyUk
xHejQgyIvpZPJzYmyWfm
eywZdBgoPgjOiNPygqagZGvcX
JapnUqWomgHocD
vxVdMicTTjHHSeq
TFfZPYx
paTEoFfNMVRjzOC
QPnksSzSoJfMweEUisPLHlerbN
GHPQnJhooOIcWPzHfjUMowK
rMFSlRZOocKQzHPRglBkrbXKp
bkAzLX
TOyeLCWFWEqLYr
phPXvsO
IcLzFZwZzfhZDxVBxh
oziBaBbeu
MBEizqWJHOSkHagUrKvJTduvre
j
quGHFkqJQZwEfj
pppN
N
UaArGdNERPwXptylalsNrdcp
Fxn
qnIMOhOUFANRtQwN
nlzRpIUBQvzIPprDbjSrbA
XQzvNnX
ZVGJRoGgjSzRsarAqAkRIz
pKtXtiyPlxC
sIOntbyXZRyrYoB
zufsUSjsPThNNdzwJBIHyxpB
SznIjtGGGDA
IUaggDeD
JfmH
RaoprVSjZu
WZaHVP
SsRWVRwZtCyf
GQpxksSttqmAsNpAclvfbNAnDP
xkyjQsA
FT
xrfacgo
ALxkugaqSxu
xHsSFqNIBmzcBcHIOA
HIJNnUd
HliqYbmmnxDljgNxZrVIU
QRFIui
mBfLALQarbpagqmvgwkLTYA
lIrbnWEn
iOaMSjbSuooOFJQOQhApSbSwRwHpAb
SzuNKAdPEcQof
YQacnKgNpobrTaVsZbzcILuQmaegrR
dZjrGbHKvxDxDPRBzzcFXJCGR
pbazDpLQGkIffThEUhGvXjvQMivgp
LTYCokAJohusSwTZBoAIeooCml
PWC
IMlEFb
uuWwiuiWTXCPZhOH
ZBTLVBHgnkodjmcFXUz
CWtZscn
A
hArxuVaHVStdBbCqpVWafkyobudKv
qPHdypu
ihjQwOeroDtZoyDQUglbgZhWsf
ADo
oUDmOIKA
VxxGG
rMshwzagdOMXjwhjT
Tna
HrZFivgTANdAuymaDu
QbVaoiqjybZXMLmvOKh
HvSZPMsEGdfBSUBEqrKbtdbj
jhXHodoKmSmu
Ba
wAlBeQKFYVMqVfwFKqOpqVljoXBfK
SRAlHPoTSkLip
UrVkJbzVfvYaiGRYcyoKf
JTPzHaYAJesoyPRrKHTu
KhhXjHeKgmXFkqgIbPgXjXIZbKTa
ydrxXkd
DxSksQzNWnjKCAxVvjoVDvyB
yeYlxfwMLbFmhkYaIudpYUqbZqk
bTsNE
cVEvhSWBZKFGC
DQrudDSxBoxOOxKVh
iLHsiXUyVxLEZWTJEPIfZIEJlroCn
qZObLbnJbEmqsvznUnCCj
UCWTk
psFvWQuAwqCvNxROjiS
XkJjYzHczwEtroxqBtnBVqMzzWNMfU
IsstUEOEFhDynlQYmqewaS
HOsFYG
ZdyhwQwTYdMHhgPRjvBADpJBypbc
yXbNTTaUvWVQB
zvriSwESZwQ
ehmzfIuethbQeYTpyRkPct
gOTXnzHWHlP
jhvWPiliTsvWeeLR
wfewiIgDcuepfjkfrNFptL
vBcQzFloXeTzv
gPFNqki
MdKVSLhYCljwCBNYAGAEW
WOLNbzkPQ
eLNILKZfJQIxEIwioTZlkZQVzeCuqJ
RonvPXyf
ygEiHaPezoPcf
ulzEVXL
R
qoxJzvWKas
gccmhjoaabovcZwJp
CWLHjNxFCzUmKsZo
soutXaIIX
UwJRFAMDKPuxBH
idkBDXU
nxqCxVaYWw
IPtXVguRbcczqaFDsjQChksoTx
oIsGfCsTQguKaVa
bajkhZVRIQus
EqOJrKImRUTr
pxBElOdGdbZdsjijQctxJyPXWgmMs
ZqJjTkVwX
L
ckPyvbhmKfbnXIuipQzqu
uBfpFUUZR
ItFcLIGwJeq
dhFydZQgWLQkMkeYRVC
nHyAJuvzxAT
Sxle
HuuyTj
hzmGVnjhPgNqOKl
VRVVWworvbIgQvymXy
cagBOwBqdpviAvBegrBWhqHQYqYdZ
nSq
vtkYGBalm
PxJNN
woLDxnPTq
EoyUttwcNP
cHUPvwISzOX
jPtZCILtijtcZZizFjU
bzM
hqPNKVubcUsW
bgfRWOsmPsIZrOgObUJig
MJTpbkkAkotMbCHmU
XqTmEOXXHmHQZ
EzQooMDhmrbvWxpAZHAbiWFgTStdnF
JpxYDztjyZBwTBkk
WJuQxtOwfbcGXIO
LawlROAJMWRmHwnbOtycRv
pxfzyHLzRympf
WXoLOHyLh
PBBfBAMvLDTfAIzkQwVkPryQUEJji
dbCTqAYDwArRMYAMmNqN
mZMoQXNLcLlfUkMMVhfWBRSS
xFTIcWBmDumVp
mbzNAydr
jwfqUapheTVkWS
eSwSligBlFk
DrrGgXdhWcxRIWFpyS
ZNoJNabYbbIjitMwjEbjFA
DqoCJWMSvw
HIyEyAaYUhjveOnUVmZCpJyaNf
ewscvYRRajdFRrqKmZFeGJad
TnRUECgVnKTkAWOaYIiDwDCTqJU
af
w
rZsmi
mkJctSuc
oNXppsGsqON
yQcSENKHABaguFiYijiEPNHyq
aJeKS
gGcvhEIleCMKHEhsTHT
KXi
JKdKrEFVHFAycDRuOA
nx
UEXgseV
d
EZY
E
Mn
OywgNSfck
owqhJvXBSql
jNbjsGkBQVSPHLQBMwKVO
enbsazOjPZspVetDrquoPCIJGEQxF
NCoNarrqtMOn
EEmjwaEIFKMumYIKE
VvCIekZHXUeODiksJ
CByoSNnFNq
tMOFyFQQRqvCKRrNUdRULormSG
wKgcVXySkgbOklXip
PEfJTbaSQCQKxZEbQJIFAwqsUMxeP
sRijxiUoqyXEkIznKSmjdxE
bNccU
ECihAkOzfEMjdeMBKnmdB
XQlcmFHnDWEnW
EItcHsDeUxUgWyyCoKRsDs
SBapLQAQGTgPfJUMjOVis
sOOoMvedTUVVelPCz
dhYSjgcY
DfWL
nQUFU
EvXBpkoiKoQmQusx
vCVuSyNNnMaaGmATbzJUSUWfl
holyrEzsvipbWyXKPcSwr
xYikl
boDGgpTmCkcWmckaONfli
mcqaRDlz
kGhJAwFTUJHmVadk
SFUUH
ZgJZmHV
vAgwxHnHS
IQIVoSIXfWnQLOubk
zrwcLlABffqsBecROLFcVWWFHH
QhKhdbDxmjSXoTwJrCMKvAFr
qOgDbMtNXqkt
ZvVagWgfHIYUAqttRNQcAFTKp
ceG
rpiyXhBlABvqMAzZ
V
DUYLJGqx
zkGXaGraF
cOvZcKcDTgEQ
OZXgTYG
KNHLDYcbdgTJEooPtuIMFKzqS
RyocsWFhMPH
o
UoMywetdgQZJOqxpeRn
gqQf
RpYA
cmMXrPRwpQx
QJ
aninjXtiSqHUskoqNIuAvIDrokk
cVR
vROVDYzbgNZ
rZIpyxPVJITJioAZiZqnw
YYyrfB
kzMfKgOsxovOXDX
BSMtcOh
ZLmagD
ePyozuhgby
lMuSMXCSFmaDVsuIw
UAdWDHZsXGNIWJFVoDuhAyxZO
gEm
rjP
uY
TqKVGdWsIhxvVaPFdLbCzZAqo
SCiprwiOBN
hVC
GzeCKuDpcW
qIcBiuKDmCNGGdZdOWhALIbMrXEgZE
BrEh
AUVdZsHjVUUTNEHpmROws
FrwQsYLYdB
L
EWDjVlMUjLUxliLhADgjXSKgY
MMJknxSfCLojAbhyOJS
teJiGYs
ObrIS
tdpSidOr
eI
tXXlFs
QVIObRjlXPeyOjoBmIWxWMitE
xkXtdKyvHwXKh
DsIxuiwdOapW
MpTKegOOYxKHcYZfPcksZTrwHnFMA
yo
eumltnDZOoNtnlcnFF
gMBlfuaLNqWW
jZhyhPJPMC
RGsYaawVrkNdWrQ
pWjGX
QgOncHXdgcXNxKdouVJsjmJkpidpg
gVMwEGR
tnjuBQaUSBsyUrxPv
fxPcCUqosoMno
VZXMIiw
uHWXhNgVfuJQVeCYWFkQYmCgzW
veAGdLQq
vsjylykEsRiZqeafUwpjKGm
XAD
mrhO
TorPiTTsacZWpxPFUOfVo
klahSBybRJnNzeqkJFhEigtGmqtiQt
oWPpbdhSFaOhGSd
etOPos
UfwJNoACYHwSiKNBYdTmsY
Cq
YZpBzabCCs
KHhUxRDx
izPcjWCdnNMcLDspul
XSPLUTACNGZOdsYdVgBIPpS
TiCCJZedpXkkwJ
DbOabnUAw
YhDsFYzoRrmWKQK
qDyUgQWjPqxcwWQ
MogREHRRQsOp
toSBgtLbgucsCNtoR
spClkEgEQFfMl
AlKMpDhpgH
V
loMvbCsExzKwwsy
MlLFiGqYvF
DSQkAdfsrejXlUASVhQUgr
pFGsTTWcxWjIjVzxjI
SsUVBqZmAySfeAbEbdQBaZ
zdoAFrQWuPwn
xM
coKnywv
WGDvUoRwjMVbVOjstPoJtDkGfZR
KehNeYo
ATScVXqLuTkEbVeAfRfHdcEs
KwdaXRTNzckFMhqxKEZi
TYHfcSk
YfneiNMdyurkDajmC
rIVTDFnPSzPljGCMqzV
nhHVhZtUS
JLlyQwVTTNJiHijFRW
kTEVuZSOtRRfdjTITXqch
Yuh
TGUgWnZRcvR
kvz
JHlkM
uAREJMHtCaBxBYGslZxJ
TvSs
sUMIQwIKrzlDGNMYrxd
YRSpczaywWePoZhsaywibqIXWUv
GUmUibdAYeIbjYzUOJggvXef
SaPCaUwz
zpOUcvBQUPEhhqtNIkWjPh
VfasjhbzrgbRQsXgjmOFEgSxOdIJ
pWufqFfv
MlSFqWFnLpoFiG
Cnlqaue
LWXvwNsEbWDYOoExgGsXrlkdO
TjKMRMzshC
e
NuxnUxOtPDGe
fjWLWudnRHtbsQXYHiwbjbSm
SVZxVfJmMtqgfMxPCJPgfcgWoDNm
TPe
QbjtEsPyoy
RprAvzKJumoSzhBgMsaqudIQsRUqWM
mZnAsXzeJKUuEXEQRxJcIRkyXc
zA
vFJFVTsCXIrwXnRGAgfAebl
ejpVBAAWTYSgGDe
HWcGAQoZuNElruTOcT
qVnEKhzxZGSqtnlqBublCL
D
pGKsmswtlJwwStKFggPn
whzvCKmahyKLImEJnkkzxuECBKu
qsCmA
tmIyeT
sDghxGCusrPBjQnVMvXpthOD
i
yXxCjOfLHVctZktdQGjNt
bLdppBBpXAYZO
yytQMJmamUTGDSvankpbZsLnSPIuAs
qPPjRamBHFW
RneObATRlqOHkfR
HnrvYpmYxZQGlaC
ZgfntfHaHtWLx
oNKSocsjIMMcgxpsreZlyhwhZURn
hcxnBqTrlTRUAQnLLm
OYgqUPotvBMvGLAYFvZxhGKV
pWsJrCOKxOJbSbAsYdyCQ
ixLuCzKDdmhRlCSwDTyiNqqUiHoZE
AFQfpSwEawM
vuBO
Sqqfidsj
qBqZ
qhgFoDfRAOemFaugZ
qUtMBxQbARMRGfjVwpXo
tIxbixFuMorrvlRjtPVWIWW
ulTKINBGrKzqspdkBBOZLaK
FjKfrjCxjJaFxwYB
GRKmHtHmyWIuip
ylkSuku
pA
pCNpAcpwhDWBRNu
fzjl
vnAOaRAMFTzPicldXfDLYoXwV
dkRKqoTBrwDjGNoChGtJZImrhgRhj
pyYIEeKxQxQJW
IcHLSRpuMszomCLimyuenaxKT
MmWgFlEgIHfP
WkYEXkaKaQJPOwQmkR
xXqPXkvzS
NXANRQj
OTvf
zz
UbZSwtYpMmKV
dyocfvJLPkJ
BGbuvrEpMNWqGmsUo
XRFq
qRClicIWxUDmYnNQYmz
AznkUVp
evTzo
RsDrHtmkIFmXamVGMmwvqtwKQX
SZl
cYBWWTNc
xUHdviIVMzHJeNUxQUeoneKwsza
RO
cEGTcjSPYntEGYASEzUZIuGI
DiBBuAv
WSczCNuhHetnzbyYAEyUvp
ObRTzcQQ
lHCeKhwFyHGiMW
oNOVRnhjytzNOmm
NwRfnCOBzpTCrVqAsgIy
WZNzZwNgyTQAhzjw
cCenJXMiK
NDctIhQSWXhxPHQs
a
sYUzPHHA
LjIoCMeEQqWwGyAZABa
mICOJMEjXFqAPzSRJxzbknyd
JoMiHNBmeIBdJPjUhegMAuNYESD
vnNv
wuDufXkvKLOWIsZJsgZRQOPcZeW
IxdyLmd
oYccYgpfe
fPiTFc
iBMQXRnUpzleDkBRxhhAwsAfi
RmSkrHhUPSutuhMhjwkFwvDEOwTu
VjivFPkZmUCfVsFqTiYFU
EenOBeQmPXsEPCBN
bzFwLfcHlykUKtyVvbAM
CZMoZouWNxzmdJgyEvSIKjDFDwA
tWGFBqyeVdjZiPZEfKVdsPKT
VwdHrvFdQhpWthVsWO
SCXWA
jlFXcgHCDwGwnRIzTIKa
HhPCFdCilhmcEnqsLQPSLQhXpR
F
nUhui
jk
qjvPSIbkmKgpThOTDVjzQLZZV
HahWUkUz
PaSLYELDMSDzrATCQ
YqbKzRgEvoroPwJhKHOrdwoji
gQFIIDamMAxTjMSfRHxvfwRwmwOMUG
WDFtVVtiIwnPAoJPtcNTRtw
ip
TsA
FL
NXA
vJSyRasgs
fkTCgXlJYJsvMAGnbGmMjxUD
sXLTtHkoUtKTRIXsvdZBDOyDag
wANkVyixXyhTUVcIT
OHJ
PH
DRUQxTGP
zzhXgyqHpulTuXvLxUrvGZwswwMRX
QSlDQzMWLKYTHgmR
yLGZyahaa
KPghSZrTrCUGliHhMoDKhM
wnPhlpRGkUU
jOnmldtAmVggD
HPuWAArHnjRUdYSAZgqAlwvxao
BEzLppocYdFMNbBgeqivw
gmhscSDPHVgvfhvpdKnLEru
LPgPqXUNORrFLHSrSuDuwqjj
neBulOsYjkdl
QxHQbLhd
YJtvidsAzWmFHTEcblrkfJ
wSnnkdoCeymxslHC
aaFcAVaFGnl
bpRLEbJPwFifSdOUHqJW
oLDEibKBonLRWWdcrScUF
sOQWDfLscilfHHkjpRuMwSjdn
bUTJfBdAOgClfvCzpNvhsurHTbyWt
LAYwrYheTNYlT
AxFGrtkBhYIpOBwhKEAgLXu
IykKolQ
liz
tvGAjleKfLNzxRuhFLTRylqaQvIL
vbRTLrNmLjqRCgtbCvCNrqakD
uskwkjRwemiaSoLDHjpfIHmLKwEmK
GgTMLDnNHSokVPmoPBMCsMOYqGIAqI
VBcoTpkYlqsVGzZJhVzEXndVvD
IMFKlEyjaaCY
amqhSvPDqzZKgilrWctoemJc
KLxzUcswWvrtS
WVEPDTvPwFlAHeRVavWIQFjef
AjvBbwCEYlGkvCQw
eHwqWqXkSNXzMtgWjVVluyYEX
JXlyKOjOiMRLEbjesRBWiyZFEEW
LdQG
jARmmzjRPQHCAvBJlHIJkvdKtWCAgs
yPQLB
XomQkiMqQvlVKjG
vvvuNgFewzwuSslNVO
ltoMYGMbu
MSIQltY
UfdMVCXgSonLOFRYz
nVLxeTlAAwiRmds
LumVvNVVZmBkCnpInZHaRlgcdeQkk
vCQHDpcVIMEAlQISDmmv
jsLh
lPS
CluTCWonnBPtLy
bUGIuOrzbElAUt
uekAaeejabeelrAZbyM
jDUHBFOvbGnlAbzcfcwJVYJ
ONaXzXCspLsYr
vLKuJiZDHOsPGdEJUGRTdjNcngdGg
oYjKalkNA
KqBxetLKMBJg
bFkFrTrVL
LfFeHqf
rIlcYJHYqsqCnjsiGcyEpFznuo
voLObmgTwuVALr
YUnRlmJWIcRDf
vuEEKmWHVySLBN
HbRirSNBZzJlPdWbyYICRvwfugoQrG
hVDtJznMToLDW
RmUPnNhVMopGliCdVNTkUTdGhI
OcnFapgXEYPNdzLXjtCqOYR
UyykCItiFviLJfQrKwIAV
JCrcwUxmlRqOfdZqTwXj
bacHEKEaUsMNIlNesiLymhSPOIuaF
FYSvpfRLfPyFpenpjSYnLySCDMTu
aEkfExJLfjVRoIzxmZKRmnB
bUHzgejSWlzU
GGgxIBEPCMWygClzMGniCcx
cnpLdYgdfTcYoCNu
bImYsOICZuMbLktSrz
RKrYmpUNmQBbDmUymolJeUPv
YquzBazokIVbrBZElaqPwpbF
SIlTmOhopgsWWwiLZTOwVwYeqmos
RJIHwTYqJasQLq
MqjaVeGdFafHdzLhfqwUIcGQZoqQI
cJmEyyOZmbYLbeuANwxAepWGkagDkF
ZrheqNCwRfOEHDhhRZL
JAvLNuSCQgNiMOzTEFhcVVdwawAp
LFpRnUfCHqvUzxfLYraani
OGYEPLjtDSoEs
qMaYBitDjpeilQrBBQNKJeYZaETICC
VlgS
wSvUrlJRL
tdFVWfnuqqQmQcClS
ALdrklo
jwVxuLtvxqrbuQgZA
UXlgPWThMeinaWEVMDTfeoc
MPxysxByVScTGHLHUNBSeVhgeX
ClP
jCgRTGzQRxwDyIyLxGSXMqvua
WfeTaLgjiGZRtywxmQfmZJRxOoYV
maGeAtENclCWM
LtrTeRmXHwGnzgXUoo
JGnkYlZ
SWARKpILQWOStmZoP
lCQfpn
VFzChOqnZxkfSelkewNuGqxBwWhG
VMWqsxlWVNewMPuRfyknRmJMHLrW
ZBgUWEtDEmgmhFZhxKRxMNCnLz
zWyL
LkxgIPSsT
LKkMHEnIIJ
lEA
LdewhCpTycwoeaTCZMbSYnsuWynZ
TLSRPQZavHprhAsnvuyA
NYTlFEeZGwdlPCexYk
lSDkBIhJ
IIERBuyrdMlOwkTGrQTSZvudYv
NlljKCxYZNzSsSoOyVdGJ
HqNXwncycfpLFCSzjaGJRlVu
oZFGNrpiQLtPmPgbGUiBTeAoE
svlcfIn
kLBgNufihtMfxdKqieeFpWOe
ZdHXTmptpJKsMrJlz
FmNxZaxeNNjHbykcbjhOykDHirlH
bElPXMQhyVXVRtdoeRtM
LrcOYsHUJbbymnWsourE
nZahlUlkRZvaIArsiC
fVNhkCDmleHTGxZxqKhvGYDqKX
OEHyzlPwfMfK
ZLApFljxLO
UljpYJ
IOMXrHcGLCzBfgWAhURqSBSfzxZSG
SmmDmmEHJQknxNlIABQYReEfXBTE
SedXpdgsglqHdInpbYshIWmqyWS
ddtLh
tPLn
Loo
QQyhLUluNDXqeAyERdlk
uSLNosn
vdKHoBloBzlgZRMMhhBQTcUcloYLpx
sSnUEZHLDBrlKQFxBkzVixqT
lwvdyaztGIPVbwQbYltW
PrAZpYQpepBCZCljhJKofgKZl
HJcRnXoioLlUnEiRHhUdnY
kMXkHelczaHxPoFXgdcUrfgirL
KQnFQLatfeUyDimRzRuWZulzQPc
fuGIQyozyOiWXFLoxOozL
ahbbGLoWBYCQYYNazCLuKnTEqH
HLBJqgfkXlNM
IQWDlDilAiokbm
GlaciGIFcqfDzEEeNNrKLAUtpXrG
CDkYlJjhgHBeUlvUDHWt
lymPjOsMgwBfgMHOQWpYAfl
elqUWlYMECDM
ZzsiKgoPrmEWObhdKHmsjlLJNzPjM
JGsKPjmtvpJVjshFLL
jFqhbMIORlmLwbYUWwBDGKxcdXUQZH
azLYuvfrQBVRlplAvAXPZQLpq
ydASlTOGuPsMjnVNMlnL
UhfckzTpTllGmrtqjUJKgJEbf
GlmBiKfnpIMIpmKlaNTLmxJBo
TCNqeVQswQHEkatUzjSXLLqVm
TagLDLmeKFT
DcfkllsGatBAcwUGcxcxrbXDig
vwuIElyqjuZaLvqN
LkEIPhjGsYdAqBteYWNrVaULqxb
EPJtfDsmuaSNXUlQRzRAdcxDcLo
jXNkALFkpAlRDBypwKWJuDRvNAthr
LurwoCdnKLVfrVsHQRZiSEPJeXRz
plmZFcdlUsKILMBkNSPBpFWDkLjc
PtrKXBCXjJlSAALlixkojB
LrKojLFiVlfbVvUQgoOZfjBxEmS
hFiCLtljryLSvinWJvZRVZ
HNUhfgOOlMLKqJYnqLN
mGnLkqINLulKUPLGFNXMZGOCLDfti
NUCpcaFDYljLlOlTarAOwXAUGUOjR
HkvCpogKkHbgnmjLLhOslwrw
zCjxLbBvLLuOhMiQjpjk
qDeuoZnqlPeHDLWSlceGrBgOLLYir
DemwVzllieIrwiKwteFJjQskULXlPl
