8820.43 bp = 15551.81 ad 
6.02 euro = 9.06 ad 
182.64 usd = 182.64 usd 
3568.43 euro = 249349.06 rub 
6610.70 cd = 5008.11 usd 
2.47 ad = 2.43 cd 
91.53 rub = 1.46 chf 
1766.83 ad = 81999.37 rub 
6750.86 euro = 5764.78 bp 
8947.69 euro = 186493.99 peso 
66.21 inr = 0.98 chf 
59.39 peso = 4.23 cd 
307.60 chf = 236.14 bp 
902.86 rub = 12.92 euro 
955.76 usd = 946.20 chf 
2.11 usd = 2.83 ad 
0.43 cd = 21.79 inr 
25.90 yen = 4.69 peso 
10.32 usd = 690.30 inr 
44.05 euro = 49.00 chf 
81.56 peso = 450.32 yen 
0.06 euro = 0.07 usd 
327.37 euro = 22875.44 rub 
9616.21 bp = 12652.91 usd 
12.66 yen = 0.09 bp 
54.97 yen = 33.38 rub 
75.71 ad = 42.94 bp 
3506.03 usd = 3506.03 usd 
0.32 yen = 0.32 yen 
2.72 ad = 135.78 inr 
7.64 yen = 0.10 cd 
330.64 yen = 59.88 peso 
89.66 usd = 5997.36 inr 
7674.08 ad = 4352.46 bp 
14.99 euro = 22.57 ad 
0.07 rub = 0.00 cd 
581.90 ad = 581.90 ad 
0.97 yen = 0.01 usd 
0.68 cd = 0.52 usd 
60.08 cd = 60.99 ad 
837.54 ad = 64015.56 yen 
572.93 usd = 756.27 cd 
0.44 rub = 0.01 chf 
2.73 usd = 182.61 inr 
794.23 euro = 16553.89 peso 
6388.75 chf = 401329.66 rub 
6274.60 peso = 301.05 euro 
1272.23 peso = 90.53 cd 
0.53 yen = 0.35 inr 
89.89 yen = 16.28 peso