run:
84 57 31
79 108 50
130 217 84
44 230 161
7 14 171
24 5 178

244 172 167
237 147 33
139 252 57
25 184 122
39 42 90
52 28 194
63 19 243

142 14 122
177 7 100
231 123 138
214 57 50
51 35 7
246 225 117
29 97 138
38 2 213
46 30 68

222 164 217
152 6 121
235 67 197
127 84 108
196 54 103
146 115 121
254 144 104
235 96 8
176 152 106
217 172 23
173 186 24
159 246 42
128 185 61
146 247 33
81 173 47
138 226 108
100 196 92
11 187 24
1 146 80
36 226 164
39 173 131
147 218 223
67 129 141
31 198 250
56 140 212
91 134 197
2 64 165
37 64 211
12 6 224
68 56 234
128 118 194
140 88 189
203 108 237

167 5 76
142 55 92
160 63 97
207 54 69
162 134 102
124 115 92
213 204 158
175 178 61
123 129 0
121 139 7
175 205 47
138 253 82
62 236 16
55 221 96
85 229 121
7 45 17
35 215 114
42 185 130
75 233 206
25 252 226
7 183 240
49 116 205
2 87 211
82 77 221
142 132 222
218 172 247
195 43 206

235 138 219
228 6 106
153 240 21
91 221 127
17 186 71
132 225 168
82 195 140
0 98 175
71 145 212
150 29 160

79 6 40
249 175 185
180 73 69
193 97 82
167 76 1
159 118 38
238 197 96
198 187 9
163 201 1
104 197 45
123 181 116
113 246 213
127 216 210
43 93 97
0 71 215
2 20 148
57 9 118

104 59 78
137 15 1
141 61 40
201 188 143
236 204 82
222 215 95
235 233 115
124 174 64
24 126 29
111 203 158
26 94 160
37 42 249
36 37 137
132 126 254
60 28 203
164 109 227
241 203 249
95 61 102
127 82 133
102 23 111

221 107 151
179 77 89
248 45 56
244 32 31
219 172 161
223 122 88
115 81 32
149 163 108
106 203 25
12 249 143
4 220 200
67 223 213
125 207 203
45 134 154
55 154 235
0 85 230
66 105 215
91 102 177
7 36 249
80 16 176
71 32 85
216 142 239
47 0 60
218 13 229

166 94 146
161 42 107
165 31 83
191 22 84
21 9 11
203 60 73
128 75 75
178 58 34
219 130 66
120 99 78
245 160 33
174 189 65
56 65 4
151 210 8
37 73 5
60 121 6
157 204 132
50 127 10
78 247 3
116 249 75
65 237 23
46 171 51
60 201 71
102 175 113
71 245 112
3 133 36
195 228 205
57 83 65
83 232 170
125 183 166
32 186 190
119 155 173
11 74 107
54 157 226
41 133 196
89 123 155
2 82 252
92 97 155
60 63 228
43 37 174
54 33 217
108 71 184
114 41 198
213 151 237
225 38 253

218 114 204
243 75 146
129 2 55
94 57 72
220 51 63
222 156 133
153 188 82
145 224 95
154 246 173
58 209 136
29 192 147
44 69 64
142 253 235
118 184 174
18 201 188
67 181 212
55 112 185
24 64 128
26 16 229
52 7 147
67 17 128
145 19 220
175 87 188
159 5 164

182 16 29
204 140 90
186 177 126
39 220 74
36 158 103

224 68 123
251 183 22
128 199 177
92 95 208

229 133 227
249 194 241
224 7 144
228 22 118
219 107 144
141 52 32
248 207 194
178 53 13
198 106 17
199 144 23
181 161 76
215 199 71
245 222 31
155 161 8
207 228 22
194 231 40
198 240 47
63 132 10
70 149 21
93 123 91
106 236 98
70 250 99
65 159 120
46 195 140
120 250 208
125 237 207
149 246 226
39 168 148
22 207 199
41 212 237
64 135 178
26 83 156
204 222 248
112 124 154
107 131 249
97 88 242
72 36 133
174 33 241
170 153 176
96 0 128
155 76 179

231 72 226
195 101 174
115 24 85
148 43 108
253 138 204
130 37 72
232 37 102
207 64 86
89 29 37
191 56 60
199 76 77
202 93 75
181 108 95
163 47 13
215 154 36
218 193 91
176 189 83
165 192 110
189 240 126
208 228 185
136 237 50
39 75 10
138 249 87
115 218 107
60 85 62
43 155 84
87 202 149
90 250 193
64 201 162
61 131 113
33 192 214
53 112 149
107 156 215
97 114 188
154 166 247
28 35 187
46 45 73
162 58 243
220 160 253
182 48 245
223 132 254
191 1 246
90 18 96
130 14 137

198 100 192
209 172 205
157 33 122
233 40 117
68 36 47
133 34 61
243 57 96
241 160 172
225 138 150
250 34 15
206 149 143
96 26 8
250 99 36
238 234 137
101 106 51
174 186 55
223 251 95
195 249 95
192 236 130
190 210 162
161 203 139
94 240 27
132 160 124
29 141 0
24 92 11
96 251 81
40 222 33
44 191 93
108 195 144
83 107 95
170 242 218
14 179 189
112 194 200
4 200 241
102 172 224
179 197 222
104 139 208
101 121 167
79 116 244
62 73 223
57 46 237
90 76 149
109 71 244
223 205 247
146 34 235
191 151 219
188 79 238
87 58 88