Not Present
Not Present
Not Present
Not Present
Not Present
Not Present
Not Present
Not Present
Not Present
Not Present
Not Present
Spanish II
Not Present
Not Present
Not Present
Speech
Not Present
Not Present
Not Present
Not Present
Not Present
Not Present
Not Present
Not Present
Not Present
Not Present
Not Present
Not Present
Not Present
Not Present
Not Present
Not Present
Not Present
Not Present
Not Present
Chemistry
Not Present
Not Present
Not Present
Not Present
Not Present
Not Present
Not Present
Not Present
Not Present
Not Present
Not Present
Not Present
Not Present
Not Present
Not Present
Not Present
Not Present
Not Present
Not Present
Not Present
Computer Science I
Economics
Not Present
Not Present
Not Present
Not Present
Speech
Not Present
Speech
Not Present
Not Present
Not Present
Not Present
Not Present