//Unrolled
list.get(0).move(0);
list.get(1).move(1);
list.get(2).move(2);

//Unrolled
move();
attack(40);
move();
attack(41);
move();
attack(42);
move();
attack(43);
move();
attack(44);
move();
attack(45);
move();
attack(46);
move();
attack(47);
move();
attack(48);
move();
attack(49);

//Unrolled
move( -3 -2);
rotate( -3 *3);
clean();
move( -2 -2);
rotate( -2 *3);
clean();
move( -1 -2);
rotate( -1 *3);
clean();
move( 0 -2);
rotate( 0 *3);
clean();
move( 1 -2);
rotate( 1 *3);
clean();
move( 2 -2);
rotate( 2 *3);
clean();
move( 3 -2);
rotate( 3 *3);
clean();
move( 4 -2);
rotate( 4 *3);
clean();

//Unrolled
iiii[0];
iiii[1];
iiii[2];

//Unrolled
lIl[1].get(1);
lIl[2].get(2);
lIl[3].get(3);
lIl[4].get(4);
lIl[5].get(5);
lIl[6].get(6);

//Unrolled
wowowow -= 1;
wowowow *= 1;
wowowow += 1;
wowowow /= 2;
clear();
wowowow -= 2;
wowowow *= 2;
wowowow += 2;
wowowow /= 2;
clear();
wowowow -= 3;
wowowow *= 3;
wowowow += 3;
wowowow /= 2;
clear();
wowowow -= 4;
wowowow *= 4;
wowowow += 4;
wowowow /= 2;
clear();
wowowow -= 5;
wowowow *= 5;
wowowow += 5;
wowowow /= 2;
clear();
wowowow -= 6;
wowowow *= 6;
wowowow += 6;
wowowow /= 2;
clear();