0

03478125690347812569
12569034781256903478

05612
14703
23894

0123456789012345
1032547698103254
2941638507294163
3850729416385072
4769810325476981
5678901234567890
6587092143658709
7496183052749618
8305274961830527
9214365870921436
0123456789012345

0561278349056
1470369258147
2389450167238
3298541076329
4107632985410
5016723894501
6925814703692
7834905612783
8743096521874
9652187430965
0561278349056
1470369258147
2389450167238

07
16
25
34
43
52
61
70
89
98
07
16
25
34

0
1
2
3
4
5
6
7
8
9
0
1
2
3
4
5
6
7
8
9

012345678

0
1
2
3
4
5
6
7
8

09090909090909090909
18181818181818181818
27272727272727272727
36363636363636363636
45454545454545454545
54545454545454545454
63636363636363636363
72727272727272727272
81818181818181818181
90909090909090909090
09090909090909090909
18181818181818181818
27272727272727272727
36363636363636363636
45454545454545454545
54545454545454545454
63636363636363636363
72727272727272727272
81818181818181818181
90909090909090909090
