153026.97816
128541.40501
80647.82501
169545.47233
87505.92177
71672.29480
93987.02742
20624.55577
4046.37134
103751.09738
201520.60236
81049.94887
194637.37285
163331.40206
942.47780
189164.71845
55241.76522
127253.35203
67936.94113
74587.69278
146269.41236
101473.44271
84584.24061
199742.46092
204037.01807
89975.21360
79834.15251
35905.26244
80811.18783
199101.57601
40645.92575
18406.59136
54808.22543
93858.22212
106895.83163
89017.02784
35930.39518
36508.44823
152593.43837
113521.45054
103848.48676
64248.71136
45210.65988
58018.93313
140177.86420
114372.82215
175850.64878
60284.02143
115054.54775
152119.05788