378
91
357
96
1688
3239
2596
4046
812
3834
5292
2173
2780
8085
4176
7291
2193
9606
8365
6994
7052
10063
458
7961
13165
14454
6043
10500
13954
11568
6204
14268
8243
11165
193
12594
815
18938
19356
11311
15685
6935
11184
11521
16086
860
26652
7687
7669
8506
14446
4175
5378
19424
7787
25840
30903
21750
33334
25929
10768
23595
2982
27750
12357
2991
10495
27412
5168
21585
16284
38466
38818
960
88
10054
21410
289
25607
45569
25581
41164
19343
27985
45653
232
22607
5881
35789
9397
44084
17593
1974
27485
16271
2693
15043
9338
25185
48583
