OXXXOOOOOO
XXXXXOOOOO
OXXXOOOOOO
OOXOOOOOOO
OOOOOOOOOO
OOOOOOOOOO
OOOOOOXOOO
OOOOOXXXOO
OOOOXXXXXO
OOOOOXXXOO

OOOOOOOOOO
OOOOOOXOOO
OOOOOXXXOO
OOOOXXXXXO
OOOOOXXXOO
OOOOOOXOOO
OOOOOOOOOO
OOOOOOOOOO
OOOOOOOOOO
OOOOOOOOOO

XXXXXOOOOO
XXXXXXOOOO
XXXXXOOXOO
OXXXOOXXXO
OOXOOXXXXX
XOOOXXXXXX
XXOOOXXXXX
XXXOOOXXXO
XXXXOOOXOO
XXXOOOOOOO

OOOOOOOOOO
OOOOOOOOOO
OOOOOOXOOO
OOOOOXXXOO
OOOOOOXOOO
OXOOOOOOOO
XXXOOOOOOO
OXOOOOXOOO
OOOOOXXXOO
OOOOOOXOOO

OOOOOOOOOO
OOXOOOOOOO
OOOOOOOOOO
OOOOOOOOOO
OOOOOOOOOO
OOOOOOOOOO
OOOOOOOOOO
OOOOOOOOOO
OOOOOOXOOO
OOOOOOOOOO

XXXXXOOOOO
XXXXOOOOOO
XXXOOOOOOO
XXOOOOOOOO
XOOOOOOOOO
OOOOOOOOOX
OOOOOOOOXX
OOOOOOOXXX
OOOOOOXXXX
OOOOOXXXXX

OOOOOOOOOO
OOOOOOOOOO
OOOOOOOOOO
OOOOOOOOOO
XOOOOOOOOO
XXOOOOOOOO
XXXOOOOOOO
XXXXOOOOOO
XXXXXOOOOO
XXXXXXOOOO

OOOOOOOOOO
OOOOOOXOOO
OOOOOXXXOO
OOOOXXXXXO
OOOOOXXXOO
OOOOOOXOOO
OOOOOOOOOO
OOOOOOOOOO
OOOOOOOOOO
OOOOOOOOOO

XXXXXOOOOO
XXXXXXOOOO
XXXXXXOOOO
OXXXXXXOOO
OXXXXXXXOO
OXXXXXXOOO
XXXXXXXXOO
XXXXXXXXXO
XXXXXXXXXX
XXXXXXXXXO

XXXXXXOOOO
XXXXXOOOOO
OXXXOOOOOO
OOXOXOOOOO
OOOXXXOOOO
OOXXXXXOOO
OXXXXXXXOO
OOXXXXXOOO
OOOXXXOOOO
OOOOXOOOOO
