This program has MULTIPLE CORRECT SOLUTIONS.

There are seven data sets in this file. It's best
to test them in the order shown. The first one is
on the problem sheet with a solution given. The
next two are on the sheet without solutions given.
The next three are softballs that have short
solutions. The last one is a long solution.

Judging a solution requires three sets per data set.
1. Check that the last step matches the goal.
2. Count the steps to verify the reported count.
3. Verify each move is valid step by step.


******************************
L----+86321
  457^---
L12345
******************************
L----+26381
  457^---
L41732
******************************
L----+35841
  267^---
L12846
******************************
L----+35841
  267^---
L35841
******************************
L----+-8352
  1--^476
L38167
******************************
L----+--723
  154^-86
L41856
******************************
L----+--315
  46-^728
L57468
******************************




====[INPUT]====
L----+86321
  457^---
L12345

====[OUTPUT]====

L----+86321
  457^---

L8---+-6321
  457^---

L----+-6321
  457^--8

L6---+--321
  457^--8

L----+--321
  457^-68

L7---+--321
  45-^-68

L----+--321
  45-^768

L3---+---21
  45-^768

L35--+---21
  4--^768

L352-+----1
  4--^768

L35--+----1
  42-^768

L351-+-----
  42-^768

L35--+-----
  421^768

L3---+----5
  421^768

L----+---35
  421^768

L1---+---35
  42-^768

L12--+---35
  4--^768

L123-+----5
  4--^768

L1234+----5
  ---^768

L12345-----
  ---^768

19 total moves


====[INPUT]====
L----+26381
  457^---
L41732

====[OUTPUT]====
L----+26381
  457^---

L7---+26381
  45-^---

L72--+-6381
  45-^---

L726-+--381
  45-^---

L72--+--381
  45-^--6

L723-+---81
  45-^--6

L7238+----1
  45-^--6

L723-+----1
  45-^-86

L72--+----1
  45-^386

L725-+----1
  4--^386

L7254+----1
  ---^386

L725-+---41
  ---^386

L72--+---41
  5--^386

L7---+---41
  52-^386

L----+---41
  527^386

L4---+----1
  527^386

L41--+-----
  527^386

L417-+-----
  52-^386

L4173+-----
  52-^-86

L41732-----
  5--^-86

19 total moves

====[INPUT]====
L----+35841
  267^---
L12846

====[OUTPUT]====
L----+35841
  267^---

L3---+-5841
  267^---

L----+-5841
  267^--3

L5---+--841
  267^--3

L----+--841
  267^-53

L7---+--841
  26-^-53

L----+--841
  26-^753

L8---+---41
  26-^753

L84--+----1
  26-^753

L841-+-----
  26-^753

L8416+-----
  2--^753

L841-+----6
  2--^753

L84--+----6
  21-^753

L8---+---46
  21-^753

L----+--846
  21-^753

L1---+--846
  2--^753

L12--+--846
  ---^753

L128-+---46
  ---^753

L1284+----6
  ---^753

L12846-----
  ---^753

19 total moves

====[INPUT]====
L----+35841
  267^---
L35841

====[OUTPUT]====
L----+35841
  267^---

L3---+-5841
  267^---

L35--+--841
  267^---

L358-+---41
  267^---

L3584+----1
  267^---

L35841-----
  267^---

5 total moves

====[INPUT]====
L----+-8352
  1--^476
L38167

====[OUTPUT]====
L----+-8352
  1--^476

L4---+-8352
  1--^-76

L48--+--352
  1--^-76

L4---+--352
  1--^876

L----+--352
  14-^876

L3---+---52
  14-^876

L38--+---52
  14-^-76

L387-+---52
  14-^--6

L3874+---52
  1--^--6

L387-+--452
  1--^--6

L38--+-7452
  1--^--6

L381-+-7452
  ---^--6

L3816+-7452
  ---^---

L38167--452
  ---^---

13 total moves

====[INPUT]====
L----+--723
  154^-86
L41856

====[OUTPUT]====
L----+--723
  154^-86

L4---+--723
  15-^-86

L48--+--723
  15-^--6

L485-+--723
  1--^--6

L48--+-5723
  1--^--6

L4---+-5723
  1--^-86

L41--+-5723
  ---^-86

L418-+-5723
  ---^--6

L4185+--723
  ---^--6

L41856--723
  ---^---

9 total moves

====[INPUT]====
L----+--315
  46-^728
L57468

====[OUTPUT]====
L----+--315
  46-^728

L3---+---15
  46-^728

L37--+---15
  46-^-28

L376-+---15
  4--^-28

L37--+--615
  4--^-28

L374-+--615
  ---^-28

L3746+---15
  ---^-28

L374-+---15
  6--^-28

L3741+----5
  6--^-28

L374-+----5
  6--^128

L37--+----5
  64-^128

L3---+----5
  647^128

L35--+-----
  647^128

L351-+-----
  647^-28

L35--+----1
  647^-28

L352-+----1
  647^--8

L35--+---21
  647^--8

L3---+---21
  647^-58

L----+--321
  647^-58

L5---+--321
  647^--8

L57--+--321
  64-^--8

L574-+--321
  6--^--8

L5746+--321
  ---^--8

L57468--321
  ---^---

23 total moves

