241412 + 324422 = 565834
2f59 + 52e5 = 823e
10001010111 - 10001010111 = 0
Cannot divide by 0
3b45d / 1ad35 = 2
220203032 / 323030020 = 0
20222001202 + 110022022101 = 201021101010
70b2 * 102af = 3h006le
17024 / 30628 = 0
8apa / 1592 = 7
58c41 - 7c328 = -233b7
110100100212 * 2211121 = 1022000200021120122
119c + 7e30 = 8fcc
1053440 * 313455 = -52260053651
131120223 * 232303131 = 1133112320130133
eajm / 35g1 = 4
47395 + 1e065 = 6640a
564644 / 1666615 = 0
1a64d - 1a98b = -33f
8p13 - 2j90 = 65m3
781j + a0k8 = h905
162030 + 181072 = 353112
5ccc - e0g2 = -8638
19108 + 384a2 = 525aa
1072g * 28c8 = -25db550b
4021444 * 12301002 = -4002333103334
361335 / 238318 = 1
11110000011011 + 11101111111001101 = 100001101111101000
53264 + 78244 = 1204a8
35efb * 22caf = 54971195
1ked + c0c2 = dl1f
3fn9 / bhco = 0
414124 * 11043400 = 10201320303100
52295 * 25752 = -6a3540555
731327 + 674166 = 1625515
3a22 * ane4 = -4jnbo96
5log * 43li = -k275n0
86l3 / ejag = 0
b4ae * 1b076 = -2g305ac0
gdd / 93bf = 0
12101301 - 110023200 = -31321233
22jg * 2qnz = -8srpss
23642 * 205520 = 5266562440
agaf * 14ebb = -127248f6
3vbm * 7b1p = 17htdq6
64hj + hk6b = 11217
245602 / 40355 = 6
9sq / 4g7c = 0
1m5i + qhr = 2fnc
8289 + 111919 = 120208
b74k + bfmf = 1004c
3hr5 / 32n1 = 1
1hkc / 4aqb = 0
5a103 / 30236 = 1
ae5c * a58o = -3e39qjd
88a60 / 3023 = 2a
b4d6 + fnja = 1348g
162848 + 157597 = 320445
5329 / 15295 = 0
37375 - 75a57 = -3b6b2
43e0 * k4a6 = -fg3ihf8
241113 + 234562 = 475675
3q4n + 19j7 = 57o2
234935 / 80733 = 2
1780d * 101hc = deeiea8
322012203 * 33022202 = 1301012011330212
1cov - 2iwr = -167v
4e9f * 1267 = 56c306a
4f6i / x0b = 4
7j5d * qhp = -3cj656l
94be - a48e = -fd0
24129 + 8899 = 2c9c2
11afb / 1b7d9 = 0
ehi8 - 10jb9 = -81f1
100001222200 + 12221002011 = 120000001211
132412 + 138a42 = 270354
dkji + 7hf5 = lean
94fb / 1bak = 6
1b8b3 / 2b90d = 0
hhca * i2b4 = -21iia3h3
yd9 * 4yny = 817ia4
3bh1 + 23aj = 5erk
88k9 - 57tl = 30lj
7fg2 + 10806 = 185g8
4kgi * 2hxj = -5kqdss
5git - 56nb = 9pi
18g26 + 1f8if = 35622
3c05 * 5b3t = 1amn86q
fi3j * i7f9 = 142a2317
3kq6 + 2bj0 = 5w96
1402a7 + 7a528 = 20a824
13244241 / 24422142 = 0
1g0de * 11d8h = 24h13dd2
4lo0 * bgi8 = k2jdig
4a4c / 60ie = 0
4nv1 / 4rrb = 0
6ptg - 3omb = 3175
65he / 10bg = 6
14034422 / 12404244 = 1
f541 + 4fi = fa10
enie * 42g8 = -5ila1j8
1304032 / 1021442 = 1
97ed * 262b = 155gd717
36ec0 / 23020 = 1
d0cm + el8f = 14lle
42dd7 * 450ac = cb88c9c4
335278 / 375524 = 0
1tjq + 1ooc = 3lb5
7h81 - 47j8 = 39af
12b32 + 198b9 = 2c60b
30220244 * 423042 = -3241230133133
2jib - 88t5 = -5kap
31075 / 31320 = 0
116c1 + 15c1c = 272dd
11012212120 * 22002210010 = 220202000020202020
123210303 * 330321221 = -1300222300000111
3le1 + iw6 = 44a7
26cg9 / 3h38 = a
cl6g * 2ia7 = -96hj96g
74k7 * 2fk3 = b73q13
4db68 * 13829 = 62d0d368
101111110100010000 + 1001101111010001 = 111001100011100001
59774 * 4a888 = 1438c5380
e9ce - aij8 = 3ad6
lah9 / jjlf = 1
xzl - 4xdo = -3ze3
l5 * 4mqu = 2upwge
5bnh * 6tnq = 2ar9g4g
29r8 + 3gce = 5q7m
e7l2 * 578e = 8ef9ff4
5100155 * 5123142 = -315520324314
883h / 8ak7 = 0
16hia - feid = b2jh
794h / 19717 = 0
1011101110110010 * 101101110100011111 = 11001100000110110010010001110
2i2k + aghf = d6k7
347u - 1fey = 1nrv
158801 + 81346 = 251247
239a * 2ndg = vwl6fx
1596a8 + 164a5 = 1750a2
12722 - 26969 = -14247
14003142 + 11330220 = 30333412
66569 + 51176 = b7712
1ck8 - 113i8 = -lck0
4f2c + 8a32 = cp5e
4239 * a1442 = 364a05776
fc00 + 23b8d = 3268d
3b44f / 14b47 = 2
202023030 / 310203101 = 0
77aa8 - 875a = 6a349
1a8ce + 5e7e = 1g419
602114 * 1345452 = 35312125406
9rh3 + 1784 = b6p7
c8fa / 783 = 1g
3206 - 9bm = 2njf
85571 - 63a67 = 21807
33123203 * 222110111 = -1303001113001201
3ipb - 48uk = -l59
1000000002 / 11101000111 = 0
376d8 * 295aa = -bd75c90
2rx4 + 44sv = 6wr0
365k * 2fml = rkoekr
31068 - 129059 = -97991
80el * 5bdb = -m9dnoj
1422114 + 3020454 = 4443012
10ec9 / 9h46 = 2
124bh + f19d = 1h609
2bn3 - 7bde = -4qhb
aa1a / ciij = 0
20201101221 / 22022010220 = 0
7lin * 14an = 990iei1
34c01 + 598b4 = 906b5
1o4s / 106v = 1
24ae3 * 7832 = -79e3100a
2115114 / 3253224 = 0
eb2e * k5b0 = 2me4kei
9p68 * 7nhc = h7fa6n
5qqa / 260i = 2
175h1 + 8g8i = 1g25j
i1jj / 8aaj = 2
1d1fb / 1h82 = g
fa5i * 873b = 4d4dlo1
4ho9 * 816 = 15nmgun
11dg9 + 442c = 15hj0
1g0p * vb9 = -1142nov
4230 / 270n = 1
bdaa + jeb1 = 1a70b
4016 - 4f3l = -f2f
7d0c + 3n8i = b993
9lpd - 3ja6 = 62f7
8m8a / j51 = a
1341255 + 1223340 = 3005035
646ad + 5717 = 69dc6
cce1 / b9hp = 1
fd77 + dc5f = 195d2
g5c6 - 7663 = 8g63
9blk + 7qob = h9h2
a32q * 9g6f = -151c4gi
17hde - 124a9 = 5d35
12h7a + 14010 = 26h8a
113a72 / 139445 = 0
3g30 - 3sde = -cae
qel / 85g9 = 0
3254451 - 3020030 = 234421
374d6 * 1cdc8 = d95303cc
47rl / 2r95 = 1
97sk - a5q9 = -qqi
21012210111 * 1010110122 = -2221111202022012122
12583 - j5gb = 2jbc
380ca + 34417 = 6c4e2
54628 * 206001 = -1631479260
443042 + 200004 = 643046
4yxv - 1m27 = 3cvo
12i37 * edhi = -23cbf3gc
5dho / 1835 = 4
2010202021 / 20100222211 = 0
3mdn - 9f6n = -5gh0
1d127 * 1dd30 = 21ad6b9c
6c02 + 7h8q = dt8s
1206221 * 1341504 = 54132000531
232003020 / 133101000 = 1
297p * 60c = e0j9ak
2h92 - 5n9i = -360g
2404334 / 4402102 = 0
11110001111001111 / 111011110101011100 = 0
8h5i + 18570 = 1h2ci
1vfp - 5dcu = -3eu5
234412 - 30540 = 203872
5s8l + 23nq = 822h
1acac * 192f = -129fj11g
3402020 / 22144332 = 0
d1db * 14d09 = 13ab256c1
7nod / 5cqd = 1
3cee * f3dd = 4ckjdia
4ljn + 150m = 61kk
5q4c + 871i = e663
bde4 + 6kl7 = i9ab
20091 + 3c7f9 = 5c88a
2m84 + 4p9d = 7jhh
158170 / 8306 = 17
27nu / 57s7 = 0
2420300 / 532345 = 2
apap - 1op8 = 90bh
1p1c - 7nmd = -5sl1
dhd9 / b8k6 = 1
20122122211 - 12012000022 = 1110122112
640a1 + 30566 = 94637
50261 + 226228 = 276500
6ve / 4luw = 0
7gp8 - 327h = 4ehn
f859 / 5hi7 = 2
2bco + 8a94 = alm3
3205510 * 3335355 = 142530005010
j29 + 69e9 = 71gi
2kk + 52sr = 55ec
23203342 + 21112044 = 44320441
db89 * 88la = l5753i
328238 / 286357 = 1
11031030 * 4322223 = -11142112111042
185j3 / 34fi = 8
6c278 * 73b6a = -20169751a
37067 / 240185 = 0
b8nn * gg6f = 9lneb41
58967 - 67085 = -c51c
49fa - 2og = 46lp
76559 * 48392 = -3a4602861
405134 + 1003340 = 1412514
12750 - 4a73 = dcdd
162156 + 104405 = 266564
3ohf - f3s = 39dl
85dk + c5p3 = kbcn
4745 * 1npf = -5hkamhp
101100111101000010 + 10100010101 = 101101010001010111
560722 - 235213 = 323507
9gc6 * a9g8 = -44424g14
4mn8 * 8eb8 = -2j2hos3
8cj8 - 836q = 9c9
556i + 7ew = 5cle
b563b + 74a4a = 16a489
12232333 * 321003202 = -1333302013011202
cdl0 / 21bi = 6
49b3e + 24677 = 6e2b6
1a64b - 5bb4 = 14877
jhb - fc76 = -eebh
2gl8 + dh22 = gb0a
30332331 + 14310314 = 100143200
12047a + 10625 = 130aa4
6459 + 68hi = ccn0
2tjp - 4tcq = -1vp1
3f1d + 13d8c = 17aa7
9c30 + 9623 = ii53
154hh - 2fb4 = 1286d
63bca / 1917d = 3
14480 / 361268 = 0
39d0 / 43232 = 0
7b4o * 9hbk = 1lhakkl
9j / ckie = 0
302221000 - 113211221 = 123003113
7k43 * b605 = 3ndhl7d
186he / b0b2 = 2
146572 - 188296 = -41724
hkf0 * 7acj = -1nke6j0
698b + bc73 = 103fe
12982a - 65a98 = 73842
1f3j - 180d = 736
10101112200 / 12000112002 = 0
35523 - 20352 = 151a1
bjcb - 23k2 = 9fd9
616a6 / 24869 = 2
998c / 181ef = 0
4a13b + 49b10 = 9804b
400201 + 1022340 = 1422541
110100001010110000 - 110000101000010111 = 11100010011001
v3o + 3hum = 4cya
1314023 / 1631623 = 0
e0j3 / b518 = 1
1j9m / 5p8r = 0
5od2 * 1fq3 = -13180e3
215580 / 112679 = 1
50338 * 207306 = 1845434836
dos * 58lr = 2d5cb16
2nf3 * 68r7 = 150njql
7km9 - 3hmf = 42up
168838 / 68600 = 2
bsa * 73cl = -1bhekle
12fg4 * 9ia1 = -ff70adg
1c59d + 197c7 = 35d64
1gg6e * 29d36 = 3c611ca8
13e40 + 2de3c = 41c7c
130230311 / 11033212 = 11
13302121 + 20041430 = 33344101
20ce4 + e254 = 2ef28
12210 * 673 = 72c8d30
6bjc + 2qfu = 974b
1440315 * 3555423 = -435001410451
4hpw - 1v9z = 2mfx
100034 + 330310 = 430344
1a770 - d051 = g71i
17dac * 1e443 = 3c51d49f
560s - 1qun = 3f65
da80 - 52nl = 8783
434j - 1duj = 2o90
1c672 * 240b3 = bedc0ac4
42187 / 38d30 = 1
fh3o + a06b = 10haa
2544312 + 4014514 = 11003230
fa9g + gg4k = 182ec
5292 + 1a848 = 22b0a
111100010101100110 - 10010100111101110 = 101001101101111000
10303020 - 11310110 = -1002040
olt / 42ch = 0
fcij + fa0d = 15mj7
b163 + d9fh = 14b20
3hke / 5ljh = 0
50gg - lsw = 4dmj
5l5f - 2acj = 3aim
5bii - 1l64 = 3cce
1cf62 + 152a7 = 32209
57h7 * 3lj8 = -s2jjf1
3aii / 9oof = 0
de70 - fn79 = -2909
1397e - 91b = 13063
42720 - 334603 = -271663
2idc + 517d = 7jkp
ih7f + ajh7 = 18g41
100121210211 + 100100201112 = 200222112100
43dm * 330c = -kcpv4g
22121000012 - 2220211122 = 12200011120
2cf9 * 1195h = -1h975025
1fed - fa39 = -dick
a3ba4 / b95ba = 0
278d3 - 3143 = 24790
73510 + 98699 = 172209
34eb6 / 343a0 = 1
11111010011100100 - 110101111100111010 = -10110101001010110
95524 - 1231a2 = -38779
1ht4 * 6d08 = 1vnv390
1fu6 + 35f6 = 4lbc
110001000011110 * 101010010100011100 = 11100001000001000101001000
1b8b4 + 1e1aa = 37a3e
fc5c + c001 = 18c5d
41cl / q4a = 5
64kl + 2oeg = 8t24
7ee5 - 357i = 496f
90er + 9id4 = iis2
43yl - 54kq = -10l5
xcp / jjd = 1
887f * b53i = i8953ck
2646 * 10a934 = 28a619532
1rlp * 49k = 89fb1k
4lmn / q93 = 5
5j01 * 61qi = 1aa2oc6
3rmn + 6cgl = acbg
92512 * 27174 = 3a92a9700
sod - 9dcj = -8dh6
22412032 * 21330221 = -12244122310002
116979 / 91652 = 1
5idd - 9mi = 58lq
87449 + a601a = 182468
432 * 4w1y = k38v0x
4pxh / 2f3m = 1
7adk * 1rot = 2beh9d8
1g93 + 2bj8 = 433b
443226 + 314637 = 760065
3123115 / 5022141 = 0
111870 * 71624 = -2827203044
303221001 * 12031333 = 1001020100210333
2fgk * 5cl3 = -3oedfc4
182d0 - 2dd3 = 154fd
2qao / 2tqg = 0
10011002210 + 10022022011 = 20110101221
a38m * ccn8 = 1b86mo4
c9hl * h5kk = -ajaib14
2d1j / 7o84 = 0
2e3c + 7r1c = ad4o
7vt + 1qx4 = 20ux
11030431 - 12141204 = -1110223
6jlm + 9b58 = g736
6013 - a0jb = -40i8
dha / 3ibf = 0
8936 - 1b107 = -128e1
ii1 + fmc8 = gh69
55946 + 1276c = 683b5
16684 + 30556 = 46c0a
10011000000110 + 100111011100111011 = 101001110101000001
1lnn + 12gr = 2o4e
4jma - 5q4h = -16d7
15178 / 143656 = 0
gae5 - 7k9 = g2eh
1320 / 1125554 = 0
5uaq * 4jdd = -j4ir1e
2e81g - 1ebe7 = gd49
497c / 5bv6 = 0
8fi9 * 6lld = 6dfnb24
11e3 + 2ol1 = 41a4
7hol * 7a69 = 4ahe2o1
200201101 * 233110032 = 2230333211232
4phm / 5k3x = 0
107832 + 206287 = 314119
cccb * 956e = 1754077f
476e4 / 21d37 = 2
14302323 + 2002212 = 21310040
604113 * 107562 = -11501064632
6027b / 46020 = 1
110100111110111110 - 100111100100101000 = 1101011010010110
1303b - 121eg = i8f
2e005 + 23d6b = 51d70
90n3 + 271 = 9324
c498 + 1d3d6 = 2986e
8snl / 8qfg = 1
5014300 / 2143252 = 2
10230 / 4dd5 = 4
4p9n + 70me = bq27
52122 + 105524 = 157646
e275 * fhld = -2j2mi3n
4grp - 2klj = 1r66
9l0i + a1ol = jmpb
24b8b - 26942 = -1b95
516x + 4rkq = 9srn
1d012 - h9ia = e91b
rau + 79pa = 8659
6a62 / 15h26 = 0
4a571 * 3113d = -a0d21d7b
336c * 8m98 = -28ldm3e
375445 - 77040 = 287405
abg7 - 45l2 = 65m5
2a649 * 52548 = -4cc5c604
8efd * boon = -2da3f72
263513 * 723554 = 4066500244
84529 - 2a278 = 57281
7879 * c74e = amin0e
5ck3 + 61lh = be8k
1abc - 614i = -4lo6
30100240 - 4021243 = 21023442
5a2l + 19d9 = 6jg4
10322342 - 13244442 = -2422100
3526c * 5181a = -336d6ad2
22110012220 - 10021202200 = 12011110020
1525325 - 4555141 = -3025412
1sla * 276j = -1f5o2b6
7jim * 1o33 = 3ekmo0h
9opj / 6lqm = 1
f2ci * gj5l = -a117b62
19nm * 4phw = 1v6ug8
101110111101010000 + 101110111000000101 = 1011101110101010101
1aa94 + 1820f = 30ca1
9o7b / a7g3 = 0
ganl * a41n = a196hfb
tlc / 3wnc = 0
1a28b + 215bc = 3b847
57b15 - a4b3 = 4a632
43446 * 3c94a = -cc4179b6
450244 - 145023 = 301221
111073 / 127252 = 0
4piv + 2qp9 = 7g84
fh62 - 49a2 = b7f0
8lab / ib55 = 0
dlak + 13bk = f1mh
7f7m + j1aa = 13gi9
2a263 - 140864 = -111601
1121644 + 1610601 = 3032545
d3i2 + k385 = 1b747
2b45 / 94276 = 0
25ne - 4s9g = -2mj2