   0  76  77  79  81  83  85  87  89  91  93  94  95  95  96  97  98  99 100 100 100  99  98  97  96  95  94  93  92  90  88  86  85  84  83  81  79  76  73  70  68  65
  76  78  81  82  84  87  88  90  92  94  95  95  96  97  98  99 100 101 102 103 103 103 102 101 100  99  98  97  95  93  91  89  88  87  86  85  82  79  76  73  70  67
  78  80  82  85  88  90  92  93  95  96  96  96  97  98 100 101 102 103 104 105 106 106 106 105 104 103 102 100  98  96  94  92  91  90  89  87  85  82  79  75  72  69
  80  82  84  87  91  94  95  96  97  97  97  97  98  99 101 103 104 105 106 107 108 109 109 109 108 107 105 103 101  99  97  95  94  93  91  89  87  85  81  77  74  71
  82  84  86  89  93  96  98  98  98  98  98  98  99 100 102 104 106 107 108 109 110 111 112 112 112 110 108 106 104 102 100  98  97  95  93  91  89  86  83  79  76  72
  84  86  88  91  94  97  99  99  99  99  99  99 100 101 103 105 107 109 110 111 112 113 114 115 114 113 111 109 107 105 103 101  99  97  95  93  90  87  84  81  77  73
  86  88  90  93  96  98  99 100 100 100 100 100 101 102 104 106 108 110 112 113 114 115 116 116 116 115 114 112 110 108 106 104 102 100  98  95  92  89  86  82  78  74
  88  90  92  95  97  98  99 100 101 101 101 101 102 103 105 107 109 111 113 115 116 117 117 117 117 117 116 115 113 111 109 107 105 103 100  97  94  91  87  83  79  75
  90  92  94  96  97  98  99 100 101 102 102 102 103 104 106 108 110 112 114 116 118 118 118 118 118 118 118 117 116 114 112 110 108 105 102  99  96  92  88  84  80  76
  91  94  95  96  97  98  99 100 101 102 103 103 104 105 107 109 111 113 115 117 118 119 119 119 119 119 119 119 118 117 115 113 110 107 104 101  97  93  89  85  81  77
  93  95  96  97  98  99 100 101 102 103 104 105 106 107 109 111 113 115 117 118 119 120 121 121 121 121 121 121 120 119 118 115 112 109 106 102  98  94  90  86  82  78
  94  95  96  98  99 100 101 102 103 104 105 106 108 109 111 113 115 117 118 119 120 121 122 123 123 123 123 122 121 121 119 117 114 111 107 103  99  95  91  87  83  79
  94  95  96  98 100 101 102 103 104 105 106 107 109 111 113 115 117 118 119 120 121 122 123 124 125 125 124 123 122 121 120 118 116 112 108 104 100  96  92  88  84  80
  95  96  97  99 101 103 104 105 106 107 108 109 111 113 115 117 118 119 120 121 122 123 124 125 126 126 125 124 122 121 120 119 116 113 109 105 101  97  93  89  85  81
  96  97  98 100 102 104 106 107 108 109 110 111 113 115 117 118 119 120 121 122 123 124 125 126 126 126 126 124 122 121 120 118 116 113 110 106 102  98  94  90  86  82
  97  98  99 101 103 105 107 109 110 111 112 113 115 117 118 119 120 121 122 123 124 125 126 126 126 126 125 124 122 121 119 117 115 113 110 107 103  99  95  91  87  83
  97  99 100 102 104 106 108 110 112 113 114 115 117 118 119 120 121 122 123 124 125 126 126 126 126 125 124 123 122 120 118 116 114 112 110 107 104 100  96  92  88  84
  97  99 101 103 105 107 109 111 113 115 116 117 118 119 120 121 122 123 124 125 126 126 126 126 125 124 123 122 120 119 117 115 113 111 109 107 104 101  97  93  89  85
  97  99 101 104 106 108 110 112 114 116 118 118 119 120 121 122 123 124 125 126 126 126 126 125 124 123 122 120 118 117 116 114 112 110 108 106 104 101  98  94  90  86
  98 100 102 105 108 110 112 114 116 118 118 119 120 121 122 123 124 125 126 126 126 126 125 124 123 122 120 118 116 115 114 113 111 109 107 105 103 101  98  95  91  87
  99 101 103 106 109 112 114 116 118 118 118 119 121 122 123 124 125 126 126 126 126 125 124 123 122 120 118 116 114 113 112 111 110 108 106 104 102 100  98  95  92  88
 100 102 104 107 110 113 116 118 118 118 118 119 121 123 124 125 126 126 126 126 125 124 123 122 120 118 116 114 112 111 110 109 108 107 105 103 101  99  97  95  92  89
 101 103 105 108 111 114 117 118 118 118 118 119 121 123 125 126 126 126 126 125 124 123 122 120 118 116 114 112 110 109 108 107 106 105 104 102 100  98  96  94  92  89
 102 104 106 109 112 115 116 117 118 118 118 119 121 123 125 126 126 126 125 124 123 122 120 118 116 114 112 110 108 107 106 105 104 103 102 101  99  97  95  93  91  89
 103 106 108 111 114 115 116 117 118 119 119 120 122 124 125 126 127 126 125 124 123 121 119 117 115 113 110 108 106 105 104 103 102 101 100  99  98  96  94  92  90  88
 104 107 110 113 114 115 116 117 118 119 120 121 123 124 125 126 126 126 125 124 122 120 118 116 114 111 108 106 104 103 102 101 100  99  98  97  96  95  93  91  89  87
 106 109 112 114 115 116 117 118 119 120 121 122 123 124 125 125 125 125 125 123 121 119 117 115 112 109 106 104 102 101 100  99  98  97  96  95  94  93  92  90  88  85
 107 111 113 115 117 118 119 120 121 122 122 122 124 125 125 125 125 125 124 123 121 119 117 114 111 108 105 103 101 100  99  98  97  96  95  95  93  92  91  90  87  84
 109 112 115 117 119 121 122 123 124 124 123 122 124 125 125 125 125 124 123 122 121 119 116 113 110 107 104 102 100  99  98  97  96  95  94  93  92  91  90  88  86  83
 109 113 116 119 121 123 125 126 126 125 123 122 123 124 125 125 124 123 122 121 120 118 115 112 109 106 103 101  99  98  97  96  95  94  93  92  91  90  88  86  84  82
 110 114 118 120 123 125 127 128 127 125 123 121 122 123 124 124 123 122 121 120 118 116 114 111 108 105 102 100  98  97  96  95  94  93  92  91  90  88  86  84  82  80
 109 115 118 121 124 127 128 128 127 125 122 120 121 122 122 122 122 121 120 118 116 114 112 110 107 104 101  99  97  96  95  94  93  92  91  90  88  86  84  82  80  78
 108 113 118 121 125 127 128 127 126 124 121 119 120 120 120 120 120 120 118 116 114 112 110 108 106 103 100  98  96  95  94  93  92  91  90  88  86  84  82  80  78  76
 106 111 116 121 124 126 126 126 124 122 120 118 118 118 118 118 118 117 116 114 112 110 108 106 104 102  99  97  95  94  93  92  91  90  88  86  84  82  80  78  76  74
 105 110 115 119 122 123 124 123 122 120 118 117 117 117 117 117 116 115 114 113 111 109 107 105 103 101  99  97  95  94  93  92  91  89  87  85  83  81  79  77  75  73
 103 109 113 116 118   0 120 120 119 118 116 115 116 116 116 115 114 113 112 111 110 108 106 104 102 100  98  97  95  94  93  92  90  88  86  84  82  80  78  76  74  72
 101 106 110 112 114 115 116 116 116 115 114 113 114 115 114 113 112 111 110 109 108 107 105 103 101  99  97  96  95  94  93  91  89  87  85  83  81  79  77  75  73  71
  99 103 106 109 110 111 112 113 113 113 112 111 112 112 112 111 110 109 108 107 106 105 104 102 100  98  96  95  94  94  92  90  88  86  84  82  80  78  76  74  72  70
  96  99 102 104 106 107 108 109 110 110 110 109 109 109 109 109 108 107 106 105 104 103 102 101  99  97  95  94  93  92  91  89  87  85  83  81  79  77  75  73  71  69
  92  95  97  99 101 103 104 105 106 107 107 106 106 106 106 106 106 105 104 103 102 101 100  99  98  96  94  93  91  90  89  88  86  84  82  80  78  76  74  72  70  68
  89  91  93  95  97  99 101 102 103 104 104 103 103 103 103 103 103 103 102 101 100  99  98  97  96  95  93  91  89  88  87  86  85  83  81  79  77  75  73  71  69  67
  85  87  89  91  93  95  97  99 100 100 100 100 100 100 100 100 100 100 100  99  98  97  96  95  94  93  91  89  87  86  85  84  83  82  80  78  76  74  72  70  68  66
