Deficient
Evil
Wasteful

Deficient
Equidigital
Odious
Ugly

Deficient
Equidigital
Evil
Ugly

Deficient
Odious
Ugly
Wasteful

Deficient
Equidigital
Odious

Deficient
Equidigital
Evil
Ugly

Evil
Perfect
Ugly
Wasteful

Deficient
Equidigital
Odious

Deficient
Odious
Ugly
Wasteful

Deficient
Evil
Ugly
Wasteful

Deficient
Equidigital
Evil
Ugly

Deficient
Equidigital
Odious

Abundant
Evil
Ugly
Wasteful

Deficient
Equidigital
Odious

Deficient
Equidigital
Odious

Deficient
Equidigital
Evil
Ugly

Deficient
Equidigital
Odious
Ugly

Deficient
Equidigital
Evil

Abundant
Evil
Ugly
Wasteful

Deficient
Equidigital
Odious

Abundant
Evil
Ugly
Wasteful

Deficient
Equidigital
Odious

Deficient
Odious
Wasteful

Deficient
Equidigital
Evil

Abundant
Evil
Ugly
Wasteful

Deficient
Equidigital
Odious
Ugly

Deficient
Odious
Wasteful

Deficient
Equidigital
Evil
Ugly

Odious
Perfect
Wasteful

Deficient
Equidigital
Evil

Abundant
Evil
Ugly
Wasteful

Deficient
Evil
Wasteful

Abundant
Evil
Wasteful

Deficient
Equidigital
Odious

Deficient
Evil
Wasteful

Deficient
Odious
Wasteful

Abundant
Odious
Wasteful

Deficient
Equidigital
Evil

Abundant
Evil
Ugly
Wasteful

Deficient
Equidigital
Odious

Deficient
Odious
Wasteful

Deficient
Evil
Ugly
Wasteful

Deficient
Odious
Wasteful

Deficient
Evil
Wasteful

Abundant
Evil
Wasteful

Deficient
Equidigital
Odious

Abundant
Evil
Ugly
Wasteful

Deficient
Equidigital
Odious
Ugly

Deficient
Odious
Wasteful

Deficient
Equidigital
Evil

Abundant
Odious
Wasteful

Deficient
Evil
Wasteful

Deficient
Evil
Wasteful

Deficient
Odious
Wasteful

Abundant
Odious
Wasteful

Deficient
Equidigital
Evil

Abundant
Evil
Ugly
Wasteful

Deficient
Odious
Wasteful

Deficient
Evil
Wasteful

Deficient
Odious
Wasteful

Deficient
Odious
Wasteful

Deficient
Evil
Wasteful

Abundant
Evil
Ugly
Wasteful

Deficient
Equidigital
Odious

Deficient
Odious
Wasteful

Deficient
Evil
Wasteful

Abundant
Odious
Ugly
Wasteful

Abundant
Frugal
Odious
Ugly

Deficient
Frugal
Odious
Ugly

Abundant
Odious
Ugly
Wasteful

Abundant
Evil
Wasteful

Deficient
Odious
Wasteful

Deficient
Odious
Wasteful

Deficient
Equidigital
Odious

Deficient
Equidigital
Odious

Deficient
Odious
Wasteful

Abundant
Equidigital
Evil
Ugly

Deficient
Evil
Wasteful

Deficient
Evil
Wasteful

Abundant
Odious
Wasteful

Deficient
Equidigital
Evil

Abundant
Evil
Wasteful

Deficient
Equidigital
Odious

Deficient
Odious
Wasteful

