Accio
Alohomora
Avada Kedavra
Expecto Patronum
Expelliarmus
Finite Incantatem
Levicorpus
Lumos
Petrificus Totalus
Wingardium Leviosa
Sectumsempra
Colloportus
Crucio
Incendio
Not really a spell
but who will ever know
impedimenta
ENGORGIO
bat bogey hex
lOCOTOMOR MORTIS
WADDIWASI
lAnGLock
Furnunculus
eEeEEeEeVVVvVVVaaaaaaNNNNNeEeESsSCCo
FiendfyreeryfdneiF
MORSMORDRE
See ya later booiiiiiiiiiiiissssssssssssssssssssss
eat slugs Malfoy
Dobby is a free elf
Snape Snape Severus Snape
DUMBLEDORE
Snape Snape Severus Snape
astronomical legume xxxx jdx
bloody hail
