apple x 1

banana x 1

carrot x 1

cake x 1

elephantmeat x 1

tearsoflonliness x 1

grape x 1

ham x 1

carrot x 2

cake x 1
carrot x 1

cake x 2

carrot x 1
tearsoflonliness x 1

banana x 1
ham x 1

carrot x 1
ham x 1

cake x 1
ham x 1

cake x 1
carrot x 2

ham x 1
tearsoflonliness x 1

grape x 1
ham x 1

ham x 2

carrot x 2
ham x 1

cake x 1
carrot x 1
ham x 1

cake x 2
ham x 1

carrot x 1
ham x 1
tearsoflonliness x 1

banana x 1
ham x 2

carrot x 1
ham x 2

cake x 1
ham x 2

cake x 1
carrot x 2
ham x 1

ham x 2
tearsoflonliness x 1

grape x 1
ham x 2

ham x 3

carrot x 2
ham x 2

cake x 1
carrot x 1
ham x 2

cake x 2
ham x 2

carrot x 1
ham x 2
tearsoflonliness x 1

banana x 1
ham x 3

carrot x 1
ham x 3

cake x 1
ham x 3

cake x 1
carrot x 2
ham x 2

ham x 3
tearsoflonliness x 1

grape x 1
ham x 3

ham x 4

carrot x 2
ham x 3

cake x 1
carrot x 1
ham x 3

cake x 2
ham x 3

carrot x 1
ham x 3
tearsoflonliness x 1

banana x 1
ham x 4

juice x 1

juice x 1

juice x 1

juice x 1

apple x 1
juice x 1

banana x 1
juice x 1

carrot x 1
juice x 1

cake x 1
juice x 1

elephantmeat x 1
juice x 1

juice x 1
tearsoflonliness x 1

fry x 1

fry x 1

fry x 1

fry x 1

apple x 1
fry x 1

banana x 1
fry x 1

carrot x 1
fry x 1

cake x 1
fry x 1

elephantmeat x 1
fry x 1

fry x 1
tearsoflonliness x 1

fry x 1
grape x 1

fry x 1
ham x 1

carrot x 2
fry x 1

cake x 1
carrot x 1
fry x 1

cake x 2
fry x 1

carrot x 1
fry x 1
tearsoflonliness x 1

banana x 1
fry x 1
ham x 1

carrot x 1
fry x 1
ham x 1

cake x 1
fry x 1
ham x 1

cake x 1
carrot x 2
fry x 1

fry x 1
ham x 1
tearsoflonliness x 1

fry x 1
grape x 1
ham x 1

fry x 1
ham x 2

carrot x 2
fry x 1
ham x 1

cake x 1
carrot x 1
fry x 1
ham x 1

cake x 2
fry x 1
ham x 1

carrot x 1
fry x 1
ham x 1
tearsoflonliness x 1

banana x 1
fry x 1
ham x 2

cake x 1
fry x 1
ham x 2

cake x 1
carrot x 2
fry x 1
ham x 1

fry x 1
ham x 2
tearsoflonliness x 1

fry x 1
grape x 1
ham x 2

fry x 1
ham x 3

carrot x 2
fry x 1
ham x 2

cake x 1
carrot x 1
fry x 1
ham x 2

cake x 2
fry x 1
ham x 2

carrot x 1
fry x 1
ham x 2
tearsoflonliness x 1

banana x 1
fry x 1
ham x 3

carrot x 1
fry x 1
ham x 3

cake x 1
fry x 1
ham x 3
