Ben Gonzales, Ben Yonas, Ben Armstrong
Ben Davis, Ben Stiller, Ben Gonzales, Ben Yonas, Ben Franklin, Ben Armstrong
Ben Bakhit, Ben Norman, Ben Binzley, Ben Alexander, Ben Gonzales, Ben Jackson, Ben Yonas, Ben Davis, Ben Bui, Ben Armstrong, Ben MeHere, Ben Mitchell
Ben Squid, Ben Shrittey, Ben Aayyysh, Ben Ranik, Ben Charlie, Ben Malek, Ben Rasppberry, Ben Boi, Ben Jenga, Ben Stefean
Ben Yonas, Ben Raspberry, Ben Dan, Ben Stefan, Ben JohnChris, Ben Charles, Ben Mitch, Ben Huang, Ben Boi, Ben Malek, Ben Chakarayara, Ben hello, Ben Amel, Ben Weaspoppy, Ben HelloWorld, Ben Binzly, Ben ChrisJohn
Ben HelloWorld, Ben Chakarayara, Ben Squid, Ben Mitch, Ben Armstrong, Ben Dan, Ben Huang, Ben JohnChris, Ben Charles, Ben Malek, Ben Raspberry, Ben Binzly, Ben ChrisJohn, Ben hello, Ben Gupta
Ben Norman
Ben Norman, Ben Weaspoppy, Ben hello, Ben Charles, Ben Chakarayara, Ben Huang, Ben Amel, Ben Stefan
Ben Dan, Ben Binzly, Ben Mitch, Ben Chakarayara, Ben JohnChris, Ben Squid
Ben Chakarayara, Ben ChrisJohn
Ben Huang, Ben Weaspoppy, Ben JohnChris, Ben Squid, Ben Gupta, Ben Stefan, Ben Amel, Ben Norman, Ben Yonas, Ben Armstrong, Ben Mitch, Ben Charles, Ben Boi, Ben Binzly
Ben Gupta, Ben ChrisJohn, Ben Armstrong, Ben Malek, Ben Yonas, Ben Dan, Ben Binzly, Ben Amel, Ben JohnChris, Ben Raspberry, Ben HelloWorld, Ben Charles, Ben Stefan, Ben Huang, Ben Squid, Ben Mitch, Ben Boi, Ben Norman, Ben Chakarayara, Ben Weaspoppy
Ben JohnChris, Ben Amel, Ben Charles, Ben Binzly, Ben Boi, Ben Gupta, Ben hello, Ben Mitch, Ben Armstrong, Ben Malek, Ben HelloWorld, Ben Raspberry
Ben Squid, Ben Mitch, Ben Huang, Ben Amel, Ben HelloWorld, Ben Binzly, Ben Yonas
Ben hello, Ben Mitch, Ben Amel, Ben Malek, Ben Norman, Ben Huang, Ben Chakarayara, Ben Boi
Ben Weaspoppy, Ben Chakarayara, Ben Huang, Ben Boi, Ben Mitch, Ben ChrisJohn, Ben Dan, Ben Squid, Ben Amel, Ben Malek, Ben Armstrong, Ben Yonas, Ben Stefan, Ben HelloWorld, Ben Gupta, Ben Raspberry
Ben ChrisJohn, Ben Dan, Ben Yonas, Ben Charles, Ben Weaspoppy, Ben Norman, Ben Binzly, Ben Boi, Ben Gupta, Ben Chakarayara, Ben Stefan, Ben Huang, Ben Armstrong, Ben hello, Ben HelloWorld
Ben HelloWorld
Ben Huang, Ben Gupta, Ben Stefan, Ben Amel, Ben Weaspoppy, Ben JohnChris, Ben Chakarayara, Ben hello, Ben Charles, Ben Dan, Ben Mitch, Ben Malek, Ben Boi, Ben Yonas, Ben Binzly
Ben Norman, Ben Squid, Ben hello, Ben Chakarayara, Ben Huang
Ben hello, Ben Huang
Ben Yonas, Ben Stefan, Ben JohnChris, Ben Armstrong, Ben HelloWorld, Ben Dan, Ben ChrisJohn, Ben Gupta, Ben Binzly, Ben Charles
Ben Binzly, Ben Charles, Ben Norman, Ben Squid, Ben JohnChris
Ben Gupta, Ben HelloWorld, Ben Amel, Ben Charles, Ben Binzly, Ben Norman, Ben ChrisJohn, Ben Raspberry, Ben Huang, Ben Malek, Ben Squid, Ben JohnChris, Ben Mitch, Ben Armstrong, Ben Dan
Ben Yonas, Ben Chakarayara, Ben Weaspoppy, Ben Huang, Ben Norman, Ben Boi, Ben Dan
Ben Armstrong, Ben ChrisJohn, Ben Norman, Ben Dan
Ben HelloWorld, Ben Binzly, Ben Malek, Ben Chakarayara, Ben Mitch, Ben Armstrong, Ben Weaspoppy, Ben Boi, Ben Yonas, Ben ChrisJohn, Ben Amel, Ben JohnChris, Ben Charles, Ben Stefan, Ben hello
Ben Weaspoppy, Ben Charles, Ben HelloWorld, Ben Raspberry, Ben Chakarayara, Ben Yonas, Ben Gupta, Ben Amel, Ben Stefan, Ben Mitch, Ben Boi, Ben Squid, Ben JohnChris
Ben Yonas, Ben Raspberry, Ben Gupta, Ben Armstrong, Ben Dan, Ben Malek, Ben Amel, Ben Huang, Ben Stefan, Ben Mitch, Ben HelloWorld, Ben Weaspoppy
Ben Amel, Ben hello, Ben Gupta, Ben Raspberry, Ben Huang, Ben Dan, Ben Squid, Ben Charles, Ben JohnChris, Ben Chakarayara, Ben Boi, Ben Weaspoppy, Ben ChrisJohn, Ben Norman, Ben Mitch
Ben Armstrong, Ben Malek, Ben Chakarayara, Ben Weaspoppy
Ben Yonas, Ben Stefan, Ben Chakarayara, Ben Norman, Ben Amel, Ben Squid, Ben Mitch, Ben Binzly, Ben hello, Ben Huang, Ben Charles
Ben HelloWorld, Ben JohnChris, Ben Norman, Ben Huang, Ben Gupta, Ben Stefan, Ben Charles, Ben Malek, Ben Amel, Ben Dan, Ben Raspberry, Ben Mitch, Ben Boi, Ben Weaspoppy, Ben Binzly
Ben Amel, Ben HelloWorld, Ben Gupta, Ben Mitch
Ben Squid, Ben Stefan
Ben Mitch, Ben Malek, Ben ChrisJohn, Ben Charles, Ben Squid
Ben Amel, Ben ChrisJohn, Ben Squid, Ben Norman, Ben Boi, Ben Stefan, Ben HelloWorld, Ben Malek, Ben hello, Ben Dan
Ben Raspberry, Ben hello
Ben Amel, Ben Squid, Ben Dan, Ben Binzly, Ben Charles, Ben Huang, Ben hello, Ben Yonas, Ben HelloWorld, Ben JohnChris, Ben Raspberry, Ben Stefan, Ben Mitch, Ben ChrisJohn, Ben Weaspoppy
Ben JohnChris, Ben Huang, Ben hello, Ben Norman, Ben Malek, Ben Boi, Ben Mitch, Ben Weaspoppy, Ben Amel, Ben Raspberry, Ben HelloWorld, Ben Yonas, Ben Binzly, Ben Armstrong, Ben Dan, Ben ChrisJohn, Ben Stefan, Ben Chakarayara
Ben Chakarayara, Ben Norman, Ben Dan, Ben Yonas, Ben Malek, Ben Binzly, Ben hello, Ben Gupta, Ben Huang, Ben Weaspoppy, Ben Mitch, Ben ChrisJohn, Ben Boi, Ben Stefan, Ben JohnChris, Ben HelloWorld, Ben Charles, Ben Raspberry, Ben Amel
Ben Raspberry, Ben Armstrong, Ben ChrisJohn, Ben hello, Ben Norman, Ben JohnChris
Ben Mitch, Ben Charles, Ben Weaspoppy, Ben Stefan, Ben ChrisJohn, Ben Raspberry
Ben Binzly, Ben Charles, Ben Squid, Ben Yonas, Ben Norman, Ben ChrisJohn, Ben Boi, Ben Stefan, Ben Raspberry, Ben Chakarayara, Ben JohnChris, Ben hello, Ben HelloWorld
Ben Binzly, Ben Yonas, Ben Norman, Ben Stefan, Ben Boi, Ben Huang, Ben JohnChris, Ben Dan, Ben Raspberry, Ben Amel, Ben Malek, Ben ChrisJohn, Ben hello, Ben Armstrong, Ben Squid
Ben Binzly, Ben JohnChris, Ben ChrisJohn, Ben Stefan, Ben HelloWorld, Ben Malek, Ben Gupta, Ben Dan, Ben Weaspoppy, Ben Charles, Ben Amel, Ben Chakarayara, Ben Huang, Ben Raspberry
Ben hello
Ben Huang, Ben JohnChris, Ben Squid
Ben Charles, Ben Raspberry, Ben Malek, Ben Boi
Ben Weaspoppy, Ben ChrisJohn, Ben Raspberry, Ben Chakarayara, Ben Armstrong, Ben hello, Ben Binzly, Ben Charles, Ben Yonas, Ben Gupta, Ben Norman, Ben Boi, Ben JohnChris, Ben HelloWorld
Ben Gupta
Ben JohnChris, Ben Squid, Ben Boi, Ben Charles, Ben Raspberry, Ben Dan, Ben ChrisJohn, Ben Amel, Ben hello, Ben Mitch, Ben Norman, Ben Chakarayara, Ben HelloWorld, Ben Binzly, Ben Weaspoppy, Ben Malek, Ben Armstrong, Ben Gupta, Ben Huang
Ben Norman, Ben Stefan, Ben Weaspoppy, Ben Yonas, Ben Raspberry, Ben Charles, Ben Boi, Ben HelloWorld, Ben Chakarayara, Ben Malek, Ben Dan, Ben Armstrong, Ben Binzly, Ben hello, Ben JohnChris, Ben Gupta, Ben Squid, Ben Amel
Ben Squid, Ben Raspberry, Ben Amel, Ben hello, Ben ChrisJohn, Ben HelloWorld, Ben Gupta, Ben Yonas, Ben Malek, Ben Mitch, Ben Stefan, Ben Norman, Ben Charles, Ben Weaspoppy, Ben Chakarayara
Ben Dan, Ben Gupta, Ben Malek, Ben Stefan, Ben Binzly, Ben Huang, Ben Armstrong, Ben Amel, Ben Mitch, Ben Norman, Ben Yonas, Ben Chakarayara, Ben ChrisJohn
Ben Mitch, Ben Huang, Ben Gupta, Ben Charles, Ben Armstrong, Ben Malek, Ben Raspberry, Ben hello, Ben ChrisJohn, Ben Squid, Ben Amel, Ben Boi, Ben Dan, Ben Yonas, Ben Binzly, Ben JohnChris, Ben Chakarayara, Ben Weaspoppy
Ben Squid, Ben Huang, Ben HelloWorld, Ben Weaspoppy, Ben Armstrong, Ben ChrisJohn, Ben Dan, Ben hello, Ben Malek, Ben Chakarayara, Ben Gupta, Ben Raspberry
Ben HelloWorld, Ben Weaspoppy, Ben Yonas
Ben Norman, Ben Squid
Ben Raspberry, Ben JohnChris, Ben Binzly, Ben hello, Ben Mitch, Ben Stefan, Ben HelloWorld, Ben ChrisJohn, Ben Weaspoppy, Ben Charles, Ben Huang, Ben Armstrong, Ben Norman, Ben Boi, Ben Chakarayara, Ben Amel, Ben Gupta, Ben Dan, Ben Malek
Ben Armstrong, Ben Huang, Ben JohnChris, Ben Boi, Ben Dan, Ben Amel, Ben Chakarayara, Ben Malek, Ben Gupta, Ben Stefan
Ben Armstrong, Ben Boi, Ben hello, Ben Amel, Ben HelloWorld, Ben Chakarayara, Ben Norman, Ben Squid, Ben Raspberry, Ben ChrisJohn, Ben Huang, Ben Malek, Ben Yonas, Ben Charles, Ben Gupta, Ben Mitch, Ben JohnChris, Ben Binzly, Ben Stefan, Ben Weaspoppy
Ben Stefan, Ben Binzly, Ben Huang, Ben HelloWorld, Ben Armstrong, Ben hello, Ben Weaspoppy, Ben Yonas, Ben ChrisJohn, Ben Gupta, Ben JohnChris, Ben Malek, Ben Charles, Ben Norman, Ben Boi
Ben Huang, Ben JohnChris, Ben Raspberry, Ben hello, Ben Charles, Ben Squid, Ben Boi, Ben ChrisJohn
Ben Gupta, Ben Norman, Ben ChrisJohn, Ben Binzly, Ben Amel, Ben Mitch, Ben Armstrong, Ben hello, Ben Yonas, Ben Malek, Ben JohnChris, Ben HelloWorld
Ben Chakarayara, Ben Charles
Ben Squid, Ben Weaspoppy, Ben Yonas, Ben Norman, Ben HelloWorld, Ben hello, Ben Huang, Ben Mitch, Ben Charles
Ben Dan, Ben hello, Ben Amel, Ben Armstrong, Ben Yonas, Ben Binzly
Ben Squid, Ben Huang, Ben ChrisJohn, Ben Charles, Ben Raspberry, Ben Boi, Ben Binzly, Ben Yonas, Ben HelloWorld, Ben Weaspoppy, Ben JohnChris, Ben Malek, Ben Mitch, Ben Armstrong, Ben hello, Ben Gupta, Ben Norman
Ben Weaspoppy, Ben Mitch, Ben Norman, Ben Boi, Ben ChrisJohn, Ben Charles, Ben Raspberry, Ben Binzly, Ben Huang, Ben Stefan, Ben Amel, Ben Yonas, Ben hello
Ben Chakarayara, Ben Charles, Ben Mitch, Ben Squid, Ben Yonas, Ben Gupta, Ben Malek, Ben Armstrong, Ben Huang, Ben Stefan
Ben Charles, Ben Armstrong
Ben ChrisJohn, Ben Squid, Ben Amel, Ben Yonas, Ben HelloWorld, Ben Chakarayara
Ben Raspberry, Ben Dan, Ben Squid, Ben Gupta, Ben Mitch, Ben Huang, Ben Weaspoppy, Ben Charles
Ben Boi, Ben Squid, Ben Gupta
Ben Squid, Ben Charles, Ben ChrisJohn, Ben Boi, Ben Weaspoppy, Ben hello, Ben Huang, Ben Yonas, Ben HelloWorld, Ben Norman, Ben Malek, Ben Amel, Ben Mitch, Ben Raspberry, Ben Gupta, Ben Armstrong, Ben Stefan, Ben JohnChris
Ben Armstrong, Ben Raspberry, Ben Norman, Ben Mitch, Ben Yonas, Ben Stefan, Ben Boi, Ben JohnChris, Ben Amel, Ben Malek, Ben Squid, Ben Charles
Ben Chakarayara, Ben Charles, Ben hello, Ben Weaspoppy, Ben JohnChris, Ben HelloWorld, Ben Yonas
Ben Binzly, Ben Stefan, Ben Armstrong, Ben Huang, Ben Norman
Ben Boi, Ben Weaspoppy, Ben Raspberry, Ben JohnChris, Ben Gupta, Ben Stefan
Ben Squid
Ben Huang, Ben Charles, Ben Gupta, Ben Malek, Ben JohnChris, Ben Amel, Ben HelloWorld, Ben Squid, Ben hello
Ben Norman, Ben Binzly, Ben Squid, Ben Stefan, Ben hello, Ben Weaspoppy, Ben Malek, Ben Huang, Ben Boi, Ben Armstrong, Ben JohnChris
Ben Amel, Ben JohnChris, Ben Huang, Ben Chakarayara, Ben hello, Ben Stefan, Ben Mitch, Ben Raspberry, Ben Norman, Ben Yonas, Ben Weaspoppy, Ben ChrisJohn, Ben Armstrong
Ben Norman, Ben Squid, Ben Binzly, Ben Chakarayara, Ben Weaspoppy, Ben Malek, Ben Yonas, Ben Boi, Ben JohnChris, Ben Raspberry, Ben Armstrong, Ben Charles, Ben hello, Ben Mitch, Ben Huang, Ben Amel, Ben HelloWorld, Ben ChrisJohn
Ben Huang, Ben Norman, Ben HelloWorld, Ben Gupta, Ben Boi, Ben ChrisJohn, Ben Dan, Ben hello
Ben Stefan, Ben Binzly
Ben Charles, Ben Norman, Ben Binzly, Ben Chakarayara, Ben Boi, Ben ChrisJohn, Ben JohnChris, Ben Yonas, Ben Raspberry, Ben HelloWorld, Ben Mitch, Ben Amel, Ben Stefan, Ben Weaspoppy, Ben Malek, Ben Huang, Ben hello, Ben Squid, Ben Gupta
Ben Huang, Ben ChrisJohn, Ben Chakarayara, Ben Yonas, Ben Binzly, Ben Boi, Ben Dan, Ben JohnChris, Ben Raspberry, Ben Gupta
Ben Raspberry, Ben Armstrong, Ben Dan, Ben Weaspoppy, Ben Chakarayara
Ben hello, Ben Amel, Ben Yonas, Ben Mitch, Ben Boi, Ben Charles, Ben Squid, Ben Raspberry, Ben Weaspoppy, Ben Stefan, Ben ChrisJohn, Ben Huang
Ben hello, Ben Norman, Ben Malek
Ben Malek, Ben hello, Ben Dan, Ben Gupta, Ben Huang, Ben Raspberry, Ben Yonas
Ben Boi, Ben Malek, Ben Huang, Ben Raspberry, Ben hello, Ben Squid, Ben Amel, Ben Binzly, Ben HelloWorld, Ben Armstrong, Ben Charles, Ben Chakarayara, Ben Weaspoppy
Ben Norman, Ben Huang, Ben Weaspoppy
Ben Dan, Ben Squid, Ben Mitch, Ben Stefan, Ben Norman, Ben Armstrong, Ben Malek, Ben Boi, Ben Binzly, Ben hello, Ben Gupta, Ben Charles, Ben JohnChris
Ben Norman, Ben Squid
Ben Chakarayara, Ben Amel, Ben Weaspoppy, Ben Charles, Ben Huang, Ben Stefan, Ben Yonas, Ben JohnChris, Ben Binzly, Ben Gupta, Ben Malek
Ben Charles, Ben JohnChris, Ben Stefan, Ben Squid, Ben HelloWorld, Ben Malek, Ben Yonas, Ben Weaspoppy, Ben ChrisJohn, Ben Huang, Ben Binzly, Ben Boi, Ben Gupta, Ben hello, Ben Norman, Ben Amel
Ben JohnChris, Ben Huang, Ben Binzly, Ben Norman, Ben Chakarayara, Ben Mitch, Ben ChrisJohn, Ben Weaspoppy, Ben Charles, Ben HelloWorld, Ben Amel, Ben Gupta, Ben Boi, Ben Raspberry, Ben hello, Ben Squid, Ben Dan, Ben Malek
Ben JohnChris, Ben Amel, Ben hello, Ben Dan, Ben Norman, Ben ChrisJohn, Ben Boi, Ben Armstrong, Ben Mitch, Ben HelloWorld, Ben Gupta, Ben Huang, Ben Yonas, Ben Weaspoppy, Ben Raspberry, Ben Malek
Ben Malek, Ben Chakarayara, Ben Armstrong, Ben Mitch, Ben Amel, Ben ChrisJohn, Ben Raspberry, Ben Dan, Ben Weaspoppy, Ben Charles, Ben Squid, Ben Yonas, Ben Binzly, Ben Boi, Ben Stefan, Ben Norman, Ben Gupta, Ben HelloWorld, Ben hello
Ben Chakarayara, Ben Weaspoppy, Ben Yonas, Ben Amel, Ben hello, Ben Norman, Ben JohnChris, Ben Gupta, Ben Stefan, Ben Binzly, Ben Charles
Ben Amel, Ben Mitch, Ben Armstrong, Ben Weaspoppy, Ben ChrisJohn, Ben Squid, Ben Boi, Ben Yonas, Ben Norman, Ben Dan, Ben hello, Ben Charles, Ben HelloWorld, Ben Gupta, Ben Chakarayara, Ben Malek, Ben Binzly, Ben Huang