Team A
Alex
Ashay
Mihir

Team B
Ronak
Zeki

Untitled Team 1
Ral
Sidh
Tristan
-----
GHJK
ASDF

J
J

Untitled Team 1
2539
QWERTY
foo

Untitled Team 2
bar
-----
Cool people
Jane Smith
John Doe
john doe

Uncool people
You

Untitled Team 1
Me
Untilted
Untitled

cool People
cool Person
jane smith
-----
Untitled Team 1
A
D
S

Untitled Team 2
F
G
H

Untitled Team 3
J
J
K

Untitled Team 4
;
K
K
-----
Team Q
Bob
C
Joe

Untitled Team 1
89
Jack
L

Untitled Team 2
U'
-----
0n
entn493

16
16

4t
wnv

5
ntibnb

583
5n8t

6
mamtb
oanwevi04=5

Untitled Team 1
bneitbne
bntiorjb
rbtinvn

Untitled Team 2
ajsldkjf
f
fj

Untitled Team 3
jt
tj

ntpbet
autn

t
niotn
nrv
pormtpmb

y
mampobv
-----