10 01 9522
12 26 4878
11 12 2200
02 08 4328
02 27 8113
10 19 6022
01 05 4749
04 09 7889
11 16 5600
02 23 8001
04 12 8753
09 29 4191
11 21 4900
06 17 9400
12 06 4565
02 13 4134
03 28 4202
06 24 6558
11 02 5776
01 31 6467
08 12 5461
11 14 5142
08 21 5309
04 26 3696
10 14 7494
09 13 1951
10 08 4988
06 30 4049
02 14 7928
08 16 9550
09 04 1345
08 26 7598
12 02 1308
10 23 5150
12 10 5623
08 29 2261
08 24 3247
01 20 7848
07 27 5232
01 18 7366
03 05 9759
02 17 1822
03 19 2279
06 26 6776
06 12 2678
07 18 8470
05 02 1296
10 02 9246
04 09 6498
07 14 8676
12 11 7841
04 18 1662
07 02 4947
02 01 3409
02 29 4320
09 21 3174
11 11 2192
06 27 8800
08 12 2139
10 04 2903
02 25 7772
09 29 1532
05 08 9146
05 12 7975
02 02 9099
05 17 5984
06 18 7261
07 06 4948
06 05 8763
10 22 6988
02 12 6244
10 11 2482
11 06 8836
11 18 8308
03 13 6688
02 19 9126
09 24 5898
08 15 6096
05 26 6523
09 04 4513
10 03 6701
05 15 5492
03 07 3678
10 24 1002
06 30 1086
10 27 1359
12 09 2938
11 03 3924
05 20 6146
04 09 6787
05 25 3545
07 12 6981
01 05 3521
11 30 7471
12 01 5693
11 23 7178
08 16 9266
01 29 1400
11 13 3782
01 06 2760
11 11 4830
03 16 7481
10 02 2057
12 27 3120
10 01 7406
09 08 2723
04 20 6163
02 01 6429
08 29 8224
09 19 4470
11 24 9119
07 09 3930
05 14 9235
07 21 6884
02 12 4274
04 22 7311
01 22 7153
10 02 9409
11 16 3001
05 03 2429
04 01 2903
04 18 4371
05 17 1109
01 21 4853
06 02 9178
06 12 6059
11 27 5330
01 31 4202
06 12 3132
11 06 5751
02 09 5679
04 16 2158
09 07 5052
01 29 8061
11 12 7015
11 23 7236
01 22 3346
01 06 8727
12 10 4780
05 25 7961
11 20 1238
06 23 1608
09 10 5613
07 17 2014
10 24 6189
10 17 7077
08 19 7347
05 19 4146
03 07 2337
12 01 1324
05 20 2841
05 14 4275
12 09 2053
10 11 9201
03 15 9066
12 14 9105
06 13 3171
04 22 8242
02 02 9013
09 11 8880
04 20 1455
01 03 9313
06 17 6148
07 24 9541
01 04 7486
08 29 3021
02 08 4449
11 28 7489
09 22 4377
05 16 9528
04 30 9450
02 07 3505
03 09 2514
02 14 1782
04 06 8159
04 15 7995
09 12 7924
03 14 4361
01 02 3351
04 03 3776
04 27 9878
02 11 6208
02 04 1327
08 08 4919
12 04 2900
08 09 3393
05 25 3051
08 23 5884
06 03 2557
04 29 5787
04 16 4401
07 23 5206
01 12 2164
09 05 8127
07 23 6211
04 07 8355
02 22 1907
06 10 3336
01 26 5836
03 16 9133
12 31 1868
07 25 5281
08 17 6110
03 05 4016
10 22 4957
03 21 1200
08 16 9762
01 30 1270
01 28 3939
07 27 5046
03 06 1725
07 09 7413
08 20 6468
03 03 4749
05 22 4143
12 05 8692
04 09 5390
07 08 2054
04 30 5413
02 20 5683
06 03 4481
06 24 3080
02 13 4209
02 07 6902
09 27 6351
12 01 9080
01 20 6100
02 21 1446
05 19 6332
02 06 6034
07 02 4204
12 01 5147
03 07 9885
06 27 9741
10 31 1162
11 13 3540
06 22 9378
06 07 2942
02 08 5742
03 22 6098
04 07 6977
09 02 2686
04 20 5399
11 20 3688
02 07 4891
03 19 7717
07 14 5326
12 23 5069
12 01 5284
11 07 6062
05 24 1781
05 07 6392
02 03 1879
11 27 6189
11 19 5798
12 10 7250
09 09 9508
11 06 1255
12 10 7882
05 03 1663
02 04 6786
10 07 1812
01 07 1793
09 30 7624
04 11 7490
10 12 4164
12 25 2166
07 27 6381
07 18 5326
07 08 7142
10 04 8466
01 17 6548
07 16 9396
01 23 4534
01 17 5545
10 19 5383
08 31 3915
05 25 1707
09 27 7050
03 04 1172
09 22 9583
06 28 2090
08 11 3879
04 24 3584
05 05 1434
09 27 5170
09 14 7028
02 22 3160
12 04 4008
09 29 1508
09 17 2337
02 09 6717
11 28 7317
09 15 2910
05 31 3967
03 18 9407
10 15 9290
02 25 1460
01 06 9778
12 06 2516
02 23 8173
06 09 3418
03 08 1309
12 22 7702
12 23 4774
11 11 6262
03 28 5582
11 26 7411
09 17 3438
07 17 5134
07 25 5657
02 23 2533
04 25 9202
04 05 9883
06 03 6593
08 21 3055
04 17 7787
05 24 3626
09 29 6349
06 10 3493
08 11 1850
11 20 3316
01 11 3085
12 18 3278
04 10 1272
01 16 1231
02 12 6370
09 22 1972
11 19 3242
06 01 4590
12 25 2940
01 09 8263
05 08 8439
04 23 1557
01 18 2884
04 07 9096
08 30 2776
09 07 4924
09 13 2429
10 11 1042
08 07 3883
03 29 9479
11 19 6945
10 28 5108
09 29 7896
01 01 5785
04 09 1282
07 08 8625
04 03 9986
12 23 5512
09 04 5153
02 05 3638
01 21 5642
08 01 8860
08 27 1967
11 29 9339
07 31 7809
09 10 9708
09 11 2336
09 06 4567
10 13 7694
01 08 3222
09 24 7324
06 23 1198
06 15 4379
11 28 1449
09 08 7511
02 28 7424
07 18 1262
12 07 5165
12 18 6004
12 13 8387
09 30 7838
08 19 3784
05 26 7699
08 09 7532
03 13 8437
10 23 1511
05 04 9351
12 25 3170
03 12 6197
04 25 4196
03 14 3367
08 31 7330
07 28 8840
08 01 9370
06 17 7669
08 25 1811
04 05 2669
01 03 6928
10 05 1548
11 08 5594
11 06 4693
08 08 8632
03 23 4017
09 22 1324
01 07 9809
02 24 1264
06 11 8935
02 16 1484
09 28 5654
10 16 9692
09 17 6981
03 31 2126
11 18 5950
05 14 1396
02 24 6478
01 15 7635
01 22 1033
03 08 8183
10 01 1060
10 09 3920
01 22 3659
04 11 9761
01 25 6300
09 05 5728
02 18 7233
11 18 3706
01 14 5604
08 02 8385
12 18 4193
11 23 9998
10 18 5950
07 11 5249
12 05 1530
12 11 9850
06 10 2468
06 26 1483
02 07 1190
11 21 7892
09 25 8303
02 18 8375
08 08 5545
05 23 2982
02 04 9793
03 09 7484
02 01 1072
08 08 5965
01 31 7648
01 10 1200
06 18 8008
07 25 2595
11 08 5589
05 17 3000
09 28 2889
01 08 6571
03 15 6742
05 01 3737
11 12 3683
12 02 1204
01 23 1036
04 04 3631
08 11 8593
01 03 5669
11 25 5900
06 30 6406
09 05 4543
04 11 4069
04 26 7672
05 16 8029
11 13 1960
10 05 4620
01 21 6385
12 16 9949
03 20 7562
11 07 9250
12 01 4882
01 20 8467
09 26 7652
10 01 6685
01 24 9664
10 06 9973
03 06 4725
12 22 3748
06 22 7360
10 22 9220
03 16 2137
06 17 3072
03 19 5308
01 26 3577
11 21 6112
12 15 8759
03 26 1462
06 24 5357
04 11 8465
08 28 9704
06 01 5585
08 08 7751
04 03 4164
03 17 2291
02 07 7615
03 13 2741
11 04 7111
01 15 2067
05 16 7041
05 31 9505
07 12 7480
11 20 8659
11 06 6203
07 15 9335
09 18 8380
09 06 2792
08 11 4609
11 10 3928
09 08 4760
06 20 7622
08 27 6595
05 26 2119
09 07 4097
08 19 2850
10 21 6036
11 14 8614
04 19 9737
09 10 2171
06 08 1235
08 09 2210
06 20 4566
09 12 2499
07 26 5677
05 30 8168
10 12 7219
02 23 1231
09 05 7962
10 15 5990
06 17 9024
01 11 1365
11 03 4948
04 12 9740
03 22 9582
06 24 8788
07 28 9980
06 24 8335
02 08 3081
03 09 3310
12 11 6974
07 16 5772
12 03 3328
12 03 5203
12 06 1138
07 25 5256
07 19 6858
07 31 4944
03 10 5234
11 20 2426
11 14 8559
09 14 7725
03 05 4447
07 30 9533
01 06 1824
10 04 1951
11 13 6246
04 23 4380
02 25 8480
07 14 2465
07 16 5999
07 19 7158
08 26 7548
02 05 4595
10 16 2569
04 23 1947
10 16 3272
09 21 1342
06 08 9704
12 23 9682
08 09 5856
11 23 2041
10 29 3692
04 25 8710
12 09 3957
12 21 2760
04 19 6514
01 15 8753
08 01 6111
02 05 6395
09 13 9577
05 16 2131
03 23 9102
03 11 6037
01 24 5054
10 29 1467
05 27 7612
11 23 3583
08 13 2913
03 26 8827
03 21 9464
03 17 6837
10 31 2822
04 05 5306
10 28 4332
03 23 9466
05 05 2376
07 20 2461
08 16 4938
04 25 2119
01 30 4389
03 11 1783
12 20 8479
05 05 8817
10 29 5427
07 28 4453
04 27 2415
09 09 8372
05 13 6250
02 03 2086
06 25 8607
04 26 7063
09 18 2449
05 03 5958
11 12 1397
01 16 9141
09 14 5253
05 31 7308
01 27 5265
12 15 3908
01 17 3263
10 08 6807
08 20 3480
03 10 2105
02 04 8778
05 15 7085
01 27 8405
08 25 6249
06 09 1320
06 19 1360
07 17 3063
09 27 3222
05 08 9075
12 22 9723
08 08 9038
07 12 1990
03 16 1103
01 07 4481
06 26 8880
04 08 2703
03 06 3437
04 28 9127
03 26 2863
02 06 7677
12 16 2549
05 14 6071
07 10 4220
02 04 4826
10 22 9114
07 25 3110
08 01 1849
01 10 8053
12 02 9507
05 17 5858
11 22 7935
01 08 6846
09 14 6155
06 15 8910
08 20 8008
06 13 3960
02 23 5553
05 20 3411
07 04 4591
06 12 8524
10 05 4579
04 07 5990
02 16 6830
11 09 9180
01 25 4691
11 21 9553
01 22 9371
01 18 2030
10 05 2545
11 05 8437
03 29 4114
02 26 1147
07 29 7728
09 19 3641
03 31 4582
10 05 2225
10 14 9453
08 16 3539
10 18 6177
11 01 3629
02 22 3383
05 10 6400
10 31 8876
04 15 8603
01 27 4125
06 28 8373
07 20 7676
09 29 4792
06 02 2402
09 04 8272
09 15 2532
02 26 8381
02 01 6499
06 12 3455
12 15 8504
01 21 1267
06 03 5240
01 20 8467
12 12 1416
06 17 6516
04 25 2493
07 05 8805
08 02 2524
07 14 2120
01 20 4092
05 11 8171
10 17 7463
06 12 7658
01 27 3964
10 09 2981
02 10 9083
04 27 8848
03 05 5325
03 10 1613
03 12 6796
08 26 3294
12 09 5931
11 17 8912
10 28 4564
10 25 7798
06 06 6589
12 20 1935
08 14 8833
09 10 1595
02 06 1469
06 11 6603
05 13 9455
01 08 4640
10 27 9166
06 26 6071
12 16 4984
09 26 4740
05 19 9959
05 20 1046
01 16 3641
09 01 6789
06 29 4346
08 15 3068
01 27 6800
12 29 2715
02 01 4595
03 13 8891
03 24 1933
05 05 5898
02 21 9864
12 22 6577
08 06 1681
08 17 9854
08 21 5328
01 19 8726
02 12 3037
01 03 5823
03 16 9700
04 20 4428
08 28 8483
04 14 1630
07 03 2658
03 09 1013
09 23 4466
03 02 8689
01 17 3783
11 28 8524
12 21 3654
06 16 7473
10 01 9949
07 18 2036
03 04 8100
06 08 8948
11 04 7392
07 03 3469
10 07 3728
08 29 5600
05 04 4175
12 13 5402
07 17 6400
04 09 2560
03 22 4293
12 14 8658
11 17 7311
05 22 6143
06 05 3275
03 19 9943
10 23 4493
06 24 2689
06 06 3913
07 19 2762
06 10 5881
11 23 9076
01 09 8525
12 16 8085
12 14 9604
10 01 1553
02 03 4088
05 29 1807
08 08 5042
09 09 2702
10 27 1610
11 27 2010
02 08 2582
11 15 9302
07 08 5172
12 16 8308
12 25 9061
08 16 8714
01 26 8295
08 18 9176
05 10 7482
02 26 6076
03 26 7570
10 05 1143
02 06 4807
10 24 2095
09 13 8875
01 16 3037
03 21 8446
05 29 5623
03 09 7964
10 05 3129
11 21 1443
11 17 4360
09 05 8823
07 05 7022
10 26 5362
01 29 8111
12 06 2794
07 08 4484
12 02 4478
02 12 2908
01 30 9298
08 24 4099
03 16 7020
12 04 9022
01 12 9772
04 30 8647
06 26 3034
03 31 8502
05 29 6432
10 21 1513
12 23 5765
10 22 8275
07 21 3485
02 03 1125
11 15 6436
08 05 7121
03 16 6564
05 25 7497
10 12 6861
09 06 1945
11 27 5371
01 29 4350
12 17 6468
12 09 5711
01 18 1850
02 03 3055
10 28 8052
06 10 4231
03 10 3617
09 24 5711
01 26 4925
05 13 4593
12 21 5891
12 29 3125
04 30 7053
03 11 5558
04 24 1761
05 04 7242
12 26 5290
04 08 1535
08 01 8330
12 25 6700
06 19 8949
06 15 8939
02 25 2062
12 10 6639
04 22 4656
06 14 8758
02 15 6555
02 05 6739
03 27 7730
12 22 9995
03 19 1905
06 01 9576
05 11 6252
01 31 3378
09 23 4952
09 25 7931
09 15 8451
04 02 4264
10 13 2806
11 06 4500
01 13 3162
10 05 4054
10 07 9356
05 12 2643
11 25 5735
06 28 8690
02 17 6793
10 28 4373
11 26 3113
11 18 9850
10 28 1627
10 26 1620
07 18 7610
12 31 5423
08 26 4224
05 08 1049
03 23 4417
03 19 7570
07 01 7523
09 03 2278
02 07 6906
12 02 6321
12 10 4313
11 12 4231
07 03 6442
02 09 4087
02 22 4279
11 30 4634
01 04 2692
06 24 6788
04 18 8931
12 17 6224
08 12 5200
07 14 6413
07 26 1563
11 09 7230
09 22 5488
11 18 4840
03 19 3450
10 28 3912
12 14 7922
07 15 9543
12 20 1732
09 18 7605
09 20 7223
01 10 2527
08 20 4696
02 12 4682
10 15 3714
05 10 9304
11 10 6549
02 04 7141
02 23 7182
08 20 8108
06 30 1288
10 28 8217
01 02 9660
05 14 5759
04 23 5782
08 30 4367
08 21 7408
02 26 5604
07 07 1916
04 10 3385
02 07 7964
07 16 9890
08 11 2353
08 01 8033
10 01 1310
01 09 4626
11 10 4341
06 23 3648
09 16 6003
05 27 5601
11 13 4956
01 25 4540
09 13 8430
05 04 6615
02 06 6170
06 13 2714
10 09 3381
03 01 1285
03 07 2312
02 01 5539
09 30 3624
11 03 4863
01 01 9693
04 30 4355
07 03 3354
09 16 1473
06 25 7473
02 16 6785
12 20 5128
03 18 2981
03 02 2323
08 12 3619
01 05 1212
05 28 1329
05 01 1850
07 24 6553
02 23 3231
08 26 2676
02 11 4449
03 23 5862
04 18 1497
09 21 9999
07 11 6885
05 30 9216
11 04 7555
07 20 3984
06 17 8711
12 07 1308
11 02 1147
05 23 3072
06 27 9525
07 06 4779
06 19 7153
10 06 9344
03 20 6026
07 18 4089
07 23 3920
02 04 3681
02 28 9921
08 05 7470
12 14 8915
05 02 7152
05 28 7884
03 11 5962
03 26 7716
03 20 7979
07 15 3029
03 01 4695
05 12 7017
12 29 2678
12 01 3725
02 21 3147
09 07 7642
08 14 4031
09 11 5012
06 16 2939
07 11 8377
05 12 4489
08 20 1418
08 18 4997
04 22 5930
12 11 2359
02 03 3627
08 19 8432
03 21 7371
09 26 2748
07 18 4153
01 26 7431
10 01 4056
10 05 7670
04 12 2012
11 05 7663
02 06 3268
08 14 5057
07 08 4290
11 11 6353
12 24 8681
09 19 7516
07 05 3532
11 14 6054
03 31 3130
03 09 8693
02 01 4938
01 15 2484
11 23 4254
06 05 1905
01 29 3613
01 12 5380
08 17 9147
05 22 6405
01 04 1330
09 26 5320
02 05 9391
06 04 1124
04 16 2727
03 25 9754
08 27 9648
04 13 8139
02 04 9272
12 25 1160
04 05 3380
03 27 2277
11 27 2945
09 15 8242
06 10 4257
08 13 9340
03 15 5222
10 23 5403
11 12 6422
07 09 2321
09 24 6729
07 08 1459
03 20 5929
05 01 9709
08 21 4769
09 26 6563
08 11 5467
04 21 8579
10 14 2875
10 21 6683
04 08 9855
09 26 8555
05 18 4589
10 31 7711
11 05 4733
09 18 1031
07 20 7789
06 05 5346
09 27 2451
12 07 4132
04 09 1135
11 23 4273
03 22 5291
07 08 9852
10 19 7490
05 11 5954
06 29 4922
02 10 8594
02 26 4633
04 08 9400
02 05 8293
03 12 6004
02 06 8039
07 10 1766
01 15 4131
11 12 2452
06 07 5159
12 25 6359
06 03 3721
04 02 6849
07 02 8277
11 17 9815
08 08 3750
02 06 6676
10 24 2846
03 23 6630
05 22 7749
03 12 9083
02 12 8076
01 10 2079
08 19 7920
04 11 2827
04 04 9519
02 04 7677
04 29 7079
04 18 2473
04 03 5489
05 17 9889
08 05 3914
06 20 9855
03 15 3287
08 17 6574
04 30 3852
04 06 5186
03 11 1491
07 03 9899
05 03 3515
08 18 7440
01 12 8905
08 29 2952
03 19 5999
11 06 9690
11 30 6212
11 20 3175
06 02 7110
02 19 1039
03 14 1924
02 03 7952
04 15 8125
03 16 9522
04 17 6839
01 05 8253
08 23 8710
12 22 3990
06 21 2953
08 15 6144
04 13 1291
02 07 9410
11 15 3609
01 16 6219
03 18 9390
11 16 2347
05 15 1543
11 16 8605
10 27 7296
02 27 4520
04 18 6544
04 09 4143
01 06 8875
05 31 6295
08 05 8507
03 02 4603
03 18 9313
02 25 6844
07 20 4870
01 09 7447
05 20 1257
01 17 6320
02 04 6723
11 07 8601
11 25 3984
06 01 9982
12 03 4258
02 17 9022
02 15 3060
02 08 5486
01 23 4685
05 26 5505
12 27 6340
01 21 1835
07 30 4343
03 07 6165
02 09 9155
04 18 4479
01 14 3382
12 15 4382
03 25 3131
04 13 1968
10 12 7148
07 05 4683
07 19 8232
05 20 7297
07 31 4267
11 12 8076
12 29 5443
11 30 3658
10 15 5363
03 12 7704
05 18 2828
01 12 9723
05 11 8381
08 08 5437
04 14 2694
08 19 8888
04 23 9633
01 03 7053
05 31 8134
06 22 6961
01 05 3904
10 08 5100
08 05 9368
11 28 4793
03 18 5268
05 24 6240
09 05 6059
10 03 5089
07 21 4701
08 31 6019
03 30 2094
07 24 2330
07 28 1060
10 29 7401
01 18 4285
12 24 5193
11 30 6631
06 07 9211
11 28 5923
03 27 8175
06 19 2107
08 10 4763
02 05 1293
01 09 3344
06 27 9683
08 19 6391
03 02 5911
06 22 1107
04 06 1822
01 29 2450
09 02 2595
11 04 6777
09 09 4213
01 19 9474
09 23 1362
12 05 4410
06 05 9543
06 17 4716
02 22 1635
07 11 5938
12 15 1840
08 15 7112
07 03 9336
05 22 6020
03 06 6413
06 09 9912
10 29 3120
11 24 6253
12 19 4789
02 03 6747
10 21 6280
04 01 2470
08 05 3444
02 04 5786
04 27 6725
01 11 9795
07 20 7723
12 19 7852
02 18 5881
07 24 3854
08 29 8934
10 08 1916
05 08 6439
04 02 1193
08 20 2350
06 22 6329
06 12 5509
07 08 1358
11 20 2665
10 23 2362
12 16 8998
07 06 3457
01 05 2369
12 23 6250
07 06 3838
12 31 9090
05 14 7529
02 12 3862
09 30 5164
08 15 1581
01 14 9521
03 19 8397
05 27 6518
02 05 6243
08 14 9524
03 04 8143
04 11 9815
09 12 2074
08 10 5806
05 30 1300
06 11 1992
04 19 3839
05 30 1269
11 26 3173
08 13 1077
12 27 3794
09 26 5162
05 17 9720
07 22 8816
09 07 3571
03 13 3468
04 18 5421
09 06 4984
11 29 8741
08 29 2124
06 24 5777
05 11 1092
02 24 5506
03 16 1981
02 05 5466
05 16 7395
06 12 5670
01 10 8292
07 08 3170
02 21 6860
08 10 7652
01 20 1432
06 11 3508
01 06 7145
05 31 5685
03 19 9616
10 31 9195
08 20 1570
12 13 5667
04 08 2508
09 19 8627
12 27 4665
09 05 4183
11 30 3821
08 26 6503
11 16 3968
02 09 3208
12 06 9382
10 17 3838
01 07 1548
11 14 6796
01 04 9486
08 01 3802
11 02 1022
05 01 9678
03 26 4917
07 10 7300
09 20 7791
01 15 7210
08 17 3602
07 23 7943
10 06 5731
01 10 4407
03 23 4565
06 26 2217
01 06 1701
06 19 5008
04 22 7619
01 26 6110
09 10 4931
11 16 1497
05 26 5151
02 28 5285
07 21 5683
07 23 9903
12 27 4302
05 27 4034
09 03 6439
01 18 9864
04 27 6931
03 05 5742
12 01 2403
03 15 8029
12 27 8921
03 20 6459
09 14 1160
11 27 9235
05 09 1616
01 11 4346
09 23 3043
05 01 3146
08 19 8581
03 06 8288
08 16 8998
06 15 2108
07 14 1263
12 18 5872
12 31 5648
09 06 4917
12 28 7724
06 25 4118
09 07 1682
02 26 5933
03 27 5213
03 23 9927
03 06 6771
06 13 9626
12 25 6100
09 18 8116
07 22 1861
01 25 5038
03 31 2488
09 15 2172
03 20 6918
06 09 3000
05 24 7759
08 02 6420
10 02 3074
03 25 1050
04 19 1311
08 11 4281
08 22 6509
11 26 7986
07 31 8834
08 07 9540
10 24 5456
10 19 5832
11 24 7683
06 04 9197
04 24 9344
11 24 4653
03 09 4192
03 11 5430
12 02 5267
07 15 3185
04 04 3160
01 30 8513
06 29 7805
08 20 1586
03 20 1207
01 28 3198
11 20 3626
03 17 6845
03 29 1275
07 24 6060
04 18 7258
07 15 9413
12 28 4231
06 04 8653
05 21 3037
11 21 2516
12 02 3249
10 02 4021
03 03 5416
12 23 2357
06 05 7541
04 09 9125
01 04 7565
05 02 4971
02 17 8928
06 06 4140
10 09 6611
12 20 9945
05 06 9796
08 24 2275
09 08 8770
03 30 4463
10 18 7101
01 15 5860
05 21 9229
10 20 6256
11 26 2326
08 02 6826
09 04 4759
05 14 1979
12 27 6622
07 03 3461
06 02 5780
01 06 4360
06 03 2756
10 27 4435
06 16 2956
03 03 2075
04 26 1010
07 13 4511
04 10 1322
08 30 9815
12 30 9799
04 17 7131
05 23 4439
08 10 5325
11 11 4427
11 25 4228
04 28 4249
02 09 2375
08 13 9231
09 23 6041
03 15 5964
11 27 8634
06 14 2226
08 05 5555
10 15 8641
10 16 9288
07 04 1349
12 24 9336
10 22 4024
05 22 5929
04 19 3464
03 17 6027
07 07 7673
09 10 2821
08 15 4467
02 04 1611
01 22 5545
09 04 1991
08 22 7070
10 01 9768
09 03 7819
03 12 4900
09 07 9225
07 22 1131
02 14 7082
08 20 9437
01 10 1561
08 11 8174
06 14 6813
03 06 1003
05 27 4769
11 22 6659
09 29 5611
11 26 1118
12 10 3501
04 28 1118
07 23 8617
07 06 5688
07 26 2077
09 30 5806
09 28 7286
10 06 8442
07 01 7097
01 21 6742
01 26 6859
09 07 3403
12 08 9004
09 02 3106
04 26 2751
06 29 9382
07 22 7618
12 08 1174
05 31 5490
09 17 3446
12 17 3798
09 02 1256
09 16 5876
12 02 8186
09 29 2542
10 01 1729
12 23 3624
11 09 9235
09 16 1172
08 16 6238
11 11 3011
03 31 9045
11 16 2606
07 18 5427
07 19 8795
11 21 1257
06 09 1192
05 12 3253
02 04 4126
07 03 2234
08 10 6180
03 28 9901
04 08 1126
08 16 8341
07 22 9542
03 02 5685
06 30 2426
10 13 2488
09 03 9622
07 09 4018
03 16 7114
01 03 2138
05 13 4956
02 07 2521
07 11 2316
09 16 1619
12 16 2538
03 22 6786
10 18 3039
12 05 8945
06 15 1852
02 16 9951
10 27 7803
10 27 5651
12 27 7124
03 07 1379
07 07 9210
06 19 7266
08 24 7476
12 25 3082
01 15 9704
11 20 4959
09 28 6988
12 14 9335
02 12 9531
10 06 9740
11 12 8079
03 26 9965
11 21 3258
03 29 7204
06 30 9141
02 13 3283
05 08 8121
02 11 1318
10 16 3944
10 19 4396
07 30 7003
11 10 4048
11 24 8056
12 25 6737
01 05 5973
11 03 1841
06 15 7276
02 28 1174
03 11 2013
03 07 5934
07 18 9983
07 23 2808
02 28 6868
08 03 1393
07 30 9285
01 05 3782
06 14 9867
01 15 2420
02 11 7914
01 13 4897
09 08 2037
04 01 5068
02 23 5969
11 24 5673
02 16 7938
11 17 4856
05 14 6894
12 03 5698
08 11 2303
12 15 3044
05 07 3410
04 09 5627
02 12 3873
04 26 6384
06 12 3567
06 14 9075
09 11 8664
06 21 8090
08 13 6629
06 05 8865
08 01 8355
04 17 2551
03 12 6147
08 14 9654
06 05 3581
11 22 7902
03 23 7273
12 14 5877
04 10 7515
08 16 2032
04 20 3225
11 05 3185
01 13 2413
02 04 5906
01 02 5704
07 21 4160
01 25 2590
09 16 4222
09 24 8076
03 06 5019
06 04 8763
06 09 2398
05 20 6254
02 14 1315
02 13 6693
08 17 3724
03 01 1381
01 02 2251
09 22 7693
02 14 4185
10 11 7720
01 12 6206
07 04 7782
06 13 2974
09 02 2555
06 13 1379
01 20 7048
10 26 9083
03 05 4358
07 31 1124
09 02 8213
01 28 7538
11 18 7062
12 26 2527
11 30 4370
09 23 3940
03 27 5950
11 13 1159
06 08 1445
02 18 7816
12 05 6418
04 22 3578
06 02 2129
01 01 8045
04 16 6721
07 20 9234
09 15 9790
07 01 7197
02 03 3783
09 29 4776
07 09 7253
02 02 7066
10 16 6145
08 31 9485
05 02 3284
10 08 5888
03 01 3313
01 13 4634
05 01 7186
05 02 2924
01 15 6948
04 04 8958
11 12 8051
06 19 4971
12 20 7692
08 05 7207
11 25 6960
11 15 2207
05 27 7835
04 08 4799
01 13 3764
04 13 7408
11 06 6509
02 01 9073
04 01 7002
04 24 2032
02 18 1749
04 11 8407
07 28 4046
04 19 4045
09 18 3402
07 12 8576
08 28 1665
12 05 7490
02 24 1693
03 16 8235
05 16 4937
01 11 6843
06 07 6133
02 18 1173
02 01 8710
07 08 9054
12 26 1411
03 29 7195
09 05 1760
01 26 4869
06 26 5016
06 21 7945
04 20 7219
06 20 3590
09 06 5474
04 05 2861
02 25 7014
01 03 8803
12 09 3358
10 11 6611
05 19 5669
09 15 9861
06 11 4567
09 06 5928
03 15 4130
07 01 9969
02 07 3844
09 22 5600
07 23 5152
06 06 4653
01 17 8007
08 06 5616
08 07 8205
10 06 6156
01 15 1024
07 15 9027
10 27 2966
03 10 4917
11 25 4798
04 09 8976
07 30 2069
06 21 5740
10 06 5315
01 31 9629
03 30 4057
11 22 1562
05 04 5763
09 10 4293
03 03 4294
07 31 4868
05 20 9208
07 28 4997
07 29 1053
01 05 1782
02 13 6540
05 30 7036
02 01 5987
04 07 6711
11 23 6571
10 28 7667
08 31 2850
07 30 7056
06 01 1490
06 21 7053
06 15 1489
04 27 1062
09 20 7231
07 13 3913
08 07 5007
04 17 8211
09 15 9813
06 07 6969
03 29 7324
12 19 4774
04 26 9260
01 10 7291
10 24 4407
06 10 9184
01 06 5406
01 06 1971
05 05 2008
09 06 4806
02 03 1606
08 27 4278
12 14 9923
08 06 3358
02 09 4266
03 31 5438
09 16 9577
03 23 7897
05 19 9022
09 06 5579
02 01 3083
07 22 8628
04 29 7469
03 07 2122
04 16 2928
12 31 7116
11 19 4430
11 14 4907
01 08 2933
01 14 8568
09 17 4035
03 12 9814
01 28 7343
01 11 1805
11 05 2159
06 13 9337
06 21 4612
09 09 9347
03 11 6204
07 13 9703
03 31 3789
06 14 2686
03 22 8715
08 28 1539
08 12 4352
01 02 1272
07 02 1924
12 31 2882
11 06 7857
03 03 1127
02 19 5001
03 03 2471
09 12 1879
02 07 3096
09 24 8602
11 17 2685
05 13 9445
01 14 9842
12 30 1163
03 17 9359
02 25 8462
10 31 9484
02 21 9393
07 30 8822
06 19 9535
01 23 5530
02 13 9464
12 21 9031
02 13 1076
12 04 6269
05 21 5585
04 13 2501
07 26 5677
10 09 2215
02 24 7879
04 21 7935
06 24 8415
09 09 4384
04 09 6870
11 27 3981
04 04 5026
12 12 9310
03 17 5297
07 19 4413
11 16 3738
07 16 9606
03 11 8535
09 25 2275
12 27 2051
03 29 8639
03 05 6530
10 14 2057
12 15 1770
07 07 9508
05 23 6880
06 20 9926
12 19 4259
09 16 5969
04 13 1522
04 08 3218
11 13 3151
08 12 7239
06 29 7392
04 26 3079
03 26 2541
03 12 7770
12 19 6441
04 01 4994
04 20 8155
12 18 8036
12 27 9482
04 01 4285
07 25 1005
03 13 1254
05 27 6564
06 21 4272
08 15 8651
01 09 1590
05 20 7815
09 30 9732
02 26 7393
08 10 8928
03 07 4132
09 19 2651
06 14 4564
05 05 3669
02 24 7533
02 03 4874
07 20 4435
11 09 3180
04 14 7577
06 01 4308
05 16 3285
01 22 6613
10 23 7915
04 15 8626
03 29 5756
08 07 8666
01 05 7806
01 22 2150
03 18 7780
02 08 5614
08 01 1260
03 18 7605
01 08 5181
10 24 2509
03 26 7452
11 27 3808
10 26 1370
03 03 8888
11 04 9047
04 28 4093
10 01 8554
10 13 7555
10 02 9260
11 20 7311
03 20 2421
09 17 5160
08 14 8652
09 05 7683
06 07 6409
05 31 2223
10 18 7026
08 03 9504
05 09 3413
11 28 8059
11 22 2175
04 14 9807
07 03 9124
11 28 1693
07 24 6758
07 05 6543
10 30 7126
05 28 2353
09 17 4169
02 08 9587
06 04 7388
08 08 1449
11 04 8978
03 13 2036
02 28 5924
04 17 6120
08 02 6302
07 24 8719
10 07 2101
04 01 7442
09 22 2332
07 22 4652
10 07 4362
11 16 6272
09 10 6267
09 03 3334
06 20 7065
01 08 1374
10 05 2919
07 01 8280
04 11 7601
01 08 4051
01 03 1460
01 15 3029
06 20 2055
05 17 6882
01 22 5026
10 30 4054
08 18 8361
11 06 4396
10 20 3237
06 08 1533
07 09 5147
07 20 1617
01 01 8165
12 11 3824
08 23 7391
12 24 1302
12 03 3779
01 08 5690
09 25 3390
04 05 7489
11 09 8588
11 09 2897
01 22 5687
12 22 4576
08 12 9866
10 12 6719
07 24 5185
03 15 9588
07 15 7713
01 06 1114
07 03 7940
07 04 2617
06 15 8107
10 17 4950
09 02 2986
07 07 4538
02 16 2097
03 26 5600
07 08 6937
06 09 1100
01 15 7405
05 13 3477
04 16 6157
06 21 4309
11 23 2905
09 01 3753
04 26 1911
08 04 9719
07 08 9712
05 19 5433
05 03 9108
07 18 3726
12 17 9031
05 09 5294
11 11 7057
01 17 4356
02 18 5365
06 02 6844
11 20 5064
05 22 3213
04 27 4277
05 11 2464
07 10 8690
07 27 2329
06 26 1538
06 23 6242
09 19 5058
04 01 9516
07 27 6283
06 22 5678
09 18 2802
03 02 3594
06 12 4618
11 19 9506
12 12 6024
11 04 2416
03 05 8104
01 23 8216
10 11 3962
08 05 3044
03 31 5533
12 13 1614
02 09 7082
04 18 1711
08 12 6611
07 09 5784
03 19 8819
04 23 2289
02 11 1327
11 09 3271
03 30 4371
02 04 1957
07 27 8140
08 14 1001
02 18 7674
11 25 5554
01 25 7543
12 17 8597
12 28 5040
09 21 3743
08 24 3036
02 05 6153
09 16 4854
06 24 4589
11 08 9177
05 18 7334
10 17 4257
06 11 3513
04 13 2044
04 26 5780
11 13 1872
10 28 4711
11 21 7273
10 30 9270
07 31 6320
03 30 4187
03 31 4674
10 02 4919
04 04 7596
01 07 2381
05 21 5437
10 08 8822
02 02 2261
12 14 3094
07 22 5998
09 22 3084
11 19 6918
08 25 6946
09 01 7813
07 28 9992
05 27 7508
02 25 5999
11 06 6516
11 03 6303
08 13 1645
04 05 3432
10 01 3329
04 19 9127
12 08 4498
02 27 1196
05 11 1022
03 28 2781
07 07 5590
01 10 7530
06 05 3231
01 20 6195
06 18 6317
05 09 9977
02 26 5645
11 10 1024
10 13 4110
02 26 6148
04 02 3221
08 02 9524
12 22 9738
03 27 7939
07 29 4468
07 02 6494
05 18 7550
03 20 2189
03 09 4730
01 03 1200
06 23 4263
11 14 8941
04 04 5400
10 17 4110
11 29 6338
06 11 6416
09 16 7123
10 31 3573
12 30 8017
01 21 2672
01 20 1222
04 30 7187
11 15 6706
10 03 1560
11 21 1876
11 23 2578
10 04 4601
10 12 6140
11 14 2973
02 23 1623
11 24 4268
05 09 5050
04 14 2020
06 05 7808
08 27 8268
04 02 5552
11 24 9085
01 19 3410
12 13 6939
08 01 7998
06 04 7392
06 15 9545
10 28 1011
03 06 8379
02 04 9955
11 30 8800
10 01 4916
10 14 2336
11 17 6498
12 08 9207
04 15 9441
03 25 4597
08 13 3848
09 21 5698
07 16 3718
10 14 4230
07 03 1011
08 18 4887
07 08 6536
05 05 7371
04 11 2319
05 15 1096
12 09 4491
09 25 2170
03 13 5210
04 27 4956
03 26 9638
09 19 3707
11 28 5561
05 16 3641
02 19 7090
03 19 3359
05 14 1905
08 22 9922
11 28 1284
03 19 7806
08 04 2348
02 18 1640
10 26 5635
09 05 3299
05 11 9635
03 30 3985
07 30 3747
03 10 7165
06 09 6495
03 27 6101
06 15 2550
05 16 2708
02 04 4177
07 12 9003
07 18 1370
12 17 7652
10 23 8999
07 06 5604
12 31 6295
01 22 9152
02 17 6675
02 07 3803
07 19 1075
04 14 8104
03 12 6286
07 04 6103
04 01 7288
05 11 8025
11 24 4915
07 30 9048
04 01 1621
12 06 7170
01 16 6215
06 01 6975
12 17 9728
09 23 6779
01 28 6551
11 17 1106
12 18 4497
08 24 3449
07 11 5783
12 28 9875
08 28 1321
05 25 6520
02 02 3317
02 06 4610
01 05 3533
08 27 6154
06 10 8672
08 09 6249
10 21 6124
11 29 9378
03 12 5527
07 30 4680
04 14 9598
04 25 3834
07 25 9078
12 09 8553
07 26 7994
10 07 1264
04 08 2387
05 22 5981
06 25 6983
02 17 2900
01 13 5473
12 02 3521
03 23 2369
07 05 4926
11 30 2945
04 20 1084
02 03 1327
04 09 6987
05 15 2232
05 06 5046
07 14 4367
12 27 3423
05 24 8684
05 13 8828
03 11 6191
04 07 8387
07 25 4280
03 22 8498
11 17 5429
07 25 4405
10 30 5079
12 27 3618
08 21 6643
06 05 2093
08 31 3190
10 28 1562
08 31 7982
08 28 4850
10 12 7650
05 14 8874
03 04 3439
09 17 8189
01 07 9388
10 04 8911
04 16 8869
06 11 5125
11 06 2301
07 12 9076
08 31 9682
07 20 9623
02 02 7391
06 27 6291
12 27 2503
06 11 7520
03 21 8998
06 23 3099
12 23 9043
08 09 2604
09 15 1242
12 09 9846
04 12 4997
07 31 8646
04 14 5067
02 08 1790
05 26 3913
08 19 8144
07 20 4563
12 26 9750
05 05 3739
05 01 6312
12 18 4669
06 30 8991
07 05 5081
09 16 3511
03 14 2891
09 13 4480
12 20 9139
09 05 7799
04 09 8224
03 01 9449
11 16 5805
05 21 4594
11 24 8216
01 26 7291
03 08 9545
01 06 1638
06 06 5856
12 18 7322
10 17 3371
11 11 1447
10 11 3890
03 11 6731
01 24 1539
02 22 1301
04 10 5121
10 31 8214
11 04 7499
01 16 9533
11 08 3324
11 27 9263
07 02 9104
10 13 1426
08 16 1589
02 18 1964
03 31 4206
08 29 6406
06 23 7139
06 21 6314
02 26 7395
01 03 4472
08 23 2048
07 05 5609
12 10 7975
11 05 2869
07 26 5697
05 22 7339
09 18 2082
08 02 7941
08 15 5394
10 10 3240
11 01 4340
08 19 4858
02 29 5164
04 08 3708
02 19 4514
04 29 6544
02 07 1485
05 09 8701
03 23 1238
05 08 2552
03 14 3545
03 11 9502
12 04 5167
10 25 2961
08 30 5513
05 29 2307
11 02 4735
10 18 8499
01 05 7338
11 02 3537
06 30 5110
01 13 5074
08 17 3673
02 15 8068
04 30 6991
09 18 6742
03 04 1736
02 17 4191
12 17 5487
09 04 7802
12 04 3193
09 12 4078
06 12 4550
10 18 1218
08 11 5547
11 20 6858
07 11 1215
08 02 4950
09 27 3993
08 06 9049
10 31 4327
12 09 2952
04 13 2242
09 08 2105
07 13 9405
10 18 6678
07 23 8539
06 17 6175
09 09 3894
01 04 4784
04 23 8799
07 07 6856
04 06 3228
02 23 4497
09 10 8669
01 26 6775
02 07 6913
08 14 3663
12 01 6276
11 20 7172
07 10 2193
11 02 7925
02 16 7438
12 30 9422
12 23 1830
03 28 6760
01 03 7262
02 19 1459
05 09 5094
01 29 9181
01 05 1285
08 01 8496
11 08 5185
03 16 4909
10 21 6628
10 18 2174
01 21 3083
08 31 4566
09 02 3044
04 09 1372
12 02 3133
09 08 7142
06 13 5261
09 25 9352
10 24 6609
01 25 5408
08 24 8617
12 03 8683
04 29 5046
10 23 7335
04 06 1679
10 04 7532
02 28 4205
04 08 9716
05 05 1332
06 10 7363
03 12 2296
11 12 8212
03 23 1705
12 13 3905
07 20 7351
01 16 6921
02 23 9284
03 11 2417
09 10 5565
12 25 5234
07 31 8620
10 03 1755
06 21 4893
12 12 9347
05 01 8217
06 16 6618
05 24 3303
11 15 6124
02 23 3455
05 06 3519
12 11 3747
12 25 7299
11 30 4712
06 23 5573
08 25 1182
10 13 2048
03 19 8352
12 13 5046
06 03 1875
05 08 7897
12 05 6746
06 11 5875
01 11 7643
12 08 6704
11 22 4142
11 25 7869
07 22 2760
09 29 5051
09 28 4916
01 25 5271
11 02 3916
10 27 2844
06 22 6585
12 25 6569
09 04 2848
04 29 9217
03 12 8845
02 25 5054
03 09 2084
11 25 6976
08 23 4916
08 02 9564
06 19 2716
09 07 6802
06 17 5601
02 24 7130
10 24 9081
06 21 6268
04 04 8625
12 22 9875
11 08 4916
01 17 9382
09 10 6140
08 09 3457
10 08 4701
01 21 9914
06 27 9645
02 16 4720
03 23 8749
12 27 4089
07 30 6078
06 18 3798
04 07 7997
11 11 9466
07 08 2351
06 15 2990
11 04 5427
03 16 5837
07 16 4344
01 29 6006
12 05 2655
10 07 4911
08 23 8051
03 29 6938
05 07 6382
11 29 9242
09 15 9490
02 10 4266
06 11 7214
03 30 3479
03 25 7884
03 19 1663
04 08 4671
11 14 9397
01 07 1710
05 23 7015
05 08 2229
01 12 8474
08 04 5287
09 15 6194
06 01 5735
08 24 1871
12 03 9865
05 01 2473
08 16 4736
06 02 8611
11 21 9453
07 16 8273
12 19 4969
09 15 9587
12 24 6047
03 17 9995
09 15 6619
07 19 7641
02 23 3456
04 10 3139
04 30 7859
09 29 6446
12 18 6481
07 01 6690
10 19 8747
08 11 1269
07 03 7942
01 04 7898
01 06 1634
10 16 5845
03 19 4808
09 24 6999
01 10 6971
04 28 8620
02 08 2575
11 30 6308
06 11 5703
03 02 8479
06 14 5041
04 06 8197
09 01 4346
05 19 6779
06 29 9640
02 03 6039
05 18 6315
11 17 1053
05 30 9737
01 01 2998
12 16 9182
03 26 6151
03 15 7477
09 15 5744
08 12 6210
01 07 1800
08 30 1175
10 05 1734
08 23 7780
04 13 2669
05 20 9670
10 27 4513
10 05 8216
07 26 6933
06 01 9592
08 22 8790
12 25 1950
09 22 4093
02 12 9150
11 27 8527
07 09 6036
01 28 9430
09 28 4755
11 04 8249
11 21 5685
05 07 5929
08 27 1625
10 12 9998
02 22 3700
11 29 2777
04 02 6428
01 30 6955
02 05 5575
02 08 1726
06 04 8029
05 10 5711
02 04 6409
03 29 1558
02 03 1518
10 28 5425
12 23 8832
03 03 6744
03 27 8877
06 16 7742
04 26 8764
02 23 5036
07 23 4944
09 17 3331
10 07 8022
09 20 4288
07 04 2718
01 14 1181
04 06 8600
09 19 3106
10 04 9520
01 05 4487
09 08 8870
07 25 5192
03 25 7092
03 08 3932
12 20 4901
03 17 9249
10 12 4404
09 27 6537
08 03 8728
02 10 8224
08 15 2661
08 14 7911
11 08 3543
08 29 8399
01 19 9894
12 17 7809
04 11 4581
03 26 2429
03 15 3432
11 17 6223
06 17 2832
01 07 6822
06 24 6620
03 05 3020
04 11 3674
11 27 1661
09 08 6248
09 16 7135
10 09 5069
01 05 4433
09 18 8430
10 11 4789
09 13 3136
07 10 4831
12 10 6946
05 31 9925
11 07 3627
10 24 9155
01 20 8501
12 16 4151
03 22 6197
11 11 2608
05 16 2870
03 21 9928
01 07 5272
08 08 8234
01 23 7474
07 12 1524
09 14 9851
04 06 9620
07 12 2651
02 05 3354
05 18 5696
08 11 2618
07 17 1668
09 14 7840
06 12 9073
10 22 4376
06 26 3408
02 08 9701
11 27 9511
07 28 5821
01 09 9635
04 12 7759
11 29 1953
05 08 3458
08 05 5814
03 18 5840
03 26 8165
01 03 9871
06 20 1639
11 04 5202
09 19 9337
10 23 3719
03 12 4668
05 22 1097
08 10 2530
11 05 4263
07 31 3816
03 17 3625
12 09 7847
02 11 5513
11 24 2914
04 18 7896
05 16 6125
11 14 1033
06 05 3079
11 29 9746
05 17 1369
11 30 8206
12 10 9257
08 27 6808
05 31 3217
01 24 3339
09 05 1059
04 19 7668
05 17 8385
02 16 6499
02 14 8803
12 26 7050
01 12 9270
07 20 1204
02 02 9612
02 04 5605
05 11 5728
09 11 9302
01 26 6396
03 27 8794
08 15 5485
10 09 8287
11 28 7705
02 04 7652
10 10 6644
10 08 6190
03 15 1554
04 14 8830
06 06 7399
11 21 2827
09 21 7704
12 13 8302
01 27 3241
06 17 6687
10 25 8184
03 13 4419
01 04 7783
02 14 7155
07 07 3373
03 11 1658
11 15 9702
05 19 9905
02 15 9501
10 02 6418
01 17 4312
05 29 2397
10 06 6114
02 25 8545
03 07 3849
03 07 7284
06 19 1791
05 14 2986
02 03 9743
06 01 7257
05 02 9254
12 25 9960
06 07 7925
03 19 6463
04 18 3975
02 13 6457
02 17 7576
06 24 4030
09 30 1407
08 29 1566
04 06 2699
12 01 3519
11 28 2102
04 13 3197
04 12 7441
03 02 9212
09 25 8219
03 11 8189
03 28 1246
04 18 4117
10 30 7225
08 30 6524
06 20 5670
04 02 3364
08 18 9032
02 01 7488
07 14 8003
04 09 7300
11 14 2299
08 30 1013
04 09 9805
01 07 4093
05 16 9251
01 09 2286
08 03 4966
04 15 2957
08 09 6037
12 17 9758
08 01 9014
04 17 1316
08 09 2476
10 03 6227
10 15 1134
09 23 9216
11 23 6884
06 05 5424
07 24 8638
05 19 7165
12 28 8680
02 24 6733
06 27 3539
06 05 7282
08 08 8534
12 20 9150
07 08 6371
11 03 7189
09 09 7973
02 16 7440
09 19 4492
09 20 2467
01 31 7644
03 29 3637
09 09 5775
11 02 6730
09 10 5753
08 12 2577
08 27 9876
05 29 1452
06 02 5681
05 27 8995
03 27 3135
08 04 8618
12 24 8285
09 19 7989
03 13 9614
09 05 4007
03 25 6056
10 14 6165
09 20 2870
02 13 3560
04 24 5000
11 11 5730
03 13 9647
09 01 1711
12 23 3971
07 31 7002
09 18 1988
10 17 2873
06 26 2052
06 21 3460
12 12 4042
04 29 5416
02 01 5639
03 18 5332
12 06 3310
05 09 1435
02 13 9935
11 07 7062
07 01 2083
07 31 8474
03 30 7807
07 12 4566
12 31 2448
12 29 4002
04 12 7200
08 29 4204
06 01 2442
09 06 1990
08 18 5737
08 27 4687
09 25 3761
07 11 7272
08 10 3559
06 04 4778
09 24 6793
01 08 7600
03 02 1074
04 09 4696
08 17 5782
07 10 3327
06 02 3925
01 20 6420
06 07 5478
10 27 5560
04 07 1256
09 07 6825
03 27 6834
09 17 9359
02 21 1186
10 17 7574
11 21 5071
03 25 7129
03 08 4402
03 19 2109
07 03 2814
09 13 4786
11 07 1738
06 07 3767
02 25 7946
03 04 9529
09 10 1829
08 26 9124
07 10 5394
07 02 1180
06 23 9090
05 20 4086
03 06 9218
08 17 5990
12 02 5624
10 29 5982
03 26 3096
08 28 4618
05 15 1075
04 21 8017
04 25 6648
07 06 9630
09 25 2938
04 17 2888
10 03 5986
04 06 1346
02 09 1456
03 16 2122
10 24 3366
09 06 7194
02 08 1919
04 15 9859
04 21 1968
09 16 9907
03 21 6978
06 24 2241
05 08 3536
09 15 3911
01 25 3459
07 04 7399
05 25 5895
09 03 2109
08 14 1157
01 14 7173
03 19 3296
01 21 7981
06 19 5153
09 21 3228
06 07 6996
05 15 1462
05 23 9342
03 21 2030
10 07 8597
01 28 3443
07 20 2166
09 08 8382
01 04 9334
06 28 3992
11 05 7849
06 19 7719
09 10 5777
12 06 7457
10 16 5904
03 19 2250
11 24 2284
10 01 7548
01 03 6220
09 11 4250
01 23 2000
10 15 4244
12 16 4666
11 26 3383
03 07 6260
10 25 6003
02 12 2872
07 07 7813
05 22 2892
09 15 9195
03 31 8690
07 28 5149
08 11 8169
06 23 4972
08 17 2710
11 15 7835
02 21 3994
06 13 5933
10 16 9275
06 01 5548
02 08 8324
05 11 9951
10 27 8478
02 23 3452
10 16 2881
06 04 5307
12 02 7874
03 23 2769
04 17 6796
01 07 3002
05 28 7893
05 30 3111
04 29 5057
01 09 9606
08 06 3344
05 09 1320
05 15 2439
05 24 7364
07 15 7868
08 02 6235
08 17 7978
02 25 9494
07 07 7770
10 05 3783
05 13 8064
10 24 8651
01 14 7344
08 01 6162
09 19 3806
09 15 8427
09 20 1517
09 16 1546
11 27 6491
07 31 7495
02 26 9551
08 29 1804
10 13 7760
09 24 8567
03 05 1443
03 15 7065
09 10 8465
03 02 3793
11 15 5714
09 27 7722
01 22 4153
06 02 2452
01 10 4435
02 05 1489
07 22 6665
06 02 2934
05 07 8519
01 01 9572
09 23 1493
04 02 7939
01 29 2686
01 02 6724
05 15 9285
02 23 1639
02 08 8869
01 08 3110
02 13 3222
03 25 6170
09 21 8379
06 02 7254
08 18 5913
12 10 3316
08 24 1729
01 16 5230
08 07 8988
06 27 4590
09 02 9705
04 08 7297
08 27 8699
11 06 7050
08 24 4100
06 28 8696
08 05 1514
10 21 8263
06 09 7362
02 12 7123
01 09 8037
01 10 6624
07 21 8416
11 01 7554
09 24 2457
10 11 9006
10 09 3986
09 14 8600
10 21 8235
05 04 2207
08 21 5904
05 20 6403
12 12 3830
06 11 5100
02 14 1148
05 30 9301
10 16 4916
11 11 2591
05 18 9712
01 17 9978
07 27 6871
09 18 3591
07 04 6856
07 17 9742
02 27 2121
07 20 7122
02 19 9823
05 27 9747
03 11 6444
10 08 4443
05 12 4727
11 19 6573
12 22 7349
12 20 3701
10 26 1084
04 23 4467
11 20 4332
09 21 4051
07 07 9235
09 16 9801
08 31 8011
03 05 3502
10 21 2854
04 22 3906
05 26 2037
12 21 3880
01 18 9724
10 20 7368
05 10 7034
03 04 9285
02 29 9092
10 24 3167
09 17 6932
08 25 3245
09 09 4079
08 09 9652
09 29 8588
08 13 5452
02 06 7923
11 06 7329
02 04 6874
12 14 2479
12 07 1248
04 08 2732
04 05 9173
12 30 6218
09 25 4958
02 03 8342
02 17 5635
07 02 9021
02 28 9013
07 21 1464
12 02 6546
05 20 2541
03 29 4933
09 02 7380
06 15 6749
06 17 5168
04 20 7688
02 20 8722
10 29 5210
04 24 1709
12 11 7451
11 03 7101
04 27 6647
11 29 9514
02 14 2662
02 19 4353
11 30 8457
10 13 4696
04 14 2865
04 08 8515
05 30 6166
02 10 6334
09 16 7947
03 29 8693
07 25 7190
02 13 2696
12 26 1599
03 21 4403
12 10 6801
09 13 5421
04 24 4165
06 03 6696
02 07 5003
01 19 4460
11 28 6458
09 06 8497
01 10 5294
04 26 2147
11 14 6618
09 12 7014
09 20 4255
08 18 9329
09 21 1702
10 08 8852
01 31 2436
02 25 5748
03 23 3385
04 01 8603
09 05 6106
05 29 5090
09 04 7948
11 07 6140
02 13 8158
07 14 9104
07 31 2598
08 27 9674
02 24 7767
06 17 9059
05 27 2172
06 16 2774
04 07 9293
06 20 9527
11 26 7311
04 01 7056
11 05 9419
05 24 2005
06 13 8376
05 05 9099
09 03 3597
07 24 3300
02 18 8651
12 05 8318
10 26 9554
05 16 2822
03 23 9689
10 23 9079
09 02 7898
08 05 5013
03 02 9146
07 03 9197
09 27 5705
03 23 3077
11 02 9965
07 28 1182
01 24 4466
08 29 9917
11 14 9408
05 23 8178
10 11 1795
10 22 4816
09 07 8164
07 12 7415
09 07 7966
03 05 8846
08 22 1594
07 03 6286
01 06 7596
10 04 2278
08 09 2054
03 03 8709
06 01 5602
04 02 5438
03 09 6303
09 17 5423
12 13 9022
09 20 2386
07 14 5034
04 01 1099
11 01 2297
08 07 5688
06 29 2833
04 13 2817
02 28 7228
12 07 1169
11 03 8113
05 05 9399
04 10 9033
11 02 6084
12 10 9964
05 19 8415
02 25 1764
09 28 6493
11 17 1356
09 25 5333
01 09 3681
03 30 8836
12 14 9683
08 24 6289
02 10 2250
11 24 1735
03 15 9309
12 01 3294
02 18 3951
06 23 4973
05 11 2530
08 18 8377
05 26 2308
10 17 8295
08 06 7232
03 30 6213
01 16 7304
04 17 3301
12 31 8461
01 05 9143
12 10 4726
12 03 2074
08 13 1151
04 07 7216
01 30 4931
03 04 5501
09 09 9421
06 10 2969
09 17 9097
06 06 8314
05 02 8044
03 27 3019
12 24 9163
06 03 9867
11 23 3030
09 10 3358
08 17 1399
08 04 8428
12 12 7693
08 02 4269
01 27 8908
09 03 2448
12 13 6046
05 24 5276
04 10 5254
03 26 5709
04 04 3001
10 13 3282
04 03 3979
03 05 4616
06 19 1542
07 01 5203
12 08 4847
01 20 5063
09 21 3808
03 23 5860
06 09 1408
01 10 5302
07 04 5945
05 30 6710
04 18 1732
06 08 6138
03 29 3513
11 23 2153
12 20 3116
02 05 4433
06 23 2367
08 28 4656
09 23 2010
09 02 3499
10 08 2028
09 23 5767
03 22 7531
09 17 9312
07 28 1887
07 03 6310
11 10 2600
01 04 7728
09 20 4873
07 10 4543
08 27 5010
09 04 7974
03 12 1717
11 12 5978
05 06 2600
05 11 4587
03 30 2446
08 09 1742
08 29 3189
04 02 8758
09 03 7398
10 18 2967
03 18 4950
09 22 5636
06 02 7759
08 04 4553
10 04 3587
03 03 3619
08 05 9463
05 26 1947
06 26 2890
09 23 3930
07 31 8191
07 21 8142
11 19 6098
08 11 2946
11 04 5230
12 25 9049
01 04 1939
05 11 1705
01 12 4048
05 23 7689
09 27 3203
11 24 3883
11 06 5636
10 27 3258
03 04 4377
04 16 9156
09 10 2965
02 04 1101
04 20 9025
01 14 8428
07 04 5283
01 10 8941
01 15 2457
03 11 5728
12 31 3456
09 05 1366
07 16 8574
03 10 2813
05 29 4127
05 06 1574
11 12 1831
11 13 1535
07 08 3146
05 11 7734
02 15 2785
09 30 9939
11 03 9453
04 15 1992
11 25 8923
01 29 5798
12 03 6483
11 12 4188
03 16 3216
12 23 4852
05 29 3078
12 02 5745
03 27 8219
11 09 8449
02 06 8964
08 10 1882
02 05 3496
09 03 7562
02 19 4935
08 21 8374
07 18 2716
01 16 2265
05 05 9182
08 07 9523
12 12 1891
11 28 3673
08 30 6459
09 21 2686
09 20 4006
03 13 3203
08 18 3230
11 09 6879
08 31 7587
04 05 2615
03 05 8455
01 20 6354
06 17 4723
09 21 1783
02 07 8244
06 09 7858
02 07 1548
11 09 5487
09 12 4340
08 11 9410
01 06 4338
03 25 5690
08 22 2150
12 25 4874
05 14 5057
09 03 7755
08 14 3956
07 28 3466
12 30 8529
04 02 2960
02 09 1892
02 19 2438
09 22 6281
06 15 2333
11 28 6354
04 25 4725
11 07 5606
03 17 1398
09 01 9686
07 17 8169
11 19 1493
01 28 4811
03 02 3217
05 02 3109
05 28 6728
11 16 5106
03 09 9101
04 20 4692
03 17 4776
10 11 7824
02 10 6853
05 08 6093
11 08 4882
06 23 7268
05 08 5999
06 27 9100
11 13 8337
01 09 7840
09 26 8913
11 30 6040
06 27 6865
05 11 8571
06 05 3632
05 28 4948
04 22 3776
04 20 6878
01 23 3254
07 01 8145
10 13 6741
10 25 9900
08 27 1448
08 01 1961
12 24 5912
06 29 1900
08 10 1623
09 02 6285
11 18 5508
07 26 2194
11 22 1376
10 03 3926
12 10 5040
07 06 3919
04 27 9071
01 28 3361
05 18 3956
08 04 5605
01 16 7661
10 08 9446
10 17 9695
10 24 5050
11 06 9271
12 16 3960
08 23 5945
12 18 5335
03 15 8521
08 21 1521
01 18 2311
10 12 3048
08 29 3152
01 15 8402
03 09 8578
07 05 2804
01 21 2174
11 19 1143
09 10 1350
06 14 6070
09 23 2520
04 13 3501
04 12 3016
11 21 7015
01 05 6036
03 04 1368
11 30 2785
06 19 5689
06 04 8591
07 20 1613
07 25 2890
03 03 9277
09 14 8125
07 18 5551
02 27 8013
12 20 7409
05 14 7590
07 31 1801
09 02 2568
06 06 4649
11 07 1964
11 19 8698
01 16 5586
03 02 3207
03 09 8845
07 22 1176
03 23 3739
02 17 8759
05 15 5532
09 10 6139
02 27 1330
03 25 6849
02 06 9037
10 24 6762
07 12 8044
05 20 2879
08 14 3043
04 24 7968
06 22 4744
01 21 5000
04 28 2534
09 03 9432
12 03 1754
05 11 3384
10 28 2621
02 01 3940
06 21 7750
06 01 3393
09 04 6959
03 15 9759
08 24 5697
07 26 4002
09 30 9130
08 03 5793
02 06 3178
01 10 7558
01 02 3436
10 29 7854
09 24 4938
09 18 9472
07 14 1732
07 12 8175
07 16 2571
10 21 4881
07 21 8150
11 11 6503
10 11 6933
10 20 3501
04 17 7951
10 16 8643
03 25 6179
11 30 8004
04 03 8173
09 09 7190
10 19 2135
01 15 2171
11 29 8285
08 23 4415
08 11 6239
06 13 5823
05 16 9693
03 03 7826
05 30 8287
11 08 4163
02 18 1667
09 08 2842
02 08 7903
02 22 3601
09 01 8088
08 06 4258
06 14 3884
06 17 2443
07 16 6314
10 04 3783
11 21 9408
02 18 2955
12 19 6496
12 29 8874
12 15 8524
12 05 8307
07 05 6751
10 14 4346
11 16 2364
08 03 8731
12 24 4812
01 08 2904
11 07 3146
10 26 4897
03 04 4067
04 13 6684
05 23 1240
06 01 8022
07 03 9268
04 13 2203
12 12 6368
06 22 1604
12 15 4683
01 11 2801
02 10 5429
05 30 3853
12 01 7026
03 03 4625
04 08 4415
12 29 2970
02 12 1176
01 23 2570
03 28 6474
03 18 8279
03 13 5438
04 23 3292
06 09 1366
03 18 4991
12 26 9966
12 23 2397
07 31 2325
11 08 9925
07 30 3910
09 17 9340
04 19 8701
03 09 7956
03 10 7888
11 17 1250
10 27 9736
02 19 5215
10 06 2514
02 12 2965
02 24 2374
01 15 1192
06 06 7956
02 04 1994
06 27 5139
08 27 4809
05 22 9789
09 15 3837
10 21 3898
06 01 3385
11 02 3864
11 13 1222
06 16 5617
07 21 1006
01 09 5384
07 07 4223
06 26 3174
07 31 1325
03 12 1003
10 13 9048
11 13 8829
05 06 1135
09 14 4464
06 12 5367
10 12 1030
06 23 1245
03 08 3050
09 13 7549
10 16 7987
06 21 9179
10 26 4056
04 05 3982
07 11 1725
05 19 4117
05 18 5417
08 30 1809
08 24 3240
12 11 2155
05 16 7738
08 22 2902
11 13 3871
08 17 6556
04 29 4104
03 25 4767
09 04 5081
08 18 4012
12 07 3347
12 10 5230
12 06 4532
10 29 5211
04 11 3745
08 02 6312
08 22 9617
01 21 2052
12 29 4633
07 25 7559
10 20 6451
12 12 2787
08 05 1898
12 24 6330
05 12 8825
03 10 2145
08 03 9003
12 18 1084
07 19 2659
06 29 7074
12 30 9865
08 19 4650
07 22 2130
12 02 8235
06 29 4800
09 25 9678
01 30 4935
06 03 7629
08 31 1585
05 12 5087
02 11 4927
05 22 1921
06 12 1766
10 20 7265
07 31 4852
05 20 6997
12 31 8399
12 07 3034
10 27 6895
10 15 9100
07 09 6617
01 03 9057
06 23 1385
07 16 5602
05 18 3726
11 14 9297
11 06 6210
01 04 9949
07 12 2887
08 15 3478
05 31 6312
05 17 3699
12 13 6939
03 21 3134
09 04 5007
05 14 8762
08 31 5480
01 09 5857
04 18 3898
08 06 5024
07 14 9994
09 19 6678
10 24 6710
12 29 6384
09 19 1569
11 15 4207
01 18 5577
06 18 9026
01 06 7593
04 22 7213
06 10 4069
11 17 7271
08 10 5786
01 16 1663
02 11 9625
11 15 7820
03 19 8935
01 16 4991
04 16 3022
04 23 6436
10 04 9859
05 25 2415
08 17 2049
11 03 6247
02 23 1343
05 05 7538
05 14 3731
12 03 2784
04 29 5108
01 22 6197
11 10 2169
05 04 4679
11 10 9302
06 27 9659
04 25 6401
06 14 6601
08 07 6485
03 09 6659
12 01 5638
08 27 3450
02 24 7723
09 11 9579
03 30 3732
06 17 2221
10 15 9058
03 09 9205
11 20 3859
11 01 9061
05 09 8448
04 09 5925
02 05 5118
08 31 9109
07 23 8123
09 03 5109
01 09 9045
09 21 6531
02 07 2313
08 04 3498
05 05 4940
10 10 8893
12 08 9346
04 29 2993
12 16 7404
01 18 8547
06 23 8295
10 01 4036
02 14 7566
04 28 3101
03 31 2616
07 09 4985
02 20 8164
07 14 6285
02 15 6548
01 27 5413
09 18 7905
03 13 9600
05 04 1525
05 25 6133
08 23 7432
12 17 9047
07 03 2362
02 03 7974
07 23 8628
01 31 6028
05 26 9630
10 13 7899
01 25 3118
12 01 2096
03 29 2344
09 01 1958
04 19 4409
05 01 1698
11 28 1935
04 17 2816
09 10 1395
03 01 5339
12 30 1361
10 21 2210
04 27 9788
07 29 7767
09 20 3249
03 10 6607
02 23 2430
10 31 3719
06 08 9040
09 03 9620
11 24 2521
06 14 1648
06 22 5332
04 03 9379
10 15 9369
07 02 8476
01 03 2863
11 26 6005
02 09 7506
11 24 1966
01 16 7017
09 10 7673
10 31 7807
04 17 6661
10 29 3158
08 22 1367
11 23 8661
06 21 3530
04 26 4707
03 07 2484
08 21 9217
01 20 8521
05 30 8523
01 15 1738
09 04 8341
11 12 1111
05 07 5919
03 04 3543
06 16 2071
07 19 8668
08 17 9477
08 13 2056
05 22 7161
08 13 9031
01 20 5805
05 16 1459
05 18 7643
10 01 3144
12 25 3382
11 03 2769
01 15 3328
11 03 3810
01 07 3800
08 01 6528
06 08 7705
09 03 8794
06 18 7927
12 08 6128
12 10 4834
04 22 7410
03 24 4828
08 22 3298
10 09 8619
02 15 6558
07 07 9723
02 27 4345
02 13 5116
04 23 8806
12 28 5730
08 19 5200
11 30 4535
05 08 2586
06 24 2792
09 12 1095
08 13 1046
03 02 8928
06 24 5830
02 21 8827
12 24 9691
12 20 7309
04 23 4004
08 06 2032
06 25 8346
04 07 8209
08 15 1810
01 02 9692
03 21 8039
08 16 4849
12 22 6743
06 15 2296
04 02 4791
11 02 1261
05 30 1309
07 27 9520
10 06 3669
12 26 5408
06 25 7354
08 30 1186
02 22 3798
04 27 9453
05 05 1916
11 20 1417
08 29 6786
09 25 5522
03 25 7169
06 24 4459
10 10 4271
04 21 4375
10 01 1480
10 31 2483
10 07 8187
02 09 7316
02 06 3131
11 27 3961
05 06 5782
02 14 9476
09 06 8888
01 02 7689
12 21 6501
10 29 7147
05 18 9342
03 11 7527
11 15 1480
03 31 3377
08 22 8753
09 03 2099
11 06 1650
04 19 1271
03 16 1051
11 10 5351
05 05 7288
07 18 6616
03 30 6658
04 25 8758
03 05 5265
04 06 4429
08 21 7888
12 23 4287
03 29 8291
11 10 6847
11 05 4890
07 12 7823
04 13 4055
02 10 7467
08 25 9384
04 02 2763
01 21 2383
11 18 9742
11 02 3821
11 19 5756
05 26 3333
12 29 9408
10 20 8075
06 29 6273
04 17 8549
07 07 1129
04 22 9362
03 25 4654
10 31 1197
03 16 9580
04 14 9716
02 20 5633
01 27 8376
07 03 4095
10 12 2148
05 21 2050
11 21 7094
09 23 9716
12 26 2425
10 31 4459
12 24 7663
08 21 3104
06 27 6391
02 23 9746
10 05 4743
12 01 6139
10 29 1772
09 20 4568
10 14 2218
03 13 4357
05 06 2538
11 25 1509
01 26 4651
04 03 8437
04 28 6130
05 09 4236
07 29 3209
03 04 8933
01 25 6188
11 10 7702
12 01 9698
12 28 6248
10 24 5811
08 22 3534
01 15 9672
04 08 1449
10 10 7909
10 02 1178
01 27 7532
09 29 6063
01 14 2797
09 28 4172
10 19 7030
12 22 5274
09 15 1882
12 26 4008
09 21 6738
12 21 1155
06 29 9090
10 01 2566
01 11 9728
12 02 5539
08 04 9543
11 16 9864
03 30 1031
02 21 1051
03 09 3001
08 29 4062
02 05 6344
03 13 2467
09 29 6637
01 29 3140
05 01 8932
11 08 6164
09 27 4886
04 06 7527
05 09 9775
12 08 9781
10 21 6355
06 27 7129
04 22 5679
12 10 4473
10 27 4158
11 05 1758
04 01 3357
06 12 4197
03 31 4464
12 26 5826
02 11 7336
04 10 6403
01 01 2590
12 09 8391
12 03 8027
09 03 5276
10 27 7614
10 10 9198
08 16 2340
08 04 1267
08 11 9213
02 06 1288
01 14 2874
12 01 8128
08 18 8221
03 09 2970
03 18 3966
02 23 8934
08 09 4365
12 01 2568
04 30 9700
11 12 6753
06 15 5607
01 26 3277
04 24 4437
05 19 6584
06 19 9647
02 28 9760
08 30 6422
01 16 6009
08 13 4311
04 17 6735
12 11 9658
07 10 7709
07 25 6877
10 06 4760
07 07 2450
03 02 3478
02 12 3736
08 11 6772
11 22 2813
01 19 5732
12 09 9294
02 12 9546
06 10 8369
04 29 5751
04 25 4561
08 28 6283
05 03 2296
03 10 9882
02 18 5580
03 27 2855
11 16 3554
09 12 1874
07 21 5564
01 23 3933
05 31 3712
08 04 7222
09 10 3483
11 19 9258
03 28 7552
01 30 7983
04 19 2803
11 25 5687
09 15 2925
12 10 1956
06 23 6081
07 02 8354
09 06 3355
04 06 2380
08 16 5296
11 27 7393
10 23 2391
01 05 6406
02 01 7991
06 12 7006
04 27 2907
07 26 4571
09 18 2639
07 03 4485
02 23 4243
10 04 4292
12 31 2058
06 08 7838
09 09 7457
12 17 5018
05 20 2211
06 25 6131
07 25 4870
06 16 8214
09 06 7314
07 31 5438
10 28 4607
02 05 3620
11 29 3902
03 15 6412
05 22 7969
02 17 2452
01 13 5258
10 02 8960
11 15 2172
10 17 3191
10 09 7521
07 19 2334
02 28 3295
06 09 5493
05 27 6751
01 11 2075
04 04 2193
05 10 4438
10 08 6304
09 01 6778
06 08 4594
04 23 2901
08 12 6051
01 01 5484
03 19 9722
05 21 6202
10 14 3189
02 12 6676
02 21 8446
11 21 7439
06 13 3811
03 20 4417
08 05 2223
07 25 7984
10 14 7781
08 16 8018
01 17 8006
10 13 1551
12 05 4053
05 19 9850
02 08 3701
03 03 4995
02 22 1171
08 13 5501
05 23 8861
08 31 5627
04 30 9432
04 29 2348
03 12 4915
03 31 4278
05 04 2023
09 30 4891
12 25 5497
07 06 4650
04 12 5321
06 30 4781
06 07 4277
08 19 2617
03 02 9610
05 25 3427
02 01 5097
02 24 8142
02 08 6517
05 27 1316
01 23 5295
08 21 4293
03 05 6701
09 21 6848
09 23 7652
01 26 7526
03 30 8606
01 10 7421
11 08 6664
10 14 5906
03 04 9474
01 17 1847
06 27 6619
04 04 2303
02 17 3285
11 18 3804
06 11 5358
11 16 3810
10 21 9882
02 04 3056
01 20 4607
05 31 7672
04 14 3178
11 21 7507
05 12 8338
08 25 9898
12 01 9122
10 14 7850
09 16 4812
06 28 3488
06 25 5943
05 08 6584
01 16 5717
07 31 9758
01 27 1138
01 07 9582
09 14 4196
04 19 2685
09 19 9715
11 22 9081
04 13 4505
10 11 6463
11 09 1325
12 24 6044
05 04 7627
04 23 5558
10 29 5169
01 28 9254
06 05 8270
10 25 7510
09 18 1843
07 03 5240
07 27 3473
12 09 4543
08 28 6759
03 19 9233
10 26 1336
08 07 3655
04 01 7222
09 11 5799
03 30 5361
12 16 8371
01 19 7914
04 08 2568
12 11 7366
06 25 8671
07 25 9164
12 18 3594
02 08 6112
02 15 2743
07 05 8240
05 25 8381
03 23 6438
06 29 6289
08 01 4719
07 01 6394
11 01 7050
07 06 9906
03 27 2022
01 20 4041
12 20 9970
08 20 3822
10 16 2244
12 10 4625
05 23 9188
01 02 6774
03 18 8565
01 14 2588
02 12 1094
08 12 7245
05 04 6826
08 23 1569
06 10 8009
09 11 3471
07 03 2165
03 07 1344
09 21 8342
09 20 4745
07 26 6072
08 28 1556
03 28 8833
10 25 1444
06 13 6769
10 06 7406
09 08 6748
04 28 2986
11 03 6443
09 01 1001
02 26 9989
09 28 2520
08 18 1590
01 23 5986
04 28 8711
02 17 9623
05 12 1552
12 08 2336
07 18 2279
08 30 8557
11 17 6244
08 26 9769
04 18 7247
06 29 1805
10 02 8080
05 28 1177
12 19 8468
08 29 7561
06 11 5191
05 14 5779
03 06 3457
02 17 3702
11 25 1254
10 11 7290
01 26 8769
08 27 7428
04 02 3522
03 07 5407
11 08 1339
06 29 2291
01 16 7021
05 12 9186
07 13 5567
07 25 9664
09 14 4390
10 16 9588
06 14 8295
06 30 8938
08 27 7367
06 29 1420
08 12 5854
04 28 6759
09 07 6629
10 05 9303
05 10 9920
10 06 9521
12 21 1430
09 11 6914
07 21 8102
09 15 8067
11 14 6340
01 23 8865
10 22 6966
04 10 7111
10 08 9332
01 27 1876
01 13 1570
12 09 2351
01 15 6510
07 20 7685
02 03 6539
02 16 3473
03 13 5898
11 29 4154
10 23 6256
12 27 1376
09 14 4938
07 14 4471
04 25 5930
04 07 1906
06 06 7676
03 31 3078
11 02 3990
05 15 5171
03 16 5015
02 21 9052
05 12 9652
12 27 8160
07 25 7932
03 11 5128
03 16 9387
06 04 1871
06 15 6161
02 29 4284
02 15 5560
12 19 8478
04 01 5532
01 03 4004
10 01 9653
01 31 9259
03 16 4949
05 03 9733
06 13 8141
11 04 4989
12 28 6884
09 07 9911
02 21 8460
11 23 5399
08 09 4216
06 20 5086
04 11 9348
10 15 1985
08 02 8352
12 13 5140
05 27 6381
02 25 2996
09 14 2699
01 02 4484
05 20 3571
05 16 9842
05 10 4822
05 12 1274
12 21 4613
12 08 2375
10 11 3002
06 11 8239
05 25 3604
11 05 9587
04 20 9314
07 20 6581
04 19 3964
08 28 1204
10 24 5914
02 12 1617
03 31 2713
10 05 3381
12 06 7844
10 06 2430
06 23 9345
11 04 7368
11 13 6397
09 10 1651
08 16 2166
03 10 8428
08 26 9913
09 06 2801
11 27 7231
01 31 3603
08 26 8763
11 17 2172
06 22 9818
06 20 7071
12 14 6329
01 05 3199
11 27 2841
04 05 3803
05 15 8854
05 30 2519
09 12 7617
11 09 3084
05 20 8251
10 16 5581
04 14 7999
01 12 1116
02 23 1251
06 16 1613
03 05 5140
03 20 3431
08 02 1638
06 09 2072
03 09 7921
08 22 6238
10 26 8817
03 22 3359
01 29 1496
05 31 7988
06 06 4517
04 24 9594
12 03 9397
08 26 7515
05 12 8107
08 12 9565
12 31 4222
12 18 2006
05 07 2743
10 22 6692
03 04 5113
03 06 1761
09 28 4451
12 25 5828
06 18 4019
11 13 2320
03 28 1154
02 24 4154
06 04 6074
05 16 3923
10 01 8735
03 11 2091
07 01 4427
05 01 3560
12 17 6312
05 25 6246
11 30 8371
11 26 8968
08 09 3192
12 27 2820
03 10 9807
06 19 5883
04 21 2223
03 02 8624
10 09 5781
02 28 7656
08 27 3733
08 17 8992
05 22 3227
08 03 1992
02 11 9726
01 27 1266
06 21 8903
07 15 7047
03 26 4612
01 07 3357
06 22 2109
11 09 1438
11 26 7453
01 26 9981
09 26 6839
04 04 8920
09 07 7479
11 03 7655
12 23 2747
08 04 1480
01 28 7539
03 09 5334
01 05 7637
05 15 9456
10 24 6097
07 11 5759
12 30 5040
06 24 5016
09 26 5488
07 04 5046
08 19 7976
01 23 4848
01 24 7281
11 09 5925
04 09 5062
03 25 8335
03 14 2882
10 28 5208
07 21 5823
11 28 7703
10 24 8845
06 25 4605
09 05 7311
02 22 9710
02 14 6822
05 01 7873
10 27 1052
10 11 9391
11 08 1596
04 22 3524
01 02 2745
09 12 2095
10 20 2306
07 11 9851
07 05 3245
06 29 5717
04 09 1680
11 13 8969
04 08 4971
05 13 5430
05 12 3924
03 29 8794
01 04 5158
02 21 7554
06 29 4812
01 22 7491
11 07 5173
07 12 7326
02 24 7569
05 11 3870
05 22 8583
05 07 5326
03 24 8185
04 23 4456
02 14 5653
10 27 7133
06 18 7059
03 20 6630
06 07 2594
12 11 2479
05 23 5103
09 21 7171
10 02 6084
10 11 9655
09 03 8859
03 24 7867
10 10 3389
06 15 1321
05 21 3640
03 06 7506
12 17 7819
12 23 6030
01 19 7297
08 25 1559
02 21 6230
07 26 6875
12 22 5842
04 21 3229
12 22 4890
05 07 8522
10 20 1966
11 05 7205
01 26 8197
06 13 8627
12 11 3296
09 02 9499
11 04 4512
07 22 1259
02 13 6214
06 15 7144
03 28 1740
08 08 1303
10 13 2086
10 31 5207
08 06 5243
01 18 4154
06 30 6890
04 19 5671
01 30 3263
09 19 9070
12 27 2444
04 08 4135
06 06 7113
05 24 8539
03 09 8784
07 05 5023
10 05 3217
04 10 7794
08 31 4627
10 27 2107
07 30 4356
02 12 4266
02 09 2391
10 07 1566
04 22 5433
10 17 2236
07 24 6818
05 11 3603
07 24 3596
09 06 5288
07 26 1964
01 22 8756
04 26 1673
08 15 4332
03 14 8105
03 10 9519
02 17 4574
06 12 9981
09 16 5981
01 29 7690
01 23 8639
09 01 2936
01 14 4802
02 16 3034
06 03 8798
08 23 5720
12 19 4472
09 22 7335
10 18 8907
12 03 8670
04 02 6695
02 04 8776
02 20 6704
09 24 3471
05 22 6860
07 28 2746
05 03 8526
07 14 7761
08 23 2962
04 24 5740
09 23 4182
07 19 9410
08 26 3247
01 04 8856
03 23 3260
11 04 3004
09 01 7853
02 19 7652
06 17 7594
06 13 4826
05 10 8290
11 13 7654
05 04 7702
02 16 7240
11 05 3387
05 10 5737
07 31 5607
11 29 7834
03 08 6115
09 25 8842
10 30 6745
05 11 9986
01 02 3633
06 07 2085
08 19 6474
12 09 4640
11 13 3909
05 01 3268
05 15 6129
09 02 3094
08 05 8355
06 10 4057
10 25 2606
09 20 8386
05 15 8132
08 23 4739
05 15 1062
02 21 9593
08 10 3069
07 31 5447
05 15 6540
12 29 1826
03 31 9494
03 16 9014
01 11 8129
11 18 8085
02 02 2806
10 14 9336
04 17 7664
11 30 8356
06 06 2133
02 28 7065
04 08 1980
03 14 7340
07 07 4121
11 17 5839
04 11 7298
05 22 7145
06 08 1655
03 29 2928
01 01 5526
02 22 5970
08 06 9140
12 30 9200
05 02 3998
11 15 4394
01 07 1954
04 10 6714
10 12 8610
07 07 6335
01 19 8694
11 07 8928
07 20 1166
12 20 7969
03 27 1980
09 18 2610
07 13 4417
11 14 2041
06 17 2824
01 01 6927
05 12 3349
03 24 5938
02 03 1868
04 23 1934
04 05 3052
12 31 4694
06 29 4214
09 13 8814
01 24 5817
05 14 6754
03 07 5113
08 29 5587
08 27 1075
02 03 6776
05 21 8322
08 18 1890
05 06 2270
03 10 3116
06 24 2688
11 14 8452
09 10 4919
02 07 4793
06 21 6281
01 17 8435
08 22 1794
10 23 2747
09 23 7283
10 17 9586
12 10 1470
09 09 2075
02 02 1835
04 07 8305
03 12 3416
02 12 1624
12 18 1085
07 25 3265
04 27 5243
12 08 2870
02 17 4877
02 09 4011
03 07 4859
12 24 2406
08 10 4763
07 31 9215
02 12 7930
02 16 2606
12 21 3363
03 26 8741
09 27 7352
03 01 3075
09 11 9577
09 22 4593
02 10 9259
05 15 8479
07 15 7654
09 25 1013
02 29 2008