Number of Pigs = 1
Number of Pigs Killed = 0
x

Number of Pigs = 8
Number of Pigs Killed = 4
- - - - - - x - - - - x - - x
- - - - - - - - - - - - - - o
- - - - - - - - - - - - o - -
- - - - - - - - - - - - - - o 
- - - - - - - - - - x - - - o

Number of Pigs = 98
Number of Pigs Killed = 47
- - - - - - - - - - - - - - - - - - - - - - - - - - - - - - - - - - - - - - - o
- - - - - - - - - - - - - - - - - - - - - x - - - - - - - x - - - - - - - x - -
- - - - - - - - - - - - - - - - - - - - - - - - - - - - - - - - - - - - - - - o
- - - - - - - - - - - - - - - - - - - - - - - - - - - - - - - - - - - - - - - -
- - - - - - - - - - - - - - - - - - - - - - - - - - - - - - - - - - - - - - - o
- - - - - - - - - - - - - - - - - - - - - - - - - - - o - - - - - - - - - - - -
- - - - - - - - - - - - - - - - - - - - - - - - - - - - - - - - - - - - - - - o
- - - - - - - - - - - - - - - - - - - - - - - - - - - - - - o x - - - - - - - -
x x x x - - - - - - - - - - - - - - - - - - - - - - - - - - - - - - - - - - - o
- - - - - - - - - - - - - - - - - - - - - - - - - - - - - - - - - - - - - - - -
- - - - - - - - - - - - - - - - - - - - - - - - - - - - - - - - - - - - - - - -
- - - - - - - - - - - - - - - - - - - - - - - - - - - - - - - - - - - - - - - -
- - - - - - - - - - - - - - - - - - - - - - - - - - - - - - - - - - - - - - - -
- - - - - - - - - - - - - - - - - - - - - - - - - - - - - - - - - - - - - - - -
- - - - - - - - - - - - - - - - - - - - - - - - - - - - - - - - - - - - - - - -
- - - - - - - - - - - - - - - - - - - - - - - - - - - - o x x x x x x x x x x x
- - - - - - - - - - - - - - - - - - - - - - - - - - - - - - - - - - - - - - - -
- - - - - - - - - - - - - - - - - - - - - - - - - - - - - - - - - - - - - - - -
- - - - - - - - - - - - - - - - - - - - - - - - - - - - - - - - - - - - - - - -
- - - - - - - - - - - - - - - - - - - - - - - - - - - - - - - - - - - - - - - -
- - - x x x x x x x x x x x - o x x x o - - - - - - - - - - - x x x x x - - - -
- - - - - - - - - - - - - - - - - - - - - - - - - - - - - - - - - - - - - - - -
- - - - - - - - - - - - - - - - - - - - - - - - - - - - - - - - - - - - - - - o
- - - - - - - - - - - - - - - - - - - - - - - - - - - - - - - - - - - - - - - -
- - - - - - - - - - - - - - - - - - - - - - - - - - - - - - - - - - - - - - - -
- - - - - - - - - - - - - - - - - - - - - - - - - - - - - - - - - - - - - - - o
- - - - - - - - - - - x x x x - - - - - - - - - - - - - - - - - - - - - - - - -
- - - - - - - - - - - - - - - - - - - - - - - - - - - - - - - - - - - - - - - o
- - - - - - - - - - - - - - - - - - - - - - - - - - - - - - - - - - - - - - - o
- - - - - - - - - - - - - - - - - - - - - - - - - - - - - - - - - - - - - - - o
- - - - - - - - - - - - - - - - - - - - - - - - - - - - - - - - - - - - - - - -
- - - - - - - - - - - - - - - - - - - - - - - - - - - - - - - - - - - - - - - -
- - - - - - - - - - - - - - - - - - - - - - - - - - - - - - - - - - - - - - - -
- - - - - - - - - - - - - - - - - - - - - - - - - - - - - - - - - - - - - - - -
- - - - - - - - - - - - - - - - - - - - - - - - - - - - - - - - - - - - - - - -
- - - - - - - - - - - - - - - - - - - - - - - - - - - - - - - - - - - o - - x -
- - - - - - - - - - - - - - - - - - - - - - - - - - - - - - - - - - - - - - - -
- - - - - - - - - - - - - - - - - - - - - - - - - - - - - - - - - - - - - - - -
- - - - - - - - - - - - - - - - - - - - - - - - - - - - - - - - - - - - - - - -
- - - - - - - - - - - - - - - - - - - - - - - - - - - - - - - - - - - - - - - -
- - - - - - - - - - - - - - - - - - - - - - - - - - - - - - - - - - - - - - - o
- - - - - - - - - - - - - - - - - - - - - - - - - - - - - - - - - - - - - - - o
- - - - x - - - - o o - x - - - - - - - - - - - - - - - - - - - - - - - - - - -
- - - - - - - - o - o - x - - - - - - - - - - - - - - - - - - - - - - - - - - -
- - x - - - - - - - o - x - - - - - - - - - - - - - - - - - - - - - - - - - - -
- - - - - - - - - - - - - - - - - - - - - - - - - - - - - - - - - - - - - - - o
- - - - - - - - - - - - - - - - - - - - - - - - - - - - - - - - - - - - - - - -
- - - - - - - - - - - - - - - - - - - - - - - - - - - - - - - - - - - - - - - -
- - - - - - - - - - - - - - - - - - - - - - - - - - - - - - - - - - - - - - - o
- - - - - - - - - - - - - - - - - - - - - - - - - - - - - - - o - x - x - x - o

Number of Pigs = 7
Number of Pigs Killed = 6
- - - - o -
- - - - - o
x - - - - o
- - - - - -
- - - - - o

Number of Pigs = 22
Number of Pigs Killed = 7
- - - - - - -
- - - - - - o
x x x x x x -
- o o x o x -
- - - x x - o
- - - - - - -
x - o o x o o
- - - - x - o
- - - - - - o
x x - - - - o

Number of Pigs = 1
Number of Pigs Killed = 1
- o
- o

Number of Pigs = 11
Number of Pigs Killed = 3
- - - - - - 
- o x x o x
- o x o x x 
- o x o - x

Number of Pigs = 12
Number of Pigs Killed = 3
- - - - - x - o 
- - x - - o - x 
- o x o x o o x 
- x - o o o x x 

Number of Pigs = 2
Number of Pigs Killed = 2
- - - o

Number of Pigs = 10
Number of Pigs Killed = 5
- - - - 
x x - o 
- o o o 
x - - o 
- - - o
x x - o
- - - o