(4 + 2i * sqrt(11)) / 6
(4 - 2i * sqrt(11)) / 6

(-4 + 2 * sqrt(3)) / 2

(-8 + 4) / 8

(7 + sqrt(3361)) / 46

(-26 + 2 * sqrt(874)) / 94

(-94 + 2 * sqrt(1669)) / 180

(-89 + sqrt(9145)) / 18

(23 + sqrt(8305)) / 144

(40 + 4 * sqrt(165)) / 26

(26 + 2 * sqrt(8369)) / 200

(66 + 2i * sqrt(6411)) / 200
(66 - 2i * sqrt(6411)) / 200

(-26 + 2 * sqrt(5621)) / 116

(-25 + sqrt(3073)) / 102

(-23 + sqrt(3665)) / 32

(19 + sqrt(9377)) / 196

(-13 + i * sqrt(14111)) / 170
(-13 + i * sqrt(14111)) / 170

(-4 + 4i * sqrt(6)) / 56
(-4 - 4i * sqrt(6)) / 56

(-17 + sqrt(9401)) / 134

(-32 + 4i * sqrt(97)) / 184
(-32 - 4i * sqrt(97)) / 184

(-29 + sqrt(4345)) / 146

(-64 + 32 * sqrt(5)) / 16

(-20 + 4i * sqrt(263)) / 24
(-20 - 4i * sqrt(263)) / 24

(-8 + 118) / 154