x = 3.000, y = 4.000
x = 7.000, y = 3.000, z = 4.000
x = -425459753.110, y = 382057510.593, z = 471339062.712, q = -27453957.854
x = 62246108.336, y = -41454226.949, z = -8388969.199, q = -15861900.420, w = 87387902.005, e = 32340504.294, r = -4004938.104, t = -72217660.485, m = 36267409.725
x = -87392286.245, y = 50435829.660, z = -14712864.316, q = 2312143.083, w = -53166950.912, e = -36660451.488, r = -50176077.959
x = 130290781.237, y = -137677144.472, z = 99653818.039, q = -27115727.819, w = 63550586.292, e = -31235589.290, r = 8599675.041, t = 75666962.987, m = -87736604.487, n = 2432340.075
x = -149826432.592, y = 35785900.227, z = -3330546.904, q = -30438837.347, w = -85136898.270, e = 95106972.328, r = 60249242.521, t = -72297989.813, m = 88548389.635, n = -50502493.187, b = -3670250.464, v = 66706689.350
x = -184720625.877, y = -208816333.293, z = 8407854.038, q = -98552751.553, w = -64665770.043, e = -102485965.985, r = -137777029.432
x = -9880820.808, y = -39238066.564
x = -10296869.520, y = 31638732.208, z = 3168512.066
x = -920420521.593, y = 4133397280.960, z = 1296865558.838, q = 1461922064.103, w = -717318555.122, e = -207142151.494, r = 1625926042.969, t = -2578869801.999, m = 3538070163.908, n = 1875368719.235, b = 1285965915.881, v = -1488842148.906, c = -759958952.711
x = 24805196.311, y = -109376521.057, z = 14463396.725, q = 137140391.618, w = 61330172.649, e = -24927294.566, r = 19619474.201, t = -102611765.393, m = -116195746.726, n = 25745130.028
x = 36334863.413, y = -37974942.080, z = -23773158.036, q = 28232110.976, w = 98214417.769
x = -2871509.757, y = 37478256.709, z = -3012465.771, q = 30495451.721
x = -2725048.864, y = -7825902.859, z = 3152435.639, q = 4935667.337
x = -47641930.409, y = 311871575.925, z = 83137265.524, q = -108569035.205, w = 134893104.285, e = 175492020.209, r = 174769313.997, t = -121765812.134, m = -140014281.584, n = -151038209.171
x = -6784479.175, y = -19498268.838, z = 30604379.755, q = 107382740.191, w = 26666409.638
x = -100406622.055, y = 127517005.964
x = -16152164.635, y = 27097821.614, z = 48372173.458
x = 37100684.943, y = -11782424.595, z = 73358257.109, q = 323874.266, w = 42321538.778, e = -94525834.055, r = 163950538.046, t = 78143829.241, m = -130380544.440, n = 15141376.680
x = 2109396.794, y = -15544658.348, z = 5022144.380, q = 11238423.977, w = -33104614.118, e = 38374909.452, r = 20927329.477, t = -4651736.341, m = -147687.099, n = -22611621.904, b = -6367607.236
x = 23809495.037, y = 6091024.948, z = 38982413.780, q = 36007259.078, w = -8211691.127, e = -12411284.487, r = 3124827.140, t = 32410567.373, m = -38701695.811, n = 20616063.228, b = 4691078.986
