XXXX
X  X
X  X
XXXX

XXXXXXXXXXXXX
X  X  X  X  X
X  X  X  X  X
XXXXXXXXXXXXX
X  X  X  X  X
X  X  X  X  X
XXXXXXXXXXXXX
X  X  X  X  X
X  X  X  X  X
XXXXXXXXXXXXX
X  X  X  X  X
X  X  X  X  X
XXXXXXXXXXXXX

XXXXXXXXXXXXXXXXXXXXXXXXXXXXXXXXXXXXXXXXXXXXXXXXXXXXXXXXXXXXX
X  X  X  X  X  X  X  X  X  X  X  X  X  X  X  X  X  X  X  X  X
X  X  X  X  X  X  X  X  X  X  X  X  X  X  X  X  X  X  X  X  X
XXXXXXXXXXXXXXXXXXXXXXXXXXXXXXXXXXXXXXXXXXXXXXXXXXXXXXXXXXXXX
X  X  X  X  X  X  X  X  X  X  X  X  X  X  X  X  X  X  X  X  X
X  X  X  X  X  X  X  X  X  X  X  X  X  X  X  X  X  X  X  X  X
XXXXXXXXXXXXXXXXXXXXXXXXXXXXXXXXXXXXXXXXXXXXXXXXXXXXXXXXXXXXX
X  X  X  X  X  X  X  X  X  X  X  X  X  X  X  X  X  X  X  X  X
X  X  X  X  X  X  X  X  X  X  X  X  X  X  X  X  X  X  X  X  X
XXXXXXXXXXXXXXXXXXXXXXXXXXXXXXXXXXXXXXXXXXXXXXXXXXXXXXXXXXXXX
X  X  X  X  X  X  X  X  X  X  X  X  X  X  X  X  X  X  X  X  X
X  X  X  X  X  X  X  X  X  X  X  X  X  X  X  X  X  X  X  X  X
XXXXXXXXXXXXXXXXXXXXXXXXXXXXXXXXXXXXXXXXXXXXXXXXXXXXXXXXXXXXX
X  X  X  X  X  X  X  X  X  X  X  X  X  X  X  X  X  X  X  X  X
X  X  X  X  X  X  X  X  X  X  X  X  X  X  X  X  X  X  X  X  X
XXXXXXXXXXXXXXXXXXXXXXXXXXXXXXXXXXXXXXXXXXXXXXXXXXXXXXXXXXXXX
X  X  X  X  X  X  X  X  X  X  X  X  X  X  X  X  X  X  X  X  X
X  X  X  X  X  X  X  X  X  X  X  X  X  X  X  X  X  X  X  X  X
XXXXXXXXXXXXXXXXXXXXXXXXXXXXXXXXXXXXXXXXXXXXXXXXXXXXXXXXXXXXX
X  X  X  X  X  X  X  X  X  X  X  X  X  X  X  X  X  X  X  X  X
X  X  X  X  X  X  X  X  X  X  X  X  X  X  X  X  X  X  X  X  X
XXXXXXXXXXXXXXXXXXXXXXXXXXXXXXXXXXXXXXXXXXXXXXXXXXXXXXXXXXXXX
X  X  X  X  X  X  X  X  X  X  X  X  X  X  X  X  X  X  X  X  X
X  X  X  X  X  X  X  X  X  X  X  X  X  X  X  X  X  X  X  X  X
XXXXXXXXXXXXXXXXXXXXXXXXXXXXXXXXXXXXXXXXXXXXXXXXXXXXXXXXXXXXX
X  X  X  X  X  X  X  X  X  X  X  X  X  X  X  X  X  X  X  X  X
X  X  X  X  X  X  X  X  X  X  X  X  X  X  X  X  X  X  X  X  X
XXXXXXXXXXXXXXXXXXXXXXXXXXXXXXXXXXXXXXXXXXXXXXXXXXXXXXXXXXXXX
X  X  X  X  X  X  X  X  X  X  X  X  X  X  X  X  X  X  X  X  X
X  X  X  X  X  X  X  X  X  X  X  X  X  X  X  X  X  X  X  X  X
XXXXXXXXXXXXXXXXXXXXXXXXXXXXXXXXXXXXXXXXXXXXXXXXXXXXXXXXXXXXX
X  X  X  X  X  X  X  X  X  X  X  X  X  X  X  X  X  X  X  X  X
X  X  X  X  X  X  X  X  X  X  X  X  X  X  X  X  X  X  X  X  X
XXXXXXXXXXXXXXXXXXXXXXXXXXXXXXXXXXXXXXXXXXXXXXXXXXXXXXXXXXXXX
X  X  X  X  X  X  X  X  X  X  X  X  X  X  X  X  X  X  X  X  X
X  X  X  X  X  X  X  X  X  X  X  X  X  X  X  X  X  X  X  X  X
XXXXXXXXXXXXXXXXXXXXXXXXXXXXXXXXXXXXXXXXXXXXXXXXXXXXXXXXXXXXX
X  X  X  X  X  X  X  X  X  X  X  X  X  X  X  X  X  X  X  X  X
X  X  X  X  X  X  X  X  X  X  X  X  X  X  X  X  X  X  X  X  X
XXXXXXXXXXXXXXXXXXXXXXXXXXXXXXXXXXXXXXXXXXXXXXXXXXXXXXXXXXXXX
X  X  X  X  X  X  X  X  X  X  X  X  X  X  X  X  X  X  X  X  X
X  X  X  X  X  X  X  X  X  X  X  X  X  X  X  X  X  X  X  X  X
XXXXXXXXXXXXXXXXXXXXXXXXXXXXXXXXXXXXXXXXXXXXXXXXXXXXXXXXXXXXX
X  X  X  X  X  X  X  X  X  X  X  X  X  X  X  X  X  X  X  X  X
X  X  X  X  X  X  X  X  X  X  X  X  X  X  X  X  X  X  X  X  X
XXXXXXXXXXXXXXXXXXXXXXXXXXXXXXXXXXXXXXXXXXXXXXXXXXXXXXXXXXXXX
X  X  X  X  X  X  X  X  X  X  X  X  X  X  X  X  X  X  X  X  X
X  X  X  X  X  X  X  X  X  X  X  X  X  X  X  X  X  X  X  X  X
XXXXXXXXXXXXXXXXXXXXXXXXXXXXXXXXXXXXXXXXXXXXXXXXXXXXXXXXXXXXX
X  X  X  X  X  X  X  X  X  X  X  X  X  X  X  X  X  X  X  X  X
X  X  X  X  X  X  X  X  X  X  X  X  X  X  X  X  X  X  X  X  X
XXXXXXXXXXXXXXXXXXXXXXXXXXXXXXXXXXXXXXXXXXXXXXXXXXXXXXXXXXXXX
X  X  X  X  X  X  X  X  X  X  X  X  X  X  X  X  X  X  X  X  X
X  X  X  X  X  X  X  X  X  X  X  X  X  X  X  X  X  X  X  X  X
XXXXXXXXXXXXXXXXXXXXXXXXXXXXXXXXXXXXXXXXXXXXXXXXXXXXXXXXXXXXX
X  X  X  X  X  X  X  X  X  X  X  X  X  X  X  X  X  X  X  X  X
X  X  X  X  X  X  X  X  X  X  X  X  X  X  X  X  X  X  X  X  X
XXXXXXXXXXXXXXXXXXXXXXXXXXXXXXXXXXXXXXXXXXXXXXXXXXXXXXXXXXXXX
X  X  X  X  X  X  X  X  X  X  X  X  X  X  X  X  X  X  X  X  X
X  X  X  X  X  X  X  X  X  X  X  X  X  X  X  X  X  X  X  X  X
XXXXXXXXXXXXXXXXXXXXXXXXXXXXXXXXXXXXXXXXXXXXXXXXXXXXXXXXXXXXX