91522293
104741011
608924848
266625330
696426294
820530643
988407491
895213770
215847014
745230428
877878855
407984154
43946383
35150940
142514654
160880956
346519428
886806330
602615679
679348085
166629805
804388805
793193722
545037699
937497102
598792902
281251810
527486574
724351114
264188603
711462133
407171533
635963006
253009651
811620404
637091001
841240768
817478827
293739262
473855062
26888770
57879647
729786001
222424022
278125937
22116927
700552215
99152903
595966005
213443683
184448734
636084480
90022655
773563617
57993238
789146319
498616743
214350990
67943019
621486626
463887430
418046351
423720427
857669587
295382005
119197285
958684773
692017668
457619275
945773777
620688753
683157865
383680760
444507777
443167361
884819993
535970098
178750708
972692098
576328679
103365134
89546159
907440121
665303823
811477238
256025750
636611374
601105415
421879401
143451710
425294355
625417060
638554568
194616504
181924431
497993853
588433491
350592041
92797371
317924210