Mick Jagger is SEXY!
Mark Lewis is a DINOSAUR!
Justin Bieber is SEXY!
Ke$ha is SEXY!
Keith. Wedelich is SEXY!
Mr. D. Saur is a DINOSAUR!
Angelina Jolie is SEXY!
John Travolta is a DINOSAUR!
Ke$ha is SEXY!
Britney Spears is SEXY!
Leonardo DiCaprio is a DINOSAUR!
New Guy is SEXY!
Date Test1 is a DINOSAUR!
Date Test2 is a DINOSAUR!
Date Test3 is SEXY!
Date Test4 is SEXY!
Date Test5 is a DINOSAUR!
Date Test6 is a DINOSAUR!
Month Test January February 2, the 3rd is SEXY!
Next Int breaker 1 1700 is SEXY!
Ends with Mick Jagger is a DINOSAUR!
Mick Jagger Starts with is a DINOSAUR!
Mick_Jagger is a DINOSAUR!

