Rudolph
Dancer
Vixen
Candycane
Comet
Prancer
Blitzen
Dasher
Cupid
Frosty
Donner
Mistletoe

Nick

Krish
Anand
Tristan
Ashay
Ethan
Angela
Gabrielle
Spencer
Steven
Aayush
Will
Hien

Ben
Darrin
Will
Luke
Steve
Andrew
Chase
Huck
Walter
Arami
Nikoli

Potato
Eagle
Winterville
Peppermint
Rosy
Brook
Brutus
Fawne
Chantler
Spirit
Silver
Sledgehammer

Wonderlandwinter
Mistletoeelves
Shovelcake
Wigglescarf
Dashinglights
Jinglebread
Frostshovel
Seasonsock
Freezingsnow
Muffinwarmth
Lighthouse
Suprisecake

Maxpan
Deathstalin
Moviereaper
Russiasoviet
Maxpain
Lenin
Nightgame
Bloodstrider
Beareater
Edgynames
Cthuluscarf
Rockstarhooves

Powerfullimbs
Bulletpropeller
Doublemonacle
Faststrider
Liquidice
Paperstainer
Blackcloud
Waterholder
Hardwater
Electricweb
Feetshirt
Slidesleep

I
E
Q
Y
A
W
Y
I
K

Rudolph
P
L
D
K
V
N
I
U
Y
B
G

B
N
X
A
G
C
M
I
O
L
R
U

S
O
U
D
V
Z
J
F
Y
H
B
N

Rudolph
Y
I
A
D
X
T
B
Z
N
V
J

K
H
W
P
M
V
R
U
C
O
N
L

Rudolph
A
F
B
C
E
G
D
S
N
W
O
