Let's get decorating!
Looks a little tilted to the right...
Looks a little tilted to the right...
It looks a little better I guess.
Looks a little tilted to the right...
TIMBER!!!
There's no use wasting ornaments on a fallen tree!
It's still really ugly.
Let's get decorating!
It looks a little better I guess.
It looks a little better I guess.
TIMBER!!!
There's no use wasting ornaments on a fallen tree!
There's no use wasting ornaments on a fallen tree!
There's no use wasting ornaments on a fallen tree!
There's no use wasting ornaments on a fallen tree!
It's still really ugly.
Let's get decorating!
It looks a little better I guess.
It looks a little better I guess.
It looks a little better I guess.
It looks a little better I guess.
It looks a little better I guess.
It looks a little better I guess.
It looks a little better I guess.
It looks a little better I guess.
Looks a little tilted to the right...
TIMBER!!!
It's still really ugly.
Let's get decorating!
It looks a little better I guess.
It looks a little better I guess.
It looks a little better I guess.
It looks a little better I guess.
It looks a little better I guess.
It looks a little better I guess.
TIMBER!!!
There's no use wasting ornaments on a fallen tree!
There's no use wasting ornaments on a fallen tree!
There's no use wasting ornaments on a fallen tree!
It's still really ugly.
Let's get decorating!
It looks a little better I guess.
It looks a little better I guess.
It looks a little better I guess.
It looks a little better I guess.
It looks a little better I guess.
It's still really ugly.
Let's get decorating!
TIMBER!!!
It's still really ugly.
Let's get decorating!
TIMBER!!!
There's no use wasting ornaments on a fallen tree!
There's no use wasting ornaments on a fallen tree!
There's no use wasting ornaments on a fallen tree!
There's no use wasting ornaments on a fallen tree!
There's no use wasting ornaments on a fallen tree!
There's no use wasting ornaments on a fallen tree!
It's still really ugly.
Let's get decorating!
It looks a little better I guess.
It looks a little better I guess.
It's still really ugly.
Let's get decorating!
It looks a little better I guess.
It looks a little better I guess.
It looks a little better I guess.
It looks a little better I guess.
It looks a little better I guess.
It looks a little better I guess.
It looks a little better I guess.
It looks a little better I guess.
It looks a little better I guess.
TIMBER!!!
It's still really ugly.
Let's get decorating!
It looks a little better I guess.
It looks a little better I guess.
It looks a little better I guess.
It looks a little better I guess.
It looks a little better I guess.
It looks a little better I guess.
It looks a little better I guess.
It looks a little better I guess.
It looks a little better I guess.
It looks a little better I guess.
It's still really ugly.
Let's get decorating!
It looks a little better I guess.
It looks a little better I guess.
It looks a little better I guess.
Looks a little tilted to the left...
It looks a little better I guess.
It looks a little better I guess.
It's still really ugly.
Let's get decorating!
It looks a little better I guess.
It's still really ugly.
Let's get decorating!
It looks a little better I guess.
It looks a little better I guess.
It looks a little better I guess.
It's still really ugly.
Let's get decorating!
It looks a little better I guess.
It looks a little better I guess.
It looks a little better I guess.
It looks a little better I guess.
It looks a little better I guess.
It looks a little better I guess.
It looks a little better I guess.
It looks a little better I guess.
It looks a little better I guess.
It looks a little better I guess.
It looks a little better I guess.
It looks a little better I guess.
It looks a little better I guess.
It looks a little better I guess.
It looks a little better I guess.
It looks a little better I guess.
Looks a little tilted to the right...
Looks a little tilted to the right...
Looks a little tilted to the right...
Looks a little tilted to the right...
Looks a little tilted to the right...
Looks a little tilted to the right...
Looks a little tilted to the right...
Looks a little tilted to the right...
Looks a little tilted to the right...
Looks a little tilted to the right...
Looks a little tilted to the right...
Looks a little tilted to the right...
TIMBER!!!
There's no use wasting ornaments on a fallen tree!
There's no use wasting ornaments on a fallen tree!
There's no use wasting ornaments on a fallen tree!
There's no use wasting ornaments on a fallen tree!
There's no use wasting ornaments on a fallen tree!
There's no use wasting ornaments on a fallen tree!
There's no use wasting ornaments on a fallen tree!
There's no use wasting ornaments on a fallen tree!
There's no use wasting ornaments on a fallen tree!
There's no use wasting ornaments on a fallen tree!
There's no use wasting ornaments on a fallen tree!
There's no use wasting ornaments on a fallen tree!
There's no use wasting ornaments on a fallen tree!
There's no use wasting ornaments on a fallen tree!
There's no use wasting ornaments on a fallen tree!
There's no use wasting ornaments on a fallen tree!
There's no use wasting ornaments on a fallen tree!
There's no use wasting ornaments on a fallen tree!
There's no use wasting ornaments on a fallen tree!
There's no use wasting ornaments on a fallen tree!
There's no use wasting ornaments on a fallen tree!
There's no use wasting ornaments on a fallen tree!
There's no use wasting ornaments on a fallen tree!
There's no use wasting ornaments on a fallen tree!
There's no use wasting ornaments on a fallen tree!
There's no use wasting ornaments on a fallen tree!
There's no use wasting ornaments on a fallen tree!
There's no use wasting ornaments on a fallen tree!
There's no use wasting ornaments on a fallen tree!
There's no use wasting ornaments on a fallen tree!
There's no use wasting ornaments on a fallen tree!
There's no use wasting ornaments on a fallen tree!
There's no use wasting ornaments on a fallen tree!
There's no use wasting ornaments on a fallen tree!
There's no use wasting ornaments on a fallen tree!
There's no use wasting ornaments on a fallen tree!
There's no use wasting ornaments on a fallen tree!
There's no use wasting ornaments on a fallen tree!
There's no use wasting ornaments on a fallen tree!
There's no use wasting ornaments on a fallen tree!
There's no use wasting ornaments on a fallen tree!
There's no use wasting ornaments on a fallen tree!
There's no use wasting ornaments on a fallen tree!
There's no use wasting ornaments on a fallen tree!
There's no use wasting ornaments on a fallen tree!
There's no use wasting ornaments on a fallen tree!
There's no use wasting ornaments on a fallen tree!
There's no use wasting ornaments on a fallen tree!
There's no use wasting ornaments on a fallen tree!
There's no use wasting ornaments on a fallen tree!
There's no use wasting ornaments on a fallen tree!
There's no use wasting ornaments on a fallen tree!
There's no use wasting ornaments on a fallen tree!
There's no use wasting ornaments on a fallen tree!
There's no use wasting ornaments on a fallen tree!
There's no use wasting ornaments on a fallen tree!
There's no use wasting ornaments on a fallen tree!
There's no use wasting ornaments on a fallen tree!
There's no use wasting ornaments on a fallen tree!
There's no use wasting ornaments on a fallen tree!
There's no use wasting ornaments on a fallen tree!
There's no use wasting ornaments on a fallen tree!
There's no use wasting ornaments on a fallen tree!
There's no use wasting ornaments on a fallen tree!
There's no use wasting ornaments on a fallen tree!
There's no use wasting ornaments on a fallen tree!
There's no use wasting ornaments on a fallen tree!
There's no use wasting ornaments on a fallen tree!
There's no use wasting ornaments on a fallen tree!
There's no use wasting ornaments on a fallen tree!
There's no use wasting ornaments on a fallen tree!
It's still really ugly.
Let's get decorating!
It looks a little better I guess.
It looks a little better I guess.
It looks a little better I guess.
It looks a little better I guess.
It looks a little better I guess.
It looks a little better I guess.
It looks a little better I guess.
It looks a little better I guess.
It looks a little better I guess.
It looks a little better I guess.
It looks a little better I guess.
It looks a little better I guess.
It looks a little better I guess.
It looks a little better I guess.
It looks a little better I guess.
It looks a little better I guess.
It's still really ugly.
Let's get decorating!
It looks a little better I guess.
It looks a little better I guess.
It looks a little better I guess.
It looks a little better I guess.
It looks a little better I guess.
It looks a little better I guess.
It looks a little better I guess.
It looks a little better I guess.
It looks a little better I guess.
It looks a little better I guess.
It looks a little better I guess.
It looks a little better I guess.
It looks a little better I guess.
It looks a little better I guess.
It looks a little better I guess.
It looks a little better I guess.
It looks a little better I guess.
It looks a little better I guess.
It looks a little better I guess.
It looks a little better I guess.
It looks a little better I guess.
It looks a little better I guess.
It looks a little better I guess.
It looks a little better I guess.
It looks a little better I guess.
It looks a little better I guess.
It looks a little better I guess.
It looks a little better I guess.
It looks a little better I guess.
It looks a little better I guess.
It looks a little better I guess.
It looks a little better I guess.
It looks a little better I guess.
It looks a little better I guess.
It looks a little better I guess.
It looks a little better I guess.
It looks a little better I guess.
It looks a little better I guess.
It looks a little better I guess.
It looks a little better I guess.
It looks a little better I guess.
It looks a little better I guess.
It looks a little better I guess.
It looks a little better I guess.
It looks a little better I guess.
It looks a little better I guess.
It looks a little better I guess.
It looks a little better I guess.
It looks a little better I guess.
It looks a little better I guess.
It looks a little better I guess.
It looks a little better I guess.
It looks a little better I guess.
It looks a little better I guess.
It looks a little better I guess.
It looks a little better I guess.
It's still really ugly.
